[2022-06-28 15:58:31.900] [exthost] [info] Extension host with pid 98173 started
[2022-06-28 15:58:31.923] [exthost] [info] Lock '/home/fred/.vscode-server/data/User/workspaceStorage/b3ca59feedba83c925ff25b7c1b4bc86/vscode.lock': Lock acquired.
[2022-06-28 15:58:32.583] [exthost] [info] ExtensionService#_doActivateExtension vscode.debug-auto-launch, startup: true, activationEvent: '*'
[2022-06-28 15:58:32.601] [exthost] [info] ExtensionService#_doActivateExtension vscode.git-base, startup: true, activationEvent: '*', root cause: vscode.git
[2022-06-28 15:58:32.610] [exthost] [info] ExtensionService#_doActivateExtension vscode.ipynb, startup: true, activationEvent: '*'
[2022-06-28 15:58:33.285] [exthost] [info] ExtensionService#_doActivateExtension vscode.git, startup: true, activationEvent: '*'
[2022-06-28 15:58:33.473] [exthost] [info] ExtensionService#_doActivateExtension vscode.github, startup: true, activationEvent: '*'
[2022-06-28 15:58:34.268] [exthost] [info] ExtensionService#_doActivateExtension vscode.emmet, startup: false, activationEvent: 'onStartupFinished'
[2022-06-28 15:58:34.302] [exthost] [info] ExtensionService#_doActivateExtension vscode.merge-conflict, startup: false, activationEvent: 'onStartupFinished'
[2022-06-28 15:58:34.310] [exthost] [info] Eager extensions activated
[2022-06-28 15:58:34.636] [exthost] [warning] [Decorations] CAPPING events from decorations provider vscode.git 1941
[2022-06-28 16:00:04.224] [exthost] [warning] [Decorations] CAPPING events from decorations provider vscode.git 1942
[2022-06-28 16:00:09.419] [exthost] [warning] [Decorations] CAPPING events from decorations provider vscode.git 1942
[2022-06-28 16:42:51.542] [exthost] [warning] [Decorations] CAPPING events from decorations provider vscode.git 1942
[2022-06-28 16:42:56.693] [exthost] [warning] [Decorations] CAPPING events from decorations provider vscode.git 1942
[2022-06-28 16:43:01.900] [exthost] [warning] [Decorations] CAPPING events from decorations provider vscode.git 1942
[2022-06-28 16:43:15.624] [exthost] [warning] [Decorations] CAPPING events from decorations provider vscode.git 1942
[2022-06-28 16:43:23.225] [exthost] [warning] [Decorations] CAPPING events from decorations provider vscode.git 1942
[2022-06-28 16:43:28.403] [exthost] [warning] [Decorations] CAPPING events from decorations provider vscode.git 1942
[2022-06-28 16:43:33.603] [exthost] [warning] [Decorations] CAPPING events from decorations provider vscode.git 1942
[2022-06-28 16:43:46.364] [exthost] [warning] [Decorations] CAPPING events from decorations provider vscode.git 1942
[2022-06-28 16:43:51.499] [exthost] [warning] [Decorations] CAPPING events from decorations provider vscode.git 1942
[2022-06-28 16:43:56.713] [exthost] [warning] [Decorations] CAPPING events from decorations provider vscode.git 1942
[2022-06-28 16:44:01.926] [exthost] [warning] [Decorations] CAPPING events from decorations provider vscode.git 1942
[2022-06-28 16:44:07.071] [exthost] [warning] [Decorations] CAPPING events from decorations provider vscode.git 1942
[2022-06-28 16:44:12.296] [exthost] [warning] [Decorations] CAPPING events from decorations provider vscode.git 1942
[2022-06-28 16:44:17.457] [exthost] [warning] [Decorations] CAPPING events from decorations provider vscode.git 1942
[2022-06-28 16:44:22.620] [exthost] [warning] [Decorations] CAPPING events from decorations provider vscode.git 1942
[2022-06-28 16:44:27.769] [exthost] [warning] [Decorations] CAPPING events from decorations provider vscode.git 1942
[2022-06-28 16:44:32.933] [exthost] [warning] [Decorations] CAPPING events from decorations provider vscode.git 1942
[2022-06-28 16:44:38.121] [exthost] [warning] [Decorations] CAPPING events from decorations provider vscode.git 1942
[2022-06-28 16:44:43.281] [exthost] [warning] [Decorations] CAPPING events from decorations provider vscode.git 1942
[2022-06-28 16:44:48.436] [exthost] [warning] [Decorations] CAPPING events from decorations provider vscode.git 1942
[2022-06-28 16:44:53.593] [exthost] [warning] [Decorations] CAPPING events from decorations provider vscode.git 1942
[2022-06-28 16:44:58.786] [exthost] [warning] [Decorations] CAPPING events from decorations provider vscode.git 1942
[2022-06-28 16:45:03.954] [exthost] [warning] [Decorations] CAPPING events from decorations provider vscode.git 1942
[2022-06-28 16:45:09.149] [exthost] [warning] [Decorations] CAPPING events from decorations provider vscode.git 1942
[2022-06-28 16:45:14.306] [exthost] [warning] [Decorations] CAPPING events from decorations provider vscode.git 1942
[2022-06-28 16:45:19.476] [exthost] [warning] [Decorations] CAPPING events from decorations provider vscode.git 1942
[2022-06-28 16:45:24.629] [exthost] [warning] [Decorations] CAPPING events from decorations provider vscode.git 1942
[2022-06-28 16:45:29.800] [exthost] [warning] [Decorations] CAPPING events from decorations provider vscode.git 1942
[2022-06-28 16:45:34.952] [exthost] [warning] [Decorations] CAPPING events from decorations provider vscode.git 1942
[2022-06-28 16:45:40.106] [exthost] [warning] [Decorations] CAPPING events from decorations provider vscode.git 1942
[2022-06-28 16:45:45.308] [exthost] [warning] [Decorations] CAPPING events from decorations provider vscode.git 1942
[2022-06-28 16:45:50.448] [exthost] [warning] [Decorations] CAPPING events from decorations provider vscode.git 1942
[2022-06-28 16:45:55.587] [exthost] [warning] [Decorations] CAPPING events from decorations provider vscode.git 1942
[2022-06-28 16:46:00.783] [exthost] [warning] [Decorations] CAPPING events from decorations provider vscode.git 1942
[2022-06-28 16:46:05.915] [exthost] [warning] [Decorations] CAPPING events from decorations provider vscode.git 1942
[2022-06-28 16:46:11.099] [exthost] [warning] [Decorations] CAPPING events from decorations provider vscode.git 1942
[2022-06-28 16:46:16.269] [exthost] [warning] [Decorations] CAPPING events from decorations provider vscode.git 1942
[2022-06-28 16:46:21.440] [exthost] [warning] [Decorations] CAPPING events from decorations provider vscode.git 1942
[2022-06-28 16:46:26.595] [exthost] [warning] [Decorations] CAPPING events from decorations provider vscode.git 1942
[2022-06-28 16:46:31.746] [exthost] [warning] [Decorations] CAPPING events from decorations provider vscode.git 1942
[2022-06-28 16:46:36.913] [exthost] [warning] [Decorations] CAPPING events from decorations provider vscode.git 1942
[2022-06-28 16:46:42.071] [exthost] [warning] [Decorations] CAPPING events from decorations provider vscode.git 1942
[2022-06-28 16:46:47.256] [exthost] [warning] [Decorations] CAPPING events from decorations provider vscode.git 1942
[2022-06-28 16:46:52.483] [exthost] [warning] [Decorations] CAPPING events from decorations provider vscode.git 1942
[2022-06-28 16:46:57.654] [exthost] [warning] [Decorations] CAPPING events from decorations provider vscode.git 1942
[2022-06-28 16:47:02.795] [exthost] [warning] [Decorations] CAPPING events from decorations provider vscode.git 1942
[2022-06-28 16:50:41.870] [exthost] [warning] [Decorations] CAPPING events from decorations provider vscode.git 1942
[2022-06-28 16:50:47.080] [exthost] [warning] [Decorations] CAPPING events from decorations provider vscode.git 1942
[2022-06-28 16:50:52.287] [exthost] [warning] [Decorations] CAPPING events from decorations provider vscode.git 1942
[2022-06-28 16:50:57.494] [exthost] [warning] [Decorations] CAPPING events from decorations provider vscode.git 1942
[2022-06-28 16:51:02.689] [exthost] [warning] [Decorations] CAPPING events from decorations provider vscode.git 1942
[2022-06-28 16:51:07.888] [exthost] [warning] [Decorations] CAPPING events from decorations provider vscode.git 1942
[2022-06-28 16:51:13.083] [exthost] [warning] [Decorations] CAPPING events from decorations provider vscode.git 1942
[2022-06-28 16:51:18.317] [exthost] [warning] [Decorations] CAPPING events from decorations provider vscode.git 1942
[2022-06-28 16:51:23.546] [exthost] [warning] [Decorations] CAPPING events from decorations provider vscode.git 1942
[2022-06-28 16:51:28.725] [exthost] [warning] [Decorations] CAPPING events from decorations provider vscode.git 1942
[2022-06-28 16:51:33.967] [exthost] [warning] [Decorations] CAPPING events from decorations provider vscode.git 1942
[2022-06-28 16:51:40.815] [exthost] [warning] [Decorations] CAPPING events from decorations provider vscode.git 1942
[2022-06-28 16:51:45.964] [exthost] [warning] [Decorations] CAPPING events from decorations provider vscode.git 1942
[2022-06-28 16:51:51.152] [exthost] [warning] [Decorations] CAPPING events from decorations provider vscode.git 1942
[2022-06-28 16:51:56.322] [exthost] [warning] [Decorations] CAPPING events from decorations provider vscode.git 1942
[2022-06-28 16:52:01.517] [exthost] [warning] [Decorations] CAPPING events from decorations provider vscode.git 1942
[2022-06-28 16:52:06.715] [exthost] [warning] [Decorations] CAPPING events from decorations provider vscode.git 1942
[2022-06-28 16:52:11.899] [exthost] [warning] [Decorations] CAPPING events from decorations provider vscode.git 1942
[2022-06-28 16:52:17.077] [exthost] [warning] [Decorations] CAPPING events from decorations provider vscode.git 1942
[2022-06-28 16:52:22.239] [exthost] [warning] [Decorations] CAPPING events from decorations provider vscode.git 1942
[2022-06-28 16:52:27.404] [exthost] [warning] [Decorations] CAPPING events from decorations provider vscode.git 1942
[2022-06-28 16:52:32.595] [exthost] [warning] [Decorations] CAPPING events from decorations provider vscode.git 1942
[2022-06-28 16:52:37.807] [exthost] [warning] [Decorations] CAPPING events from decorations provider vscode.git 1942
[2022-06-28 16:52:42.992] [exthost] [warning] [Decorations] CAPPING events from decorations provider vscode.git 1942
[2022-06-28 16:52:48.187] [exthost] [warning] [Decorations] CAPPING events from decorations provider vscode.git 1942
[2022-06-28 16:52:53.414] [exthost] [warning] [Decorations] CAPPING events from decorations provider vscode.git 1942
[2022-06-28 16:52:58.593] [exthost] [warning] [Decorations] CAPPING events from decorations provider vscode.git 1942
[2022-06-28 16:53:03.787] [exthost] [warning] [Decorations] CAPPING events from decorations provider vscode.git 1942
[2022-06-28 16:53:08.949] [exthost] [warning] [Decorations] CAPPING events from decorations provider vscode.git 1942
[2022-06-28 16:53:14.198] [exthost] [warning] [Decorations] CAPPING events from decorations provider vscode.git 1942
[2022-06-28 16:53:19.684] [exthost] [warning] [Decorations] CAPPING events from decorations provider vscode.git 1942
[2022-06-28 16:53:38.771] [exthost] [warning] [Decorations] CAPPING events from decorations provider vscode.git 1942
[2022-06-28 16:53:43.975] [exthost] [warning] [Decorations] CAPPING events from decorations provider vscode.git 1942
[2022-06-28 16:53:49.185] [exthost] [warning] [Decorations] CAPPING events from decorations provider vscode.git 1942
[2022-06-28 16:53:54.370] [exthost] [warning] [Decorations] CAPPING events from decorations provider vscode.git 1942
[2022-06-28 16:53:59.514] [exthost] [warning] [Decorations] CAPPING events from decorations provider vscode.git 1942
[2022-06-28 16:54:04.681] [exthost] [warning] [Decorations] CAPPING events from decorations provider vscode.git 1942
[2022-06-28 16:54:09.897] [exthost] [warning] [Decorations] CAPPING events from decorations provider vscode.git 1942
[2022-06-28 16:54:15.088] [exthost] [warning] [Decorations] CAPPING events from decorations provider vscode.git 1942
[2022-06-28 16:54:20.260] [exthost] [warning] [Decorations] CAPPING events from decorations provider vscode.git 1942
[2022-06-28 16:54:25.401] [exthost] [warning] [Decorations] CAPPING events from decorations provider vscode.git 1942
[2022-06-28 16:54:30.584] [exthost] [warning] [Decorations] CAPPING events from decorations provider vscode.git 1942
[2022-06-28 16:54:35.752] [exthost] [warning] [Decorations] CAPPING events from decorations provider vscode.git 1942
[2022-06-28 16:54:55.163] [exthost] [warning] [Decorations] CAPPING events from decorations provider vscode.git 1942
[2022-06-28 16:55:00.394] [exthost] [warning] [Decorations] CAPPING events from decorations provider vscode.git 1942
[2022-06-28 16:55:05.651] [exthost] [warning] [Decorations] CAPPING events from decorations provider vscode.git 1942
[2022-06-28 16:55:10.876] [exthost] [warning] [Decorations] CAPPING events from decorations provider vscode.git 1942
[2022-06-28 16:55:16.082] [exthost] [warning] [Decorations] CAPPING events from decorations provider vscode.git 1942
[2022-06-28 16:55:21.309] [exthost] [warning] [Decorations] CAPPING events from decorations provider vscode.git 1942
[2022-06-28 16:55:26.498] [exthost] [warning] [Decorations] CAPPING events from decorations provider vscode.git 1942
[2022-06-28 16:55:31.740] [exthost] [warning] [Decorations] CAPPING events from decorations provider vscode.git 1942
[2022-06-28 16:55:36.970] [exthost] [warning] [Decorations] CAPPING events from decorations provider vscode.git 1942
[2022-06-28 16:55:42.155] [exthost] [warning] [Decorations] CAPPING events from decorations provider vscode.git 1942
[2022-06-28 16:55:47.329] [exthost] [warning] [Decorations] CAPPING events from decorations provider vscode.git 1942
[2022-06-28 16:55:52.634] [exthost] [warning] [Decorations] CAPPING events from decorations provider vscode.git 1942
[2022-06-28 16:56:09.553] [exthost] [warning] [Decorations] CAPPING events from decorations provider vscode.git 1942
[2022-06-28 16:56:23.046] [exthost] [warning] [Decorations] CAPPING events from decorations provider vscode.git 1942
[2022-06-28 16:56:28.268] [exthost] [warning] [Decorations] CAPPING events from decorations provider vscode.git 1942
[2022-06-28 16:56:33.432] [exthost] [warning] [Decorations] CAPPING events from decorations provider vscode.git 1942
[2022-06-28 16:56:38.639] [exthost] [warning] [Decorations] CAPPING events from decorations provider vscode.git 1942
[2022-06-28 16:56:43.818] [exthost] [warning] [Decorations] CAPPING events from decorations provider vscode.git 1942
[2022-06-28 16:56:52.870] [exthost] [warning] [Decorations] CAPPING events from decorations provider vscode.git 1942
[2022-06-28 16:57:02.926] [exthost] [warning] [Decorations] CAPPING events from decorations provider vscode.git 1942
[2022-06-28 16:57:10.846] [exthost] [warning] [Decorations] CAPPING events from decorations provider vscode.git 1942
[2022-06-28 16:57:16.103] [exthost] [warning] [Decorations] CAPPING events from decorations provider vscode.git 1942
[2022-06-28 16:57:21.284] [exthost] [warning] [Decorations] CAPPING events from decorations provider vscode.git 1942
[2022-06-28 16:57:26.443] [exthost] [warning] [Decorations] CAPPING events from decorations provider vscode.git 1942
[2022-06-28 16:57:31.605] [exthost] [warning] [Decorations] CAPPING events from decorations provider vscode.git 1942
[2022-06-28 16:57:36.809] [exthost] [warning] [Decorations] CAPPING events from decorations provider vscode.git 1942
[2022-06-28 16:57:41.969] [exthost] [warning] [Decorations] CAPPING events from decorations provider vscode.git 1942
[2022-06-28 16:57:47.154] [exthost] [warning] [Decorations] CAPPING events from decorations provider vscode.git 1942
[2022-06-28 16:57:52.324] [exthost] [warning] [Decorations] CAPPING events from decorations provider vscode.git 1942
[2022-06-28 16:57:57.504] [exthost] [warning] [Decorations] CAPPING events from decorations provider vscode.git 1942
[2022-06-28 16:58:02.772] [exthost] [warning] [Decorations] CAPPING events from decorations provider vscode.git 1942
[2022-06-28 16:58:07.969] [exthost] [warning] [Decorations] CAPPING events from decorations provider vscode.git 1942
[2022-06-28 16:58:13.152] [exthost] [warning] [Decorations] CAPPING events from decorations provider vscode.git 1942
[2022-06-28 16:58:18.359] [exthost] [warning] [Decorations] CAPPING events from decorations provider vscode.git 1942
[2022-06-28 16:58:23.537] [exthost] [warning] [Decorations] CAPPING events from decorations provider vscode.git 1942
[2022-06-28 16:58:28.712] [exthost] [warning] [Decorations] CAPPING events from decorations provider vscode.git 1942
[2022-06-28 16:58:33.947] [exthost] [warning] [Decorations] CAPPING events from decorations provider vscode.git 1942
[2022-06-28 16:59:19.194] [exthost] [warning] [Decorations] CAPPING events from decorations provider vscode.git 1942
[2022-06-28 16:59:24.446] [exthost] [warning] [Decorations] CAPPING events from decorations provider vscode.git 1942
[2022-06-28 16:59:29.636] [exthost] [warning] [Decorations] CAPPING events from decorations provider vscode.git 1942
[2022-06-28 16:59:34.888] [exthost] [warning] [Decorations] CAPPING events from decorations provider vscode.git 1942
[2022-06-28 16:59:40.057] [exthost] [warning] [Decorations] CAPPING events from decorations provider vscode.git 1942
[2022-06-28 16:59:45.227] [exthost] [warning] [Decorations] CAPPING events from decorations provider vscode.git 1942
[2022-06-28 16:59:50.391] [exthost] [warning] [Decorations] CAPPING events from decorations provider vscode.git 1942
[2022-06-28 16:59:55.573] [exthost] [warning] [Decorations] CAPPING events from decorations provider vscode.git 1942
[2022-06-28 17:00:00.778] [exthost] [warning] [Decorations] CAPPING events from decorations provider vscode.git 1942
[2022-06-28 17:00:05.973] [exthost] [warning] [Decorations] CAPPING events from decorations provider vscode.git 1942
[2022-06-28 17:00:11.232] [exthost] [warning] [Decorations] CAPPING events from decorations provider vscode.git 1942
[2022-06-28 17:00:16.424] [exthost] [warning] [Decorations] CAPPING events from decorations provider vscode.git 1942
[2022-06-28 17:00:21.627] [exthost] [warning] [Decorations] CAPPING events from decorations provider vscode.git 1942
[2022-06-28 17:00:26.783] [exthost] [warning] [Decorations] CAPPING events from decorations provider vscode.git 1942
[2022-06-28 17:00:31.941] [exthost] [warning] [Decorations] CAPPING events from decorations provider vscode.git 1942
[2022-06-28 17:01:25.071] [exthost] [warning] [Decorations] CAPPING events from decorations provider vscode.git 1942
[2022-06-28 17:02:04.970] [exthost] [warning] [Decorations] CAPPING events from decorations provider vscode.git 1942
[2022-06-28 17:02:10.148] [exthost] [warning] [Decorations] CAPPING events from decorations provider vscode.git 1942
[2022-06-28 17:02:15.342] [exthost] [warning] [Decorations] CAPPING events from decorations provider vscode.git 1942
[2022-06-28 17:02:20.804] [exthost] [warning] [Decorations] CAPPING events from decorations provider vscode.git 1942
[2022-06-28 17:02:44.061] [exthost] [warning] [Decorations] CAPPING events from decorations provider vscode.git 1944
[2022-06-28 17:04:02.304] [exthost] [warning] [Decorations] CAPPING events from decorations provider vscode.git 1944
[2022-06-28 17:04:07.490] [exthost] [warning] [Decorations] CAPPING events from decorations provider vscode.git 1944
[2022-06-28 17:04:13.837] [exthost] [warning] [Decorations] CAPPING events from decorations provider vscode.git 1944
[2022-06-28 17:12:23.961] [exthost] [info] Extension host terminating: renderer disconnected for too long (2)
[2022-06-28 17:12:23.962] [exthost] [info] Lock '/home/fred/.vscode-server/data/User/workspaceStorage/b3ca59feedba83c925ff25b7c1b4bc86/vscode.lock': Marking the lockfile as scheduled to be released in 6000 ms.
[2022-06-28 17:12:23.976] [exthost] [info] Extension host with pid 98173 exiting with code 0
