[2022-06-28T07:02:33.381Z] Log level: Info
[2022-06-28T07:02:33.394Z] [info] Validating found git in: git
[2022-06-28T07:02:33.466Z] [info] Using git 2.25.1 from git
[2022-06-28T07:02:33.590Z] > git rev-parse --show-toplevel [69ms]
[2022-06-28T07:02:33.736Z] > git rev-parse --git-dir --git-common-dir [127ms]
[2022-06-28T07:02:33.752Z] [info] Open repository: /home/fred
[2022-06-28T07:02:33.848Z] > git status -z -uall [67ms]
[2022-06-28T07:02:33.889Z] > git symbolic-ref --short HEAD [13ms]
[2022-06-28T07:02:33.932Z] > git for-each-ref --format=%(refname)%00%(upstream:short)%00%(objectname)%00%(upstream:track)%00%(upstream:remotename)%00%(upstream:remoteref) refs/heads/master refs/remotes/master [13ms]
[2022-06-28T07:02:33.966Z] > git remote --verbose [3ms]
[2022-06-28T07:02:33.966Z] > git for-each-ref --sort -committerdate --format %(refname) %(objectname) %(*objectname) [15ms]
[2022-06-28T07:02:35.537Z] > git config --get commit.template [27ms]
[2022-06-28T07:02:36.110Z] > git check-ignore -v -z --stdin [3ms]
[2022-06-28T07:02:36.733Z] > git status -z -uall [35ms]
[2022-06-28T07:02:36.749Z] > git symbolic-ref --short HEAD [3ms]
[2022-06-28T07:02:36.763Z] > git for-each-ref --format=%(refname)%00%(upstream:short)%00%(objectname)%00%(upstream:track)%00%(upstream:remotename)%00%(upstream:remoteref) refs/heads/master refs/remotes/master [2ms]
[2022-06-28T07:02:36.784Z] > git for-each-ref --sort -committerdate --format %(refname) %(objectname) %(*objectname) [10ms]
[2022-06-28T07:02:36.787Z] > git remote --verbose [4ms]
[2022-06-28T07:02:36.870Z] > git config --get commit.template [2ms]
[2022-06-28T07:02:38.904Z] > git show --textconv :workshop01/task2/provider.tf [18ms]
[2022-06-28T07:02:38.904Z] > git ls-files --stage -- /home/fred/workshop01/task2/provider.tf [4ms]
[2022-06-28T07:02:41.944Z] > git status -z -uall [48ms]
[2022-06-28T07:02:41.972Z] > git symbolic-ref --short HEAD [1ms]
[2022-06-28T07:02:41.992Z] > git for-each-ref --format=%(refname)%00%(upstream:short)%00%(objectname)%00%(upstream:track)%00%(upstream:remotename)%00%(upstream:remoteref) refs/heads/master refs/remotes/master [7ms]
[2022-06-28T07:02:42.032Z] > git for-each-ref --sort -committerdate --format %(refname) %(objectname) %(*objectname) [21ms]
[2022-06-28T07:02:42.035Z] > git remote --verbose [7ms]
[2022-06-28T07:02:42.189Z] > git config --get commit.template [18ms]
[2022-06-28T07:02:47.231Z] > git status -z -uall [28ms]
[2022-06-28T07:02:47.249Z] > git symbolic-ref --short HEAD [3ms]
[2022-06-28T07:02:47.269Z] > git for-each-ref --format=%(refname)%00%(upstream:short)%00%(objectname)%00%(upstream:track)%00%(upstream:remotename)%00%(upstream:remoteref) refs/heads/master refs/remotes/master [3ms]
[2022-06-28T07:02:47.295Z] > git remote --verbose [3ms]
[2022-06-28T07:02:47.299Z] > git for-each-ref --sort -committerdate --format %(refname) %(objectname) %(*objectname) [19ms]
[2022-06-28T07:02:47.374Z] > git config --get commit.template [9ms]
[2022-06-28T07:02:52.424Z] > git status -z -uall [35ms]
[2022-06-28T07:02:52.444Z] > git symbolic-ref --short HEAD [1ms]
[2022-06-28T07:02:52.459Z] > git for-each-ref --format=%(refname)%00%(upstream:short)%00%(objectname)%00%(upstream:track)%00%(upstream:remotename)%00%(upstream:remoteref) refs/heads/master refs/remotes/master [2ms]
[2022-06-28T07:02:52.490Z] > git remote --verbose [3ms]
[2022-06-28T07:02:52.490Z] > git for-each-ref --sort -committerdate --format %(refname) %(objectname) %(*objectname) [17ms]
[2022-06-28T07:02:52.562Z] > git config --get commit.template [3ms]
[2022-06-28T07:02:57.603Z] > git status -z -uall [25ms]
[2022-06-28T07:02:57.619Z] > git symbolic-ref --short HEAD [3ms]
[2022-06-28T07:02:57.633Z] > git for-each-ref --format=%(refname)%00%(upstream:short)%00%(objectname)%00%(upstream:track)%00%(upstream:remotename)%00%(upstream:remoteref) refs/heads/master refs/remotes/master [2ms]
[2022-06-28T07:02:57.659Z] > git remote --verbose [3ms]
[2022-06-28T07:02:57.660Z] > git for-each-ref --sort -committerdate --format %(refname) %(objectname) %(*objectname) [15ms]
[2022-06-28T07:02:57.724Z] > git config --get commit.template [2ms]
[2022-06-28T07:03:02.767Z] > git status -z -uall [28ms]
[2022-06-28T07:03:02.795Z] > git symbolic-ref --short HEAD [2ms]
[2022-06-28T07:03:02.811Z] > git for-each-ref --format=%(refname)%00%(upstream:short)%00%(objectname)%00%(upstream:track)%00%(upstream:remotename)%00%(upstream:remoteref) refs/heads/master refs/remotes/master [1ms]
[2022-06-28T07:03:02.841Z] > git for-each-ref --sort -committerdate --format %(refname) %(objectname) %(*objectname) [16ms]
[2022-06-28T07:03:02.842Z] > git remote --verbose [6ms]
[2022-06-28T07:03:02.908Z] > git config --get commit.template [1ms]
[2022-06-28T07:03:07.965Z] > git status -z -uall [23ms]
[2022-06-28T07:03:07.979Z] > git symbolic-ref --short HEAD [2ms]
[2022-06-28T07:03:07.995Z] > git for-each-ref --format=%(refname)%00%(upstream:short)%00%(objectname)%00%(upstream:track)%00%(upstream:remotename)%00%(upstream:remoteref) refs/heads/master refs/remotes/master [2ms]
[2022-06-28T07:03:08.022Z] > git remote --verbose [2ms]
[2022-06-28T07:03:08.022Z] > git for-each-ref --sort -committerdate --format %(refname) %(objectname) %(*objectname) [15ms]
[2022-06-28T07:03:08.084Z] > git config --get commit.template [1ms]
[2022-06-28T07:03:13.136Z] > git status -z -uall [28ms]
[2022-06-28T07:03:13.166Z] > git symbolic-ref --short HEAD [16ms]
[2022-06-28T07:03:13.181Z] > git for-each-ref --format=%(refname)%00%(upstream:short)%00%(objectname)%00%(upstream:track)%00%(upstream:remotename)%00%(upstream:remoteref) refs/heads/master refs/remotes/master [2ms]
[2022-06-28T07:03:13.215Z] > git remote --verbose [4ms]
[2022-06-28T07:03:13.215Z] > git for-each-ref --sort -committerdate --format %(refname) %(objectname) %(*objectname) [17ms]
[2022-06-28T07:03:15.176Z] > git config --get commit.template [32ms]
[2022-06-28T07:06:11.072Z] > git check-ignore -v -z --stdin [3ms]
[2022-06-28T07:17:20.244Z] > git status -z -uall [45ms]
[2022-06-28T07:17:20.258Z] > git symbolic-ref --short HEAD [4ms]
[2022-06-28T07:17:20.269Z] > git for-each-ref --format=%(refname)%00%(upstream:short)%00%(objectname)%00%(upstream:track)%00%(upstream:remotename)%00%(upstream:remoteref) refs/heads/master refs/remotes/master [2ms]
[2022-06-28T07:17:20.290Z] > git remote --verbose [3ms]
[2022-06-28T07:17:20.290Z] > git for-each-ref --sort -committerdate --format %(refname) %(objectname) %(*objectname) [11ms]
[2022-06-28T07:17:20.374Z] > git config --get commit.template [2ms]
[2022-06-28T07:17:25.411Z] > git status -z -uall [24ms]
[2022-06-28T07:17:25.424Z] > git symbolic-ref --short HEAD [2ms]
[2022-06-28T07:17:25.436Z] > git for-each-ref --format=%(refname)%00%(upstream:short)%00%(objectname)%00%(upstream:track)%00%(upstream:remotename)%00%(upstream:remoteref) refs/heads/master refs/remotes/master [2ms]
[2022-06-28T07:17:25.457Z] > git for-each-ref --sort -committerdate --format %(refname) %(objectname) %(*objectname) [11ms]
[2022-06-28T07:17:25.457Z] > git remote --verbose [1ms]
[2022-06-28T07:17:25.530Z] > git config --get commit.template [2ms]
[2022-06-28T07:17:33.963Z] > git status -z -uall [46ms]
[2022-06-28T07:17:33.976Z] > git symbolic-ref --short HEAD [2ms]
[2022-06-28T07:17:33.997Z] > git for-each-ref --format=%(refname)%00%(upstream:short)%00%(objectname)%00%(upstream:track)%00%(upstream:remotename)%00%(upstream:remoteref) refs/heads/master refs/remotes/master [2ms]
[2022-06-28T07:17:34.027Z] > git remote --verbose [3ms]
[2022-06-28T07:17:34.027Z] > git for-each-ref --sort -committerdate --format %(refname) %(objectname) %(*objectname) [18ms]
[2022-06-28T07:17:34.131Z] > git config --get commit.template [4ms]
[2022-06-28T07:17:39.182Z] > git status -z -uall [35ms]
[2022-06-28T07:17:39.197Z] > git symbolic-ref --short HEAD [2ms]
[2022-06-28T07:17:39.212Z] > git for-each-ref --format=%(refname)%00%(upstream:short)%00%(objectname)%00%(upstream:track)%00%(upstream:remotename)%00%(upstream:remoteref) refs/heads/master refs/remotes/master [3ms]
[2022-06-28T07:17:39.235Z] > git for-each-ref --sort -committerdate --format %(refname) %(objectname) %(*objectname) [12ms]
[2022-06-28T07:17:39.236Z] > git remote --verbose [4ms]
[2022-06-28T07:17:39.349Z] > git config --get commit.template [5ms]
[2022-06-28T07:17:44.399Z] > git status -z -uall [36ms]
[2022-06-28T07:17:44.427Z] > git symbolic-ref --short HEAD [1ms]
[2022-06-28T07:17:44.460Z] > git for-each-ref --format=%(refname)%00%(upstream:short)%00%(objectname)%00%(upstream:track)%00%(upstream:remotename)%00%(upstream:remoteref) refs/heads/master refs/remotes/master [2ms]
[2022-06-28T07:17:44.485Z] > git for-each-ref --sort -committerdate --format %(refname) %(objectname) %(*objectname) [12ms]
[2022-06-28T07:17:44.486Z] > git remote --verbose [3ms]
[2022-06-28T07:17:44.544Z] > git config --get commit.template [2ms]
[2022-06-28T07:17:49.584Z] > git status -z -uall [25ms]
[2022-06-28T07:17:49.599Z] > git symbolic-ref --short HEAD [2ms]
[2022-06-28T07:17:49.616Z] > git for-each-ref --format=%(refname)%00%(upstream:short)%00%(objectname)%00%(upstream:track)%00%(upstream:remotename)%00%(upstream:remoteref) refs/heads/master refs/remotes/master [4ms]
[2022-06-28T07:17:49.645Z] > git remote --verbose [3ms]
[2022-06-28T07:17:49.646Z] > git for-each-ref --sort -committerdate --format %(refname) %(objectname) %(*objectname) [18ms]
[2022-06-28T07:17:49.756Z] > git config --get commit.template [5ms]
[2022-06-28T07:17:54.795Z] > git status -z -uall [24ms]
[2022-06-28T07:17:54.809Z] > git symbolic-ref --short HEAD [2ms]
[2022-06-28T07:17:54.823Z] > git for-each-ref --format=%(refname)%00%(upstream:short)%00%(objectname)%00%(upstream:track)%00%(upstream:remotename)%00%(upstream:remoteref) refs/heads/master refs/remotes/master [2ms]
[2022-06-28T07:17:54.846Z] > git for-each-ref --sort -committerdate --format %(refname) %(objectname) %(*objectname) [13ms]
[2022-06-28T07:17:54.847Z] > git remote --verbose [3ms]
[2022-06-28T07:17:54.914Z] > git config --get commit.template [1ms]
[2022-06-28T07:17:59.962Z] > git status -z -uall [35ms]
[2022-06-28T07:17:59.979Z] > git symbolic-ref --short HEAD [4ms]
[2022-06-28T07:17:59.996Z] > git for-each-ref --format=%(refname)%00%(upstream:short)%00%(objectname)%00%(upstream:track)%00%(upstream:remotename)%00%(upstream:remoteref) refs/heads/master refs/remotes/master [4ms]
[2022-06-28T07:18:00.053Z] > git for-each-ref --sort -committerdate --format %(refname) %(objectname) %(*objectname) [45ms]
[2022-06-28T07:18:00.055Z] > git remote --verbose [33ms]
[2022-06-28T07:18:00.146Z] > git config --get commit.template [4ms]
[2022-06-28T07:18:05.192Z] > git status -z -uall [32ms]
[2022-06-28T07:18:05.206Z] > git symbolic-ref --short HEAD [1ms]
[2022-06-28T07:18:05.219Z] > git for-each-ref --format=%(refname)%00%(upstream:short)%00%(objectname)%00%(upstream:track)%00%(upstream:remotename)%00%(upstream:remoteref) refs/heads/master refs/remotes/master [2ms]
[2022-06-28T07:18:05.244Z] > git for-each-ref --sort -committerdate --format %(refname) %(objectname) %(*objectname) [13ms]
[2022-06-28T07:18:05.245Z] > git remote --verbose [3ms]
[2022-06-28T07:18:05.302Z] > git config --get commit.template [0ms]
[2022-06-28T07:18:10.352Z] > git status -z -uall [26ms]
[2022-06-28T07:18:10.370Z] > git symbolic-ref --short HEAD [1ms]
[2022-06-28T07:18:10.385Z] > git for-each-ref --format=%(refname)%00%(upstream:short)%00%(objectname)%00%(upstream:track)%00%(upstream:remotename)%00%(upstream:remoteref) refs/heads/master refs/remotes/master [3ms]
[2022-06-28T07:18:10.411Z] > git for-each-ref --sort -committerdate --format %(refname) %(objectname) %(*objectname) [15ms]
[2022-06-28T07:18:10.413Z] > git remote --verbose [5ms]
[2022-06-28T07:18:10.530Z] > git config --get commit.template [6ms]
[2022-06-28T07:18:15.570Z] > git status -z -uall [25ms]
[2022-06-28T07:18:15.584Z] > git symbolic-ref --short HEAD [3ms]
[2022-06-28T07:18:15.599Z] > git for-each-ref --format=%(refname)%00%(upstream:short)%00%(objectname)%00%(upstream:track)%00%(upstream:remotename)%00%(upstream:remoteref) refs/heads/master refs/remotes/master [2ms]
[2022-06-28T07:18:15.629Z] > git for-each-ref --sort -committerdate --format %(refname) %(objectname) %(*objectname) [16ms]
[2022-06-28T07:18:15.630Z] > git remote --verbose [3ms]
[2022-06-28T07:18:15.732Z] > git config --get commit.template [5ms]
[2022-06-28T07:18:20.773Z] > git status -z -uall [26ms]
[2022-06-28T07:18:20.797Z] > git symbolic-ref --short HEAD [2ms]
[2022-06-28T07:18:20.833Z] > git for-each-ref --format=%(refname)%00%(upstream:short)%00%(objectname)%00%(upstream:track)%00%(upstream:remotename)%00%(upstream:remoteref) refs/heads/master refs/remotes/master [12ms]
[2022-06-28T07:18:20.869Z] > git for-each-ref --sort -committerdate --format %(refname) %(objectname) %(*objectname) [22ms]
[2022-06-28T07:18:20.871Z] > git remote --verbose [5ms]
[2022-06-28T07:18:20.929Z] > git config --get commit.template [1ms]
[2022-06-28T07:18:25.972Z] > git status -z -uall [27ms]
[2022-06-28T07:18:25.989Z] > git symbolic-ref --short HEAD [3ms]
[2022-06-28T07:18:26.007Z] > git for-each-ref --format=%(refname)%00%(upstream:short)%00%(objectname)%00%(upstream:track)%00%(upstream:remotename)%00%(upstream:remoteref) refs/heads/master refs/remotes/master [5ms]
[2022-06-28T07:18:26.041Z] > git for-each-ref --sort -committerdate --format %(refname) %(objectname) %(*objectname) [18ms]
[2022-06-28T07:18:26.043Z] > git remote --verbose [6ms]
[2022-06-28T07:18:26.152Z] > git config --get commit.template [3ms]
[2022-06-28T07:18:31.190Z] > git status -z -uall [23ms]
[2022-06-28T07:18:31.203Z] > git symbolic-ref --short HEAD [2ms]
[2022-06-28T07:18:31.218Z] > git for-each-ref --format=%(refname)%00%(upstream:short)%00%(objectname)%00%(upstream:track)%00%(upstream:remotename)%00%(upstream:remoteref) refs/heads/master refs/remotes/master [2ms]
[2022-06-28T07:18:31.251Z] > git for-each-ref --sort -committerdate --format %(refname) %(objectname) %(*objectname) [21ms]
[2022-06-28T07:18:31.252Z] > git remote --verbose [3ms]
[2022-06-28T07:18:31.314Z] > git config --get commit.template [2ms]
[2022-06-28T07:18:36.347Z] > git status -z -uall [20ms]
[2022-06-28T07:18:36.363Z] > git symbolic-ref --short HEAD [3ms]
[2022-06-28T07:18:36.378Z] > git for-each-ref --format=%(refname)%00%(upstream:short)%00%(objectname)%00%(upstream:track)%00%(upstream:remotename)%00%(upstream:remoteref) refs/heads/master refs/remotes/master [3ms]
[2022-06-28T07:18:36.406Z] > git for-each-ref --sort -committerdate --format %(refname) %(objectname) %(*objectname) [14ms]
[2022-06-28T07:18:36.407Z] > git remote --verbose [3ms]
[2022-06-28T07:18:36.514Z] > git config --get commit.template [7ms]
[2022-06-28T07:18:41.552Z] > git status -z -uall [24ms]
[2022-06-28T07:18:41.565Z] > git symbolic-ref --short HEAD [2ms]
[2022-06-28T07:18:41.581Z] > git for-each-ref --format=%(refname)%00%(upstream:short)%00%(objectname)%00%(upstream:track)%00%(upstream:remotename)%00%(upstream:remoteref) refs/heads/master refs/remotes/master [3ms]
[2022-06-28T07:18:41.606Z] > git for-each-ref --sort -committerdate --format %(refname) %(objectname) %(*objectname) [12ms]
[2022-06-28T07:18:41.607Z] > git remote --verbose [3ms]
[2022-06-28T07:18:41.674Z] > git config --get commit.template [5ms]
[2022-06-28T07:18:46.746Z] > git status -z -uall [46ms]
[2022-06-28T07:18:46.770Z] > git symbolic-ref --short HEAD [4ms]
[2022-06-28T07:18:46.788Z] > git for-each-ref --format=%(refname)%00%(upstream:short)%00%(objectname)%00%(upstream:track)%00%(upstream:remotename)%00%(upstream:remoteref) refs/heads/master refs/remotes/master [5ms]
[2022-06-28T07:18:46.815Z] > git remote --verbose [2ms]
[2022-06-28T07:18:46.816Z] > git for-each-ref --sort -committerdate --format %(refname) %(objectname) %(*objectname) [16ms]
[2022-06-28T07:18:46.918Z] > git config --get commit.template [5ms]
[2022-06-28T07:18:51.959Z] > git status -z -uall [21ms]
[2022-06-28T07:18:51.974Z] > git symbolic-ref --short HEAD [3ms]
[2022-06-28T07:18:51.988Z] > git for-each-ref --format=%(refname)%00%(upstream:short)%00%(objectname)%00%(upstream:track)%00%(upstream:remotename)%00%(upstream:remoteref) refs/heads/master refs/remotes/master [2ms]
[2022-06-28T07:18:52.014Z] > git for-each-ref --sort -committerdate --format %(refname) %(objectname) %(*objectname) [14ms]
[2022-06-28T07:18:52.015Z] > git remote --verbose [3ms]
[2022-06-28T07:18:52.064Z] > git config --get commit.template [2ms]
[2022-06-28T07:18:57.100Z] > git status -z -uall [21ms]
[2022-06-28T07:18:57.114Z] > git symbolic-ref --short HEAD [2ms]
[2022-06-28T07:18:57.127Z] > git for-each-ref --format=%(refname)%00%(upstream:short)%00%(objectname)%00%(upstream:track)%00%(upstream:remotename)%00%(upstream:remoteref) refs/heads/master refs/remotes/master [2ms]
[2022-06-28T07:18:57.152Z] > git for-each-ref --sort -committerdate --format %(refname) %(objectname) %(*objectname) [13ms]
[2022-06-28T07:18:57.152Z] > git remote --verbose [2ms]
[2022-06-28T07:18:57.208Z] > git config --get commit.template [2ms]
[2022-06-28T07:19:02.257Z] > git status -z -uall [24ms]
[2022-06-28T07:19:02.273Z] > git symbolic-ref --short HEAD [3ms]
[2022-06-28T07:19:02.289Z] > git for-each-ref --format=%(refname)%00%(upstream:short)%00%(objectname)%00%(upstream:track)%00%(upstream:remotename)%00%(upstream:remoteref) refs/heads/master refs/remotes/master [2ms]
[2022-06-28T07:19:02.326Z] > git for-each-ref --sort -committerdate --format %(refname) %(objectname) %(*objectname) [20ms]
[2022-06-28T07:19:02.329Z] > git remote --verbose [5ms]
[2022-06-28T07:19:02.408Z] > git config --get commit.template [2ms]
[2022-06-28T07:19:07.443Z] > git status -z -uall [19ms]
[2022-06-28T07:19:07.457Z] > git symbolic-ref --short HEAD [2ms]
[2022-06-28T07:19:07.470Z] > git for-each-ref --format=%(refname)%00%(upstream:short)%00%(objectname)%00%(upstream:track)%00%(upstream:remotename)%00%(upstream:remoteref) refs/heads/master refs/remotes/master [2ms]
[2022-06-28T07:19:07.496Z] > git for-each-ref --sort -committerdate --format %(refname) %(objectname) %(*objectname) [14ms]
[2022-06-28T07:19:07.497Z] > git remote --verbose [2ms]
[2022-06-28T07:19:07.555Z] > git config --get commit.template [2ms]
[2022-06-28T07:19:12.591Z] > git status -z -uall [23ms]
[2022-06-28T07:19:12.605Z] > git symbolic-ref --short HEAD [2ms]
[2022-06-28T07:19:12.630Z] > git for-each-ref --format=%(refname)%00%(upstream:short)%00%(objectname)%00%(upstream:track)%00%(upstream:remotename)%00%(upstream:remoteref) refs/heads/master refs/remotes/master [1ms]
[2022-06-28T07:19:12.655Z] > git remote --verbose [1ms]
[2022-06-28T07:19:12.656Z] > git for-each-ref --sort -committerdate --format %(refname) %(objectname) %(*objectname) [14ms]
[2022-06-28T07:19:12.763Z] > git config --get commit.template [7ms]
[2022-06-28T07:19:17.803Z] > git status -z -uall [26ms]
[2022-06-28T07:19:17.817Z] > git symbolic-ref --short HEAD [2ms]
[2022-06-28T07:19:17.829Z] > git for-each-ref --format=%(refname)%00%(upstream:short)%00%(objectname)%00%(upstream:track)%00%(upstream:remotename)%00%(upstream:remoteref) refs/heads/master refs/remotes/master [2ms]
[2022-06-28T07:19:17.855Z] > git for-each-ref --sort -committerdate --format %(refname) %(objectname) %(*objectname) [14ms]
[2022-06-28T07:19:17.856Z] > git remote --verbose [4ms]
[2022-06-28T07:19:17.903Z] > git config --get commit.template [3ms]
[2022-06-28T07:19:22.940Z] > git status -z -uall [24ms]
[2022-06-28T07:19:22.954Z] > git symbolic-ref --short HEAD [2ms]
[2022-06-28T07:19:22.968Z] > git for-each-ref --format=%(refname)%00%(upstream:short)%00%(objectname)%00%(upstream:track)%00%(upstream:remotename)%00%(upstream:remoteref) refs/heads/master refs/remotes/master [2ms]
[2022-06-28T07:19:22.993Z] > git for-each-ref --sort -committerdate --format %(refname) %(objectname) %(*objectname) [12ms]
[2022-06-28T07:19:22.994Z] > git remote --verbose [3ms]
[2022-06-28T07:19:23.054Z] > git config --get commit.template [2ms]
[2022-06-28T07:19:28.091Z] > git status -z -uall [24ms]
[2022-06-28T07:19:28.105Z] > git symbolic-ref --short HEAD [2ms]
[2022-06-28T07:19:28.119Z] > git for-each-ref --format=%(refname)%00%(upstream:short)%00%(objectname)%00%(upstream:track)%00%(upstream:remotename)%00%(upstream:remoteref) refs/heads/master refs/remotes/master [2ms]
[2022-06-28T07:19:28.141Z] > git remote --verbose [2ms]
[2022-06-28T07:19:28.142Z] > git for-each-ref --sort -committerdate --format %(refname) %(objectname) %(*objectname) [13ms]
[2022-06-28T07:19:28.235Z] > git config --get commit.template [5ms]
[2022-06-28T07:19:33.301Z] > git status -z -uall [44ms]
[2022-06-28T07:19:33.317Z] > git symbolic-ref --short HEAD [1ms]
[2022-06-28T07:19:33.332Z] > git for-each-ref --format=%(refname)%00%(upstream:short)%00%(objectname)%00%(upstream:track)%00%(upstream:remotename)%00%(upstream:remoteref) refs/heads/master refs/remotes/master [2ms]
[2022-06-28T07:19:33.365Z] > git for-each-ref --sort -committerdate --format %(refname) %(objectname) %(*objectname) [14ms]
[2022-06-28T07:19:33.366Z] > git remote --verbose [4ms]
[2022-06-28T07:19:33.424Z] > git config --get commit.template [3ms]
[2022-06-28T07:19:38.466Z] > git status -z -uall [27ms]
[2022-06-28T07:19:38.513Z] > git symbolic-ref --short HEAD [2ms]
[2022-06-28T07:19:38.532Z] > git for-each-ref --format=%(refname)%00%(upstream:short)%00%(objectname)%00%(upstream:track)%00%(upstream:remotename)%00%(upstream:remoteref) refs/heads/master refs/remotes/master [3ms]
[2022-06-28T07:19:38.579Z] > git remote --verbose [2ms]
[2022-06-28T07:19:38.580Z] > git for-each-ref --sort -committerdate --format %(refname) %(objectname) %(*objectname) [32ms]
[2022-06-28T07:19:40.246Z] > git config --get commit.template [1505ms]
[2022-06-28T07:19:45.282Z] > git status -z -uall [22ms]
[2022-06-28T07:19:45.296Z] > git symbolic-ref --short HEAD [1ms]
[2022-06-28T07:19:45.311Z] > git for-each-ref --format=%(refname)%00%(upstream:short)%00%(objectname)%00%(upstream:track)%00%(upstream:remotename)%00%(upstream:remoteref) refs/heads/master refs/remotes/master [1ms]
[2022-06-28T07:19:45.336Z] > git for-each-ref --sort -committerdate --format %(refname) %(objectname) %(*objectname) [14ms]
[2022-06-28T07:19:45.337Z] > git remote --verbose [3ms]
[2022-06-28T07:19:45.392Z] > git config --get commit.template [2ms]
[2022-06-28T07:19:50.440Z] > git status -z -uall [34ms]
[2022-06-28T07:19:50.457Z] > git symbolic-ref --short HEAD [1ms]
[2022-06-28T07:19:50.474Z] > git for-each-ref --format=%(refname)%00%(upstream:short)%00%(objectname)%00%(upstream:track)%00%(upstream:remotename)%00%(upstream:remoteref) refs/heads/master refs/remotes/master [4ms]
[2022-06-28T07:19:50.507Z] > git remote --verbose [2ms]
[2022-06-28T07:19:50.507Z] > git for-each-ref --sort -committerdate --format %(refname) %(objectname) %(*objectname) [15ms]
[2022-06-28T07:19:50.573Z] > git config --get commit.template [3ms]
[2022-06-28T07:19:55.611Z] > git status -z -uall [22ms]
[2022-06-28T07:19:55.626Z] > git symbolic-ref --short HEAD [1ms]
[2022-06-28T07:19:55.640Z] > git for-each-ref --format=%(refname)%00%(upstream:short)%00%(objectname)%00%(upstream:track)%00%(upstream:remotename)%00%(upstream:remoteref) refs/heads/master refs/remotes/master [3ms]
[2022-06-28T07:19:55.673Z] > git for-each-ref --sort -committerdate --format %(refname) %(objectname) %(*objectname) [15ms]
[2022-06-28T07:19:55.676Z] > git remote --verbose [5ms]
[2022-06-28T07:19:55.781Z] > git config --get commit.template [5ms]
[2022-06-28T07:20:00.843Z] > git status -z -uall [34ms]
[2022-06-28T07:20:00.858Z] > git symbolic-ref --short HEAD [2ms]
[2022-06-28T07:20:00.874Z] > git for-each-ref --format=%(refname)%00%(upstream:short)%00%(objectname)%00%(upstream:track)%00%(upstream:remotename)%00%(upstream:remoteref) refs/heads/master refs/remotes/master [2ms]
[2022-06-28T07:20:00.907Z] > git remote --verbose [1ms]
[2022-06-28T07:20:00.908Z] > git for-each-ref --sort -committerdate --format %(refname) %(objectname) %(*objectname) [19ms]
[2022-06-28T07:20:00.974Z] > git config --get commit.template [4ms]
[2022-06-28T07:20:06.019Z] > git status -z -uall [31ms]
[2022-06-28T07:20:06.036Z] > git symbolic-ref --short HEAD [3ms]
[2022-06-28T07:20:06.055Z] > git for-each-ref --format=%(refname)%00%(upstream:short)%00%(objectname)%00%(upstream:track)%00%(upstream:remotename)%00%(upstream:remoteref) refs/heads/master refs/remotes/master [1ms]
[2022-06-28T07:20:06.091Z] > git remote --verbose [2ms]
[2022-06-28T07:20:06.091Z] > git for-each-ref --sort -committerdate --format %(refname) %(objectname) %(*objectname) [19ms]
[2022-06-28T07:20:06.145Z] > git config --get commit.template [2ms]
[2022-06-28T07:20:11.186Z] > git status -z -uall [27ms]
[2022-06-28T07:20:11.201Z] > git symbolic-ref --short HEAD [3ms]
[2022-06-28T07:20:11.217Z] > git for-each-ref --format=%(refname)%00%(upstream:short)%00%(objectname)%00%(upstream:track)%00%(upstream:remotename)%00%(upstream:remoteref) refs/heads/master refs/remotes/master [3ms]
[2022-06-28T07:20:11.246Z] > git remote --verbose [3ms]
[2022-06-28T07:20:11.246Z] > git for-each-ref --sort -committerdate --format %(refname) %(objectname) %(*objectname) [17ms]
[2022-06-28T07:20:13.155Z] > git config --get commit.template [1773ms]
[2022-06-28T07:20:18.201Z] > git status -z -uall [21ms]
[2022-06-28T07:20:18.218Z] > git symbolic-ref --short HEAD [2ms]
[2022-06-28T07:20:18.234Z] > git for-each-ref --format=%(refname)%00%(upstream:short)%00%(objectname)%00%(upstream:track)%00%(upstream:remotename)%00%(upstream:remoteref) refs/heads/master refs/remotes/master [4ms]
[2022-06-28T07:20:18.263Z] > git remote --verbose [3ms]
[2022-06-28T07:20:18.264Z] > git for-each-ref --sort -committerdate --format %(refname) %(objectname) %(*objectname) [17ms]
[2022-06-28T07:20:18.336Z] > git config --get commit.template [2ms]
[2022-06-28T07:20:23.380Z] > git status -z -uall [26ms]
[2022-06-28T07:20:23.398Z] > git symbolic-ref --short HEAD [3ms]
[2022-06-28T07:20:23.421Z] > git for-each-ref --format=%(refname)%00%(upstream:short)%00%(objectname)%00%(upstream:track)%00%(upstream:remotename)%00%(upstream:remoteref) refs/heads/master refs/remotes/master [2ms]
[2022-06-28T07:20:23.460Z] > git for-each-ref --sort -committerdate --format %(refname) %(objectname) %(*objectname) [27ms]
[2022-06-28T07:20:23.462Z] > git remote --verbose [5ms]
[2022-06-28T07:20:23.579Z] > git config --get commit.template [6ms]
[2022-06-28T07:20:28.629Z] > git status -z -uall [32ms]
[2022-06-28T07:20:28.644Z] > git symbolic-ref --short HEAD [4ms]
[2022-06-28T07:20:28.660Z] > git for-each-ref --format=%(refname)%00%(upstream:short)%00%(objectname)%00%(upstream:track)%00%(upstream:remotename)%00%(upstream:remoteref) refs/heads/master refs/remotes/master [2ms]
[2022-06-28T07:20:28.687Z] > git for-each-ref --sort -committerdate --format %(refname) %(objectname) %(*objectname) [15ms]
[2022-06-28T07:20:28.689Z] > git remote --verbose [3ms]
[2022-06-28T07:20:28.745Z] > git config --get commit.template [2ms]
[2022-06-28T07:20:33.797Z] > git status -z -uall [5ms]
[2022-06-28T07:20:33.814Z] > git symbolic-ref --short HEAD [3ms]
[2022-06-28T07:20:33.829Z] > git for-each-ref --format=%(refname)%00%(upstream:short)%00%(objectname)%00%(upstream:track)%00%(upstream:remotename)%00%(upstream:remoteref) refs/heads/master refs/remotes/master [2ms]
[2022-06-28T07:20:33.866Z] > git remote --verbose [4ms]
[2022-06-28T07:20:33.866Z] > git for-each-ref --sort -committerdate --format %(refname) %(objectname) %(*objectname) [16ms]
[2022-06-28T07:20:33.991Z] > git config --get commit.template [5ms]
[2022-06-28T07:20:39.033Z] > git status -z -uall [26ms]
[2022-06-28T07:20:39.057Z] > git symbolic-ref --short HEAD [2ms]
[2022-06-28T07:20:39.084Z] > git for-each-ref --format=%(refname)%00%(upstream:short)%00%(objectname)%00%(upstream:track)%00%(upstream:remotename)%00%(upstream:remoteref) refs/heads/master refs/remotes/master [1ms]
[2022-06-28T07:20:39.115Z] > git for-each-ref --sort -committerdate --format %(refname) %(objectname) %(*objectname) [17ms]
[2022-06-28T07:20:39.123Z] > git remote --verbose [10ms]
[2022-06-28T07:20:39.223Z] > git config --get commit.template [4ms]
[2022-06-28T07:20:44.264Z] > git status -z -uall [28ms]
[2022-06-28T07:20:44.283Z] > git symbolic-ref --short HEAD [2ms]
[2022-06-28T07:20:44.298Z] > git for-each-ref --format=%(refname)%00%(upstream:short)%00%(objectname)%00%(upstream:track)%00%(upstream:remotename)%00%(upstream:remoteref) refs/heads/master refs/remotes/master [2ms]
[2022-06-28T07:20:44.331Z] > git remote --verbose [5ms]
[2022-06-28T07:20:44.331Z] > git for-each-ref --sort -committerdate --format %(refname) %(objectname) %(*objectname) [18ms]
[2022-06-28T07:20:44.435Z] > git config --get commit.template [4ms]
[2022-06-28T07:20:49.470Z] > git status -z -uall [20ms]
[2022-06-28T07:20:49.489Z] > git symbolic-ref --short HEAD [2ms]
[2022-06-28T07:20:49.503Z] > git for-each-ref --format=%(refname)%00%(upstream:short)%00%(objectname)%00%(upstream:track)%00%(upstream:remotename)%00%(upstream:remoteref) refs/heads/master refs/remotes/master [2ms]
[2022-06-28T07:20:49.538Z] > git for-each-ref --sort -committerdate --format %(refname) %(objectname) %(*objectname) [22ms]
[2022-06-28T07:20:49.538Z] > git remote --verbose [2ms]
[2022-06-28T07:20:49.600Z] > git config --get commit.template [4ms]
[2022-06-28T07:20:54.656Z] > git status -z -uall [30ms]
[2022-06-28T07:20:54.674Z] > git symbolic-ref --short HEAD [6ms]
[2022-06-28T07:20:54.690Z] > git for-each-ref --format=%(refname)%00%(upstream:short)%00%(objectname)%00%(upstream:track)%00%(upstream:remotename)%00%(upstream:remoteref) refs/heads/master refs/remotes/master [4ms]
[2022-06-28T07:20:54.721Z] > git for-each-ref --sort -committerdate --format %(refname) %(objectname) %(*objectname) [15ms]
[2022-06-28T07:20:54.724Z] > git remote --verbose [6ms]
[2022-06-28T07:20:54.837Z] > git config --get commit.template [4ms]
[2022-06-28T07:20:59.873Z] > git status -z -uall [23ms]
[2022-06-28T07:20:59.887Z] > git symbolic-ref --short HEAD [2ms]
[2022-06-28T07:20:59.901Z] > git for-each-ref --format=%(refname)%00%(upstream:short)%00%(objectname)%00%(upstream:track)%00%(upstream:remotename)%00%(upstream:remoteref) refs/heads/master refs/remotes/master [2ms]
[2022-06-28T07:20:59.936Z] > git for-each-ref --sort -committerdate --format %(refname) %(objectname) %(*objectname) [15ms]
[2022-06-28T07:20:59.936Z] > git remote --verbose [1ms]
[2022-06-28T07:20:59.985Z] > git config --get commit.template [1ms]
[2022-06-28T07:21:05.034Z] > git status -z -uall [16ms]
[2022-06-28T07:21:05.051Z] > git symbolic-ref --short HEAD [4ms]
[2022-06-28T07:21:05.070Z] > git for-each-ref --format=%(refname)%00%(upstream:short)%00%(objectname)%00%(upstream:track)%00%(upstream:remotename)%00%(upstream:remoteref) refs/heads/master refs/remotes/master [7ms]
[2022-06-28T07:21:05.101Z] > git remote --verbose [4ms]
[2022-06-28T07:21:05.101Z] > git for-each-ref --sort -committerdate --format %(refname) %(objectname) %(*objectname) [17ms]
[2022-06-28T07:21:05.208Z] > git config --get commit.template [4ms]
[2022-06-28T07:21:10.246Z] > git status -z -uall [24ms]
[2022-06-28T07:21:10.261Z] > git symbolic-ref --short HEAD [2ms]
[2022-06-28T07:21:10.278Z] > git for-each-ref --format=%(refname)%00%(upstream:short)%00%(objectname)%00%(upstream:track)%00%(upstream:remotename)%00%(upstream:remoteref) refs/heads/master refs/remotes/master [2ms]
[2022-06-28T07:21:10.305Z] > git for-each-ref --sort -committerdate --format %(refname) %(objectname) %(*objectname) [15ms]
[2022-06-28T07:21:10.306Z] > git remote --verbose [5ms]
[2022-06-28T07:21:11.977Z] > git config --get commit.template [1533ms]
[2022-06-28T07:21:17.029Z] > git status -z -uall [20ms]
[2022-06-28T07:21:17.048Z] > git symbolic-ref --short HEAD [3ms]
[2022-06-28T07:21:17.067Z] > git for-each-ref --format=%(refname)%00%(upstream:short)%00%(objectname)%00%(upstream:track)%00%(upstream:remotename)%00%(upstream:remoteref) refs/heads/master refs/remotes/master [1ms]
[2022-06-28T07:21:17.106Z] > git remote --verbose [4ms]
[2022-06-28T07:21:17.106Z] > git for-each-ref --sort -committerdate --format %(refname) %(objectname) %(*objectname) [22ms]
[2022-06-28T07:21:17.165Z] > git config --get commit.template [4ms]
[2022-06-28T07:21:22.210Z] > git status -z -uall [31ms]
[2022-06-28T07:21:22.227Z] > git symbolic-ref --short HEAD [6ms]
[2022-06-28T07:21:22.246Z] > git for-each-ref --format=%(refname)%00%(upstream:short)%00%(objectname)%00%(upstream:track)%00%(upstream:remotename)%00%(upstream:remoteref) refs/heads/master refs/remotes/master [4ms]
[2022-06-28T07:21:22.285Z] > git for-each-ref --sort -committerdate --format %(refname) %(objectname) %(*objectname) [26ms]
[2022-06-28T07:21:22.288Z] > git remote --verbose [7ms]
[2022-06-28T07:21:22.392Z] > git config --get commit.template [4ms]
[2022-06-28T07:21:27.431Z] > git status -z -uall [20ms]
[2022-06-28T07:21:27.470Z] > git symbolic-ref --short HEAD [18ms]
[2022-06-28T07:21:27.509Z] > git for-each-ref --format=%(refname)%00%(upstream:short)%00%(objectname)%00%(upstream:track)%00%(upstream:remotename)%00%(upstream:remoteref) refs/heads/master refs/remotes/master [3ms]
[2022-06-28T07:21:27.561Z] > git for-each-ref --sort -committerdate --format %(refname) %(objectname) %(*objectname) [24ms]
[2022-06-28T07:21:27.563Z] > git remote --verbose [5ms]
[2022-06-28T07:21:27.674Z] > git config --get commit.template [3ms]
[2022-06-28T07:21:32.725Z] > git status -z -uall [27ms]
[2022-06-28T07:21:32.738Z] > git symbolic-ref --short HEAD [2ms]
[2022-06-28T07:21:32.751Z] > git for-each-ref --format=%(refname)%00%(upstream:short)%00%(objectname)%00%(upstream:track)%00%(upstream:remotename)%00%(upstream:remoteref) refs/heads/master refs/remotes/master [0ms]
[2022-06-28T07:21:32.788Z] > git for-each-ref --sort -committerdate --format %(refname) %(objectname) %(*objectname) [14ms]
[2022-06-28T07:21:32.789Z] > git remote --verbose [2ms]
[2022-06-28T07:21:32.844Z] > git config --get commit.template [2ms]
[2022-06-28T07:21:37.905Z] > git status -z -uall [47ms]
[2022-06-28T07:21:37.928Z] > git symbolic-ref --short HEAD [2ms]
[2022-06-28T07:21:37.944Z] > git for-each-ref --format=%(refname)%00%(upstream:short)%00%(objectname)%00%(upstream:track)%00%(upstream:remotename)%00%(upstream:remoteref) refs/heads/master refs/remotes/master [4ms]
[2022-06-28T07:21:37.973Z] > git for-each-ref --sort -committerdate --format %(refname) %(objectname) %(*objectname) [16ms]
[2022-06-28T07:21:37.975Z] > git remote --verbose [4ms]
[2022-06-28T07:21:38.085Z] > git config --get commit.template [5ms]
[2022-06-28T07:21:43.126Z] > git status -z -uall [23ms]
[2022-06-28T07:21:43.139Z] > git symbolic-ref --short HEAD [1ms]
[2022-06-28T07:21:43.153Z] > git for-each-ref --format=%(refname)%00%(upstream:short)%00%(objectname)%00%(upstream:track)%00%(upstream:remotename)%00%(upstream:remoteref) refs/heads/master refs/remotes/master [2ms]
[2022-06-28T07:21:43.184Z] > git for-each-ref --sort -committerdate --format %(refname) %(objectname) %(*objectname) [12ms]
[2022-06-28T07:21:43.185Z] > git remote --verbose [3ms]
[2022-06-28T07:21:43.240Z] > git config --get commit.template [2ms]
[2022-06-28T07:21:48.294Z] > git status -z -uall [15ms]
[2022-06-28T07:21:48.308Z] > git symbolic-ref --short HEAD [2ms]
[2022-06-28T07:21:48.323Z] > git for-each-ref --format=%(refname)%00%(upstream:short)%00%(objectname)%00%(upstream:track)%00%(upstream:remotename)%00%(upstream:remoteref) refs/heads/master refs/remotes/master [3ms]
[2022-06-28T07:21:48.349Z] > git for-each-ref --sort -committerdate --format %(refname) %(objectname) %(*objectname) [13ms]
[2022-06-28T07:21:48.349Z] > git remote --verbose [1ms]
[2022-06-28T07:21:48.399Z] > git config --get commit.template [2ms]
[2022-06-28T07:21:53.435Z] > git status -z -uall [23ms]
[2022-06-28T07:21:53.448Z] > git symbolic-ref --short HEAD [2ms]
[2022-06-28T07:21:53.463Z] > git for-each-ref --format=%(refname)%00%(upstream:short)%00%(objectname)%00%(upstream:track)%00%(upstream:remotename)%00%(upstream:remoteref) refs/heads/master refs/remotes/master [3ms]
[2022-06-28T07:21:53.496Z] > git for-each-ref --sort -committerdate --format %(refname) %(objectname) %(*objectname) [16ms]
[2022-06-28T07:21:53.498Z] > git remote --verbose [5ms]
[2022-06-28T07:21:53.608Z] > git config --get commit.template [4ms]
[2022-06-28T07:21:58.652Z] > git status -z -uall [28ms]
[2022-06-28T07:21:58.667Z] > git symbolic-ref --short HEAD [2ms]
[2022-06-28T07:21:58.681Z] > git for-each-ref --format=%(refname)%00%(upstream:short)%00%(objectname)%00%(upstream:track)%00%(upstream:remotename)%00%(upstream:remoteref) refs/heads/master refs/remotes/master [2ms]
[2022-06-28T07:21:58.706Z] > git for-each-ref --sort -committerdate --format %(refname) %(objectname) %(*objectname) [13ms]
[2022-06-28T07:21:58.707Z] > git remote --verbose [2ms]
[2022-06-28T07:21:58.755Z] > git config --get commit.template [2ms]
[2022-06-28T07:22:03.791Z] > git status -z -uall [23ms]
[2022-06-28T07:22:03.804Z] > git symbolic-ref --short HEAD [1ms]
[2022-06-28T07:22:03.818Z] > git for-each-ref --format=%(refname)%00%(upstream:short)%00%(objectname)%00%(upstream:track)%00%(upstream:remotename)%00%(upstream:remoteref) refs/heads/master refs/remotes/master [2ms]
[2022-06-28T07:22:03.852Z] > git for-each-ref --sort -committerdate --format %(refname) %(objectname) %(*objectname) [12ms]
[2022-06-28T07:22:03.853Z] > git remote --verbose [2ms]
[2022-06-28T07:22:03.911Z] > git config --get commit.template [2ms]
[2022-06-28T07:22:08.952Z] > git status -z -uall [25ms]
[2022-06-28T07:22:08.967Z] > git symbolic-ref --short HEAD [2ms]
[2022-06-28T07:22:08.981Z] > git for-each-ref --format=%(refname)%00%(upstream:short)%00%(objectname)%00%(upstream:track)%00%(upstream:remotename)%00%(upstream:remoteref) refs/heads/master refs/remotes/master [2ms]
[2022-06-28T07:22:09.008Z] > git for-each-ref --sort -committerdate --format %(refname) %(objectname) %(*objectname) [14ms]
[2022-06-28T07:22:09.009Z] > git remote --verbose [3ms]
[2022-06-28T07:22:09.065Z] > git config --get commit.template [2ms]
[2022-06-28T07:22:14.112Z] > git status -z -uall [32ms]
[2022-06-28T07:22:14.136Z] > git symbolic-ref --short HEAD [1ms]
[2022-06-28T07:22:14.152Z] > git for-each-ref --format=%(refname)%00%(upstream:short)%00%(objectname)%00%(upstream:track)%00%(upstream:remotename)%00%(upstream:remoteref) refs/heads/master refs/remotes/master [3ms]
[2022-06-28T07:22:14.193Z] > git for-each-ref --sort -committerdate --format %(refname) %(objectname) %(*objectname) [26ms]
[2022-06-28T07:22:14.195Z] > git remote --verbose [13ms]
[2022-06-28T07:22:14.258Z] > git config --get commit.template [2ms]
[2022-06-28T07:22:19.323Z] > git status -z -uall [37ms]
[2022-06-28T07:22:19.353Z] > git symbolic-ref --short HEAD [2ms]
[2022-06-28T07:22:19.372Z] > git for-each-ref --format=%(refname)%00%(upstream:short)%00%(objectname)%00%(upstream:track)%00%(upstream:remotename)%00%(upstream:remoteref) refs/heads/master refs/remotes/master [4ms]
[2022-06-28T07:22:19.409Z] > git remote --verbose [9ms]
[2022-06-28T07:22:19.410Z] > git for-each-ref --sort -committerdate --format %(refname) %(objectname) %(*objectname) [23ms]
[2022-06-28T07:22:19.520Z] > git config --get commit.template [5ms]
[2022-06-28T07:22:24.579Z] > git status -z -uall [30ms]
[2022-06-28T07:22:24.599Z] > git symbolic-ref --short HEAD [1ms]
[2022-06-28T07:22:24.617Z] > git for-each-ref --format=%(refname)%00%(upstream:short)%00%(objectname)%00%(upstream:track)%00%(upstream:remotename)%00%(upstream:remoteref) refs/heads/master refs/remotes/master [4ms]
[2022-06-28T07:22:24.653Z] > git remote --verbose [3ms]
[2022-06-28T07:22:24.653Z] > git for-each-ref --sort -committerdate --format %(refname) %(objectname) %(*objectname) [19ms]
[2022-06-28T07:22:26.408Z] > git config --get commit.template [7ms]
[2022-06-28T07:22:31.468Z] > git status -z -uall [40ms]
[2022-06-28T07:22:31.484Z] > git symbolic-ref --short HEAD [4ms]
[2022-06-28T07:22:31.502Z] > git for-each-ref --format=%(refname)%00%(upstream:short)%00%(objectname)%00%(upstream:track)%00%(upstream:remotename)%00%(upstream:remoteref) refs/heads/master refs/remotes/master [1ms]
[2022-06-28T07:22:31.531Z] > git remote --verbose [5ms]
[2022-06-28T07:22:31.532Z] > git for-each-ref --sort -committerdate --format %(refname) %(objectname) %(*objectname) [17ms]
[2022-06-28T07:22:31.600Z] > git config --get commit.template [3ms]
[2022-06-28T07:22:36.653Z] > git status -z -uall [36ms]
[2022-06-28T07:22:36.672Z] > git symbolic-ref --short HEAD [2ms]
[2022-06-28T07:22:36.688Z] > git for-each-ref --format=%(refname)%00%(upstream:short)%00%(objectname)%00%(upstream:track)%00%(upstream:remotename)%00%(upstream:remoteref) refs/heads/master refs/remotes/master [3ms]
[2022-06-28T07:22:36.722Z] > git for-each-ref --sort -committerdate --format %(refname) %(objectname) %(*objectname) [19ms]
[2022-06-28T07:22:36.723Z] > git remote --verbose [2ms]
[2022-06-28T07:22:36.776Z] > git config --get commit.template [2ms]
[2022-06-28T07:22:41.812Z] > git status -z -uall [22ms]
[2022-06-28T07:22:41.827Z] > git symbolic-ref --short HEAD [2ms]
[2022-06-28T07:22:41.847Z] > git for-each-ref --format=%(refname)%00%(upstream:short)%00%(objectname)%00%(upstream:track)%00%(upstream:remotename)%00%(upstream:remoteref) refs/heads/master refs/remotes/master [1ms]
[2022-06-28T07:22:41.880Z] > git remote --verbose [3ms]
[2022-06-28T07:22:41.880Z] > git for-each-ref --sort -committerdate --format %(refname) %(objectname) %(*objectname) [22ms]
[2022-06-28T07:22:41.926Z] > git config --get commit.template [1ms]
[2022-06-28T07:22:46.965Z] > git status -z -uall [26ms]
[2022-06-28T07:22:46.993Z] > git symbolic-ref --short HEAD [2ms]
[2022-06-28T07:22:47.013Z] > git for-each-ref --format=%(refname)%00%(upstream:short)%00%(objectname)%00%(upstream:track)%00%(upstream:remotename)%00%(upstream:remoteref) refs/heads/master refs/remotes/master [4ms]
[2022-06-28T07:22:47.048Z] > git for-each-ref --sort -committerdate --format %(refname) %(objectname) %(*objectname) [18ms]
[2022-06-28T07:22:47.050Z] > git remote --verbose [6ms]
[2022-06-28T07:22:47.168Z] > git config --get commit.template [8ms]
[2022-06-28T07:22:52.223Z] > git status -z -uall [40ms]
[2022-06-28T07:22:52.242Z] > git symbolic-ref --short HEAD [3ms]
[2022-06-28T07:22:52.258Z] > git for-each-ref --format=%(refname)%00%(upstream:short)%00%(objectname)%00%(upstream:track)%00%(upstream:remotename)%00%(upstream:remoteref) refs/heads/master refs/remotes/master [3ms]
[2022-06-28T07:22:52.294Z] > git remote --verbose [2ms]
[2022-06-28T07:22:52.294Z] > git for-each-ref --sort -committerdate --format %(refname) %(objectname) %(*objectname) [15ms]
[2022-06-28T07:22:53.940Z] > git config --get commit.template [1533ms]
[2022-06-28T07:22:58.981Z] > git status -z -uall [17ms]
[2022-06-28T07:22:59.005Z] > git symbolic-ref --short HEAD [2ms]
[2022-06-28T07:22:59.019Z] > git for-each-ref --format=%(refname)%00%(upstream:short)%00%(objectname)%00%(upstream:track)%00%(upstream:remotename)%00%(upstream:remoteref) refs/heads/master refs/remotes/master [2ms]
[2022-06-28T07:22:59.046Z] > git remote --verbose [2ms]
[2022-06-28T07:22:59.047Z] > git for-each-ref --sort -committerdate --format %(refname) %(objectname) %(*objectname) [15ms]
[2022-06-28T07:22:59.107Z] > git config --get commit.template [2ms]
[2022-06-28T07:23:04.169Z] > git status -z -uall [26ms]
[2022-06-28T07:23:04.186Z] > git symbolic-ref --short HEAD [3ms]
[2022-06-28T07:23:04.201Z] > git for-each-ref --format=%(refname)%00%(upstream:short)%00%(objectname)%00%(upstream:track)%00%(upstream:remotename)%00%(upstream:remoteref) refs/heads/master refs/remotes/master [3ms]
[2022-06-28T07:23:04.229Z] > git for-each-ref --sort -committerdate --format %(refname) %(objectname) %(*objectname) [14ms]
[2022-06-28T07:23:04.230Z] > git remote --verbose [5ms]
[2022-06-28T07:23:04.318Z] > git config --get commit.template [4ms]
[2022-06-28T07:23:09.380Z] > git status -z -uall [47ms]
[2022-06-28T07:23:09.397Z] > git symbolic-ref --short HEAD [2ms]
[2022-06-28T07:23:09.422Z] > git for-each-ref --format=%(refname)%00%(upstream:short)%00%(objectname)%00%(upstream:track)%00%(upstream:remotename)%00%(upstream:remoteref) refs/heads/master refs/remotes/master [6ms]
[2022-06-28T07:23:09.473Z] > git for-each-ref --sort -committerdate --format %(refname) %(objectname) %(*objectname) [28ms]
[2022-06-28T07:23:09.475Z] > git remote --verbose [7ms]
[2022-06-28T07:23:09.588Z] > git config --get commit.template [4ms]
[2022-06-28T07:23:14.645Z] > git status -z -uall [42ms]
[2022-06-28T07:23:14.662Z] > git symbolic-ref --short HEAD [4ms]
[2022-06-28T07:23:14.679Z] > git for-each-ref --format=%(refname)%00%(upstream:short)%00%(objectname)%00%(upstream:track)%00%(upstream:remotename)%00%(upstream:remoteref) refs/heads/master refs/remotes/master [2ms]
[2022-06-28T07:23:14.703Z] > git for-each-ref --sort -committerdate --format %(refname) %(objectname) %(*objectname) [12ms]
[2022-06-28T07:23:14.704Z] > git remote --verbose [3ms]
[2022-06-28T07:23:14.754Z] > git config --get commit.template [2ms]
[2022-06-28T07:23:19.795Z] > git status -z -uall [27ms]
[2022-06-28T07:23:19.819Z] > git symbolic-ref --short HEAD [11ms]
[2022-06-28T07:23:19.835Z] > git for-each-ref --format=%(refname)%00%(upstream:short)%00%(objectname)%00%(upstream:track)%00%(upstream:remotename)%00%(upstream:remoteref) refs/heads/master refs/remotes/master [3ms]
[2022-06-28T07:23:19.864Z] > git for-each-ref --sort -committerdate --format %(refname) %(objectname) %(*objectname) [17ms]
[2022-06-28T07:23:19.871Z] > git remote --verbose [10ms]
[2022-06-28T07:23:21.538Z] > git config --get commit.template [1527ms]
[2022-06-28T07:23:26.587Z] > git status -z -uall [26ms]
[2022-06-28T07:23:26.602Z] > git symbolic-ref --short HEAD [1ms]
[2022-06-28T07:23:26.617Z] > git for-each-ref --format=%(refname)%00%(upstream:short)%00%(objectname)%00%(upstream:track)%00%(upstream:remotename)%00%(upstream:remoteref) refs/heads/master refs/remotes/master [3ms]
[2022-06-28T07:23:26.645Z] > git for-each-ref --sort -committerdate --format %(refname) %(objectname) %(*objectname) [12ms]
[2022-06-28T07:23:26.646Z] > git remote --verbose [2ms]
[2022-06-28T07:23:26.702Z] > git config --get commit.template [2ms]
[2022-06-28T07:23:31.749Z] > git status -z -uall [28ms]
[2022-06-28T07:23:31.764Z] > git symbolic-ref --short HEAD [1ms]
[2022-06-28T07:23:31.779Z] > git for-each-ref --format=%(refname)%00%(upstream:short)%00%(objectname)%00%(upstream:track)%00%(upstream:remotename)%00%(upstream:remoteref) refs/heads/master refs/remotes/master [2ms]
[2022-06-28T07:23:31.813Z] > git for-each-ref --sort -committerdate --format %(refname) %(objectname) %(*objectname) [19ms]
[2022-06-28T07:23:31.819Z] > git remote --verbose [9ms]
[2022-06-28T07:23:31.882Z] > git config --get commit.template [1ms]
[2022-06-28T07:23:36.926Z] > git status -z -uall [28ms]
[2022-06-28T07:23:36.952Z] > git symbolic-ref --short HEAD [1ms]
[2022-06-28T07:23:36.970Z] > git for-each-ref --format=%(refname)%00%(upstream:short)%00%(objectname)%00%(upstream:track)%00%(upstream:remotename)%00%(upstream:remoteref) refs/heads/master refs/remotes/master [2ms]
[2022-06-28T07:23:37.006Z] > git for-each-ref --sort -committerdate --format %(refname) %(objectname) %(*objectname) [23ms]
[2022-06-28T07:23:37.007Z] > git remote --verbose [5ms]
[2022-06-28T07:23:37.141Z] > git config --get commit.template [21ms]
[2022-06-28T07:23:42.193Z] > git status -z -uall [31ms]
[2022-06-28T07:23:42.206Z] > git symbolic-ref --short HEAD [2ms]
[2022-06-28T07:23:42.232Z] > git for-each-ref --format=%(refname)%00%(upstream:short)%00%(objectname)%00%(upstream:track)%00%(upstream:remotename)%00%(upstream:remoteref) refs/heads/master refs/remotes/master [6ms]
[2022-06-28T07:23:42.263Z] > git for-each-ref --sort -committerdate --format %(refname) %(objectname) %(*objectname) [12ms]
[2022-06-28T07:23:42.264Z] > git remote --verbose [3ms]
[2022-06-28T07:23:42.327Z] > git config --get commit.template [2ms]
[2022-06-28T07:23:47.384Z] > git status -z -uall [42ms]
[2022-06-28T07:23:47.408Z] > git symbolic-ref --short HEAD [5ms]
[2022-06-28T07:23:47.424Z] > git for-each-ref --format=%(refname)%00%(upstream:short)%00%(objectname)%00%(upstream:track)%00%(upstream:remotename)%00%(upstream:remoteref) refs/heads/master refs/remotes/master [1ms]
[2022-06-28T07:23:47.473Z] > git remote --verbose [7ms]
[2022-06-28T07:23:47.474Z] > git for-each-ref --sort -committerdate --format %(refname) %(objectname) %(*objectname) [32ms]
[2022-06-28T07:23:49.179Z] > git config --get commit.template [1570ms]
[2022-06-28T07:23:54.214Z] > git status -z -uall [22ms]
[2022-06-28T07:23:54.227Z] > git symbolic-ref --short HEAD [1ms]
[2022-06-28T07:23:54.241Z] > git for-each-ref --format=%(refname)%00%(upstream:short)%00%(objectname)%00%(upstream:track)%00%(upstream:remotename)%00%(upstream:remoteref) refs/heads/master refs/remotes/master [1ms]
[2022-06-28T07:23:54.266Z] > git for-each-ref --sort -committerdate --format %(refname) %(objectname) %(*objectname) [13ms]
[2022-06-28T07:23:54.267Z] > git remote --verbose [2ms]
[2022-06-28T07:23:54.312Z] > git config --get commit.template [0ms]
[2022-06-28T07:23:59.351Z] > git status -z -uall [23ms]
[2022-06-28T07:23:59.366Z] > git symbolic-ref --short HEAD [1ms]
[2022-06-28T07:23:59.382Z] > git for-each-ref --format=%(refname)%00%(upstream:short)%00%(objectname)%00%(upstream:track)%00%(upstream:remotename)%00%(upstream:remoteref) refs/heads/master refs/remotes/master [2ms]
[2022-06-28T07:23:59.407Z] > git for-each-ref --sort -committerdate --format %(refname) %(objectname) %(*objectname) [13ms]
[2022-06-28T07:23:59.408Z] > git remote --verbose [3ms]
[2022-06-28T07:23:59.463Z] > git config --get commit.template [2ms]
[2022-06-28T07:24:04.521Z] > git status -z -uall [38ms]
[2022-06-28T07:24:04.536Z] > git symbolic-ref --short HEAD [1ms]
[2022-06-28T07:24:04.553Z] > git for-each-ref --format=%(refname)%00%(upstream:short)%00%(objectname)%00%(upstream:track)%00%(upstream:remotename)%00%(upstream:remoteref) refs/heads/master refs/remotes/master [1ms]
[2022-06-28T07:24:04.592Z] > git remote --verbose [2ms]
[2022-06-28T07:24:04.593Z] > git for-each-ref --sort -committerdate --format %(refname) %(objectname) %(*objectname) [24ms]
[2022-06-28T07:24:04.670Z] > git config --get commit.template [3ms]
[2022-06-28T07:24:09.716Z] > git status -z -uall [26ms]
[2022-06-28T07:24:09.742Z] > git symbolic-ref --short HEAD [3ms]
[2022-06-28T07:24:09.769Z] > git for-each-ref --format=%(refname)%00%(upstream:short)%00%(objectname)%00%(upstream:track)%00%(upstream:remotename)%00%(upstream:remoteref) refs/heads/master refs/remotes/master [3ms]
[2022-06-28T07:24:09.808Z] > git remote --verbose [3ms]
[2022-06-28T07:24:09.808Z] > git for-each-ref --sort -committerdate --format %(refname) %(objectname) %(*objectname) [22ms]
[2022-06-28T07:24:09.917Z] > git config --get commit.template [3ms]
[2022-06-28T07:24:14.956Z] > git status -z -uall [25ms]
[2022-06-28T07:24:14.972Z] > git symbolic-ref --short HEAD [3ms]
[2022-06-28T07:24:14.993Z] > git for-each-ref --format=%(refname)%00%(upstream:short)%00%(objectname)%00%(upstream:track)%00%(upstream:remotename)%00%(upstream:remoteref) refs/heads/master refs/remotes/master [3ms]
[2022-06-28T07:24:15.036Z] > git remote --verbose [3ms]
[2022-06-28T07:24:15.037Z] > git for-each-ref --sort -committerdate --format %(refname) %(objectname) %(*objectname) [22ms]
[2022-06-28T07:24:15.163Z] > git config --get commit.template [4ms]
[2022-06-28T07:24:20.210Z] > git status -z -uall [28ms]
[2022-06-28T07:24:20.235Z] > git symbolic-ref --short HEAD [2ms]
[2022-06-28T07:24:20.251Z] > git for-each-ref --format=%(refname)%00%(upstream:short)%00%(objectname)%00%(upstream:track)%00%(upstream:remotename)%00%(upstream:remoteref) refs/heads/master refs/remotes/master [2ms]
[2022-06-28T07:24:20.281Z] > git for-each-ref --sort -committerdate --format %(refname) %(objectname) %(*objectname) [11ms]
[2022-06-28T07:24:20.282Z] > git remote --verbose [2ms]
[2022-06-28T07:24:20.335Z] > git config --get commit.template [3ms]
[2022-06-28T07:24:25.373Z] > git status -z -uall [23ms]
[2022-06-28T07:24:25.389Z] > git symbolic-ref --short HEAD [1ms]
[2022-06-28T07:24:25.403Z] > git for-each-ref --format=%(refname)%00%(upstream:short)%00%(objectname)%00%(upstream:track)%00%(upstream:remotename)%00%(upstream:remoteref) refs/heads/master refs/remotes/master [1ms]
[2022-06-28T07:24:25.441Z] > git remote --verbose [1ms]
[2022-06-28T07:24:25.441Z] > git for-each-ref --sort -committerdate --format %(refname) %(objectname) %(*objectname) [16ms]
[2022-06-28T07:24:25.498Z] > git config --get commit.template [2ms]
[2022-06-28T07:24:30.538Z] > git status -z -uall [27ms]
[2022-06-28T07:24:30.555Z] > git symbolic-ref --short HEAD [4ms]
[2022-06-28T07:24:30.573Z] > git for-each-ref --format=%(refname)%00%(upstream:short)%00%(objectname)%00%(upstream:track)%00%(upstream:remotename)%00%(upstream:remoteref) refs/heads/master refs/remotes/master [4ms]
[2022-06-28T07:24:30.609Z] > git for-each-ref --sort -committerdate --format %(refname) %(objectname) %(*objectname) [19ms]
[2022-06-28T07:24:30.617Z] > git remote --verbose [13ms]
[2022-06-28T07:24:30.731Z] > git config --get commit.template [8ms]
[2022-06-28T07:24:35.784Z] > git status -z -uall [24ms]
[2022-06-28T07:24:35.809Z] > git symbolic-ref --short HEAD [13ms]
[2022-06-28T07:24:35.822Z] > git for-each-ref --format=%(refname)%00%(upstream:short)%00%(objectname)%00%(upstream:track)%00%(upstream:remotename)%00%(upstream:remoteref) refs/heads/master refs/remotes/master [1ms]
[2022-06-28T07:24:35.848Z] > git for-each-ref --sort -committerdate --format %(refname) %(objectname) %(*objectname) [13ms]
[2022-06-28T07:24:35.848Z] > git remote --verbose [2ms]
[2022-06-28T07:24:35.906Z] > git config --get commit.template [2ms]
[2022-06-28T07:24:40.942Z] > git status -z -uall [22ms]
[2022-06-28T07:24:40.957Z] > git symbolic-ref --short HEAD [2ms]
[2022-06-28T07:24:40.980Z] > git for-each-ref --format=%(refname)%00%(upstream:short)%00%(objectname)%00%(upstream:track)%00%(upstream:remotename)%00%(upstream:remoteref) refs/heads/master refs/remotes/master [1ms]
[2022-06-28T07:24:41.009Z] > git remote --verbose [3ms]
[2022-06-28T07:24:41.010Z] > git for-each-ref --sort -committerdate --format %(refname) %(objectname) %(*objectname) [17ms]
[2022-06-28T07:24:41.130Z] > git config --get commit.template [4ms]
[2022-06-28T07:24:46.180Z] > git status -z -uall [37ms]
[2022-06-28T07:24:46.193Z] > git symbolic-ref --short HEAD [1ms]
[2022-06-28T07:24:46.206Z] > git for-each-ref --format=%(refname)%00%(upstream:short)%00%(objectname)%00%(upstream:track)%00%(upstream:remotename)%00%(upstream:remoteref) refs/heads/master refs/remotes/master [1ms]
[2022-06-28T07:24:46.230Z] > git for-each-ref --sort -committerdate --format %(refname) %(objectname) %(*objectname) [12ms]
[2022-06-28T07:24:46.234Z] > git remote --verbose [5ms]
[2022-06-28T07:24:46.297Z] > git config --get commit.template [2ms]
[2022-06-28T07:24:51.339Z] > git status -z -uall [28ms]
[2022-06-28T07:24:51.353Z] > git symbolic-ref --short HEAD [3ms]
[2022-06-28T07:24:51.375Z] > git for-each-ref --format=%(refname)%00%(upstream:short)%00%(objectname)%00%(upstream:track)%00%(upstream:remotename)%00%(upstream:remoteref) refs/heads/master refs/remotes/master [6ms]
[2022-06-28T07:24:51.405Z] > git remote --verbose [4ms]
[2022-06-28T07:24:51.406Z] > git for-each-ref --sort -committerdate --format %(refname) %(objectname) %(*objectname) [18ms]
[2022-06-28T07:24:51.498Z] > git config --get commit.template [3ms]
[2022-06-28T07:24:56.540Z] > git status -z -uall [28ms]
[2022-06-28T07:24:56.563Z] > git symbolic-ref --short HEAD [2ms]
[2022-06-28T07:24:56.582Z] > git for-each-ref --format=%(refname)%00%(upstream:short)%00%(objectname)%00%(upstream:track)%00%(upstream:remotename)%00%(upstream:remoteref) refs/heads/master refs/remotes/master [5ms]
[2022-06-28T07:24:56.624Z] > git remote --verbose [2ms]
[2022-06-28T07:24:56.624Z] > git for-each-ref --sort -committerdate --format %(refname) %(objectname) %(*objectname) [30ms]
[2022-06-28T07:24:56.731Z] > git config --get commit.template [4ms]
[2022-06-28T07:25:01.793Z] > git status -z -uall [46ms]
[2022-06-28T07:25:01.809Z] > git symbolic-ref --short HEAD [2ms]
[2022-06-28T07:25:01.835Z] > git for-each-ref --format=%(refname)%00%(upstream:short)%00%(objectname)%00%(upstream:track)%00%(upstream:remotename)%00%(upstream:remoteref) refs/heads/master refs/remotes/master [13ms]
[2022-06-28T07:25:01.868Z] > git remote --verbose [2ms]
[2022-06-28T07:25:01.868Z] > git for-each-ref --sort -committerdate --format %(refname) %(objectname) %(*objectname) [19ms]
[2022-06-28T07:25:01.968Z] > git config --get commit.template [3ms]
[2022-06-28T07:25:07.010Z] > git status -z -uall [20ms]
[2022-06-28T07:25:07.036Z] > git symbolic-ref --short HEAD [3ms]
[2022-06-28T07:25:07.054Z] > git for-each-ref --format=%(refname)%00%(upstream:short)%00%(objectname)%00%(upstream:track)%00%(upstream:remotename)%00%(upstream:remoteref) refs/heads/master refs/remotes/master [1ms]
[2022-06-28T07:25:07.090Z] > git for-each-ref --sort -committerdate --format %(refname) %(objectname) %(*objectname) [14ms]
[2022-06-28T07:25:07.091Z] > git remote --verbose [3ms]
[2022-06-28T07:25:07.190Z] > git config --get commit.template [16ms]
[2022-06-28T07:25:12.260Z] > git status -z -uall [52ms]
[2022-06-28T07:25:12.280Z] > git symbolic-ref --short HEAD [7ms]
[2022-06-28T07:25:12.295Z] > git for-each-ref --format=%(refname)%00%(upstream:short)%00%(objectname)%00%(upstream:track)%00%(upstream:remotename)%00%(upstream:remoteref) refs/heads/master refs/remotes/master [2ms]
[2022-06-28T07:25:12.334Z] > git remote --verbose [2ms]
[2022-06-28T07:25:12.335Z] > git for-each-ref --sort -committerdate --format %(refname) %(objectname) %(*objectname) [24ms]
[2022-06-28T07:25:12.394Z] > git config --get commit.template [1ms]
[2022-06-28T07:25:17.437Z] > git status -z -uall [28ms]
[2022-06-28T07:25:17.456Z] > git symbolic-ref --short HEAD [2ms]
[2022-06-28T07:25:17.476Z] > git for-each-ref --format=%(refname)%00%(upstream:short)%00%(objectname)%00%(upstream:track)%00%(upstream:remotename)%00%(upstream:remoteref) refs/heads/master refs/remotes/master [3ms]
[2022-06-28T07:25:17.514Z] > git for-each-ref --sort -committerdate --format %(refname) %(objectname) %(*objectname) [13ms]
[2022-06-28T07:25:17.514Z] > git remote --verbose [2ms]
[2022-06-28T07:25:17.611Z] > git config --get commit.template [7ms]
[2022-06-28T07:25:22.667Z] > git status -z -uall [27ms]
[2022-06-28T07:25:22.686Z] > git symbolic-ref --short HEAD [4ms]
[2022-06-28T07:25:22.704Z] > git for-each-ref --format=%(refname)%00%(upstream:short)%00%(objectname)%00%(upstream:track)%00%(upstream:remotename)%00%(upstream:remoteref) refs/heads/master refs/remotes/master [1ms]
[2022-06-28T07:25:22.737Z] > git for-each-ref --sort -committerdate --format %(refname) %(objectname) %(*objectname) [20ms]
[2022-06-28T07:25:22.739Z] > git remote --verbose [7ms]
[2022-06-28T07:25:22.836Z] > git config --get commit.template [3ms]
[2022-06-28T07:25:27.876Z] > git status -z -uall [25ms]
[2022-06-28T07:25:27.892Z] > git symbolic-ref --short HEAD [3ms]
[2022-06-28T07:25:27.907Z] > git for-each-ref --format=%(refname)%00%(upstream:short)%00%(objectname)%00%(upstream:track)%00%(upstream:remotename)%00%(upstream:remoteref) refs/heads/master refs/remotes/master [2ms]
[2022-06-28T07:25:27.938Z] > git for-each-ref --sort -committerdate --format %(refname) %(objectname) %(*objectname) [15ms]
[2022-06-28T07:25:27.939Z] > git remote --verbose [3ms]
[2022-06-28T07:25:27.992Z] > git config --get commit.template [4ms]
[2022-06-28T07:25:33.046Z] > git status -z -uall [36ms]
[2022-06-28T07:25:33.063Z] > git symbolic-ref --short HEAD [4ms]
[2022-06-28T07:25:33.097Z] > git for-each-ref --format=%(refname)%00%(upstream:short)%00%(objectname)%00%(upstream:track)%00%(upstream:remotename)%00%(upstream:remoteref) refs/heads/master refs/remotes/master [4ms]
[2022-06-28T07:25:33.123Z] > git for-each-ref --sort -committerdate --format %(refname) %(objectname) %(*objectname) [13ms]
[2022-06-28T07:25:33.123Z] > git remote --verbose [2ms]
[2022-06-28T07:25:33.192Z] > git config --get commit.template [1ms]
[2022-06-28T07:25:38.226Z] > git status -z -uall [17ms]
[2022-06-28T07:25:38.239Z] > git symbolic-ref --short HEAD [2ms]
[2022-06-28T07:25:38.252Z] > git for-each-ref --format=%(refname)%00%(upstream:short)%00%(objectname)%00%(upstream:track)%00%(upstream:remotename)%00%(upstream:remoteref) refs/heads/master refs/remotes/master [2ms]
[2022-06-28T07:25:38.276Z] > git for-each-ref --sort -committerdate --format %(refname) %(objectname) %(*objectname) [12ms]
[2022-06-28T07:25:38.277Z] > git remote --verbose [2ms]
[2022-06-28T07:25:38.357Z] > git config --get commit.template [1ms]
[2022-06-28T07:25:43.403Z] > git status -z -uall [32ms]
[2022-06-28T07:25:43.422Z] > git symbolic-ref --short HEAD [8ms]
[2022-06-28T07:25:43.446Z] > git for-each-ref --format=%(refname)%00%(upstream:short)%00%(objectname)%00%(upstream:track)%00%(upstream:remotename)%00%(upstream:remoteref) refs/heads/master refs/remotes/master [5ms]
[2022-06-28T07:25:43.485Z] > git for-each-ref --sort -committerdate --format %(refname) %(objectname) %(*objectname) [16ms]
[2022-06-28T07:25:43.488Z] > git remote --verbose [6ms]
[2022-06-28T07:25:43.583Z] > git config --get commit.template [4ms]
[2022-06-28T07:25:48.656Z] > git status -z -uall [40ms]
[2022-06-28T07:25:48.676Z] > git symbolic-ref --short HEAD [5ms]
[2022-06-28T07:25:48.701Z] > git for-each-ref --format=%(refname)%00%(upstream:short)%00%(objectname)%00%(upstream:track)%00%(upstream:remotename)%00%(upstream:remoteref) refs/heads/master refs/remotes/master [2ms]
[2022-06-28T07:25:48.744Z] > git remote --verbose [7ms]
[2022-06-28T07:25:48.744Z] > git for-each-ref --sort -committerdate --format %(refname) %(objectname) %(*objectname) [20ms]
[2022-06-28T07:25:48.833Z] > git config --get commit.template [27ms]
[2022-06-28T07:25:53.877Z] > git status -z -uall [25ms]
[2022-06-28T07:25:53.908Z] > git symbolic-ref --short HEAD [1ms]
[2022-06-28T07:25:53.923Z] > git for-each-ref --format=%(refname)%00%(upstream:short)%00%(objectname)%00%(upstream:track)%00%(upstream:remotename)%00%(upstream:remoteref) refs/heads/master refs/remotes/master [2ms]
[2022-06-28T07:25:53.957Z] > git for-each-ref --sort -committerdate --format %(refname) %(objectname) %(*objectname) [13ms]
[2022-06-28T07:25:53.959Z] > git remote --verbose [4ms]
[2022-06-28T07:25:54.070Z] > git config --get commit.template [5ms]
[2022-06-28T07:25:59.117Z] > git status -z -uall [23ms]
[2022-06-28T07:25:59.142Z] > git symbolic-ref --short HEAD [2ms]
[2022-06-28T07:25:59.165Z] > git for-each-ref --format=%(refname)%00%(upstream:short)%00%(objectname)%00%(upstream:track)%00%(upstream:remotename)%00%(upstream:remoteref) refs/heads/master refs/remotes/master [3ms]
[2022-06-28T07:25:59.196Z] > git for-each-ref --sort -committerdate --format %(refname) %(objectname) %(*objectname) [18ms]
[2022-06-28T07:25:59.198Z] > git remote --verbose [6ms]
[2022-06-28T07:26:00.853Z] > git config --get commit.template [1527ms]
[2022-06-28T07:26:05.907Z] > git status -z -uall [23ms]
[2022-06-28T07:26:05.922Z] > git symbolic-ref --short HEAD [2ms]
[2022-06-28T07:26:05.935Z] > git for-each-ref --format=%(refname)%00%(upstream:short)%00%(objectname)%00%(upstream:track)%00%(upstream:remotename)%00%(upstream:remoteref) refs/heads/master refs/remotes/master [2ms]
[2022-06-28T07:26:05.967Z] > git for-each-ref --sort -committerdate --format %(refname) %(objectname) %(*objectname) [16ms]
[2022-06-28T07:26:05.968Z] > git remote --verbose [3ms]
[2022-06-28T07:26:06.017Z] > git config --get commit.template [1ms]
[2022-06-28T07:26:11.056Z] > git status -z -uall [24ms]
[2022-06-28T07:26:11.089Z] > git symbolic-ref --short HEAD [2ms]
[2022-06-28T07:26:11.105Z] > git for-each-ref --format=%(refname)%00%(upstream:short)%00%(objectname)%00%(upstream:track)%00%(upstream:remotename)%00%(upstream:remoteref) refs/heads/master refs/remotes/master [1ms]
[2022-06-28T07:26:11.133Z] > git for-each-ref --sort -committerdate --format %(refname) %(objectname) %(*objectname) [16ms]
[2022-06-28T07:26:11.134Z] > git remote --verbose [3ms]
[2022-06-28T07:26:11.205Z] > git config --get commit.template [2ms]
[2022-06-28T07:26:16.262Z] > git status -z -uall [32ms]
[2022-06-28T07:26:16.285Z] > git symbolic-ref --short HEAD [10ms]
[2022-06-28T07:26:16.309Z] > git for-each-ref --format=%(refname)%00%(upstream:short)%00%(objectname)%00%(upstream:track)%00%(upstream:remotename)%00%(upstream:remoteref) refs/heads/master refs/remotes/master [0ms]
[2022-06-28T07:26:16.339Z] > git for-each-ref --sort -committerdate --format %(refname) %(objectname) %(*objectname) [16ms]
[2022-06-28T07:26:16.340Z] > git remote --verbose [2ms]
[2022-06-28T07:26:16.399Z] > git config --get commit.template [1ms]
[2022-06-28T07:26:21.456Z] > git status -z -uall [35ms]
[2022-06-28T07:26:21.481Z] > git symbolic-ref --short HEAD [3ms]
[2022-06-28T07:26:21.498Z] > git for-each-ref --format=%(refname)%00%(upstream:short)%00%(objectname)%00%(upstream:track)%00%(upstream:remotename)%00%(upstream:remoteref) refs/heads/master refs/remotes/master [4ms]
[2022-06-28T07:26:21.540Z] > git for-each-ref --sort -committerdate --format %(refname) %(objectname) %(*objectname) [30ms]
[2022-06-28T07:26:21.542Z] > git remote --verbose [5ms]
[2022-06-28T07:26:21.650Z] > git config --get commit.template [3ms]
[2022-06-28T07:26:26.691Z] > git status -z -uall [26ms]
[2022-06-28T07:26:26.707Z] > git symbolic-ref --short HEAD [2ms]
[2022-06-28T07:26:26.728Z] > git for-each-ref --format=%(refname)%00%(upstream:short)%00%(objectname)%00%(upstream:track)%00%(upstream:remotename)%00%(upstream:remoteref) refs/heads/master refs/remotes/master [2ms]
[2022-06-28T07:26:26.766Z] > git remote --verbose [4ms]
[2022-06-28T07:26:26.766Z] > git for-each-ref --sort -committerdate --format %(refname) %(objectname) %(*objectname) [24ms]
[2022-06-28T07:26:26.875Z] > git config --get commit.template [5ms]
[2022-06-28T07:26:31.927Z] > git status -z -uall [38ms]
[2022-06-28T07:26:31.947Z] > git symbolic-ref --short HEAD [2ms]
[2022-06-28T07:26:31.961Z] > git for-each-ref --format=%(refname)%00%(upstream:short)%00%(objectname)%00%(upstream:track)%00%(upstream:remotename)%00%(upstream:remoteref) refs/heads/master refs/remotes/master [1ms]
[2022-06-28T07:26:31.989Z] > git for-each-ref --sort -committerdate --format %(refname) %(objectname) %(*objectname) [15ms]
[2022-06-28T07:26:31.989Z] > git remote --verbose [2ms]
[2022-06-28T07:26:32.058Z] > git config --get commit.template [4ms]
[2022-06-28T07:26:37.120Z] > git status -z -uall [48ms]
[2022-06-28T07:26:37.133Z] > git symbolic-ref --short HEAD [2ms]
[2022-06-28T07:26:37.145Z] > git for-each-ref --format=%(refname)%00%(upstream:short)%00%(objectname)%00%(upstream:track)%00%(upstream:remotename)%00%(upstream:remoteref) refs/heads/master refs/remotes/master [2ms]
[2022-06-28T07:26:37.168Z] > git for-each-ref --sort -committerdate --format %(refname) %(objectname) %(*objectname) [12ms]
[2022-06-28T07:26:37.168Z] > git remote --verbose [2ms]
[2022-06-28T07:26:37.226Z] > git config --get commit.template [3ms]
[2022-06-28T07:26:42.271Z] > git status -z -uall [31ms]
[2022-06-28T07:26:42.291Z] > git symbolic-ref --short HEAD [1ms]
[2022-06-28T07:26:42.310Z] > git for-each-ref --format=%(refname)%00%(upstream:short)%00%(objectname)%00%(upstream:track)%00%(upstream:remotename)%00%(upstream:remoteref) refs/heads/master refs/remotes/master [3ms]
[2022-06-28T07:26:42.339Z] > git for-each-ref --sort -committerdate --format %(refname) %(objectname) %(*objectname) [16ms]
[2022-06-28T07:26:42.341Z] > git remote --verbose [4ms]
[2022-06-28T07:26:42.414Z] > git config --get commit.template [1ms]
[2022-06-28T07:26:47.492Z] > git status -z -uall [52ms]
[2022-06-28T07:26:47.520Z] > git symbolic-ref --short HEAD [1ms]
[2022-06-28T07:26:47.539Z] > git for-each-ref --format=%(refname)%00%(upstream:short)%00%(objectname)%00%(upstream:track)%00%(upstream:remotename)%00%(upstream:remoteref) refs/heads/master refs/remotes/master [2ms]
[2022-06-28T07:26:47.577Z] > git for-each-ref --sort -committerdate --format %(refname) %(objectname) %(*objectname) [21ms]
[2022-06-28T07:26:47.580Z] > git remote --verbose [6ms]
[2022-06-28T07:26:49.325Z] > git config --get commit.template [1602ms]
[2022-06-28T07:26:54.365Z] > git status -z -uall [9ms]
[2022-06-28T07:26:54.384Z] > git symbolic-ref --short HEAD [3ms]
[2022-06-28T07:26:54.400Z] > git for-each-ref --format=%(refname)%00%(upstream:short)%00%(objectname)%00%(upstream:track)%00%(upstream:remotename)%00%(upstream:remoteref) refs/heads/master refs/remotes/master [1ms]
[2022-06-28T07:26:54.429Z] > git for-each-ref --sort -committerdate --format %(refname) %(objectname) %(*objectname) [14ms]
[2022-06-28T07:26:54.429Z] > git remote --verbose [2ms]
[2022-06-28T07:26:54.476Z] > git config --get commit.template [1ms]
[2022-06-28T07:26:59.509Z] > git status -z -uall [21ms]
[2022-06-28T07:26:59.521Z] > git symbolic-ref --short HEAD [2ms]
[2022-06-28T07:26:59.534Z] > git for-each-ref --format=%(refname)%00%(upstream:short)%00%(objectname)%00%(upstream:track)%00%(upstream:remotename)%00%(upstream:remoteref) refs/heads/master refs/remotes/master [3ms]
[2022-06-28T07:26:59.558Z] > git for-each-ref --sort -committerdate --format %(refname) %(objectname) %(*objectname) [13ms]
[2022-06-28T07:26:59.559Z] > git remote --verbose [4ms]
[2022-06-28T07:26:59.636Z] > git config --get commit.template [4ms]
[2022-06-28T07:27:04.670Z] > git status -z -uall [21ms]
[2022-06-28T07:27:04.684Z] > git symbolic-ref --short HEAD [2ms]
[2022-06-28T07:27:04.699Z] > git for-each-ref --format=%(refname)%00%(upstream:short)%00%(objectname)%00%(upstream:track)%00%(upstream:remotename)%00%(upstream:remoteref) refs/heads/master refs/remotes/master [2ms]
[2022-06-28T07:27:04.729Z] > git remote --verbose [2ms]
[2022-06-28T07:27:04.729Z] > git for-each-ref --sort -committerdate --format %(refname) %(objectname) %(*objectname) [18ms]
[2022-06-28T07:27:04.783Z] > git config --get commit.template [2ms]
[2022-06-28T07:27:09.824Z] > git status -z -uall [20ms]
[2022-06-28T07:27:09.839Z] > git symbolic-ref --short HEAD [3ms]
[2022-06-28T07:27:09.853Z] > git for-each-ref --format=%(refname)%00%(upstream:short)%00%(objectname)%00%(upstream:track)%00%(upstream:remotename)%00%(upstream:remoteref) refs/heads/master refs/remotes/master [3ms]
[2022-06-28T07:27:09.882Z] > git remote --verbose [4ms]
[2022-06-28T07:27:09.885Z] > git for-each-ref --sort -committerdate --format %(refname) %(objectname) %(*objectname) [20ms]
[2022-06-28T07:27:09.998Z] > git config --get commit.template [5ms]
[2022-06-28T07:27:15.061Z] > git status -z -uall [32ms]
[2022-06-28T07:27:15.076Z] > git symbolic-ref --short HEAD [3ms]
[2022-06-28T07:27:15.091Z] > git for-each-ref --format=%(refname)%00%(upstream:short)%00%(objectname)%00%(upstream:track)%00%(upstream:remotename)%00%(upstream:remoteref) refs/heads/master refs/remotes/master [3ms]
[2022-06-28T07:27:15.122Z] > git for-each-ref --sort -committerdate --format %(refname) %(objectname) %(*objectname) [17ms]
[2022-06-28T07:27:15.124Z] > git remote --verbose [4ms]
[2022-06-28T07:27:15.192Z] > git config --get commit.template [3ms]
[2022-06-28T07:27:20.230Z] > git status -z -uall [25ms]
[2022-06-28T07:27:20.244Z] > git symbolic-ref --short HEAD [3ms]
[2022-06-28T07:27:20.259Z] > git for-each-ref --format=%(refname)%00%(upstream:short)%00%(objectname)%00%(upstream:track)%00%(upstream:remotename)%00%(upstream:remoteref) refs/heads/master refs/remotes/master [3ms]
[2022-06-28T07:27:20.296Z] > git for-each-ref --sort -committerdate --format %(refname) %(objectname) %(*objectname) [23ms]
[2022-06-28T07:27:20.297Z] > git remote --verbose [4ms]
[2022-06-28T07:27:20.407Z] > git config --get commit.template [5ms]
[2022-06-28T07:27:25.447Z] > git status -z -uall [25ms]
[2022-06-28T07:27:25.469Z] > git symbolic-ref --short HEAD [2ms]
[2022-06-28T07:27:25.486Z] > git for-each-ref --format=%(refname)%00%(upstream:short)%00%(objectname)%00%(upstream:track)%00%(upstream:remotename)%00%(upstream:remoteref) refs/heads/master refs/remotes/master [1ms]
[2022-06-28T07:27:25.510Z] > git for-each-ref --sort -committerdate --format %(refname) %(objectname) %(*objectname) [11ms]
[2022-06-28T07:27:25.511Z] > git remote --verbose [2ms]
[2022-06-28T07:27:25.560Z] > git config --get commit.template [2ms]
[2022-06-28T07:27:30.637Z] > git status -z -uall [57ms]
[2022-06-28T07:27:30.668Z] > git symbolic-ref --short HEAD [13ms]
[2022-06-28T07:27:30.687Z] > git for-each-ref --format=%(refname)%00%(upstream:short)%00%(objectname)%00%(upstream:track)%00%(upstream:remotename)%00%(upstream:remoteref) refs/heads/master refs/remotes/master [1ms]
[2022-06-28T07:27:30.720Z] > git for-each-ref --sort -committerdate --format %(refname) %(objectname) %(*objectname) [15ms]
[2022-06-28T07:27:30.721Z] > git remote --verbose [2ms]
[2022-06-28T07:27:30.804Z] > git config --get commit.template [2ms]
[2022-06-28T07:27:35.875Z] > git status -z -uall [44ms]
[2022-06-28T07:27:35.912Z] > git symbolic-ref --short HEAD [7ms]
[2022-06-28T07:27:35.939Z] > git for-each-ref --format=%(refname)%00%(upstream:short)%00%(objectname)%00%(upstream:track)%00%(upstream:remotename)%00%(upstream:remoteref) refs/heads/master refs/remotes/master [9ms]
[2022-06-28T07:27:35.996Z] > git remote --verbose [8ms]
[2022-06-28T07:27:35.997Z] > git for-each-ref --sort -committerdate --format %(refname) %(objectname) %(*objectname) [34ms]
[2022-06-28T07:27:38.318Z] > git config --get commit.template [11ms]
[2022-06-28T07:27:43.375Z] > git status -z -uall [42ms]
[2022-06-28T07:27:43.405Z] > git symbolic-ref --short HEAD [1ms]
[2022-06-28T07:27:43.418Z] > git for-each-ref --format=%(refname)%00%(upstream:short)%00%(objectname)%00%(upstream:track)%00%(upstream:remotename)%00%(upstream:remoteref) refs/heads/master refs/remotes/master [2ms]
[2022-06-28T07:27:43.465Z] > git remote --verbose [5ms]
[2022-06-28T07:27:43.466Z] > git for-each-ref --sort -committerdate --format %(refname) %(objectname) %(*objectname) [33ms]
[2022-06-28T07:27:43.525Z] > git config --get commit.template [2ms]
[2022-06-28T07:27:48.567Z] > git status -z -uall [27ms]
[2022-06-28T07:27:48.590Z] > git symbolic-ref --short HEAD [3ms]
[2022-06-28T07:27:48.611Z] > git for-each-ref --format=%(refname)%00%(upstream:short)%00%(objectname)%00%(upstream:track)%00%(upstream:remotename)%00%(upstream:remoteref) refs/heads/master refs/remotes/master [1ms]
[2022-06-28T07:27:48.643Z] > git remote --verbose [3ms]
[2022-06-28T07:27:48.644Z] > git for-each-ref --sort -committerdate --format %(refname) %(objectname) %(*objectname) [20ms]
[2022-06-28T07:27:48.782Z] > git config --get commit.template [3ms]
[2022-06-28T07:27:53.826Z] > git status -z -uall [31ms]
[2022-06-28T07:27:53.842Z] > git symbolic-ref --short HEAD [5ms]
[2022-06-28T07:27:53.855Z] > git for-each-ref --format=%(refname)%00%(upstream:short)%00%(objectname)%00%(upstream:track)%00%(upstream:remotename)%00%(upstream:remoteref) refs/heads/master refs/remotes/master [2ms]
[2022-06-28T07:27:53.880Z] > git for-each-ref --sort -committerdate --format %(refname) %(objectname) %(*objectname) [13ms]
[2022-06-28T07:27:53.880Z] > git remote --verbose [2ms]
[2022-06-28T07:27:53.946Z] > git config --get commit.template [1ms]
[2022-06-28T07:38:51.428Z] > git status -z -uall [36ms]
[2022-06-28T07:38:51.441Z] > git symbolic-ref --short HEAD [3ms]
[2022-06-28T07:38:51.452Z] > git for-each-ref --format=%(refname)%00%(upstream:short)%00%(objectname)%00%(upstream:track)%00%(upstream:remotename)%00%(upstream:remoteref) refs/heads/master refs/remotes/master [2ms]
[2022-06-28T07:38:51.471Z] > git for-each-ref --sort -committerdate --format %(refname) %(objectname) %(*objectname) [9ms]
[2022-06-28T07:38:51.474Z] > git remote --verbose [4ms]
[2022-06-28T07:38:51.553Z] > git config --get commit.template [2ms]
[2022-06-28T07:38:56.590Z] > git status -z -uall [22ms]
[2022-06-28T07:38:56.611Z] > git symbolic-ref --short HEAD [2ms]
[2022-06-28T07:38:56.624Z] > git for-each-ref --format=%(refname)%00%(upstream:short)%00%(objectname)%00%(upstream:track)%00%(upstream:remotename)%00%(upstream:remoteref) refs/heads/master refs/remotes/master [2ms]
[2022-06-28T07:38:56.646Z] > git for-each-ref --sort -committerdate --format %(refname) %(objectname) %(*objectname) [12ms]
[2022-06-28T07:38:56.646Z] > git remote --verbose [2ms]
[2022-06-28T07:38:56.691Z] > git config --get commit.template [2ms]
[2022-06-28T07:54:10.987Z] > git status -z -uall [28ms]
[2022-06-28T07:54:11.005Z] > git symbolic-ref --short HEAD [2ms]
[2022-06-28T07:54:11.019Z] > git for-each-ref --format=%(refname)%00%(upstream:short)%00%(objectname)%00%(upstream:track)%00%(upstream:remotename)%00%(upstream:remoteref) refs/heads/master refs/remotes/master [1ms]
[2022-06-28T07:54:11.044Z] > git for-each-ref --sort -committerdate --format %(refname) %(objectname) %(*objectname) [10ms]
[2022-06-28T07:54:11.044Z] > git remote --verbose [2ms]
[2022-06-28T07:54:11.146Z] > git config --get commit.template [4ms]
[2022-06-28T07:54:14.313Z] > git show --textconv :workshop01/task2/variables.tf [16ms]
[2022-06-28T07:54:14.314Z] > git ls-files --stage -- /home/fred/workshop01/task2/variables.tf [2ms]
[2022-06-28T07:54:16.198Z] > git status -z -uall [35ms]
[2022-06-28T07:54:16.223Z] > git symbolic-ref --short HEAD [5ms]
[2022-06-28T07:54:16.257Z] > git for-each-ref --format=%(refname)%00%(upstream:short)%00%(objectname)%00%(upstream:track)%00%(upstream:remotename)%00%(upstream:remoteref) refs/heads/master refs/remotes/master [2ms]
[2022-06-28T07:54:16.287Z] > git for-each-ref --sort -committerdate --format %(refname) %(objectname) %(*objectname) [13ms]
[2022-06-28T07:54:16.287Z] > git remote --verbose [2ms]
[2022-06-28T07:54:16.354Z] > git config --get commit.template [8ms]
[2022-06-28T07:54:21.394Z] > git status -z -uall [25ms]
[2022-06-28T07:54:21.418Z] > git symbolic-ref --short HEAD [9ms]
[2022-06-28T07:54:21.431Z] > git for-each-ref --format=%(refname)%00%(upstream:short)%00%(objectname)%00%(upstream:track)%00%(upstream:remotename)%00%(upstream:remoteref) refs/heads/master refs/remotes/master [1ms]
[2022-06-28T07:54:21.456Z] > git for-each-ref --sort -committerdate --format %(refname) %(objectname) %(*objectname) [13ms]
[2022-06-28T07:54:21.456Z] > git remote --verbose [2ms]
[2022-06-28T07:54:21.511Z] > git config --get commit.template [1ms]
[2022-06-28T07:54:26.544Z] > git status -z -uall [20ms]
[2022-06-28T07:54:26.559Z] > git symbolic-ref --short HEAD [2ms]
[2022-06-28T07:54:26.575Z] > git for-each-ref --format=%(refname)%00%(upstream:short)%00%(objectname)%00%(upstream:track)%00%(upstream:remotename)%00%(upstream:remoteref) refs/heads/master refs/remotes/master [3ms]
[2022-06-28T07:54:26.611Z] > git remote --verbose [3ms]
[2022-06-28T07:54:26.612Z] > git for-each-ref --sort -committerdate --format %(refname) %(objectname) %(*objectname) [26ms]
[2022-06-28T07:54:26.718Z] > git config --get commit.template [4ms]
[2022-06-28T07:54:31.764Z] > git status -z -uall [33ms]
[2022-06-28T07:54:31.786Z] > git symbolic-ref --short HEAD [4ms]
[2022-06-28T07:54:31.801Z] > git for-each-ref --format=%(refname)%00%(upstream:short)%00%(objectname)%00%(upstream:track)%00%(upstream:remotename)%00%(upstream:remoteref) refs/heads/master refs/remotes/master [2ms]
[2022-06-28T07:54:31.830Z] > git remote --verbose [3ms]
[2022-06-28T07:54:31.831Z] > git for-each-ref --sort -committerdate --format %(refname) %(objectname) %(*objectname) [16ms]
[2022-06-28T07:54:31.881Z] > git config --get commit.template [3ms]
[2022-06-28T07:54:36.913Z] > git status -z -uall [20ms]
[2022-06-28T07:54:36.926Z] > git symbolic-ref --short HEAD [2ms]
[2022-06-28T07:54:36.938Z] > git for-each-ref --format=%(refname)%00%(upstream:short)%00%(objectname)%00%(upstream:track)%00%(upstream:remotename)%00%(upstream:remoteref) refs/heads/master refs/remotes/master [2ms]
[2022-06-28T07:54:36.960Z] > git for-each-ref --sort -committerdate --format %(refname) %(objectname) %(*objectname) [12ms]
[2022-06-28T07:54:36.960Z] > git remote --verbose [1ms]
[2022-06-28T07:54:37.023Z] > git config --get commit.template [1ms]
[2022-06-28T07:54:42.065Z] > git status -z -uall [27ms]
[2022-06-28T07:54:42.091Z] > git symbolic-ref --short HEAD [3ms]
[2022-06-28T07:54:42.107Z] > git for-each-ref --format=%(refname)%00%(upstream:short)%00%(objectname)%00%(upstream:track)%00%(upstream:remotename)%00%(upstream:remoteref) refs/heads/master refs/remotes/master [3ms]
[2022-06-28T07:54:42.138Z] > git for-each-ref --sort -committerdate --format %(refname) %(objectname) %(*objectname) [16ms]
[2022-06-28T07:54:42.140Z] > git remote --verbose [6ms]
[2022-06-28T07:54:42.254Z] > git config --get commit.template [6ms]
[2022-06-28T07:54:47.296Z] > git status -z -uall [29ms]
[2022-06-28T07:54:47.310Z] > git symbolic-ref --short HEAD [2ms]
[2022-06-28T07:54:47.325Z] > git for-each-ref --format=%(refname)%00%(upstream:short)%00%(objectname)%00%(upstream:track)%00%(upstream:remotename)%00%(upstream:remoteref) refs/heads/master refs/remotes/master [3ms]
[2022-06-28T07:54:47.354Z] > git for-each-ref --sort -committerdate --format %(refname) %(objectname) %(*objectname) [12ms]
[2022-06-28T07:54:47.357Z] > git remote --verbose [4ms]
[2022-06-28T07:54:47.407Z] > git config --get commit.template [2ms]
[2022-06-28T07:54:52.447Z] > git status -z -uall [24ms]
[2022-06-28T07:54:52.470Z] > git symbolic-ref --short HEAD [3ms]
[2022-06-28T07:54:52.485Z] > git for-each-ref --format=%(refname)%00%(upstream:short)%00%(objectname)%00%(upstream:track)%00%(upstream:remotename)%00%(upstream:remoteref) refs/heads/master refs/remotes/master [2ms]
[2022-06-28T07:54:52.515Z] > git for-each-ref --sort -committerdate --format %(refname) %(objectname) %(*objectname) [15ms]
[2022-06-28T07:54:52.517Z] > git remote --verbose [6ms]
[2022-06-28T07:54:54.131Z] > git config --get commit.template [1485ms]
[2022-06-28T07:54:59.162Z] > git status -z -uall [18ms]
[2022-06-28T07:54:59.176Z] > git symbolic-ref --short HEAD [1ms]
[2022-06-28T07:54:59.188Z] > git for-each-ref --format=%(refname)%00%(upstream:short)%00%(objectname)%00%(upstream:track)%00%(upstream:remotename)%00%(upstream:remoteref) refs/heads/master refs/remotes/master [2ms]
[2022-06-28T07:54:59.211Z] > git for-each-ref --sort -committerdate --format %(refname) %(objectname) %(*objectname) [12ms]
[2022-06-28T07:54:59.211Z] > git remote --verbose [1ms]
[2022-06-28T07:54:59.272Z] > git config --get commit.template [10ms]
[2022-06-28T07:55:14.910Z] > git status -z -uall [33ms]
[2022-06-28T07:55:14.922Z] > git symbolic-ref --short HEAD [2ms]
[2022-06-28T07:55:14.934Z] > git for-each-ref --format=%(refname)%00%(upstream:short)%00%(objectname)%00%(upstream:track)%00%(upstream:remotename)%00%(upstream:remoteref) refs/heads/master refs/remotes/master [2ms]
[2022-06-28T07:55:14.955Z] > git for-each-ref --sort -committerdate --format %(refname) %(objectname) %(*objectname) [11ms]
[2022-06-28T07:55:14.956Z] > git remote --verbose [2ms]
[2022-06-28T07:55:15.033Z] > git config --get commit.template [4ms]
[2022-06-28T07:55:20.083Z] > git status -z -uall [25ms]
[2022-06-28T07:55:20.104Z] > git symbolic-ref --short HEAD [1ms]
[2022-06-28T07:55:20.119Z] > git for-each-ref --format=%(refname)%00%(upstream:short)%00%(objectname)%00%(upstream:track)%00%(upstream:remotename)%00%(upstream:remoteref) refs/heads/master refs/remotes/master [2ms]
[2022-06-28T07:55:20.147Z] > git for-each-ref --sort -committerdate --format %(refname) %(objectname) %(*objectname) [13ms]
[2022-06-28T07:55:20.148Z] > git remote --verbose [2ms]
[2022-06-28T07:55:20.209Z] > git config --get commit.template [7ms]
[2022-06-28T07:55:25.240Z] > git status -z -uall [20ms]
[2022-06-28T07:55:25.255Z] > git symbolic-ref --short HEAD [2ms]
[2022-06-28T07:55:25.267Z] > git for-each-ref --format=%(refname)%00%(upstream:short)%00%(objectname)%00%(upstream:track)%00%(upstream:remotename)%00%(upstream:remoteref) refs/heads/master refs/remotes/master [2ms]
[2022-06-28T07:55:25.290Z] > git for-each-ref --sort -committerdate --format %(refname) %(objectname) %(*objectname) [12ms]
[2022-06-28T07:55:25.291Z] > git remote --verbose [3ms]
[2022-06-28T07:55:25.339Z] > git config --get commit.template [2ms]
[2022-06-28T07:55:30.395Z] > git status -z -uall [38ms]
[2022-06-28T07:55:30.412Z] > git symbolic-ref --short HEAD [3ms]
[2022-06-28T07:55:30.436Z] > git for-each-ref --format=%(refname)%00%(upstream:short)%00%(objectname)%00%(upstream:track)%00%(upstream:remotename)%00%(upstream:remoteref) refs/heads/master refs/remotes/master [3ms]
[2022-06-28T07:55:30.488Z] > git remote --verbose [4ms]
[2022-06-28T07:55:30.489Z] > git for-each-ref --sort -committerdate --format %(refname) %(objectname) %(*objectname) [40ms]
[2022-06-28T07:55:30.603Z] > git config --get commit.template [4ms]
[2022-06-28T07:55:35.674Z] > git status -z -uall [54ms]
[2022-06-28T07:55:35.690Z] > git symbolic-ref --short HEAD [1ms]
[2022-06-28T07:55:35.712Z] > git for-each-ref --format=%(refname)%00%(upstream:short)%00%(objectname)%00%(upstream:track)%00%(upstream:remotename)%00%(upstream:remoteref) refs/heads/master refs/remotes/master [1ms]
[2022-06-28T07:55:35.738Z] > git remote --verbose [2ms]
[2022-06-28T07:55:35.739Z] > git for-each-ref --sort -committerdate --format %(refname) %(objectname) %(*objectname) [15ms]
[2022-06-28T07:55:35.805Z] > git config --get commit.template [4ms]
[2022-06-28T07:55:40.867Z] > git status -z -uall [26ms]
[2022-06-28T07:55:40.884Z] > git symbolic-ref --short HEAD [2ms]
[2022-06-28T07:55:40.905Z] > git for-each-ref --format=%(refname)%00%(upstream:short)%00%(objectname)%00%(upstream:track)%00%(upstream:remotename)%00%(upstream:remoteref) refs/heads/master refs/remotes/master [3ms]
[2022-06-28T07:55:40.936Z] > git for-each-ref --sort -committerdate --format %(refname) %(objectname) %(*objectname) [17ms]
[2022-06-28T07:55:40.947Z] > git remote --verbose [15ms]
[2022-06-28T07:55:41.075Z] > git config --get commit.template [4ms]
[2022-06-28T07:55:46.112Z] > git status -z -uall [23ms]
[2022-06-28T07:55:46.135Z] > git symbolic-ref --short HEAD [2ms]
[2022-06-28T07:55:46.154Z] > git for-each-ref --format=%(refname)%00%(upstream:short)%00%(objectname)%00%(upstream:track)%00%(upstream:remotename)%00%(upstream:remoteref) refs/heads/master refs/remotes/master [1ms]
[2022-06-28T07:55:46.183Z] > git for-each-ref --sort -committerdate --format %(refname) %(objectname) %(*objectname) [13ms]
[2022-06-28T07:55:46.183Z] > git remote --verbose [2ms]
[2022-06-28T07:55:46.231Z] > git config --get commit.template [0ms]
[2022-06-28T07:55:51.283Z] > git status -z -uall [36ms]
[2022-06-28T07:55:51.298Z] > git symbolic-ref --short HEAD [3ms]
[2022-06-28T07:55:51.314Z] > git for-each-ref --format=%(refname)%00%(upstream:short)%00%(objectname)%00%(upstream:track)%00%(upstream:remotename)%00%(upstream:remoteref) refs/heads/master refs/remotes/master [3ms]
[2022-06-28T07:55:51.344Z] > git for-each-ref --sort -committerdate --format %(refname) %(objectname) %(*objectname) [18ms]
[2022-06-28T07:55:51.345Z] > git remote --verbose [3ms]
[2022-06-28T07:55:51.468Z] > git config --get commit.template [5ms]
[2022-06-28T07:55:56.500Z] > git status -z -uall [18ms]
[2022-06-28T07:55:56.515Z] > git symbolic-ref --short HEAD [2ms]
[2022-06-28T07:55:56.529Z] > git for-each-ref --format=%(refname)%00%(upstream:short)%00%(objectname)%00%(upstream:track)%00%(upstream:remotename)%00%(upstream:remoteref) refs/heads/master refs/remotes/master [2ms]
[2022-06-28T07:55:56.554Z] > git for-each-ref --sort -committerdate --format %(refname) %(objectname) %(*objectname) [14ms]
[2022-06-28T07:55:56.555Z] > git remote --verbose [2ms]
[2022-06-28T07:55:56.605Z] > git config --get commit.template [1ms]
[2022-06-28T07:56:01.647Z] > git status -z -uall [25ms]
[2022-06-28T07:56:01.681Z] > git symbolic-ref --short HEAD [22ms]
[2022-06-28T07:56:01.704Z] > git for-each-ref --format=%(refname)%00%(upstream:short)%00%(objectname)%00%(upstream:track)%00%(upstream:remotename)%00%(upstream:remoteref) refs/heads/master refs/remotes/master [10ms]
[2022-06-28T07:56:01.733Z] > git for-each-ref --sort -committerdate --format %(refname) %(objectname) %(*objectname) [16ms]
[2022-06-28T07:56:01.734Z] > git remote --verbose [2ms]
[2022-06-28T07:56:01.803Z] > git config --get commit.template [3ms]
[2022-06-28T07:56:06.838Z] > git status -z -uall [21ms]
[2022-06-28T07:56:06.852Z] > git symbolic-ref --short HEAD [2ms]
[2022-06-28T07:56:06.866Z] > git for-each-ref --format=%(refname)%00%(upstream:short)%00%(objectname)%00%(upstream:track)%00%(upstream:remotename)%00%(upstream:remoteref) refs/heads/master refs/remotes/master [2ms]
[2022-06-28T07:56:06.891Z] > git for-each-ref --sort -committerdate --format %(refname) %(objectname) %(*objectname) [13ms]
[2022-06-28T07:56:06.893Z] > git remote --verbose [5ms]
[2022-06-28T07:56:06.986Z] > git config --get commit.template [4ms]
[2022-06-28T07:56:12.027Z] > git status -z -uall [26ms]
[2022-06-28T07:56:12.045Z] > git symbolic-ref --short HEAD [1ms]
[2022-06-28T07:56:12.067Z] > git for-each-ref --format=%(refname)%00%(upstream:short)%00%(objectname)%00%(upstream:track)%00%(upstream:remotename)%00%(upstream:remoteref) refs/heads/master refs/remotes/master [10ms]
[2022-06-28T07:56:12.097Z] > git for-each-ref --sort -committerdate --format %(refname) %(objectname) %(*objectname) [14ms]
[2022-06-28T07:56:12.098Z] > git remote --verbose [3ms]
[2022-06-28T07:56:12.176Z] > git config --get commit.template [1ms]
[2022-06-28T07:56:17.250Z] > git status -z -uall [50ms]
[2022-06-28T07:56:17.265Z] > git symbolic-ref --short HEAD [3ms]
[2022-06-28T07:56:17.288Z] > git for-each-ref --format=%(refname)%00%(upstream:short)%00%(objectname)%00%(upstream:track)%00%(upstream:remotename)%00%(upstream:remoteref) refs/heads/master refs/remotes/master [4ms]
[2022-06-28T07:56:17.323Z] > git remote --verbose [2ms]
[2022-06-28T07:56:17.324Z] > git for-each-ref --sort -committerdate --format %(refname) %(objectname) %(*objectname) [19ms]
[2022-06-28T07:56:18.887Z] > git config --get commit.template [1449ms]
[2022-06-28T07:56:23.940Z] > git status -z -uall [7ms]
[2022-06-28T07:56:23.955Z] > git symbolic-ref --short HEAD [2ms]
[2022-06-28T07:56:23.967Z] > git for-each-ref --format=%(refname)%00%(upstream:short)%00%(objectname)%00%(upstream:track)%00%(upstream:remotename)%00%(upstream:remoteref) refs/heads/master refs/remotes/master [1ms]
[2022-06-28T07:56:23.991Z] > git for-each-ref --sort -committerdate --format %(refname) %(objectname) %(*objectname) [11ms]
[2022-06-28T07:56:23.991Z] > git remote --verbose [2ms]
[2022-06-28T07:56:24.044Z] > git config --get commit.template [2ms]
[2022-06-28T07:56:29.084Z] > git status -z -uall [26ms]
[2022-06-28T07:56:29.100Z] > git symbolic-ref --short HEAD [3ms]
[2022-06-28T07:56:29.115Z] > git for-each-ref --format=%(refname)%00%(upstream:short)%00%(objectname)%00%(upstream:track)%00%(upstream:remotename)%00%(upstream:remoteref) refs/heads/master refs/remotes/master [3ms]
[2022-06-28T07:56:29.140Z] > git remote --verbose [3ms]
[2022-06-28T07:56:29.141Z] > git for-each-ref --sort -committerdate --format %(refname) %(objectname) %(*objectname) [16ms]
[2022-06-28T07:56:29.248Z] > git config --get commit.template [4ms]
[2022-06-28T07:56:34.283Z] > git status -z -uall [23ms]
[2022-06-28T07:56:34.298Z] > git symbolic-ref --short HEAD [3ms]
[2022-06-28T07:56:34.314Z] > git for-each-ref --format=%(refname)%00%(upstream:short)%00%(objectname)%00%(upstream:track)%00%(upstream:remotename)%00%(upstream:remoteref) refs/heads/master refs/remotes/master [4ms]
[2022-06-28T07:56:34.340Z] > git remote --verbose [3ms]
[2022-06-28T07:56:34.341Z] > git for-each-ref --sort -committerdate --format %(refname) %(objectname) %(*objectname) [15ms]
[2022-06-28T07:56:34.434Z] > git config --get commit.template [2ms]
[2022-06-28T08:12:08.988Z] > git status -z -uall [19ms]
[2022-06-28T08:12:08.998Z] > git symbolic-ref --short HEAD [2ms]
[2022-06-28T08:12:09.010Z] > git for-each-ref --format=%(refname)%00%(upstream:short)%00%(objectname)%00%(upstream:track)%00%(upstream:remotename)%00%(upstream:remoteref) refs/heads/master refs/remotes/master [2ms]
[2022-06-28T08:12:09.029Z] > git for-each-ref --sort -committerdate --format %(refname) %(objectname) %(*objectname) [10ms]
[2022-06-28T08:12:09.030Z] > git remote --verbose [2ms]
[2022-06-28T08:12:09.093Z] > git config --get commit.template [1ms]
[2022-06-28T08:12:12.409Z] > git show --textconv :workshop01/task2/terraform.tfvars [12ms]
[2022-06-28T08:12:12.411Z] > git ls-files --stage -- /home/fred/workshop01/task2/terraform.tfvars [3ms]
[2022-06-28T08:12:14.133Z] > git status -z -uall [24ms]
[2022-06-28T08:12:14.148Z] > git symbolic-ref --short HEAD [2ms]
[2022-06-28T08:12:14.163Z] > git for-each-ref --format=%(refname)%00%(upstream:short)%00%(objectname)%00%(upstream:track)%00%(upstream:remotename)%00%(upstream:remoteref) refs/heads/master refs/remotes/master [2ms]
[2022-06-28T08:12:14.190Z] > git for-each-ref --sort -committerdate --format %(refname) %(objectname) %(*objectname) [13ms]
[2022-06-28T08:12:14.190Z] > git remote --verbose [2ms]
[2022-06-28T08:12:14.258Z] > git config --get commit.template [7ms]
[2022-06-28T08:12:19.289Z] > git status -z -uall [19ms]
[2022-06-28T08:12:19.301Z] > git symbolic-ref --short HEAD [1ms]
[2022-06-28T08:12:19.314Z] > git for-each-ref --format=%(refname)%00%(upstream:short)%00%(objectname)%00%(upstream:track)%00%(upstream:remotename)%00%(upstream:remoteref) refs/heads/master refs/remotes/master [1ms]
[2022-06-28T08:12:19.335Z] > git for-each-ref --sort -committerdate --format %(refname) %(objectname) %(*objectname) [11ms]
[2022-06-28T08:12:19.336Z] > git remote --verbose [2ms]
[2022-06-28T08:12:19.374Z] > git config --get commit.template [1ms]
