[2022-06-28 17:07:25.858] [exthost] [info] Extension host with pid 101929 started
[2022-06-28 17:07:25.863] [exthost] [error] Error: EEXIST: file already exists, open '/home/fred/.vscode-server/data/User/workspaceStorage/b3ca59feedba83c925ff25b7c1b4bc86/vscode.lock'
[2022-06-28 17:07:25.869] [exthost] [info] Lock '/home/fred/.vscode-server/data/User/workspaceStorage/b3ca59feedba83c925ff25b7c1b4bc86/vscode.lock': Could not acquire lock, checking if the file is stale.
[2022-06-28 17:07:25.877] [exthost] [info] Lock '/home/fred/.vscode-server/data/User/workspaceStorage/b3ca59feedba83c925ff25b7c1b4bc86/vscode.lock': The lock does not look stale, elapsed: 113 ms, giving up.
[2022-06-28 17:07:25.900] [exthost] [info] Lock '/home/fred/.vscode-server/data/User/workspaceStorage/b3ca59feedba83c925ff25b7c1b4bc86-1/vscode.lock': Lock acquired.
[2022-06-28 17:07:26.151] [exthost] [info] ExtensionService#_doActivateExtension vscode.debug-auto-launch, startup: true, activationEvent: '*'
[2022-06-28 17:07:26.164] [exthost] [info] ExtensionService#_doActivateExtension vscode.git-base, startup: true, activationEvent: '*', root cause: vscode.git
[2022-06-28 17:07:26.176] [exthost] [info] ExtensionService#_doActivateExtension vscode.ipynb, startup: true, activationEvent: '*'
[2022-06-28 17:07:26.803] [exthost] [info] ExtensionService#_doActivateExtension vscode.git, startup: true, activationEvent: '*'
[2022-06-28 17:07:26.960] [exthost] [info] ExtensionService#_doActivateExtension vscode.github, startup: true, activationEvent: '*'
[2022-06-28 17:07:28.192] [exthost] [info] ExtensionService#_doActivateExtension vscode.emmet, startup: false, activationEvent: 'onStartupFinished'
[2022-06-28 17:07:28.223] [exthost] [info] ExtensionService#_doActivateExtension vscode.merge-conflict, startup: false, activationEvent: 'onStartupFinished'
[2022-06-28 17:07:28.231] [exthost] [info] Eager extensions activated
[2022-06-28 17:07:28.480] [exthost] [warning] [Decorations] CAPPING events from decorations provider vscode.git 1946
[2022-06-28 17:07:32.115] [exthost] [warning] [Decorations] CAPPING events from decorations provider vscode.git 1946
[2022-06-28 17:07:37.278] [exthost] [warning] [Decorations] CAPPING events from decorations provider vscode.git 1947
[2022-06-28 17:07:42.447] [exthost] [warning] [Decorations] CAPPING events from decorations provider vscode.git 1947
[2022-06-28 17:07:47.602] [exthost] [warning] [Decorations] CAPPING events from decorations provider vscode.git 1947
[2022-06-28 17:07:52.764] [exthost] [warning] [Decorations] CAPPING events from decorations provider vscode.git 1947
[2022-06-28 17:07:57.923] [exthost] [warning] [Decorations] CAPPING events from decorations provider vscode.git 1947
[2022-06-28 17:08:03.125] [exthost] [warning] [Decorations] CAPPING events from decorations provider vscode.git 1947
[2022-06-28 17:08:08.330] [exthost] [warning] [Decorations] CAPPING events from decorations provider vscode.git 1947
[2022-06-28 17:08:13.517] [exthost] [warning] [Decorations] CAPPING events from decorations provider vscode.git 1947
[2022-06-28 17:08:18.708] [exthost] [warning] [Decorations] CAPPING events from decorations provider vscode.git 1947
[2022-06-28 17:08:23.872] [exthost] [warning] [Decorations] CAPPING events from decorations provider vscode.git 1947
[2022-06-28 17:08:29.035] [exthost] [warning] [Decorations] CAPPING events from decorations provider vscode.git 1947
[2022-06-28 17:08:34.188] [exthost] [warning] [Decorations] CAPPING events from decorations provider vscode.git 1947
[2022-06-28 17:08:39.414] [exthost] [warning] [Decorations] CAPPING events from decorations provider vscode.git 1947
[2022-06-28 17:08:44.579] [exthost] [warning] [Decorations] CAPPING events from decorations provider vscode.git 1947
[2022-06-28 17:08:49.754] [exthost] [warning] [Decorations] CAPPING events from decorations provider vscode.git 1947
[2022-06-28 17:08:54.903] [exthost] [warning] [Decorations] CAPPING events from decorations provider vscode.git 1947
[2022-06-28 17:09:00.101] [exthost] [warning] [Decorations] CAPPING events from decorations provider vscode.git 1947
[2022-06-28 17:10:30.586] [exthost] [warning] [Decorations] CAPPING events from decorations provider vscode.git 1947
[2022-06-28 17:10:35.762] [exthost] [warning] [Decorations] CAPPING events from decorations provider vscode.git 1947
[2022-06-28 17:10:40.995] [exthost] [warning] [Decorations] CAPPING events from decorations provider vscode.git 1947
[2022-06-28 17:10:46.195] [exthost] [warning] [Decorations] CAPPING events from decorations provider vscode.git 1947
[2022-06-28 17:10:51.359] [exthost] [warning] [Decorations] CAPPING events from decorations provider vscode.git 1947
[2022-06-28 17:10:56.523] [exthost] [warning] [Decorations] CAPPING events from decorations provider vscode.git 1947
[2022-06-28 17:11:01.725] [exthost] [warning] [Decorations] CAPPING events from decorations provider vscode.git 1947
[2022-06-28 17:11:06.896] [exthost] [warning] [Decorations] CAPPING events from decorations provider vscode.git 1947
[2022-06-28 17:11:12.079] [exthost] [warning] [Decorations] CAPPING events from decorations provider vscode.git 1947
[2022-06-28 17:11:17.300] [exthost] [warning] [Decorations] CAPPING events from decorations provider vscode.git 1947
[2022-06-28 17:11:25.372] [exthost] [warning] [Decorations] CAPPING events from decorations provider vscode.git 1947
[2022-06-28 17:11:30.619] [exthost] [warning] [Decorations] CAPPING events from decorations provider vscode.git 1945
[2022-06-28 17:11:37.450] [exthost] [warning] [Decorations] CAPPING events from decorations provider vscode.git 1945
[2022-06-28 17:11:42.707] [exthost] [warning] [Decorations] CAPPING events from decorations provider vscode.git 1945
[2022-06-28 17:11:47.901] [exthost] [warning] [Decorations] CAPPING events from decorations provider vscode.git 1945
[2022-06-28 17:11:53.172] [exthost] [warning] [Decorations] CAPPING events from decorations provider vscode.git 1945
[2022-06-28 17:11:59.892] [exthost] [warning] [Decorations] CAPPING events from decorations provider vscode.git 1945
[2022-06-28 17:12:26.958] [exthost] [warning] [Decorations] CAPPING events from decorations provider vscode.git 1945
[2022-06-28 17:12:33.775] [exthost] [warning] [Decorations] CAPPING events from decorations provider vscode.git 1944
[2022-06-28 17:12:38.954] [exthost] [warning] [Decorations] CAPPING events from decorations provider vscode.git 1944
[2022-06-28 17:12:44.155] [exthost] [warning] [Decorations] CAPPING events from decorations provider vscode.git 1944
[2022-06-28 17:12:49.329] [exthost] [warning] [Decorations] CAPPING events from decorations provider vscode.git 1944
[2022-06-28 17:12:54.500] [exthost] [warning] [Decorations] CAPPING events from decorations provider vscode.git 1944
[2022-06-28 17:12:59.703] [exthost] [warning] [Decorations] CAPPING events from decorations provider vscode.git 1944
[2022-06-28 17:13:04.866] [exthost] [warning] [Decorations] CAPPING events from decorations provider vscode.git 1944
[2022-06-28 17:13:10.075] [exthost] [warning] [Decorations] CAPPING events from decorations provider vscode.git 1944
[2022-06-28 17:13:15.265] [exthost] [warning] [Decorations] CAPPING events from decorations provider vscode.git 1944
[2022-06-28 17:13:20.426] [exthost] [warning] [Decorations] CAPPING events from decorations provider vscode.git 1944
[2022-06-28 17:13:25.600] [exthost] [warning] [Decorations] CAPPING events from decorations provider vscode.git 1944
[2022-06-28 17:13:30.810] [exthost] [warning] [Decorations] CAPPING events from decorations provider vscode.git 1944
[2022-06-28 17:13:35.953] [exthost] [warning] [Decorations] CAPPING events from decorations provider vscode.git 1944
[2022-06-28 17:13:41.094] [exthost] [warning] [Decorations] CAPPING events from decorations provider vscode.git 1944
[2022-06-28 17:13:46.312] [exthost] [warning] [Decorations] CAPPING events from decorations provider vscode.git 1944
[2022-06-28 17:13:51.475] [exthost] [warning] [Decorations] CAPPING events from decorations provider vscode.git 1944
[2022-06-28 17:13:56.644] [exthost] [warning] [Decorations] CAPPING events from decorations provider vscode.git 1944
[2022-06-28 17:14:01.816] [exthost] [warning] [Decorations] CAPPING events from decorations provider vscode.git 1944
[2022-06-28 17:14:06.987] [exthost] [warning] [Decorations] CAPPING events from decorations provider vscode.git 1944
[2022-06-28 17:14:12.153] [exthost] [warning] [Decorations] CAPPING events from decorations provider vscode.git 1944
[2022-06-28 17:14:17.318] [exthost] [warning] [Decorations] CAPPING events from decorations provider vscode.git 1944
[2022-06-28 17:14:22.487] [exthost] [warning] [Decorations] CAPPING events from decorations provider vscode.git 1944
[2022-06-28 17:14:27.673] [exthost] [warning] [Decorations] CAPPING events from decorations provider vscode.git 1944
[2022-06-28 17:14:32.865] [exthost] [warning] [Decorations] CAPPING events from decorations provider vscode.git 1944
[2022-06-28 17:14:38.010] [exthost] [warning] [Decorations] CAPPING events from decorations provider vscode.git 1944
[2022-06-28 17:14:43.224] [exthost] [warning] [Decorations] CAPPING events from decorations provider vscode.git 1944
[2022-06-28 17:14:48.408] [exthost] [warning] [Decorations] CAPPING events from decorations provider vscode.git 1944
[2022-06-28 17:14:53.656] [exthost] [warning] [Decorations] CAPPING events from decorations provider vscode.git 1944
[2022-06-28 17:14:58.849] [exthost] [warning] [Decorations] CAPPING events from decorations provider vscode.git 1944
[2022-06-28 17:15:04.024] [exthost] [warning] [Decorations] CAPPING events from decorations provider vscode.git 1944
[2022-06-28 17:15:09.181] [exthost] [warning] [Decorations] CAPPING events from decorations provider vscode.git 1944
[2022-06-28 17:15:14.380] [exthost] [warning] [Decorations] CAPPING events from decorations provider vscode.git 1944
[2022-06-28 17:15:19.561] [exthost] [warning] [Decorations] CAPPING events from decorations provider vscode.git 1944
[2022-06-28 17:15:24.727] [exthost] [warning] [Decorations] CAPPING events from decorations provider vscode.git 1944
[2022-06-28 17:15:29.905] [exthost] [warning] [Decorations] CAPPING events from decorations provider vscode.git 1945
[2022-06-28 17:15:35.073] [exthost] [warning] [Decorations] CAPPING events from decorations provider vscode.git 1945
[2022-06-28 17:15:40.282] [exthost] [warning] [Decorations] CAPPING events from decorations provider vscode.git 1945
[2022-06-28 17:15:45.479] [exthost] [warning] [Decorations] CAPPING events from decorations provider vscode.git 1945
[2022-06-28 17:15:50.725] [exthost] [warning] [Decorations] CAPPING events from decorations provider vscode.git 1946
[2022-06-28 17:15:58.592] [exthost] [warning] [Decorations] CAPPING events from decorations provider vscode.git 1947
[2022-06-28 17:16:03.739] [exthost] [warning] [Decorations] CAPPING events from decorations provider vscode.git 1947
[2022-06-28 17:16:08.911] [exthost] [warning] [Decorations] CAPPING events from decorations provider vscode.git 1947
[2022-06-28 17:16:23.692] [exthost] [warning] [Decorations] CAPPING events from decorations provider vscode.git 1947
[2022-06-28 17:16:28.887] [exthost] [warning] [Decorations] CAPPING events from decorations provider vscode.git 1947
[2022-06-28 17:16:34.056] [exthost] [warning] [Decorations] CAPPING events from decorations provider vscode.git 1952
[2022-06-28 17:16:39.199] [exthost] [warning] [Decorations] CAPPING events from decorations provider vscode.git 1952
[2022-06-28 17:16:44.369] [exthost] [warning] [Decorations] CAPPING events from decorations provider vscode.git 1952
[2022-06-28 17:16:49.632] [exthost] [warning] [Decorations] CAPPING events from decorations provider vscode.git 1952
[2022-06-28 17:16:56.381] [exthost] [warning] [Decorations] CAPPING events from decorations provider vscode.git 1952
[2022-06-28 17:17:01.588] [exthost] [warning] [Decorations] CAPPING events from decorations provider vscode.git 1952
[2022-06-28 17:17:06.857] [exthost] [warning] [Decorations] CAPPING events from decorations provider vscode.git 2043
[2022-06-28 17:17:13.561] [exthost] [warning] [Decorations] CAPPING events from decorations provider vscode.git 1952
[2022-06-28 17:17:18.755] [exthost] [warning] [Decorations] CAPPING events from decorations provider vscode.git 1957
[2022-06-28 17:17:23.938] [exthost] [warning] [Decorations] CAPPING events from decorations provider vscode.git 1952
[2022-06-28 17:17:29.111] [exthost] [warning] [Decorations] CAPPING events from decorations provider vscode.git 1952
[2022-06-28 17:17:34.305] [exthost] [warning] [Decorations] CAPPING events from decorations provider vscode.git 1952
[2022-06-28 17:17:39.520] [exthost] [warning] [Decorations] CAPPING events from decorations provider vscode.git 1952
[2022-06-28 17:17:44.710] [exthost] [warning] [Decorations] CAPPING events from decorations provider vscode.git 1952
[2022-06-28 17:17:49.949] [exthost] [warning] [Decorations] CAPPING events from decorations provider vscode.git 1952
[2022-06-28 17:17:55.112] [exthost] [warning] [Decorations] CAPPING events from decorations provider vscode.git 1952
[2022-06-28 17:18:00.414] [exthost] [warning] [Decorations] CAPPING events from decorations provider vscode.git 1952
[2022-06-28 17:18:07.203] [exthost] [warning] [Decorations] CAPPING events from decorations provider vscode.git 1952
[2022-06-28 17:18:12.360] [exthost] [warning] [Decorations] CAPPING events from decorations provider vscode.git 1952
[2022-06-28 17:18:17.523] [exthost] [warning] [Decorations] CAPPING events from decorations provider vscode.git 1952
[2022-06-28 17:18:22.685] [exthost] [warning] [Decorations] CAPPING events from decorations provider vscode.git 1952
[2022-06-28 17:18:27.858] [exthost] [warning] [Decorations] CAPPING events from decorations provider vscode.git 1952
[2022-06-28 17:18:32.995] [exthost] [warning] [Decorations] CAPPING events from decorations provider vscode.git 1952
[2022-06-28 17:18:38.225] [exthost] [warning] [Decorations] CAPPING events from decorations provider vscode.git 1952
[2022-06-28 20:27:18.070] [exthost] [info] Extension host terminating: renderer disconnected for too long (1)
[2022-06-28 20:27:18.071] [exthost] [info] Lock '/home/fred/.vscode-server/data/User/workspaceStorage/b3ca59feedba83c925ff25b7c1b4bc86-1/vscode.lock': Marking the lockfile as scheduled to be released in 6000 ms.
[2022-06-28 20:27:18.088] [exthost] [info] Extension host with pid 101929 exiting with code 0
