[2022-06-28T02:53:51.727Z] Log level: Info
[2022-06-28T02:53:51.731Z] [info] Validating found git in: git
[2022-06-28T02:53:51.791Z] [info] Using git 2.25.1 from git
[2022-06-28T02:53:51.889Z] > git rev-parse --show-toplevel [66ms]
[2022-06-28T02:53:51.889Z] fatal: not a git repository (or any of the parent directories): .git
[2022-06-28T02:53:51.958Z] > git rev-parse --show-toplevel [43ms]
[2022-06-28T02:53:51.958Z] fatal: not a git repository (or any of the parent directories): .git
[2022-06-28T02:53:52.014Z] > git rev-parse --show-toplevel [7ms]
[2022-06-28T02:53:52.015Z] fatal: not a git repository (or any of the parent directories): .git
[2022-06-28T02:53:52.040Z] > git rev-parse --show-toplevel [14ms]
[2022-06-28T02:53:52.041Z] fatal: not a git repository (or any of the parent directories): .git
[2022-06-28T02:53:52.068Z] > git rev-parse --show-toplevel [5ms]
[2022-06-28T02:53:52.068Z] fatal: not a git repository (or any of the parent directories): .git
[2022-06-28T02:53:52.082Z] > git rev-parse --show-toplevel [7ms]
[2022-06-28T02:53:52.082Z] fatal: not a git repository (or any of the parent directories): .git
[2022-06-28T02:53:52.102Z] > git rev-parse --show-toplevel [4ms]
[2022-06-28T02:53:52.102Z] fatal: not a git repository (or any of the parent directories): .git
[2022-06-28T02:53:52.120Z] > git rev-parse --show-toplevel [6ms]
[2022-06-28T02:53:52.120Z] fatal: not a git repository (or any of the parent directories): .git
[2022-06-28T02:53:52.158Z] > git rev-parse --show-toplevel [5ms]
[2022-06-28T02:53:52.200Z] > git rev-parse --git-dir --git-common-dir [18ms]
[2022-06-28T02:53:52.225Z] [info] Open repository: /home/fred/aipc
[2022-06-28T02:53:52.279Z] > git status -z -uall [26ms]
[2022-06-28T02:53:52.303Z] > git symbolic-ref --short HEAD [10ms]
[2022-06-28T02:53:52.320Z] > git for-each-ref --format=%(refname)%00%(upstream:short)%00%(objectname)%00%(upstream:track)%00%(upstream:remotename)%00%(upstream:remoteref) refs/heads/main refs/remotes/main [5ms]
[2022-06-28T02:53:52.379Z] > git remote --verbose [6ms]
[2022-06-28T02:53:52.380Z] > git for-each-ref --sort -committerdate --format %(refname) %(objectname) %(*objectname) [22ms]
[2022-06-28T02:53:52.448Z] > git config --get commit.template [32ms]
[2022-06-28T02:53:53.287Z] > git check-ignore -v -z --stdin [1ms]
[2022-06-28T02:53:58.474Z] > git rev-parse --show-toplevel [2ms]
[2022-06-28T02:53:58.474Z] fatal: not a git repository (or any of the parent directories): .git
[2022-06-28T02:54:40.642Z] > git rev-parse --show-toplevel [3ms]
[2022-06-28T02:54:40.642Z] fatal: not a git repository (or any of the parent directories): .git
[2022-06-28T03:43:22.594Z] > git rev-parse --show-toplevel [10ms]
[2022-06-28T03:43:22.594Z] fatal: not a git repository (or any of the parent directories): .git
[2022-06-28T05:23:53.310Z] > git rev-parse --show-toplevel [2ms]
[2022-06-28T05:23:53.310Z] fatal: not a git repository (or any of the parent directories): .git
