[2022-06-30 08:10:42.872] [exthost] [info] Extension host with pid 196023 started
[2022-06-30 08:10:42.896] [exthost] [info] Lock '/home/fred/.vscode-server/data/User/workspaceStorage/b3ca59feedba83c925ff25b7c1b4bc86/vscode.lock': Lock acquired.
[2022-06-30 08:10:43.244] [exthost] [info] ExtensionService#_doActivateExtension vscode.debug-auto-launch, startup: true, activationEvent: '*'
[2022-06-30 08:10:43.269] [exthost] [info] ExtensionService#_doActivateExtension vscode.git-base, startup: true, activationEvent: '*', root cause: vscode.git
[2022-06-30 08:10:43.283] [exthost] [info] ExtensionService#_doActivateExtension vscode.ipynb, startup: true, activationEvent: '*'
[2022-06-30 08:10:43.560] [exthost] [info] ExtensionService#_doActivateExtension vscode.git, startup: true, activationEvent: '*'
[2022-06-30 08:10:43.859] [exthost] [info] ExtensionService#_doActivateExtension vscode.github, startup: true, activationEvent: '*'
[2022-06-30 08:10:45.367] [exthost] [info] ExtensionService#_doActivateExtension vscode.emmet, startup: false, activationEvent: 'onStartupFinished'
[2022-06-30 08:10:45.405] [exthost] [info] ExtensionService#_doActivateExtension vscode.merge-conflict, startup: false, activationEvent: 'onStartupFinished'
[2022-06-30 08:10:45.413] [exthost] [info] Eager extensions activated
[2022-06-30 08:10:45.702] [exthost] [warning] [Decorations] CAPPING events from decorations provider vscode.git 1932
[2022-06-30 08:10:48.854] [exthost] [warning] [Decorations] CAPPING events from decorations provider vscode.git 1933
[2022-06-30 08:11:25.528] [exthost] [warning] [Decorations] CAPPING events from decorations provider vscode.git 1933
[2022-06-30 08:12:16.632] [exthost] [warning] [Decorations] CAPPING events from decorations provider vscode.git 1933
[2022-06-30 08:12:21.851] [exthost] [warning] [Decorations] CAPPING events from decorations provider vscode.git 1933
[2022-06-30 08:12:27.035] [exthost] [warning] [Decorations] CAPPING events from decorations provider vscode.git 1933
[2022-06-30 08:12:32.207] [exthost] [warning] [Decorations] CAPPING events from decorations provider vscode.git 1933
[2022-06-30 08:12:37.361] [exthost] [warning] [Decorations] CAPPING events from decorations provider vscode.git 1933
[2022-06-30 08:12:42.631] [exthost] [warning] [Decorations] CAPPING events from decorations provider vscode.git 1933
[2022-06-30 08:12:47.803] [exthost] [warning] [Decorations] CAPPING events from decorations provider vscode.git 1933
[2022-06-30 08:12:53.050] [exthost] [warning] [Decorations] CAPPING events from decorations provider vscode.git 1933
[2022-06-30 08:15:15.928] [exthost] [warning] [Decorations] CAPPING events from decorations provider vscode.git 1933
[2022-06-30 08:15:30.698] [exthost] [warning] [Decorations] CAPPING events from decorations provider vscode.git 1934
[2022-06-30 08:15:35.855] [exthost] [warning] [Decorations] CAPPING events from decorations provider vscode.git 1934
[2022-06-30 08:15:41.106] [exthost] [warning] [Decorations] CAPPING events from decorations provider vscode.git 1934
[2022-06-30 08:15:46.419] [exthost] [warning] [Decorations] CAPPING events from decorations provider vscode.git 1934
[2022-06-30 08:15:53.847] [exthost] [warning] [Decorations] CAPPING events from decorations provider vscode.git 1935
[2022-06-30 08:15:59.031] [exthost] [warning] [Decorations] CAPPING events from decorations provider vscode.git 1935
[2022-06-30 08:17:09.821] [exthost] [warning] [Decorations] CAPPING events from decorations provider vscode.git 1935
[2022-06-30 08:17:15.606] [exthost] [warning] [Decorations] CAPPING events from decorations provider vscode.git 1935
[2022-06-30 08:17:20.819] [exthost] [warning] [Decorations] CAPPING events from decorations provider vscode.git 1935
[2022-06-30 08:17:26.023] [exthost] [warning] [Decorations] CAPPING events from decorations provider vscode.git 1935
[2022-06-30 08:17:31.195] [exthost] [warning] [Decorations] CAPPING events from decorations provider vscode.git 1935
[2022-06-30 08:17:36.387] [exthost] [warning] [Decorations] CAPPING events from decorations provider vscode.git 1935
[2022-06-30 08:17:41.599] [exthost] [warning] [Decorations] CAPPING events from decorations provider vscode.git 1935
[2022-06-30 08:17:46.798] [exthost] [warning] [Decorations] CAPPING events from decorations provider vscode.git 1935
[2022-06-30 08:17:52.028] [exthost] [warning] [Decorations] CAPPING events from decorations provider vscode.git 1935
[2022-06-30 08:17:57.185] [exthost] [warning] [Decorations] CAPPING events from decorations provider vscode.git 1935
[2022-06-30 08:18:02.479] [exthost] [warning] [Decorations] CAPPING events from decorations provider vscode.git 1935
[2022-06-30 08:18:07.695] [exthost] [warning] [Decorations] CAPPING events from decorations provider vscode.git 1935
[2022-06-30 08:18:12.883] [exthost] [warning] [Decorations] CAPPING events from decorations provider vscode.git 1935
[2022-06-30 08:18:18.131] [exthost] [warning] [Decorations] CAPPING events from decorations provider vscode.git 1935
[2022-06-30 08:18:23.370] [exthost] [warning] [Decorations] CAPPING events from decorations provider vscode.git 1935
[2022-06-30 08:18:28.597] [exthost] [warning] [Decorations] CAPPING events from decorations provider vscode.git 1935
[2022-06-30 08:18:33.745] [exthost] [warning] [Decorations] CAPPING events from decorations provider vscode.git 1936
[2022-06-30 08:18:38.949] [exthost] [warning] [Decorations] CAPPING events from decorations provider vscode.git 1936
[2022-06-30 08:18:44.119] [exthost] [warning] [Decorations] CAPPING events from decorations provider vscode.git 1937
[2022-06-30 08:18:49.336] [exthost] [warning] [Decorations] CAPPING events from decorations provider vscode.git 1937
[2022-06-30 08:18:54.620] [exthost] [warning] [Decorations] CAPPING events from decorations provider vscode.git 1937
[2022-06-30 08:18:59.812] [exthost] [warning] [Decorations] CAPPING events from decorations provider vscode.git 1937
[2022-06-30 08:19:04.997] [exthost] [warning] [Decorations] CAPPING events from decorations provider vscode.git 1935
[2022-06-30 08:19:10.167] [exthost] [warning] [Decorations] CAPPING events from decorations provider vscode.git 1935
[2022-06-30 08:19:15.364] [exthost] [warning] [Decorations] CAPPING events from decorations provider vscode.git 1935
[2022-06-30 08:19:20.634] [exthost] [warning] [Decorations] CAPPING events from decorations provider vscode.git 1935
[2022-06-30 08:19:27.483] [exthost] [warning] [Decorations] CAPPING events from decorations provider vscode.git 1935
[2022-06-30 08:19:33.342] [exthost] [warning] [Decorations] CAPPING events from decorations provider vscode.git 1935
[2022-06-30 08:19:40.124] [exthost] [warning] [Decorations] CAPPING events from decorations provider vscode.git 1935
[2022-06-30 08:19:45.289] [exthost] [warning] [Decorations] CAPPING events from decorations provider vscode.git 1937
[2022-06-30 08:19:50.443] [exthost] [warning] [Decorations] CAPPING events from decorations provider vscode.git 1937
[2022-06-30 08:19:55.607] [exthost] [warning] [Decorations] CAPPING events from decorations provider vscode.git 1937
[2022-06-30 08:20:04.510] [exthost] [warning] [Decorations] CAPPING events from decorations provider vscode.git 1937
[2022-06-30 08:20:11.308] [exthost] [warning] [Decorations] CAPPING events from decorations provider vscode.git 1937
[2022-06-30 08:20:16.478] [exthost] [warning] [Decorations] CAPPING events from decorations provider vscode.git 1937
[2022-06-30 08:20:26.994] [exthost] [warning] [Decorations] CAPPING events from decorations provider vscode.git 1937
[2022-06-30 08:20:40.986] [exthost] [warning] [Decorations] CAPPING events from decorations provider vscode.git 1937
[2022-06-30 08:20:46.436] [exthost] [warning] [Decorations] CAPPING events from decorations provider vscode.git 1937
[2022-06-30 08:20:51.599] [exthost] [warning] [Decorations] CAPPING events from decorations provider vscode.git 1937
[2022-06-30 08:20:56.791] [exthost] [warning] [Decorations] CAPPING events from decorations provider vscode.git 1937
[2022-06-30 08:21:02.044] [exthost] [warning] [Decorations] CAPPING events from decorations provider vscode.git 1937
[2022-06-30 08:21:07.229] [exthost] [warning] [Decorations] CAPPING events from decorations provider vscode.git 1937
[2022-06-30 08:21:12.435] [exthost] [warning] [Decorations] CAPPING events from decorations provider vscode.git 1937
[2022-06-30 08:21:36.049] [exthost] [warning] [Decorations] CAPPING events from decorations provider vscode.git 1939
[2022-06-30 08:21:41.262] [exthost] [warning] [Decorations] CAPPING events from decorations provider vscode.git 1939
[2022-06-30 08:21:46.549] [exthost] [warning] [Decorations] CAPPING events from decorations provider vscode.git 1939
[2022-06-30 08:21:51.704] [exthost] [warning] [Decorations] CAPPING events from decorations provider vscode.git 1940
[2022-06-30 08:21:56.870] [exthost] [warning] [Decorations] CAPPING events from decorations provider vscode.git 1940
[2022-06-30 08:22:02.073] [exthost] [warning] [Decorations] CAPPING events from decorations provider vscode.git 1939
[2022-06-30 08:22:07.254] [exthost] [warning] [Decorations] CAPPING events from decorations provider vscode.git 1939
[2022-06-30 08:22:12.454] [exthost] [warning] [Decorations] CAPPING events from decorations provider vscode.git 1940
[2022-06-30 08:22:17.645] [exthost] [warning] [Decorations] CAPPING events from decorations provider vscode.git 1940
[2022-06-30 08:22:44.328] [exthost] [warning] [Decorations] CAPPING events from decorations provider vscode.git 1940
[2022-06-30 08:22:51.453] [exthost] [warning] [Decorations] CAPPING events from decorations provider vscode.git 1940
[2022-06-30 08:22:56.669] [exthost] [warning] [Decorations] CAPPING events from decorations provider vscode.git 1940
[2022-06-30 08:23:01.898] [exthost] [warning] [Decorations] CAPPING events from decorations provider vscode.git 1940
[2022-06-30 08:23:07.049] [exthost] [warning] [Decorations] CAPPING events from decorations provider vscode.git 1940
[2022-06-30 08:23:14.834] [exthost] [warning] [Decorations] CAPPING events from decorations provider vscode.git 1940
[2022-06-30 08:24:01.449] [exthost] [warning] [Decorations] CAPPING events from decorations provider vscode.git 1940
[2022-06-30 08:24:06.630] [exthost] [warning] [Decorations] CAPPING events from decorations provider vscode.git 1942
[2022-06-30 08:24:20.377] [exthost] [warning] [Decorations] CAPPING events from decorations provider vscode.git 1942
[2022-06-30 08:24:25.591] [exthost] [warning] [Decorations] CAPPING events from decorations provider vscode.git 1942
[2022-06-30 08:24:30.794] [exthost] [warning] [Decorations] CAPPING events from decorations provider vscode.git 1942
[2022-06-30 08:24:35.954] [exthost] [warning] [Decorations] CAPPING events from decorations provider vscode.git 1942
[2022-06-30 08:24:41.116] [exthost] [warning] [Decorations] CAPPING events from decorations provider vscode.git 1942
[2022-06-30 08:24:46.266] [exthost] [warning] [Decorations] CAPPING events from decorations provider vscode.git 1942
[2022-06-30 08:24:51.419] [exthost] [warning] [Decorations] CAPPING events from decorations provider vscode.git 1942
[2022-06-30 08:24:56.591] [exthost] [warning] [Decorations] CAPPING events from decorations provider vscode.git 1942
[2022-06-30 08:25:01.845] [exthost] [warning] [Decorations] CAPPING events from decorations provider vscode.git 1942
[2022-06-30 08:25:06.987] [exthost] [warning] [Decorations] CAPPING events from decorations provider vscode.git 1942
[2022-06-30 08:25:12.234] [exthost] [warning] [Decorations] CAPPING events from decorations provider vscode.git 1942
[2022-06-30 08:25:17.415] [exthost] [warning] [Decorations] CAPPING events from decorations provider vscode.git 1942
[2022-06-30 08:25:22.655] [exthost] [warning] [Decorations] CAPPING events from decorations provider vscode.git 1943
[2022-06-30 08:25:27.823] [exthost] [warning] [Decorations] CAPPING events from decorations provider vscode.git 1943
[2022-06-30 08:25:33.070] [exthost] [warning] [Decorations] CAPPING events from decorations provider vscode.git 1943
[2022-06-30 08:25:38.239] [exthost] [warning] [Decorations] CAPPING events from decorations provider vscode.git 1943
[2022-06-30 08:25:43.399] [exthost] [warning] [Decorations] CAPPING events from decorations provider vscode.git 1943
[2022-06-30 08:25:48.549] [exthost] [warning] [Decorations] CAPPING events from decorations provider vscode.git 1943
[2022-06-30 08:25:53.743] [exthost] [warning] [Decorations] CAPPING events from decorations provider vscode.git 1943
[2022-06-30 08:25:58.899] [exthost] [warning] [Decorations] CAPPING events from decorations provider vscode.git 1943
[2022-06-30 08:26:04.136] [exthost] [warning] [Decorations] CAPPING events from decorations provider vscode.git 1943
[2022-06-30 08:26:09.283] [exthost] [warning] [Decorations] CAPPING events from decorations provider vscode.git 1943
[2022-06-30 08:26:14.549] [exthost] [warning] [Decorations] CAPPING events from decorations provider vscode.git 1943
[2022-06-30 08:26:19.799] [exthost] [warning] [Decorations] CAPPING events from decorations provider vscode.git 1943
[2022-06-30 08:26:25.036] [exthost] [warning] [Decorations] CAPPING events from decorations provider vscode.git 1943
[2022-06-30 08:26:30.238] [exthost] [warning] [Decorations] CAPPING events from decorations provider vscode.git 1943
[2022-06-30 08:26:35.416] [exthost] [warning] [Decorations] CAPPING events from decorations provider vscode.git 1943
[2022-06-30 08:26:40.594] [exthost] [warning] [Decorations] CAPPING events from decorations provider vscode.git 1943
[2022-06-30 08:26:45.792] [exthost] [warning] [Decorations] CAPPING events from decorations provider vscode.git 1943
[2022-06-30 08:26:50.963] [exthost] [warning] [Decorations] CAPPING events from decorations provider vscode.git 1943
[2022-06-30 08:26:56.163] [exthost] [warning] [Decorations] CAPPING events from decorations provider vscode.git 1943
[2022-06-30 08:27:01.361] [exthost] [warning] [Decorations] CAPPING events from decorations provider vscode.git 1943
[2022-06-30 08:27:06.533] [exthost] [warning] [Decorations] CAPPING events from decorations provider vscode.git 1945
[2022-06-30 08:27:11.768] [exthost] [warning] [Decorations] CAPPING events from decorations provider vscode.git 1945
[2022-06-30 08:27:16.993] [exthost] [warning] [Decorations] CAPPING events from decorations provider vscode.git 1945
[2022-06-30 08:27:22.173] [exthost] [warning] [Decorations] CAPPING events from decorations provider vscode.git 1945
[2022-06-30 08:27:27.386] [exthost] [warning] [Decorations] CAPPING events from decorations provider vscode.git 1945
[2022-06-30 08:27:32.621] [exthost] [warning] [Decorations] CAPPING events from decorations provider vscode.git 1945
[2022-06-30 08:27:37.932] [exthost] [warning] [Decorations] CAPPING events from decorations provider vscode.git 1945
[2022-06-30 08:27:43.210] [exthost] [warning] [Decorations] CAPPING events from decorations provider vscode.git 1945
[2022-06-30 08:27:48.536] [exthost] [warning] [Decorations] CAPPING events from decorations provider vscode.git 1945
[2022-06-30 08:27:53.756] [exthost] [warning] [Decorations] CAPPING events from decorations provider vscode.git 1945
[2022-06-30 08:27:58.940] [exthost] [warning] [Decorations] CAPPING events from decorations provider vscode.git 1945
[2022-06-30 08:28:04.130] [exthost] [warning] [Decorations] CAPPING events from decorations provider vscode.git 1945
[2022-06-30 08:28:09.309] [exthost] [warning] [Decorations] CAPPING events from decorations provider vscode.git 1945
[2022-06-30 08:28:14.473] [exthost] [warning] [Decorations] CAPPING events from decorations provider vscode.git 1945
[2022-06-30 08:28:19.674] [exthost] [warning] [Decorations] CAPPING events from decorations provider vscode.git 1945
[2022-06-30 08:28:24.898] [exthost] [warning] [Decorations] CAPPING events from decorations provider vscode.git 1945
[2022-06-30 08:28:30.145] [exthost] [warning] [Decorations] CAPPING events from decorations provider vscode.git 1945
[2022-06-30 08:28:35.443] [exthost] [warning] [Decorations] CAPPING events from decorations provider vscode.git 1945
[2022-06-30 08:28:40.632] [exthost] [warning] [Decorations] CAPPING events from decorations provider vscode.git 1945
[2022-06-30 08:28:45.787] [exthost] [warning] [Decorations] CAPPING events from decorations provider vscode.git 1945
[2022-06-30 08:28:50.960] [exthost] [warning] [Decorations] CAPPING events from decorations provider vscode.git 1945
[2022-06-30 08:28:56.166] [exthost] [warning] [Decorations] CAPPING events from decorations provider vscode.git 1945
[2022-06-30 08:29:01.337] [exthost] [warning] [Decorations] CAPPING events from decorations provider vscode.git 1945
[2022-06-30 08:29:06.511] [exthost] [warning] [Decorations] CAPPING events from decorations provider vscode.git 1945
[2022-06-30 08:29:11.686] [exthost] [warning] [Decorations] CAPPING events from decorations provider vscode.git 1945
[2022-06-30 08:29:16.846] [exthost] [warning] [Decorations] CAPPING events from decorations provider vscode.git 1945
[2022-06-30 08:29:22.074] [exthost] [warning] [Decorations] CAPPING events from decorations provider vscode.git 1945
[2022-06-30 08:29:27.239] [exthost] [warning] [Decorations] CAPPING events from decorations provider vscode.git 1945
[2022-06-30 08:29:32.419] [exthost] [warning] [Decorations] CAPPING events from decorations provider vscode.git 1945
[2022-06-30 08:29:37.573] [exthost] [warning] [Decorations] CAPPING events from decorations provider vscode.git 1945
[2022-06-30 08:29:42.742] [exthost] [warning] [Decorations] CAPPING events from decorations provider vscode.git 1945
[2022-06-30 08:29:47.990] [exthost] [warning] [Decorations] CAPPING events from decorations provider vscode.git 1945
[2022-06-30 08:29:53.170] [exthost] [warning] [Decorations] CAPPING events from decorations provider vscode.git 1945
[2022-06-30 08:29:58.332] [exthost] [warning] [Decorations] CAPPING events from decorations provider vscode.git 1945
[2022-06-30 08:30:03.522] [exthost] [warning] [Decorations] CAPPING events from decorations provider vscode.git 1945
[2022-06-30 08:30:08.698] [exthost] [warning] [Decorations] CAPPING events from decorations provider vscode.git 1945
[2022-06-30 08:30:13.864] [exthost] [warning] [Decorations] CAPPING events from decorations provider vscode.git 1945
[2022-06-30 08:30:19.054] [exthost] [warning] [Decorations] CAPPING events from decorations provider vscode.git 1945
[2022-06-30 08:30:24.222] [exthost] [warning] [Decorations] CAPPING events from decorations provider vscode.git 1945
[2022-06-30 08:30:29.413] [exthost] [warning] [Decorations] CAPPING events from decorations provider vscode.git 1945
[2022-06-30 08:30:34.578] [exthost] [warning] [Decorations] CAPPING events from decorations provider vscode.git 1945
[2022-06-30 08:30:39.781] [exthost] [warning] [Decorations] CAPPING events from decorations provider vscode.git 1945
[2022-06-30 08:30:44.946] [exthost] [warning] [Decorations] CAPPING events from decorations provider vscode.git 1945
[2022-06-30 08:30:50.097] [exthost] [warning] [Decorations] CAPPING events from decorations provider vscode.git 1945
[2022-06-30 08:30:55.251] [exthost] [warning] [Decorations] CAPPING events from decorations provider vscode.git 1945
[2022-06-30 08:31:00.447] [exthost] [warning] [Decorations] CAPPING events from decorations provider vscode.git 1945
[2022-06-30 08:31:05.639] [exthost] [warning] [Decorations] CAPPING events from decorations provider vscode.git 1945
[2022-06-30 08:31:10.851] [exthost] [warning] [Decorations] CAPPING events from decorations provider vscode.git 1945
[2022-06-30 08:31:16.025] [exthost] [warning] [Decorations] CAPPING events from decorations provider vscode.git 1945
[2022-06-30 08:31:21.278] [exthost] [warning] [Decorations] CAPPING events from decorations provider vscode.git 1945
[2022-06-30 08:31:26.512] [exthost] [warning] [Decorations] CAPPING events from decorations provider vscode.git 1945
[2022-06-30 08:31:31.721] [exthost] [warning] [Decorations] CAPPING events from decorations provider vscode.git 1945
[2022-06-30 08:31:36.872] [exthost] [warning] [Decorations] CAPPING events from decorations provider vscode.git 1945
[2022-06-30 08:31:42.022] [exthost] [warning] [Decorations] CAPPING events from decorations provider vscode.git 1945
[2022-06-30 08:31:47.206] [exthost] [warning] [Decorations] CAPPING events from decorations provider vscode.git 1945
[2022-06-30 08:31:52.371] [exthost] [warning] [Decorations] CAPPING events from decorations provider vscode.git 1945
[2022-06-30 08:31:57.530] [exthost] [warning] [Decorations] CAPPING events from decorations provider vscode.git 1946
[2022-06-30 08:32:49.835] [exthost] [warning] [Decorations] CAPPING events from decorations provider vscode.git 1946
[2022-06-30 08:32:55.012] [exthost] [warning] [Decorations] CAPPING events from decorations provider vscode.git 1946
[2022-06-30 08:33:00.213] [exthost] [warning] [Decorations] CAPPING events from decorations provider vscode.git 1946
[2022-06-30 08:33:05.422] [exthost] [warning] [Decorations] CAPPING events from decorations provider vscode.git 1946
[2022-06-30 08:33:10.626] [exthost] [warning] [Decorations] CAPPING events from decorations provider vscode.git 1946
[2022-06-30 08:33:15.803] [exthost] [warning] [Decorations] CAPPING events from decorations provider vscode.git 1947
[2022-06-30 08:33:20.989] [exthost] [warning] [Decorations] CAPPING events from decorations provider vscode.git 1947
[2022-06-30 08:33:28.899] [exthost] [warning] [Decorations] CAPPING events from decorations provider vscode.git 1949
[2022-06-30 08:33:34.162] [exthost] [warning] [Decorations] CAPPING events from decorations provider vscode.git 1949
[2022-06-30 08:33:41.041] [exthost] [warning] [Decorations] CAPPING events from decorations provider vscode.git 1949
[2022-06-30 08:33:46.219] [exthost] [warning] [Decorations] CAPPING events from decorations provider vscode.git 1949
[2022-06-30 08:33:51.406] [exthost] [warning] [Decorations] CAPPING events from decorations provider vscode.git 1949
[2022-06-30 08:33:56.553] [exthost] [warning] [Decorations] CAPPING events from decorations provider vscode.git 1949
[2022-06-30 08:34:01.775] [exthost] [warning] [Decorations] CAPPING events from decorations provider vscode.git 1950
[2022-06-30 08:34:06.971] [exthost] [warning] [Decorations] CAPPING events from decorations provider vscode.git 1950
[2022-06-30 08:34:12.147] [exthost] [warning] [Decorations] CAPPING events from decorations provider vscode.git 1950
[2022-06-30 08:34:18.266] [exthost] [warning] [Decorations] CAPPING events from decorations provider vscode.git 1950
[2022-06-30 08:34:51.347] [exthost] [warning] [Decorations] CAPPING events from decorations provider vscode.git 1950
[2022-06-30 08:34:56.514] [exthost] [warning] [Decorations] CAPPING events from decorations provider vscode.git 1950
[2022-06-30 08:35:01.699] [exthost] [warning] [Decorations] CAPPING events from decorations provider vscode.git 1950
[2022-06-30 08:35:06.855] [exthost] [warning] [Decorations] CAPPING events from decorations provider vscode.git 1951
[2022-06-30 08:35:12.019] [exthost] [warning] [Decorations] CAPPING events from decorations provider vscode.git 1951
[2022-06-30 08:35:17.203] [exthost] [warning] [Decorations] CAPPING events from decorations provider vscode.git 1952
[2022-06-30 08:35:22.384] [exthost] [warning] [Decorations] CAPPING events from decorations provider vscode.git 1951
[2022-06-30 08:35:27.567] [exthost] [warning] [Decorations] CAPPING events from decorations provider vscode.git 1951
[2022-06-30 08:35:32.756] [exthost] [warning] [Decorations] CAPPING events from decorations provider vscode.git 1951
[2022-06-30 08:35:38.030] [exthost] [warning] [Decorations] CAPPING events from decorations provider vscode.git 1951
[2022-06-30 08:35:43.202] [exthost] [warning] [Decorations] CAPPING events from decorations provider vscode.git 1951
[2022-06-30 08:35:48.383] [exthost] [warning] [Decorations] CAPPING events from decorations provider vscode.git 1951
[2022-06-30 08:35:53.604] [exthost] [warning] [Decorations] CAPPING events from decorations provider vscode.git 1951
[2022-06-30 08:35:58.763] [exthost] [warning] [Decorations] CAPPING events from decorations provider vscode.git 1951
[2022-06-30 08:36:03.987] [exthost] [warning] [Decorations] CAPPING events from decorations provider vscode.git 1951
[2022-06-30 08:36:09.126] [exthost] [warning] [Decorations] CAPPING events from decorations provider vscode.git 1951
[2022-06-30 08:36:14.297] [exthost] [warning] [Decorations] CAPPING events from decorations provider vscode.git 1951
[2022-06-30 08:36:19.531] [exthost] [warning] [Decorations] CAPPING events from decorations provider vscode.git 1951
[2022-06-30 08:36:24.725] [exthost] [warning] [Decorations] CAPPING events from decorations provider vscode.git 1951
[2022-06-30 08:36:29.988] [exthost] [warning] [Decorations] CAPPING events from decorations provider vscode.git 1951
[2022-06-30 08:36:35.150] [exthost] [warning] [Decorations] CAPPING events from decorations provider vscode.git 1951
[2022-06-30 08:36:40.377] [exthost] [warning] [Decorations] CAPPING events from decorations provider vscode.git 1951
[2022-06-30 08:36:47.077] [exthost] [warning] [Decorations] CAPPING events from decorations provider vscode.git 1951
[2022-06-30 08:36:52.341] [exthost] [warning] [Decorations] CAPPING events from decorations provider vscode.git 1951
[2022-06-30 08:36:57.502] [exthost] [warning] [Decorations] CAPPING events from decorations provider vscode.git 1951
[2022-06-30 08:37:02.675] [exthost] [warning] [Decorations] CAPPING events from decorations provider vscode.git 1951
[2022-06-30 08:37:07.838] [exthost] [warning] [Decorations] CAPPING events from decorations provider vscode.git 1951
[2022-06-30 08:37:13.059] [exthost] [warning] [Decorations] CAPPING events from decorations provider vscode.git 1951
[2022-06-30 08:37:18.217] [exthost] [warning] [Decorations] CAPPING events from decorations provider vscode.git 1951
[2022-06-30 08:37:23.458] [exthost] [warning] [Decorations] CAPPING events from decorations provider vscode.git 1951
[2022-06-30 08:37:28.630] [exthost] [warning] [Decorations] CAPPING events from decorations provider vscode.git 1951
[2022-06-30 08:37:33.829] [exthost] [warning] [Decorations] CAPPING events from decorations provider vscode.git 1951
[2022-06-30 08:37:39.063] [exthost] [warning] [Decorations] CAPPING events from decorations provider vscode.git 1951
[2022-06-30 08:37:44.210] [exthost] [warning] [Decorations] CAPPING events from decorations provider vscode.git 1951
[2022-06-30 08:37:49.464] [exthost] [warning] [Decorations] CAPPING events from decorations provider vscode.git 1951
[2022-06-30 08:37:56.195] [exthost] [warning] [Decorations] CAPPING events from decorations provider vscode.git 1951
[2022-06-30 08:38:01.398] [exthost] [warning] [Decorations] CAPPING events from decorations provider vscode.git 1951
[2022-06-30 08:38:06.628] [exthost] [warning] [Decorations] CAPPING events from decorations provider vscode.git 1951
[2022-06-30 08:38:13.308] [exthost] [warning] [Decorations] CAPPING events from decorations provider vscode.git 1951
[2022-06-30 08:38:18.495] [exthost] [warning] [Decorations] CAPPING events from decorations provider vscode.git 1951
[2022-06-30 08:38:23.662] [exthost] [warning] [Decorations] CAPPING events from decorations provider vscode.git 1951
[2022-06-30 08:38:28.860] [exthost] [warning] [Decorations] CAPPING events from decorations provider vscode.git 1951
[2022-06-30 08:38:34.085] [exthost] [warning] [Decorations] CAPPING events from decorations provider vscode.git 1951
[2022-06-30 08:38:39.251] [exthost] [warning] [Decorations] CAPPING events from decorations provider vscode.git 1951
[2022-06-30 08:38:44.485] [exthost] [warning] [Decorations] CAPPING events from decorations provider vscode.git 1951
[2022-06-30 08:38:49.632] [exthost] [warning] [Decorations] CAPPING events from decorations provider vscode.git 1951
[2022-06-30 08:38:54.866] [exthost] [warning] [Decorations] CAPPING events from decorations provider vscode.git 1951
[2022-06-30 08:39:00.062] [exthost] [warning] [Decorations] CAPPING events from decorations provider vscode.git 1951
[2022-06-30 08:39:05.316] [exthost] [warning] [Decorations] CAPPING events from decorations provider vscode.git 1951
[2022-06-30 08:39:12.177] [exthost] [warning] [Decorations] CAPPING events from decorations provider vscode.git 1951
[2022-06-30 08:39:17.379] [exthost] [warning] [Decorations] CAPPING events from decorations provider vscode.git 1951
[2022-06-30 08:39:22.543] [exthost] [warning] [Decorations] CAPPING events from decorations provider vscode.git 1951
[2022-06-30 08:39:27.694] [exthost] [warning] [Decorations] CAPPING events from decorations provider vscode.git 1951
[2022-06-30 08:39:32.942] [exthost] [warning] [Decorations] CAPPING events from decorations provider vscode.git 1951
[2022-06-30 08:39:39.756] [exthost] [warning] [Decorations] CAPPING events from decorations provider vscode.git 1951
[2022-06-30 08:39:44.977] [exthost] [warning] [Decorations] CAPPING events from decorations provider vscode.git 1951
[2022-06-30 08:39:50.111] [exthost] [warning] [Decorations] CAPPING events from decorations provider vscode.git 1951
[2022-06-30 08:39:55.247] [exthost] [warning] [Decorations] CAPPING events from decorations provider vscode.git 1952
[2022-06-30 08:40:17.793] [exthost] [warning] [Decorations] CAPPING events from decorations provider vscode.git 1952
[2022-06-30 08:40:24.684] [exthost] [warning] [Decorations] CAPPING events from decorations provider vscode.git 1952
[2022-06-30 08:40:29.865] [exthost] [warning] [Decorations] CAPPING events from decorations provider vscode.git 1952
[2022-06-30 08:40:35.143] [exthost] [warning] [Decorations] CAPPING events from decorations provider vscode.git 1952
[2022-06-30 08:40:40.331] [exthost] [warning] [Decorations] CAPPING events from decorations provider vscode.git 1953
[2022-06-30 08:40:45.491] [exthost] [warning] [Decorations] CAPPING events from decorations provider vscode.git 1954
[2022-06-30 08:40:50.673] [exthost] [warning] [Decorations] CAPPING events from decorations provider vscode.git 1954
[2022-06-30 08:40:55.868] [exthost] [warning] [Decorations] CAPPING events from decorations provider vscode.git 1954
[2022-06-30 08:41:01.028] [exthost] [warning] [Decorations] CAPPING events from decorations provider vscode.git 1954
[2022-06-30 08:41:06.177] [exthost] [warning] [Decorations] CAPPING events from decorations provider vscode.git 1954
[2022-06-30 08:41:11.389] [exthost] [warning] [Decorations] CAPPING events from decorations provider vscode.git 1954
[2022-06-30 08:41:16.537] [exthost] [warning] [Decorations] CAPPING events from decorations provider vscode.git 1954
[2022-06-30 08:41:21.760] [exthost] [warning] [Decorations] CAPPING events from decorations provider vscode.git 1954
[2022-06-30 08:41:26.918] [exthost] [warning] [Decorations] CAPPING events from decorations provider vscode.git 1954
[2022-06-30 08:41:37.382] [exthost] [warning] [Decorations] CAPPING events from decorations provider vscode.git 1954
[2022-06-30 08:41:42.558] [exthost] [warning] [Decorations] CAPPING events from decorations provider vscode.git 1954
[2022-06-30 08:41:47.713] [exthost] [warning] [Decorations] CAPPING events from decorations provider vscode.git 1954
[2022-06-30 08:41:52.879] [exthost] [warning] [Decorations] CAPPING events from decorations provider vscode.git 1955
[2022-06-30 08:41:58.056] [exthost] [warning] [Decorations] CAPPING events from decorations provider vscode.git 1955
[2022-06-30 08:42:03.225] [exthost] [warning] [Decorations] CAPPING events from decorations provider vscode.git 1955
[2022-06-30 08:42:08.405] [exthost] [warning] [Decorations] CAPPING events from decorations provider vscode.git 1955
[2022-06-30 08:42:13.560] [exthost] [warning] [Decorations] CAPPING events from decorations provider vscode.git 1955
[2022-06-30 08:42:18.738] [exthost] [warning] [Decorations] CAPPING events from decorations provider vscode.git 1957
[2022-06-30 08:42:23.900] [exthost] [warning] [Decorations] CAPPING events from decorations provider vscode.git 1957
[2022-06-30 08:42:29.046] [exthost] [warning] [Decorations] CAPPING events from decorations provider vscode.git 1957
[2022-06-30 08:42:34.220] [exthost] [warning] [Decorations] CAPPING events from decorations provider vscode.git 1957
[2022-06-30 08:42:39.443] [exthost] [warning] [Decorations] CAPPING events from decorations provider vscode.git 1957
[2022-06-30 08:42:45.984] [exthost] [warning] [Decorations] CAPPING events from decorations provider vscode.git 1957
[2022-06-30 08:42:51.142] [exthost] [warning] [Decorations] CAPPING events from decorations provider vscode.git 1957
[2022-06-30 08:42:56.366] [exthost] [warning] [Decorations] CAPPING events from decorations provider vscode.git 1957
[2022-06-30 08:43:01.509] [exthost] [warning] [Decorations] CAPPING events from decorations provider vscode.git 1957
[2022-06-30 08:43:06.713] [exthost] [warning] [Decorations] CAPPING events from decorations provider vscode.git 1957
[2022-06-30 08:43:11.917] [exthost] [warning] [Decorations] CAPPING events from decorations provider vscode.git 1957
[2022-06-30 08:43:17.052] [exthost] [warning] [Decorations] CAPPING events from decorations provider vscode.git 1957
[2022-06-30 08:43:22.340] [exthost] [warning] [Decorations] CAPPING events from decorations provider vscode.git 1954
[2022-06-30 08:43:29.015] [exthost] [warning] [Decorations] CAPPING events from decorations provider vscode.git 1954
[2022-06-30 08:43:42.663] [exthost] [warning] [Decorations] CAPPING events from decorations provider vscode.git 1954
[2022-06-30 08:43:49.458] [exthost] [warning] [Decorations] CAPPING events from decorations provider vscode.git 1954
[2022-06-30 08:43:54.619] [exthost] [warning] [Decorations] CAPPING events from decorations provider vscode.git 1954
[2022-06-30 08:43:59.903] [exthost] [warning] [Decorations] CAPPING events from decorations provider vscode.git 1954
[2022-06-30 08:44:06.705] [exthost] [warning] [Decorations] CAPPING events from decorations provider vscode.git 1954
[2022-06-30 08:44:11.857] [exthost] [warning] [Decorations] CAPPING events from decorations provider vscode.git 1954
[2022-06-30 08:44:16.993] [exthost] [warning] [Decorations] CAPPING events from decorations provider vscode.git 1954
[2022-06-30 08:44:22.267] [exthost] [warning] [Decorations] CAPPING events from decorations provider vscode.git 1954
[2022-06-30 08:44:27.418] [exthost] [warning] [Decorations] CAPPING events from decorations provider vscode.git 1954
[2022-06-30 08:44:32.567] [exthost] [warning] [Decorations] CAPPING events from decorations provider vscode.git 1954
[2022-06-30 08:44:49.509] [exthost] [warning] [Decorations] CAPPING events from decorations provider vscode.git 1954
[2022-06-30 08:44:57.526] [exthost] [warning] [Decorations] CAPPING events from decorations provider vscode.git 1954
[2022-06-30 08:45:02.745] [exthost] [warning] [Decorations] CAPPING events from decorations provider vscode.git 1954
[2022-06-30 08:45:07.965] [exthost] [warning] [Decorations] CAPPING events from decorations provider vscode.git 1954
[2022-06-30 08:45:13.127] [exthost] [warning] [Decorations] CAPPING events from decorations provider vscode.git 1954
[2022-06-30 08:45:18.354] [exthost] [warning] [Decorations] CAPPING events from decorations provider vscode.git 1954
[2022-06-30 08:46:17.125] [exthost] [warning] [Decorations] CAPPING events from decorations provider vscode.git 1954
[2022-06-30 08:46:22.480] [exthost] [warning] [Decorations] CAPPING events from decorations provider vscode.git 1954
[2022-06-30 08:46:27.661] [exthost] [warning] [Decorations] CAPPING events from decorations provider vscode.git 1954
[2022-06-30 08:46:32.909] [exthost] [warning] [Decorations] CAPPING events from decorations provider vscode.git 1954
[2022-06-30 08:46:39.620] [exthost] [warning] [Decorations] CAPPING events from decorations provider vscode.git 1955
[2022-06-30 08:46:44.934] [exthost] [warning] [Decorations] CAPPING events from decorations provider vscode.git 1955
[2022-06-30 08:46:50.089] [exthost] [warning] [Decorations] CAPPING events from decorations provider vscode.git 1955
[2022-06-30 08:46:55.331] [exthost] [warning] [Decorations] CAPPING events from decorations provider vscode.git 1955
[2022-06-30 08:47:00.523] [exthost] [warning] [Decorations] CAPPING events from decorations provider vscode.git 1955
[2022-06-30 08:47:05.749] [exthost] [warning] [Decorations] CAPPING events from decorations provider vscode.git 1955
[2022-06-30 08:47:12.333] [exthost] [warning] [Decorations] CAPPING events from decorations provider vscode.git 1955
[2022-06-30 08:47:17.486] [exthost] [warning] [Decorations] CAPPING events from decorations provider vscode.git 1955
[2022-06-30 08:47:22.731] [exthost] [warning] [Decorations] CAPPING events from decorations provider vscode.git 1955
[2022-06-30 08:47:29.537] [exthost] [warning] [Decorations] CAPPING events from decorations provider vscode.git 1955
[2022-06-30 08:47:34.779] [exthost] [warning] [Decorations] CAPPING events from decorations provider vscode.git 1955
[2022-06-30 08:47:39.962] [exthost] [warning] [Decorations] CAPPING events from decorations provider vscode.git 1955
[2022-06-30 08:47:46.728] [exthost] [warning] [Decorations] CAPPING events from decorations provider vscode.git 1957
[2022-06-30 08:47:51.879] [exthost] [warning] [Decorations] CAPPING events from decorations provider vscode.git 1957
[2022-06-30 08:47:57.017] [exthost] [warning] [Decorations] CAPPING events from decorations provider vscode.git 1957
[2022-06-30 08:48:02.164] [exthost] [warning] [Decorations] CAPPING events from decorations provider vscode.git 1957
[2022-06-30 08:48:07.381] [exthost] [warning] [Decorations] CAPPING events from decorations provider vscode.git 1957
[2022-06-30 08:48:12.581] [exthost] [warning] [Decorations] CAPPING events from decorations provider vscode.git 1957
[2022-06-30 08:48:17.788] [exthost] [warning] [Decorations] CAPPING events from decorations provider vscode.git 1957
[2022-06-30 08:48:22.982] [exthost] [warning] [Decorations] CAPPING events from decorations provider vscode.git 1957
[2022-06-30 08:48:28.131] [exthost] [warning] [Decorations] CAPPING events from decorations provider vscode.git 1957
[2022-06-30 08:48:33.346] [exthost] [warning] [Decorations] CAPPING events from decorations provider vscode.git 1957
[2022-06-30 08:48:38.510] [exthost] [warning] [Decorations] CAPPING events from decorations provider vscode.git 1957
[2022-06-30 08:48:43.739] [exthost] [warning] [Decorations] CAPPING events from decorations provider vscode.git 1957
[2022-06-30 08:48:48.894] [exthost] [warning] [Decorations] CAPPING events from decorations provider vscode.git 1957
[2022-06-30 08:48:54.053] [exthost] [warning] [Decorations] CAPPING events from decorations provider vscode.git 1957
[2022-06-30 08:49:37.837] [exthost] [warning] [Decorations] CAPPING events from decorations provider vscode.git 1957
[2022-06-30 08:49:42.991] [exthost] [warning] [Decorations] CAPPING events from decorations provider vscode.git 1957
[2022-06-30 08:49:48.153] [exthost] [warning] [Decorations] CAPPING events from decorations provider vscode.git 1957
[2022-06-30 08:49:53.358] [exthost] [warning] [Decorations] CAPPING events from decorations provider vscode.git 1957
[2022-06-30 08:49:58.522] [exthost] [warning] [Decorations] CAPPING events from decorations provider vscode.git 1957
[2022-06-30 08:50:03.717] [exthost] [warning] [Decorations] CAPPING events from decorations provider vscode.git 1957
[2022-06-30 08:50:12.441] [exthost] [warning] [Decorations] CAPPING events from decorations provider vscode.git 1957
[2022-06-30 08:50:17.707] [exthost] [warning] [Decorations] CAPPING events from decorations provider vscode.git 1957
[2022-06-30 08:50:24.323] [exthost] [warning] [Decorations] CAPPING events from decorations provider vscode.git 1957
[2022-06-30 08:50:29.475] [exthost] [warning] [Decorations] CAPPING events from decorations provider vscode.git 1957
[2022-06-30 08:50:34.668] [exthost] [warning] [Decorations] CAPPING events from decorations provider vscode.git 1957
[2022-06-30 08:50:40.253] [exthost] [warning] [Decorations] CAPPING events from decorations provider vscode.git 1957
[2022-06-30 08:50:45.407] [exthost] [warning] [Decorations] CAPPING events from decorations provider vscode.git 1957
[2022-06-30 08:50:50.611] [exthost] [warning] [Decorations] CAPPING events from decorations provider vscode.git 1957
[2022-06-30 08:50:55.769] [exthost] [warning] [Decorations] CAPPING events from decorations provider vscode.git 1957
[2022-06-30 08:51:00.915] [exthost] [warning] [Decorations] CAPPING events from decorations provider vscode.git 1957
[2022-06-30 08:51:06.120] [exthost] [warning] [Decorations] CAPPING events from decorations provider vscode.git 1957
[2022-06-30 08:52:03.800] [exthost] [warning] [Decorations] CAPPING events from decorations provider vscode.git 1957
[2022-06-30 08:52:08.966] [exthost] [warning] [Decorations] CAPPING events from decorations provider vscode.git 1957
[2022-06-30 08:52:14.147] [exthost] [warning] [Decorations] CAPPING events from decorations provider vscode.git 1957
[2022-06-30 08:52:19.289] [exthost] [warning] [Decorations] CAPPING events from decorations provider vscode.git 1957
[2022-06-30 08:52:24.504] [exthost] [warning] [Decorations] CAPPING events from decorations provider vscode.git 1957
[2022-06-30 08:52:29.650] [exthost] [warning] [Decorations] CAPPING events from decorations provider vscode.git 1957
[2022-06-30 08:52:34.891] [exthost] [warning] [Decorations] CAPPING events from decorations provider vscode.git 1957
[2022-06-30 08:52:40.050] [exthost] [warning] [Decorations] CAPPING events from decorations provider vscode.git 1957
[2022-06-30 08:52:45.256] [exthost] [warning] [Decorations] CAPPING events from decorations provider vscode.git 1957
[2022-06-30 08:52:50.382] [exthost] [warning] [Decorations] CAPPING events from decorations provider vscode.git 1957
[2022-06-30 08:52:55.500] [exthost] [warning] [Decorations] CAPPING events from decorations provider vscode.git 1957
[2022-06-30 08:53:00.630] [exthost] [warning] [Decorations] CAPPING events from decorations provider vscode.git 1957
[2022-06-30 08:53:05.828] [exthost] [warning] [Decorations] CAPPING events from decorations provider vscode.git 1957
[2022-06-30 08:53:10.979] [exthost] [warning] [Decorations] CAPPING events from decorations provider vscode.git 1957
[2022-06-30 08:53:16.137] [exthost] [warning] [Decorations] CAPPING events from decorations provider vscode.git 1957
[2022-06-30 08:53:21.357] [exthost] [warning] [Decorations] CAPPING events from decorations provider vscode.git 1957
[2022-06-30 08:53:26.512] [exthost] [warning] [Decorations] CAPPING events from decorations provider vscode.git 1957
[2022-06-30 08:53:31.650] [exthost] [warning] [Decorations] CAPPING events from decorations provider vscode.git 1957
[2022-06-30 08:53:36.805] [exthost] [warning] [Decorations] CAPPING events from decorations provider vscode.git 1957
[2022-06-30 08:53:41.937] [exthost] [warning] [Decorations] CAPPING events from decorations provider vscode.git 1957
[2022-06-30 08:53:47.138] [exthost] [warning] [Decorations] CAPPING events from decorations provider vscode.git 1957
[2022-06-30 08:53:52.707] [exthost] [warning] [Decorations] CAPPING events from decorations provider vscode.git 1957
[2022-06-30 08:53:57.859] [exthost] [warning] [Decorations] CAPPING events from decorations provider vscode.git 1957
[2022-06-30 08:54:03.085] [exthost] [warning] [Decorations] CAPPING events from decorations provider vscode.git 1957
[2022-06-30 08:54:08.239] [exthost] [warning] [Decorations] CAPPING events from decorations provider vscode.git 1957
[2022-06-30 08:54:13.435] [exthost] [warning] [Decorations] CAPPING events from decorations provider vscode.git 1959
[2022-06-30 08:54:18.669] [exthost] [warning] [Decorations] CAPPING events from decorations provider vscode.git 1959
[2022-06-30 08:54:23.813] [exthost] [warning] [Decorations] CAPPING events from decorations provider vscode.git 1959
[2022-06-30 08:54:29.048] [exthost] [warning] [Decorations] CAPPING events from decorations provider vscode.git 1959
[2022-06-30 08:54:34.216] [exthost] [warning] [Decorations] CAPPING events from decorations provider vscode.git 1959
[2022-06-30 08:54:39.361] [exthost] [warning] [Decorations] CAPPING events from decorations provider vscode.git 1956
[2022-06-30 08:54:44.564] [exthost] [warning] [Decorations] CAPPING events from decorations provider vscode.git 1956
[2022-06-30 08:54:49.763] [exthost] [warning] [Decorations] CAPPING events from decorations provider vscode.git 1956
[2022-06-30 08:55:34.477] [exthost] [warning] [Decorations] CAPPING events from decorations provider vscode.git 1956
[2022-06-30 08:55:39.631] [exthost] [warning] [Decorations] CAPPING events from decorations provider vscode.git 1956
[2022-06-30 08:55:44.771] [exthost] [warning] [Decorations] CAPPING events from decorations provider vscode.git 1956
[2022-06-30 08:55:50.390] [exthost] [warning] [Decorations] CAPPING events from decorations provider vscode.git 1956
[2022-06-30 08:55:55.524] [exthost] [warning] [Decorations] CAPPING events from decorations provider vscode.git 1956
[2022-06-30 08:56:00.790] [exthost] [warning] [Decorations] CAPPING events from decorations provider vscode.git 1956
[2022-06-30 08:56:05.924] [exthost] [warning] [Decorations] CAPPING events from decorations provider vscode.git 1956
[2022-06-30 08:56:11.136] [exthost] [warning] [Decorations] CAPPING events from decorations provider vscode.git 1956
[2022-06-30 08:56:16.286] [exthost] [warning] [Decorations] CAPPING events from decorations provider vscode.git 1956
[2022-06-30 08:56:21.506] [exthost] [warning] [Decorations] CAPPING events from decorations provider vscode.git 1956
[2022-06-30 08:56:26.681] [exthost] [warning] [Decorations] CAPPING events from decorations provider vscode.git 1956
[2022-06-30 08:56:31.926] [exthost] [warning] [Decorations] CAPPING events from decorations provider vscode.git 1957
[2022-06-30 08:56:37.070] [exthost] [warning] [Decorations] CAPPING events from decorations provider vscode.git 1957
[2022-06-30 08:56:42.271] [exthost] [warning] [Decorations] CAPPING events from decorations provider vscode.git 1957
[2022-06-30 08:56:47.454] [exthost] [warning] [Decorations] CAPPING events from decorations provider vscode.git 1957
[2022-06-30 08:56:52.729] [exthost] [warning] [Decorations] CAPPING events from decorations provider vscode.git 1957
[2022-06-30 08:56:57.873] [exthost] [warning] [Decorations] CAPPING events from decorations provider vscode.git 1957
[2022-06-30 08:57:03.098] [exthost] [warning] [Decorations] CAPPING events from decorations provider vscode.git 1957
[2022-06-30 08:57:08.243] [exthost] [warning] [Decorations] CAPPING events from decorations provider vscode.git 1957
