[2022-06-28 08:28:14.831] [exthost] [info] Extension host with pid 93762 started
[2022-06-28 08:28:14.863] [exthost] [info] Lock '/home/fred/.vscode-server/data/User/workspaceStorage/b3ca59feedba83c925ff25b7c1b4bc86/vscode.lock': Lock acquired.
[2022-06-28 08:28:15.115] [exthost] [info] ExtensionService#_doActivateExtension vscode.debug-auto-launch, startup: true, activationEvent: '*'
[2022-06-28 08:28:15.126] [exthost] [info] ExtensionService#_doActivateExtension vscode.git-base, startup: true, activationEvent: '*', root cause: vscode.git
[2022-06-28 08:28:15.135] [exthost] [info] ExtensionService#_doActivateExtension vscode.ipynb, startup: true, activationEvent: '*'
[2022-06-28 08:28:15.795] [exthost] [info] ExtensionService#_doActivateExtension vscode.git, startup: true, activationEvent: '*'
[2022-06-28 08:28:15.968] [exthost] [info] ExtensionService#_doActivateExtension vscode.github, startup: true, activationEvent: '*'
[2022-06-28 08:28:17.055] [exthost] [info] ExtensionService#_doActivateExtension vscode.emmet, startup: false, activationEvent: 'onStartupFinished'
[2022-06-28 08:28:17.084] [exthost] [info] ExtensionService#_doActivateExtension vscode.merge-conflict, startup: false, activationEvent: 'onStartupFinished'
[2022-06-28 08:28:17.091] [exthost] [info] Eager extensions activated
[2022-06-28 08:28:17.337] [exthost] [warning] [Decorations] CAPPING events from decorations provider vscode.git 1934
[2022-06-28 08:28:20.508] [exthost] [warning] [Decorations] CAPPING events from decorations provider vscode.git 1935
[2022-06-28 08:29:44.540] [exthost] [warning] [Decorations] CAPPING events from decorations provider vscode.git 1935
[2022-06-28 08:29:49.737] [exthost] [warning] [Decorations] CAPPING events from decorations provider vscode.git 1935
[2022-06-28 08:30:06.790] [exthost] [warning] [Decorations] CAPPING events from decorations provider vscode.git 1935
[2022-06-28 08:30:12.016] [exthost] [warning] [Decorations] CAPPING events from decorations provider vscode.git 1935
[2022-06-28 08:30:18.580] [exthost] [warning] [Decorations] CAPPING events from decorations provider vscode.git 1935
[2022-06-28 08:30:25.686] [exthost] [warning] [Decorations] CAPPING events from decorations provider vscode.git 1935
[2022-06-28 08:30:30.850] [exthost] [warning] [Decorations] CAPPING events from decorations provider vscode.git 1935
[2022-06-28 08:30:36.012] [exthost] [warning] [Decorations] CAPPING events from decorations provider vscode.git 1935
[2022-06-28 08:30:41.165] [exthost] [warning] [Decorations] CAPPING events from decorations provider vscode.git 1935
[2022-06-28 08:30:46.356] [exthost] [warning] [Decorations] CAPPING events from decorations provider vscode.git 1935
[2022-06-28 08:30:51.599] [exthost] [warning] [Decorations] CAPPING events from decorations provider vscode.git 1935
[2022-06-28 08:30:56.747] [exthost] [warning] [Decorations] CAPPING events from decorations provider vscode.git 1935
[2022-06-28 08:31:01.992] [exthost] [warning] [Decorations] CAPPING events from decorations provider vscode.git 1935
[2022-06-28 08:31:07.187] [exthost] [warning] [Decorations] CAPPING events from decorations provider vscode.git 1935
[2022-06-28 08:31:12.410] [exthost] [warning] [Decorations] CAPPING events from decorations provider vscode.git 1935
[2022-06-28 08:31:22.318] [exthost] [warning] [Decorations] CAPPING events from decorations provider vscode.git 1935
[2022-06-28 08:31:27.488] [exthost] [warning] [Decorations] CAPPING events from decorations provider vscode.git 1935
[2022-06-28 08:31:32.648] [exthost] [warning] [Decorations] CAPPING events from decorations provider vscode.git 1935
[2022-06-28 08:31:37.818] [exthost] [warning] [Decorations] CAPPING events from decorations provider vscode.git 1935
[2022-06-28 08:31:42.987] [exthost] [warning] [Decorations] CAPPING events from decorations provider vscode.git 1935
[2022-06-28 08:31:48.137] [exthost] [warning] [Decorations] CAPPING events from decorations provider vscode.git 1935
[2022-06-28 08:31:53.301] [exthost] [warning] [Decorations] CAPPING events from decorations provider vscode.git 1935
[2022-06-28 08:32:06.357] [exthost] [warning] [Decorations] CAPPING events from decorations provider vscode.git 1935
[2022-06-28 08:32:29.358] [exthost] [warning] [Decorations] CAPPING events from decorations provider vscode.git 1935
[2022-06-28 08:32:34.576] [exthost] [warning] [Decorations] CAPPING events from decorations provider vscode.git 1935
[2022-06-28 08:32:39.737] [exthost] [warning] [Decorations] CAPPING events from decorations provider vscode.git 1935
[2022-06-28 08:32:44.980] [exthost] [warning] [Decorations] CAPPING events from decorations provider vscode.git 1935
[2022-06-28 08:32:50.193] [exthost] [warning] [Decorations] CAPPING events from decorations provider vscode.git 1935
[2022-06-28 08:32:55.367] [exthost] [warning] [Decorations] CAPPING events from decorations provider vscode.git 1935
[2022-06-28 08:33:00.534] [exthost] [warning] [Decorations] CAPPING events from decorations provider vscode.git 1935
[2022-06-28 08:33:05.731] [exthost] [warning] [Decorations] CAPPING events from decorations provider vscode.git 1935
[2022-06-28 08:33:34.152] [exthost] [warning] [Decorations] CAPPING events from decorations provider vscode.git 1935
[2022-06-28 08:33:40.418] [exthost] [warning] [Decorations] CAPPING events from decorations provider vscode.git 1934
[2022-06-28 08:34:13.258] [exthost] [warning] [Decorations] CAPPING events from decorations provider vscode.git 1934
[2022-06-28 08:34:51.621] [exthost] [warning] [Decorations] CAPPING events from decorations provider vscode.git 1934
[2022-06-28 08:34:56.771] [exthost] [warning] [Decorations] CAPPING events from decorations provider vscode.git 1934
[2022-06-28 08:35:02.076] [exthost] [warning] [Decorations] CAPPING events from decorations provider vscode.git 1934
[2022-06-28 08:35:07.236] [exthost] [warning] [Decorations] CAPPING events from decorations provider vscode.git 1934
[2022-06-28 08:35:12.425] [exthost] [warning] [Decorations] CAPPING events from decorations provider vscode.git 1934
[2022-06-28 08:35:17.637] [exthost] [warning] [Decorations] CAPPING events from decorations provider vscode.git 1934
[2022-06-28 08:35:22.841] [exthost] [warning] [Decorations] CAPPING events from decorations provider vscode.git 1934
[2022-06-28 08:35:27.992] [exthost] [warning] [Decorations] CAPPING events from decorations provider vscode.git 1934
[2022-06-28 08:35:33.236] [exthost] [warning] [Decorations] CAPPING events from decorations provider vscode.git 1934
[2022-06-28 08:35:38.399] [exthost] [warning] [Decorations] CAPPING events from decorations provider vscode.git 1934
[2022-06-28 08:35:43.598] [exthost] [warning] [Decorations] CAPPING events from decorations provider vscode.git 1934
[2022-06-28 08:35:48.804] [exthost] [warning] [Decorations] CAPPING events from decorations provider vscode.git 1935
[2022-06-28 08:35:53.980] [exthost] [warning] [Decorations] CAPPING events from decorations provider vscode.git 1936
[2022-06-28 08:35:59.140] [exthost] [warning] [Decorations] CAPPING events from decorations provider vscode.git 1936
[2022-06-28 08:36:04.305] [exthost] [warning] [Decorations] CAPPING events from decorations provider vscode.git 1936
[2022-06-28 08:36:11.171] [exthost] [warning] [Decorations] CAPPING events from decorations provider vscode.git 1936
[2022-06-28 08:36:16.398] [exthost] [warning] [Decorations] CAPPING events from decorations provider vscode.git 1936
[2022-06-28 08:36:22.258] [exthost] [warning] [Decorations] CAPPING events from decorations provider vscode.git 1936
[2022-06-28 08:36:27.551] [exthost] [warning] [Decorations] CAPPING events from decorations provider vscode.git 1936
[2022-06-28 08:38:06.006] [exthost] [warning] [Decorations] CAPPING events from decorations provider vscode.git 1936
[2022-06-28 08:38:11.244] [exthost] [warning] [Decorations] CAPPING events from decorations provider vscode.git 1936
[2022-06-28 08:38:16.436] [exthost] [warning] [Decorations] CAPPING events from decorations provider vscode.git 1936
[2022-06-28 08:38:21.658] [exthost] [warning] [Decorations] CAPPING events from decorations provider vscode.git 1936
[2022-06-28 08:38:26.820] [exthost] [warning] [Decorations] CAPPING events from decorations provider vscode.git 1937
[2022-06-28 08:38:37.149] [exthost] [warning] [Decorations] CAPPING events from decorations provider vscode.git 1937
[2022-06-28 08:39:14.212] [exthost] [warning] [Decorations] CAPPING events from decorations provider vscode.git 1937
[2022-06-28 08:39:19.462] [exthost] [warning] [Decorations] CAPPING events from decorations provider vscode.git 1937
[2022-06-28 08:39:34.803] [exthost] [warning] [Decorations] CAPPING events from decorations provider vscode.git 1937
[2022-06-28 08:39:39.975] [exthost] [warning] [Decorations] CAPPING events from decorations provider vscode.git 1937
[2022-06-28 08:39:45.161] [exthost] [warning] [Decorations] CAPPING events from decorations provider vscode.git 1937
[2022-06-28 08:39:54.092] [exthost] [warning] [Decorations] CAPPING events from decorations provider vscode.git 1937
[2022-06-28 08:39:59.264] [exthost] [warning] [Decorations] CAPPING events from decorations provider vscode.git 1937
[2022-06-28 08:40:04.536] [exthost] [warning] [Decorations] CAPPING events from decorations provider vscode.git 1937
[2022-06-28 08:40:11.495] [exthost] [warning] [Decorations] CAPPING events from decorations provider vscode.git 1937
[2022-06-28 08:40:16.658] [exthost] [warning] [Decorations] CAPPING events from decorations provider vscode.git 1937
[2022-06-28 08:40:48.237] [exthost] [warning] [Decorations] CAPPING events from decorations provider vscode.git 1937
[2022-06-28 08:40:53.416] [exthost] [warning] [Decorations] CAPPING events from decorations provider vscode.git 1937
[2022-06-28 08:40:58.572] [exthost] [warning] [Decorations] CAPPING events from decorations provider vscode.git 1937
[2022-06-28 08:41:03.780] [exthost] [warning] [Decorations] CAPPING events from decorations provider vscode.git 1937
[2022-06-28 08:41:09.038] [exthost] [warning] [Decorations] CAPPING events from decorations provider vscode.git 1937
[2022-06-28 08:41:14.226] [exthost] [warning] [Decorations] CAPPING events from decorations provider vscode.git 1937
[2022-06-28 08:41:19.587] [exthost] [warning] [Decorations] CAPPING events from decorations provider vscode.git 1937
[2022-06-28 08:41:26.460] [exthost] [warning] [Decorations] CAPPING events from decorations provider vscode.git 1937
[2022-06-28 08:41:31.711] [exthost] [warning] [Decorations] CAPPING events from decorations provider vscode.git 1937
[2022-06-28 08:41:36.857] [exthost] [warning] [Decorations] CAPPING events from decorations provider vscode.git 1937
[2022-06-28 08:41:42.063] [exthost] [warning] [Decorations] CAPPING events from decorations provider vscode.git 1937
[2022-06-28 08:41:47.318] [exthost] [warning] [Decorations] CAPPING events from decorations provider vscode.git 1937
[2022-06-28 08:41:52.468] [exthost] [warning] [Decorations] CAPPING events from decorations provider vscode.git 1937
[2022-06-28 08:41:57.697] [exthost] [warning] [Decorations] CAPPING events from decorations provider vscode.git 1937
[2022-06-28 08:42:02.859] [exthost] [warning] [Decorations] CAPPING events from decorations provider vscode.git 1937
[2022-06-28 08:42:08.000] [exthost] [warning] [Decorations] CAPPING events from decorations provider vscode.git 1937
[2022-06-28 08:42:13.183] [exthost] [warning] [Decorations] CAPPING events from decorations provider vscode.git 1937
[2022-06-28 08:42:18.385] [exthost] [warning] [Decorations] CAPPING events from decorations provider vscode.git 1937
[2022-06-28 08:42:23.553] [exthost] [warning] [Decorations] CAPPING events from decorations provider vscode.git 1937
[2022-06-28 08:42:28.791] [exthost] [warning] [Decorations] CAPPING events from decorations provider vscode.git 1937
[2022-06-28 08:42:34.010] [exthost] [warning] [Decorations] CAPPING events from decorations provider vscode.git 1937
[2022-06-28 08:42:39.189] [exthost] [warning] [Decorations] CAPPING events from decorations provider vscode.git 1937
[2022-06-28 08:42:44.343] [exthost] [warning] [Decorations] CAPPING events from decorations provider vscode.git 1937
[2022-06-28 08:42:49.566] [exthost] [warning] [Decorations] CAPPING events from decorations provider vscode.git 1937
[2022-06-28 08:42:54.725] [exthost] [warning] [Decorations] CAPPING events from decorations provider vscode.git 1937
[2022-06-28 08:42:59.918] [exthost] [warning] [Decorations] CAPPING events from decorations provider vscode.git 1937
[2022-06-28 08:43:05.070] [exthost] [warning] [Decorations] CAPPING events from decorations provider vscode.git 1937
[2022-06-28 08:43:10.244] [exthost] [warning] [Decorations] CAPPING events from decorations provider vscode.git 1937
[2022-06-28 08:43:15.482] [exthost] [warning] [Decorations] CAPPING events from decorations provider vscode.git 1937
[2022-06-28 08:43:49.981] [exthost] [warning] [Decorations] CAPPING events from decorations provider vscode.git 1937
[2022-06-28 08:43:55.938] [exthost] [warning] [Decorations] CAPPING events from decorations provider vscode.git 1937
[2022-06-28 08:44:01.957] [exthost] [warning] [Decorations] CAPPING events from decorations provider vscode.git 1937
[2022-06-28 08:44:16.224] [exthost] [warning] [Decorations] CAPPING events from decorations provider vscode.git 1937
[2022-06-28 08:44:57.002] [exthost] [warning] [Decorations] CAPPING events from decorations provider vscode.git 1937
[2022-06-28 08:45:02.295] [exthost] [warning] [Decorations] CAPPING events from decorations provider vscode.git 1937
[2022-06-28 08:46:38.106] [exthost] [warning] [Decorations] CAPPING events from decorations provider vscode.git 1939
[2022-06-28 08:47:06.487] [exthost] [warning] [Decorations] CAPPING events from decorations provider vscode.git 1939
[2022-06-28 08:47:14.847] [exthost] [warning] [Decorations] CAPPING events from decorations provider vscode.git 1939
[2022-06-28 08:47:20.020] [exthost] [warning] [Decorations] CAPPING events from decorations provider vscode.git 1939
[2022-06-28 08:47:31.780] [exthost] [warning] [Decorations] CAPPING events from decorations provider vscode.git 1939
[2022-06-28 08:47:37.017] [exthost] [warning] [Decorations] CAPPING events from decorations provider vscode.git 1939
[2022-06-28 08:47:42.205] [exthost] [warning] [Decorations] CAPPING events from decorations provider vscode.git 1939
[2022-06-28 08:47:47.364] [exthost] [warning] [Decorations] CAPPING events from decorations provider vscode.git 1939
[2022-06-28 08:47:52.528] [exthost] [warning] [Decorations] CAPPING events from decorations provider vscode.git 1939
[2022-06-28 08:47:57.691] [exthost] [warning] [Decorations] CAPPING events from decorations provider vscode.git 1939
[2022-06-28 08:48:02.862] [exthost] [warning] [Decorations] CAPPING events from decorations provider vscode.git 1939
[2022-06-28 08:48:07.997] [exthost] [warning] [Decorations] CAPPING events from decorations provider vscode.git 1939
[2022-06-28 08:48:13.158] [exthost] [warning] [Decorations] CAPPING events from decorations provider vscode.git 1939
[2022-06-28 08:48:18.343] [exthost] [warning] [Decorations] CAPPING events from decorations provider vscode.git 1939
[2022-06-28 08:48:23.499] [exthost] [warning] [Decorations] CAPPING events from decorations provider vscode.git 1939
[2022-06-28 08:48:28.632] [exthost] [warning] [Decorations] CAPPING events from decorations provider vscode.git 1939
[2022-06-28 08:48:33.826] [exthost] [warning] [Decorations] CAPPING events from decorations provider vscode.git 1939
[2022-06-28 08:48:39.009] [exthost] [warning] [Decorations] CAPPING events from decorations provider vscode.git 1939
[2022-06-28 08:48:44.177] [exthost] [warning] [Decorations] CAPPING events from decorations provider vscode.git 1939
[2022-06-28 08:48:49.321] [exthost] [warning] [Decorations] CAPPING events from decorations provider vscode.git 1939
[2022-06-28 08:48:54.469] [exthost] [warning] [Decorations] CAPPING events from decorations provider vscode.git 1939
[2022-06-28 08:48:59.609] [exthost] [warning] [Decorations] CAPPING events from decorations provider vscode.git 1939
[2022-06-28 08:49:04.793] [exthost] [warning] [Decorations] CAPPING events from decorations provider vscode.git 1939
[2022-06-28 08:49:09.926] [exthost] [warning] [Decorations] CAPPING events from decorations provider vscode.git 1939
[2022-06-28 08:49:15.134] [exthost] [warning] [Decorations] CAPPING events from decorations provider vscode.git 1939
[2022-06-28 08:49:20.339] [exthost] [warning] [Decorations] CAPPING events from decorations provider vscode.git 1939
[2022-06-28 08:49:25.479] [exthost] [warning] [Decorations] CAPPING events from decorations provider vscode.git 1939
[2022-06-28 08:49:30.659] [exthost] [warning] [Decorations] CAPPING events from decorations provider vscode.git 1939
[2022-06-28 08:49:35.803] [exthost] [warning] [Decorations] CAPPING events from decorations provider vscode.git 1939
[2022-06-28 08:49:40.957] [exthost] [warning] [Decorations] CAPPING events from decorations provider vscode.git 1939
[2022-06-28 08:49:46.136] [exthost] [warning] [Decorations] CAPPING events from decorations provider vscode.git 1939
[2022-06-28 08:50:04.363] [exthost] [warning] [Decorations] CAPPING events from decorations provider vscode.git 1939
[2022-06-28 08:50:09.539] [exthost] [warning] [Decorations] CAPPING events from decorations provider vscode.git 1939
[2022-06-28 08:50:18.450] [exthost] [warning] [Decorations] CAPPING events from decorations provider vscode.git 1939
[2022-06-28 08:50:23.653] [exthost] [warning] [Decorations] CAPPING events from decorations provider vscode.git 1939
[2022-06-28 08:50:41.681] [exthost] [warning] [Decorations] CAPPING events from decorations provider vscode.git 1939
[2022-06-28 08:50:46.856] [exthost] [warning] [Decorations] CAPPING events from decorations provider vscode.git 1939
[2022-06-28 08:50:52.017] [exthost] [warning] [Decorations] CAPPING events from decorations provider vscode.git 1939
[2022-06-28 08:50:57.196] [exthost] [warning] [Decorations] CAPPING events from decorations provider vscode.git 1939
[2022-06-28 08:51:02.360] [exthost] [warning] [Decorations] CAPPING events from decorations provider vscode.git 1939
[2022-06-28 08:51:07.502] [exthost] [warning] [Decorations] CAPPING events from decorations provider vscode.git 1939
[2022-06-28 08:51:12.725] [exthost] [warning] [Decorations] CAPPING events from decorations provider vscode.git 1939
[2022-06-28 08:51:19.188] [exthost] [warning] [Decorations] CAPPING events from decorations provider vscode.git 1939
[2022-06-28 08:51:30.981] [exthost] [warning] [Decorations] CAPPING events from decorations provider vscode.git 1939
[2022-06-28 08:51:52.363] [exthost] [warning] [Decorations] CAPPING events from decorations provider vscode.git 1939
[2022-06-28 08:51:57.516] [exthost] [warning] [Decorations] CAPPING events from decorations provider vscode.git 1939
[2022-06-28 08:52:02.710] [exthost] [warning] [Decorations] CAPPING events from decorations provider vscode.git 1939
[2022-06-28 08:52:13.285] [exthost] [warning] [Decorations] CAPPING events from decorations provider vscode.git 1939
[2022-06-28 08:54:06.682] [exthost] [warning] [Decorations] CAPPING events from decorations provider vscode.git 1939
[2022-06-28 08:54:11.837] [exthost] [warning] [Decorations] CAPPING events from decorations provider vscode.git 1939
[2022-06-28 08:54:16.999] [exthost] [warning] [Decorations] CAPPING events from decorations provider vscode.git 1939
[2022-06-28 08:54:22.189] [exthost] [warning] [Decorations] CAPPING events from decorations provider vscode.git 1939
[2022-06-28 08:54:27.334] [exthost] [warning] [Decorations] CAPPING events from decorations provider vscode.git 1939
[2022-06-28 08:54:32.491] [exthost] [warning] [Decorations] CAPPING events from decorations provider vscode.git 1939
[2022-06-28 08:54:37.629] [exthost] [warning] [Decorations] CAPPING events from decorations provider vscode.git 1939
[2022-06-28 08:54:42.766] [exthost] [warning] [Decorations] CAPPING events from decorations provider vscode.git 1939
[2022-06-28 08:54:47.936] [exthost] [warning] [Decorations] CAPPING events from decorations provider vscode.git 1939
[2022-06-28 08:54:53.120] [exthost] [warning] [Decorations] CAPPING events from decorations provider vscode.git 1939
[2022-06-28 08:54:58.278] [exthost] [warning] [Decorations] CAPPING events from decorations provider vscode.git 1939
[2022-06-28 08:56:56.040] [exthost] [warning] [Decorations] CAPPING events from decorations provider vscode.git 1939
[2022-06-28 08:57:01.225] [exthost] [warning] [Decorations] CAPPING events from decorations provider vscode.git 1939
[2022-06-28 08:57:06.382] [exthost] [warning] [Decorations] CAPPING events from decorations provider vscode.git 1939
[2022-06-28 08:57:11.542] [exthost] [warning] [Decorations] CAPPING events from decorations provider vscode.git 1939
[2022-06-28 08:57:16.800] [exthost] [warning] [Decorations] CAPPING events from decorations provider vscode.git 1939
[2022-06-28 08:57:21.996] [exthost] [warning] [Decorations] CAPPING events from decorations provider vscode.git 1939
[2022-06-28 08:57:27.197] [exthost] [warning] [Decorations] CAPPING events from decorations provider vscode.git 1939
[2022-06-28 08:57:32.418] [exthost] [warning] [Decorations] CAPPING events from decorations provider vscode.git 1939
[2022-06-28 08:57:37.566] [exthost] [warning] [Decorations] CAPPING events from decorations provider vscode.git 1939
[2022-06-28 08:57:42.731] [exthost] [warning] [Decorations] CAPPING events from decorations provider vscode.git 1939
[2022-06-28 08:58:13.348] [exthost] [warning] [Decorations] CAPPING events from decorations provider vscode.git 1939
[2022-06-28 08:58:27.681] [exthost] [warning] [Decorations] CAPPING events from decorations provider vscode.git 1939
[2022-06-28 08:58:33.548] [exthost] [warning] [Decorations] CAPPING events from decorations provider vscode.git 1939
[2022-06-28 08:58:39.106] [exthost] [warning] [Decorations] CAPPING events from decorations provider vscode.git 1939
[2022-06-28 08:58:44.288] [exthost] [warning] [Decorations] CAPPING events from decorations provider vscode.git 1939
[2022-06-28 08:59:04.932] [exthost] [warning] [Decorations] CAPPING events from decorations provider vscode.git 1939
[2022-06-28 08:59:45.591] [exthost] [warning] [Decorations] CAPPING events from decorations provider vscode.git 1939
[2022-06-28 08:59:50.799] [exthost] [warning] [Decorations] CAPPING events from decorations provider vscode.git 1939
[2022-06-28 08:59:55.981] [exthost] [warning] [Decorations] CAPPING events from decorations provider vscode.git 1939
[2022-06-28 09:00:01.198] [exthost] [warning] [Decorations] CAPPING events from decorations provider vscode.git 1939
[2022-06-28 09:00:11.491] [exthost] [warning] [Decorations] CAPPING events from decorations provider vscode.git 1939
[2022-06-28 09:00:43.868] [exthost] [warning] [Decorations] CAPPING events from decorations provider vscode.git 1939
[2022-06-28 09:00:52.709] [exthost] [warning] [Decorations] CAPPING events from decorations provider vscode.git 1939
[2022-06-28 09:00:57.843] [exthost] [warning] [Decorations] CAPPING events from decorations provider vscode.git 1939
[2022-06-28 09:01:03.066] [exthost] [warning] [Decorations] CAPPING events from decorations provider vscode.git 1939
[2022-06-28 09:01:12.195] [exthost] [warning] [Decorations] CAPPING events from decorations provider vscode.git 1939
[2022-06-28 09:01:17.374] [exthost] [warning] [Decorations] CAPPING events from decorations provider vscode.git 1939
[2022-06-28 09:01:22.522] [exthost] [warning] [Decorations] CAPPING events from decorations provider vscode.git 1939
[2022-06-28 09:02:48.691] [exthost] [warning] [Decorations] CAPPING events from decorations provider vscode.git 1939
[2022-06-28 09:03:20.117] [exthost] [warning] [Decorations] CAPPING events from decorations provider vscode.git 1939
[2022-06-28 09:03:25.250] [exthost] [warning] [Decorations] CAPPING events from decorations provider vscode.git 1939
[2022-06-28 09:04:58.689] [exthost] [warning] [Decorations] CAPPING events from decorations provider vscode.git 1939
[2022-06-28 09:05:03.884] [exthost] [warning] [Decorations] CAPPING events from decorations provider vscode.git 1939
[2022-06-28 09:05:09.047] [exthost] [warning] [Decorations] CAPPING events from decorations provider vscode.git 1939
[2022-06-28 09:05:14.224] [exthost] [warning] [Decorations] CAPPING events from decorations provider vscode.git 1939
[2022-06-28 09:05:19.386] [exthost] [warning] [Decorations] CAPPING events from decorations provider vscode.git 1939
[2022-06-28 09:05:24.598] [exthost] [warning] [Decorations] CAPPING events from decorations provider vscode.git 1939
[2022-06-28 12:26:04.424] [exthost] [info] Extension host terminating: renderer disconnected for too long (1)
[2022-06-28 12:26:04.424] [exthost] [info] Lock '/home/fred/.vscode-server/data/User/workspaceStorage/b3ca59feedba83c925ff25b7c1b4bc86/vscode.lock': Marking the lockfile as scheduled to be released in 6000 ms.
[2022-06-28 12:26:04.446] [exthost] [info] Extension host with pid 93762 exiting with code 0
