[2022-06-28T05:59:01.892Z] Log level: Info
[2022-06-28T05:59:01.896Z] [info] Validating found git in: git
[2022-06-28T05:59:01.999Z] [info] Using git 2.25.1 from git
[2022-06-28T05:59:02.073Z] > git rev-parse --show-toplevel [48ms]
[2022-06-28T05:59:02.073Z] fatal: not a git repository (or any of the parent directories): .git
[2022-06-28T05:59:02.137Z] > git rev-parse --show-toplevel [36ms]
[2022-06-28T05:59:02.137Z] fatal: not a git repository (or any of the parent directories): .git
[2022-06-28T05:59:02.169Z] > git rev-parse --show-toplevel [19ms]
[2022-06-28T05:59:02.169Z] fatal: not a git repository (or any of the parent directories): .git
[2022-06-28T05:59:02.188Z] > git rev-parse --show-toplevel [10ms]
[2022-06-28T05:59:02.188Z] fatal: not a git repository (or any of the parent directories): .git
[2022-06-28T05:59:02.202Z] > git rev-parse --show-toplevel [4ms]
[2022-06-28T05:59:02.202Z] fatal: not a git repository (or any of the parent directories): .git
[2022-06-28T05:59:02.234Z] > git rev-parse --show-toplevel [8ms]
[2022-06-28T05:59:02.234Z] fatal: not a git repository (or any of the parent directories): .git
[2022-06-28T05:59:02.251Z] > git rev-parse --show-toplevel [6ms]
[2022-06-28T05:59:02.251Z] fatal: not a git repository (or any of the parent directories): .git
[2022-06-28T05:59:02.267Z] > git rev-parse --show-toplevel [7ms]
[2022-06-28T05:59:02.267Z] fatal: not a git repository (or any of the parent directories): .git
[2022-06-28T05:59:02.282Z] > git rev-parse --show-toplevel [4ms]
[2022-06-28T05:59:02.282Z] fatal: not a git repository (or any of the parent directories): .git
[2022-06-28T05:59:02.357Z] > git rev-parse --show-toplevel [53ms]
[2022-06-28T05:59:02.381Z] > git rev-parse --git-dir --git-common-dir [12ms]
[2022-06-28T05:59:02.395Z] [info] Open repository: /home/fred/aipc
[2022-06-28T05:59:02.436Z] > git status -z -uall [26ms]
[2022-06-28T05:59:02.450Z] > git rev-parse --show-toplevel [16ms]
[2022-06-28T05:59:02.450Z] fatal: not a git repository (or any of the parent directories): .git
[2022-06-28T05:59:02.452Z] > git symbolic-ref --short HEAD [3ms]
[2022-06-28T05:59:02.469Z] > git for-each-ref --format=%(refname)%00%(upstream:short)%00%(objectname)%00%(upstream:track)%00%(upstream:remotename)%00%(upstream:remoteref) refs/heads/main refs/remotes/main [6ms]
[2022-06-28T05:59:02.491Z] > git for-each-ref --sort -committerdate --format %(refname) %(objectname) %(*objectname) [12ms]
[2022-06-28T05:59:02.498Z] > git remote --verbose [10ms]
[2022-06-28T05:59:02.516Z] > git config --get commit.template [3ms]
[2022-06-28T05:59:03.443Z] > git check-ignore -v -z --stdin [2ms]
[2022-06-28T05:59:04.292Z] > git rev-parse --show-toplevel [10ms]
[2022-06-28T05:59:04.292Z] fatal: not a git repository (or any of the parent directories): .git
[2022-06-28T05:59:04.517Z] > git rev-parse --show-toplevel [2ms]
[2022-06-28T05:59:04.517Z] fatal: not a git repository (or any of the parent directories): .git
[2022-06-28T05:59:04.529Z] > git rev-parse --show-toplevel [2ms]
[2022-06-28T05:59:04.529Z] fatal: not a git repository (or any of the parent directories): .git
[2022-06-28T05:59:04.737Z] > git rev-parse --show-toplevel [3ms]
[2022-06-28T05:59:04.737Z] fatal: not a git repository (or any of the parent directories): .git
[2022-06-28T05:59:04.752Z] > git rev-parse --show-toplevel [1ms]
[2022-06-28T05:59:04.752Z] fatal: not a git repository (or any of the parent directories): .git
[2022-06-28T06:00:18.484Z] > git rev-parse --show-toplevel [1ms]
[2022-06-28T06:00:18.484Z] fatal: not a git repository (or any of the parent directories): .git
[2022-06-28T06:00:18.662Z] > git rev-parse --show-toplevel [2ms]
[2022-06-28T06:00:18.662Z] fatal: not a git repository (or any of the parent directories): .git
[2022-06-28T06:01:13.677Z] > git rev-parse --show-toplevel [2ms]
[2022-06-28T06:01:13.677Z] fatal: not a git repository (or any of the parent directories): .git
[2022-06-28T06:01:13.938Z] > git check-ignore -v -z --stdin [3ms]
[2022-06-28T06:01:18.440Z] > git rev-parse --show-toplevel [2ms]
[2022-06-28T06:01:18.440Z] fatal: not a git repository (or any of the parent directories): .git
[2022-06-28T06:01:32.853Z] > git rev-parse --show-toplevel [2ms]
[2022-06-28T06:01:32.853Z] fatal: not a git repository (or any of the parent directories): .git
[2022-06-28T06:03:40.565Z] > git rev-parse --show-toplevel [2ms]
[2022-06-28T06:03:40.585Z] > git rev-parse --git-dir --git-common-dir [10ms]
[2022-06-28T06:03:40.591Z] [info] Open repository: /home/fred
[2022-06-28T06:03:40.693Z] > git status -z -uall [56ms]
[2022-06-28T06:03:40.704Z] > git symbolic-ref --short HEAD [2ms]
[2022-06-28T06:03:40.718Z] > git for-each-ref --format=%(refname)%00%(upstream:short)%00%(objectname)%00%(upstream:track)%00%(upstream:remotename)%00%(upstream:remoteref) refs/heads/master refs/remotes/master [2ms]
[2022-06-28T06:03:40.743Z] > git for-each-ref --sort -committerdate --format %(refname) %(objectname) %(*objectname) [10ms]
[2022-06-28T06:03:40.744Z] > git remote --verbose [4ms]
[2022-06-28T06:03:42.167Z] > git config --get commit.template [14ms]
[2022-06-28T06:03:42.702Z] > git check-ignore -v -z --stdin [18ms]
[2022-06-28T06:03:42.704Z] > git check-ignore -v -z --stdin [5ms]
[2022-06-28T06:03:42.947Z] > git show --textconv :day1/provider.tf [15ms]
[2022-06-28T06:03:42.975Z] > git ls-files --stage -- /home/fred/day1/provider.tf [30ms]
[2022-06-28T06:03:51.641Z] > git check-ignore -v -z --stdin [2ms]
[2022-06-28T06:05:01.047Z] > git status -z -uall [31ms]
[2022-06-28T06:05:01.078Z] > git symbolic-ref --short HEAD [2ms]
[2022-06-28T06:05:01.096Z] > git for-each-ref --format=%(refname)%00%(upstream:short)%00%(objectname)%00%(upstream:track)%00%(upstream:remotename)%00%(upstream:remoteref) refs/heads/master refs/remotes/master [7ms]
[2022-06-28T06:05:01.118Z] > git for-each-ref --sort -committerdate --format %(refname) %(objectname) %(*objectname) [10ms]
[2022-06-28T06:05:01.119Z] > git remote --verbose [2ms]
[2022-06-28T06:05:01.216Z] > git config --get commit.template [2ms]
[2022-06-28T06:05:06.278Z] > git status -z -uall [36ms]
[2022-06-28T06:05:06.311Z] > git symbolic-ref --short HEAD [1ms]
[2022-06-28T06:05:06.325Z] > git for-each-ref --format=%(refname)%00%(upstream:short)%00%(objectname)%00%(upstream:track)%00%(upstream:remotename)%00%(upstream:remoteref) refs/heads/master refs/remotes/master [3ms]
[2022-06-28T06:05:06.351Z] > git remote --verbose [5ms]
[2022-06-28T06:05:06.351Z] > git for-each-ref --sort -committerdate --format %(refname) %(objectname) %(*objectname) [14ms]
[2022-06-28T06:05:06.414Z] > git config --get commit.template [2ms]
[2022-06-28T06:05:11.451Z] > git status -z -uall [24ms]
[2022-06-28T06:05:11.464Z] > git symbolic-ref --short HEAD [2ms]
[2022-06-28T06:05:11.477Z] > git for-each-ref --format=%(refname)%00%(upstream:short)%00%(objectname)%00%(upstream:track)%00%(upstream:remotename)%00%(upstream:remoteref) refs/heads/master refs/remotes/master [2ms]
[2022-06-28T06:05:11.501Z] > git for-each-ref --sort -committerdate --format %(refname) %(objectname) %(*objectname) [13ms]
[2022-06-28T06:05:11.502Z] > git remote --verbose [3ms]
[2022-06-28T06:05:11.567Z] > git config --get commit.template [4ms]
[2022-06-28T06:05:16.626Z] > git status -z -uall [29ms]
[2022-06-28T06:05:16.639Z] > git symbolic-ref --short HEAD [1ms]
[2022-06-28T06:05:16.654Z] > git for-each-ref --format=%(refname)%00%(upstream:short)%00%(objectname)%00%(upstream:track)%00%(upstream:remotename)%00%(upstream:remoteref) refs/heads/master refs/remotes/master [1ms]
[2022-06-28T06:05:16.689Z] > git remote --verbose [2ms]
[2022-06-28T06:05:16.689Z] > git for-each-ref --sort -committerdate --format %(refname) %(objectname) %(*objectname) [25ms]
[2022-06-28T06:05:16.753Z] > git config --get commit.template [3ms]
[2022-06-28T06:05:21.793Z] > git status -z -uall [24ms]
[2022-06-28T06:05:21.819Z] > git symbolic-ref --short HEAD [1ms]
[2022-06-28T06:05:21.840Z] > git for-each-ref --format=%(refname)%00%(upstream:short)%00%(objectname)%00%(upstream:track)%00%(upstream:remotename)%00%(upstream:remoteref) refs/heads/master refs/remotes/master [8ms]
[2022-06-28T06:05:21.882Z] > git remote --verbose [2ms]
[2022-06-28T06:05:21.883Z] > git for-each-ref --sort -committerdate --format %(refname) %(objectname) %(*objectname) [30ms]
[2022-06-28T06:05:21.960Z] > git config --get commit.template [3ms]
[2022-06-28T06:05:27.011Z] > git status -z -uall [36ms]
[2022-06-28T06:05:27.026Z] > git symbolic-ref --short HEAD [3ms]
[2022-06-28T06:05:27.041Z] > git for-each-ref --format=%(refname)%00%(upstream:short)%00%(objectname)%00%(upstream:track)%00%(upstream:remotename)%00%(upstream:remoteref) refs/heads/master refs/remotes/master [2ms]
[2022-06-28T06:05:27.069Z] > git for-each-ref --sort -committerdate --format %(refname) %(objectname) %(*objectname) [13ms]
[2022-06-28T06:05:27.069Z] > git remote --verbose [3ms]
[2022-06-28T06:05:27.146Z] > git config --get commit.template [1ms]
[2022-06-28T06:05:29.427Z] > git check-ignore -v -z --stdin [5ms]
[2022-06-28T06:05:32.185Z] > git status -z -uall [25ms]
[2022-06-28T06:05:32.200Z] > git symbolic-ref --short HEAD [2ms]
[2022-06-28T06:05:32.216Z] > git for-each-ref --format=%(refname)%00%(upstream:short)%00%(objectname)%00%(upstream:track)%00%(upstream:remotename)%00%(upstream:remoteref) refs/heads/master refs/remotes/master [1ms]
[2022-06-28T06:05:32.239Z] > git for-each-ref --sort -committerdate --format %(refname) %(objectname) %(*objectname) [12ms]
[2022-06-28T06:05:32.242Z] > git remote --verbose [5ms]
[2022-06-28T06:05:32.297Z] > git config --get commit.template [2ms]
[2022-06-28T06:05:37.332Z] > git status -z -uall [22ms]
[2022-06-28T06:05:37.346Z] > git symbolic-ref --short HEAD [2ms]
[2022-06-28T06:05:37.364Z] > git for-each-ref --format=%(refname)%00%(upstream:short)%00%(objectname)%00%(upstream:track)%00%(upstream:remotename)%00%(upstream:remoteref) refs/heads/master refs/remotes/master [1ms]
[2022-06-28T06:05:37.406Z] > git remote --verbose [2ms]
[2022-06-28T06:05:37.406Z] > git for-each-ref --sort -committerdate --format %(refname) %(objectname) %(*objectname) [29ms]
[2022-06-28T06:05:37.467Z] > git config --get commit.template [4ms]
[2022-06-28T06:05:42.509Z] > git status -z -uall [19ms]
[2022-06-28T06:05:42.531Z] > git symbolic-ref --short HEAD [4ms]
[2022-06-28T06:05:42.555Z] > git for-each-ref --format=%(refname)%00%(upstream:short)%00%(objectname)%00%(upstream:track)%00%(upstream:remotename)%00%(upstream:remoteref) refs/heads/master refs/remotes/master [4ms]
[2022-06-28T06:05:42.595Z] > git for-each-ref --sort -committerdate --format %(refname) %(objectname) %(*objectname) [20ms]
[2022-06-28T06:05:42.597Z] > git remote --verbose [7ms]
[2022-06-28T06:05:42.720Z] > git config --get commit.template [7ms]
[2022-06-28T06:06:11.666Z] > git status -z -uall [41ms]
[2022-06-28T06:06:11.685Z] > git symbolic-ref --short HEAD [2ms]
[2022-06-28T06:06:11.697Z] > git for-each-ref --format=%(refname)%00%(upstream:short)%00%(objectname)%00%(upstream:track)%00%(upstream:remotename)%00%(upstream:remoteref) refs/heads/master refs/remotes/master [3ms]
[2022-06-28T06:06:11.719Z] > git for-each-ref --sort -committerdate --format %(refname) %(objectname) %(*objectname) [12ms]
[2022-06-28T06:06:11.719Z] > git remote --verbose [2ms]
[2022-06-28T06:06:11.787Z] > git config --get commit.template [12ms]
[2022-06-28T06:06:16.827Z] > git status -z -uall [25ms]
[2022-06-28T06:06:16.842Z] > git symbolic-ref --short HEAD [2ms]
[2022-06-28T06:06:16.856Z] > git for-each-ref --format=%(refname)%00%(upstream:short)%00%(objectname)%00%(upstream:track)%00%(upstream:remotename)%00%(upstream:remoteref) refs/heads/master refs/remotes/master [2ms]
[2022-06-28T06:06:16.884Z] > git for-each-ref --sort -committerdate --format %(refname) %(objectname) %(*objectname) [15ms]
[2022-06-28T06:06:16.885Z] > git remote --verbose [3ms]
[2022-06-28T06:06:16.968Z] > git config --get commit.template [18ms]
[2022-06-28T06:06:19.141Z] > git check-ignore -v -z --stdin [2ms]
[2022-06-28T06:06:20.911Z] > git check-ignore -v -z --stdin [1ms]
[2022-06-28T06:06:22.000Z] > git status -z -uall [20ms]
[2022-06-28T06:06:22.022Z] > git symbolic-ref --short HEAD [1ms]
[2022-06-28T06:06:22.036Z] > git for-each-ref --format=%(refname)%00%(upstream:short)%00%(objectname)%00%(upstream:track)%00%(upstream:remotename)%00%(upstream:remoteref) refs/heads/master refs/remotes/master [2ms]
[2022-06-28T06:06:22.066Z] > git for-each-ref --sort -committerdate --format %(refname) %(objectname) %(*objectname) [16ms]
[2022-06-28T06:06:22.067Z] > git remote --verbose [3ms]
[2022-06-28T06:06:22.128Z] > git config --get commit.template [2ms]
[2022-06-28T06:06:27.175Z] > git status -z -uall [24ms]
[2022-06-28T06:06:27.196Z] > git symbolic-ref --short HEAD [1ms]
[2022-06-28T06:06:27.213Z] > git for-each-ref --format=%(refname)%00%(upstream:short)%00%(objectname)%00%(upstream:track)%00%(upstream:remotename)%00%(upstream:remoteref) refs/heads/master refs/remotes/master [6ms]
[2022-06-28T06:06:27.273Z] > git remote --verbose [10ms]
[2022-06-28T06:06:27.273Z] > git for-each-ref --sort -committerdate --format %(refname) %(objectname) %(*objectname) [28ms]
[2022-06-28T06:06:27.354Z] > git config --get commit.template [3ms]
[2022-06-28T06:06:32.388Z] > git status -z -uall [20ms]
[2022-06-28T06:06:32.402Z] > git symbolic-ref --short HEAD [2ms]
[2022-06-28T06:06:32.415Z] > git for-each-ref --format=%(refname)%00%(upstream:short)%00%(objectname)%00%(upstream:track)%00%(upstream:remotename)%00%(upstream:remoteref) refs/heads/master refs/remotes/master [2ms]
[2022-06-28T06:06:32.442Z] > git remote --verbose [1ms]
[2022-06-28T06:06:32.443Z] > git for-each-ref --sort -committerdate --format %(refname) %(objectname) %(*objectname) [17ms]
[2022-06-28T06:06:32.512Z] > git config --get commit.template [10ms]
[2022-06-28T06:06:37.362Z] > git check-ignore -v -z --stdin [3ms]
[2022-06-28T06:06:37.547Z] > git status -z -uall [22ms]
[2022-06-28T06:06:37.562Z] > git symbolic-ref --short HEAD [1ms]
[2022-06-28T06:06:37.576Z] > git for-each-ref --format=%(refname)%00%(upstream:short)%00%(objectname)%00%(upstream:track)%00%(upstream:remotename)%00%(upstream:remoteref) refs/heads/master refs/remotes/master [1ms]
[2022-06-28T06:06:37.603Z] > git remote --verbose [2ms]
[2022-06-28T06:06:37.603Z] > git for-each-ref --sort -committerdate --format %(refname) %(objectname) %(*objectname) [15ms]
[2022-06-28T06:06:37.661Z] > git config --get commit.template [1ms]
[2022-06-28T06:06:42.695Z] > git status -z -uall [21ms]
[2022-06-28T06:06:42.710Z] > git symbolic-ref --short HEAD [2ms]
[2022-06-28T06:06:42.724Z] > git for-each-ref --format=%(refname)%00%(upstream:short)%00%(objectname)%00%(upstream:track)%00%(upstream:remotename)%00%(upstream:remoteref) refs/heads/master refs/remotes/master [1ms]
[2022-06-28T06:06:42.755Z] > git for-each-ref --sort -committerdate --format %(refname) %(objectname) %(*objectname) [13ms]
[2022-06-28T06:06:42.756Z] > git remote --verbose [2ms]
[2022-06-28T06:06:42.813Z] > git config --get commit.template [2ms]
[2022-06-28T06:06:47.869Z] > git status -z -uall [22ms]
[2022-06-28T06:06:47.885Z] > git symbolic-ref --short HEAD [2ms]
[2022-06-28T06:06:47.899Z] > git for-each-ref --format=%(refname)%00%(upstream:short)%00%(objectname)%00%(upstream:track)%00%(upstream:remotename)%00%(upstream:remoteref) refs/heads/master refs/remotes/master [2ms]
[2022-06-28T06:06:47.932Z] > git remote --verbose [2ms]
[2022-06-28T06:06:47.935Z] > git for-each-ref --sort -committerdate --format %(refname) %(objectname) %(*objectname) [18ms]
[2022-06-28T06:06:48.011Z] > git config --get commit.template [2ms]
[2022-06-28T06:06:53.052Z] > git status -z -uall [27ms]
[2022-06-28T06:06:53.074Z] > git symbolic-ref --short HEAD [8ms]
[2022-06-28T06:06:53.091Z] > git for-each-ref --format=%(refname)%00%(upstream:short)%00%(objectname)%00%(upstream:track)%00%(upstream:remotename)%00%(upstream:remoteref) refs/heads/master refs/remotes/master [1ms]
[2022-06-28T06:06:53.119Z] > git remote --verbose [2ms]
[2022-06-28T06:06:53.120Z] > git for-each-ref --sort -committerdate --format %(refname) %(objectname) %(*objectname) [17ms]
[2022-06-28T06:06:53.214Z] > git config --get commit.template [19ms]
[2022-06-28T06:06:58.255Z] > git status -z -uall [25ms]
[2022-06-28T06:06:58.277Z] > git symbolic-ref --short HEAD [3ms]
[2022-06-28T06:06:58.291Z] > git for-each-ref --format=%(refname)%00%(upstream:short)%00%(objectname)%00%(upstream:track)%00%(upstream:remotename)%00%(upstream:remoteref) refs/heads/master refs/remotes/master [2ms]
[2022-06-28T06:06:58.314Z] > git for-each-ref --sort -committerdate --format %(refname) %(objectname) %(*objectname) [12ms]
[2022-06-28T06:06:58.315Z] > git remote --verbose [2ms]
[2022-06-28T06:06:58.374Z] > git config --get commit.template [2ms]
[2022-06-28T06:07:03.427Z] > git status -z -uall [39ms]
[2022-06-28T06:07:03.442Z] > git symbolic-ref --short HEAD [2ms]
[2022-06-28T06:07:03.471Z] > git for-each-ref --format=%(refname)%00%(upstream:short)%00%(objectname)%00%(upstream:track)%00%(upstream:remotename)%00%(upstream:remoteref) refs/heads/master refs/remotes/master [11ms]
[2022-06-28T06:07:03.513Z] > git remote --verbose [1ms]
[2022-06-28T06:07:03.514Z] > git for-each-ref --sort -committerdate --format %(refname) %(objectname) %(*objectname) [20ms]
[2022-06-28T06:07:03.583Z] > git config --get commit.template [3ms]
[2022-06-28T06:07:08.631Z] > git status -z -uall [30ms]
[2022-06-28T06:07:08.645Z] > git symbolic-ref --short HEAD [2ms]
[2022-06-28T06:07:08.660Z] > git for-each-ref --format=%(refname)%00%(upstream:short)%00%(objectname)%00%(upstream:track)%00%(upstream:remotename)%00%(upstream:remoteref) refs/heads/master refs/remotes/master [0ms]
[2022-06-28T06:07:08.687Z] > git for-each-ref --sort -committerdate --format %(refname) %(objectname) %(*objectname) [13ms]
[2022-06-28T06:07:08.687Z] > git remote --verbose [2ms]
[2022-06-28T06:07:08.739Z] > git config --get commit.template [1ms]
[2022-06-28T06:07:42.570Z] > git check-ignore -v -z --stdin [5ms]
[2022-06-28T06:07:44.502Z] > git status -z -uall [28ms]
[2022-06-28T06:07:44.515Z] > git symbolic-ref --short HEAD [2ms]
[2022-06-28T06:07:44.530Z] > git for-each-ref --format=%(refname)%00%(upstream:short)%00%(objectname)%00%(upstream:track)%00%(upstream:remotename)%00%(upstream:remoteref) refs/heads/master refs/remotes/master [2ms]
[2022-06-28T06:07:44.553Z] > git for-each-ref --sort -committerdate --format %(refname) %(objectname) %(*objectname) [13ms]
[2022-06-28T06:07:44.555Z] > git remote --verbose [4ms]
[2022-06-28T06:07:44.643Z] > git config --get commit.template [2ms]
[2022-06-28T06:07:49.681Z] > git status -z -uall [23ms]
[2022-06-28T06:07:49.703Z] > git symbolic-ref --short HEAD [2ms]
[2022-06-28T06:07:49.721Z] > git for-each-ref --format=%(refname)%00%(upstream:short)%00%(objectname)%00%(upstream:track)%00%(upstream:remotename)%00%(upstream:remoteref) refs/heads/master refs/remotes/master [3ms]
[2022-06-28T06:07:49.747Z] > git for-each-ref --sort -committerdate --format %(refname) %(objectname) %(*objectname) [15ms]
[2022-06-28T06:07:49.748Z] > git remote --verbose [3ms]
[2022-06-28T06:07:49.820Z] > git config --get commit.template [7ms]
[2022-06-28T06:07:54.854Z] > git status -z -uall [21ms]
[2022-06-28T06:07:54.868Z] > git symbolic-ref --short HEAD [2ms]
[2022-06-28T06:07:54.885Z] > git for-each-ref --format=%(refname)%00%(upstream:short)%00%(objectname)%00%(upstream:track)%00%(upstream:remotename)%00%(upstream:remoteref) refs/heads/master refs/remotes/master [1ms]
[2022-06-28T06:07:54.918Z] > git for-each-ref --sort -committerdate --format %(refname) %(objectname) %(*objectname) [14ms]
[2022-06-28T06:07:54.919Z] > git remote --verbose [4ms]
[2022-06-28T06:07:54.972Z] > git config --get commit.template [2ms]
[2022-06-28T06:08:00.019Z] > git status -z -uall [33ms]
[2022-06-28T06:08:00.061Z] > git symbolic-ref --short HEAD [4ms]
[2022-06-28T06:08:00.094Z] > git for-each-ref --format=%(refname)%00%(upstream:short)%00%(objectname)%00%(upstream:track)%00%(upstream:remotename)%00%(upstream:remoteref) refs/heads/master refs/remotes/master [4ms]
[2022-06-28T06:08:00.144Z] > git for-each-ref --sort -committerdate --format %(refname) %(objectname) %(*objectname) [30ms]
[2022-06-28T06:08:00.146Z] > git remote --verbose [4ms]
[2022-06-28T06:08:01.978Z] > git config --get commit.template [1710ms]
[2022-06-28T06:08:02.551Z] > git check-ignore -v -z --stdin [2ms]
[2022-06-28T06:08:48.631Z] > git status -z -uall [24ms]
[2022-06-28T06:08:48.651Z] > git symbolic-ref --short HEAD [3ms]
[2022-06-28T06:08:48.668Z] > git for-each-ref --format=%(refname)%00%(upstream:short)%00%(objectname)%00%(upstream:track)%00%(upstream:remotename)%00%(upstream:remoteref) refs/heads/master refs/remotes/master [2ms]
[2022-06-28T06:08:48.705Z] > git remote --verbose [2ms]
[2022-06-28T06:08:48.705Z] > git for-each-ref --sort -committerdate --format %(refname) %(objectname) %(*objectname) [22ms]
[2022-06-28T06:08:48.798Z] > git config --get commit.template [1ms]
[2022-06-28T06:09:10.324Z] > git status -z -uall [24ms]
[2022-06-28T06:09:10.360Z] > git symbolic-ref --short HEAD [3ms]
[2022-06-28T06:09:10.384Z] > git for-each-ref --format=%(refname)%00%(upstream:short)%00%(objectname)%00%(upstream:track)%00%(upstream:remotename)%00%(upstream:remoteref) refs/heads/master refs/remotes/master [1ms]
[2022-06-28T06:09:10.418Z] > git remote --verbose [1ms]
[2022-06-28T06:09:10.419Z] > git for-each-ref --sort -committerdate --format %(refname) %(objectname) %(*objectname) [17ms]
[2022-06-28T06:09:10.512Z] > git config --get commit.template [3ms]
[2022-06-28T06:09:15.567Z] > git status -z -uall [40ms]
[2022-06-28T06:09:15.585Z] > git symbolic-ref --short HEAD [1ms]
[2022-06-28T06:09:15.598Z] > git for-each-ref --format=%(refname)%00%(upstream:short)%00%(objectname)%00%(upstream:track)%00%(upstream:remotename)%00%(upstream:remoteref) refs/heads/master refs/remotes/master [2ms]
[2022-06-28T06:09:15.628Z] > git remote --verbose [1ms]
[2022-06-28T06:09:15.628Z] > git for-each-ref --sort -committerdate --format %(refname) %(objectname) %(*objectname) [19ms]
[2022-06-28T06:09:15.695Z] > git config --get commit.template [7ms]
[2022-06-28T06:09:20.107Z] > git check-ignore -v -z --stdin [2ms]
[2022-06-28T06:09:20.743Z] > git status -z -uall [25ms]
[2022-06-28T06:09:20.777Z] > git symbolic-ref --short HEAD [19ms]
[2022-06-28T06:09:20.805Z] > git for-each-ref --format=%(refname)%00%(upstream:short)%00%(objectname)%00%(upstream:track)%00%(upstream:remotename)%00%(upstream:remoteref) refs/heads/master refs/remotes/master [1ms]
[2022-06-28T06:09:20.835Z] > git remote --verbose [2ms]
[2022-06-28T06:09:20.836Z] > git for-each-ref --sort -committerdate --format %(refname) %(objectname) %(*objectname) [19ms]
[2022-06-28T06:09:20.894Z] > git config --get commit.template [1ms]
[2022-06-28T06:09:36.676Z] > git status -z -uall [25ms]
[2022-06-28T06:09:36.694Z] > git symbolic-ref --short HEAD [3ms]
[2022-06-28T06:09:36.707Z] > git for-each-ref --format=%(refname)%00%(upstream:short)%00%(objectname)%00%(upstream:track)%00%(upstream:remotename)%00%(upstream:remoteref) refs/heads/master refs/remotes/master [2ms]
[2022-06-28T06:09:36.741Z] > git for-each-ref --sort -committerdate --format %(refname) %(objectname) %(*objectname) [16ms]
[2022-06-28T06:09:36.741Z] > git remote --verbose [2ms]
[2022-06-28T06:09:36.839Z] > git config --get commit.template [4ms]
[2022-06-28T06:09:41.893Z] > git status -z -uall [37ms]
[2022-06-28T06:09:41.923Z] > git symbolic-ref --short HEAD [12ms]
[2022-06-28T06:09:41.939Z] > git for-each-ref --format=%(refname)%00%(upstream:short)%00%(objectname)%00%(upstream:track)%00%(upstream:remotename)%00%(upstream:remoteref) refs/heads/master refs/remotes/master [4ms]
[2022-06-28T06:09:41.989Z] > git remote --verbose [2ms]
[2022-06-28T06:09:41.989Z] > git for-each-ref --sort -committerdate --format %(refname) %(objectname) %(*objectname) [27ms]
[2022-06-28T06:09:42.053Z] > git config --get commit.template [8ms]
[2022-06-28T06:09:47.106Z] > git status -z -uall [39ms]
[2022-06-28T06:09:47.120Z] > git symbolic-ref --short HEAD [2ms]
[2022-06-28T06:09:47.145Z] > git for-each-ref --format=%(refname)%00%(upstream:short)%00%(objectname)%00%(upstream:track)%00%(upstream:remotename)%00%(upstream:remoteref) refs/heads/master refs/remotes/master [10ms]
[2022-06-28T06:09:47.178Z] > git for-each-ref --sort -committerdate --format %(refname) %(objectname) %(*objectname) [21ms]
[2022-06-28T06:09:47.185Z] > git remote --verbose [10ms]
[2022-06-28T06:09:47.249Z] > git config --get commit.template [2ms]
[2022-06-28T06:09:52.298Z] > git status -z -uall [32ms]
[2022-06-28T06:09:52.313Z] > git symbolic-ref --short HEAD [2ms]
[2022-06-28T06:09:52.329Z] > git for-each-ref --format=%(refname)%00%(upstream:short)%00%(objectname)%00%(upstream:track)%00%(upstream:remotename)%00%(upstream:remoteref) refs/heads/master refs/remotes/master [3ms]
[2022-06-28T06:09:52.366Z] > git remote --verbose [4ms]
[2022-06-28T06:09:52.367Z] > git for-each-ref --sort -committerdate --format %(refname) %(objectname) %(*objectname) [21ms]
[2022-06-28T06:09:52.476Z] > git config --get commit.template [5ms]
[2022-06-28T06:09:54.543Z] > git check-ignore -v -z --stdin [2ms]
[2022-06-28T06:09:55.442Z] > git show --textconv :workshop01/task2/provider.tf [14ms]
[2022-06-28T06:09:55.445Z] > git ls-files --stage -- /home/fred/workshop01/task2/provider.tf [3ms]
[2022-06-28T06:09:57.511Z] > git status -z -uall [21ms]
[2022-06-28T06:09:57.523Z] > git symbolic-ref --short HEAD [1ms]
[2022-06-28T06:09:57.536Z] > git for-each-ref --format=%(refname)%00%(upstream:short)%00%(objectname)%00%(upstream:track)%00%(upstream:remotename)%00%(upstream:remoteref) refs/heads/master refs/remotes/master [2ms]
[2022-06-28T06:09:57.568Z] > git for-each-ref --sort -committerdate --format %(refname) %(objectname) %(*objectname) [14ms]
[2022-06-28T06:09:57.569Z] > git remote --verbose [2ms]
[2022-06-28T06:09:57.625Z] > git config --get commit.template [2ms]
[2022-06-28T06:10:02.691Z] > git status -z -uall [37ms]
[2022-06-28T06:10:02.723Z] > git symbolic-ref --short HEAD [11ms]
[2022-06-28T06:10:02.738Z] > git for-each-ref --format=%(refname)%00%(upstream:short)%00%(objectname)%00%(upstream:track)%00%(upstream:remotename)%00%(upstream:remoteref) refs/heads/master refs/remotes/master [1ms]
[2022-06-28T06:10:02.781Z] > git remote --verbose [4ms]
[2022-06-28T06:10:02.781Z] > git for-each-ref --sort -committerdate --format %(refname) %(objectname) %(*objectname) [17ms]
[2022-06-28T06:10:02.845Z] > git config --get commit.template [2ms]
[2022-06-28T06:10:07.882Z] > git status -z -uall [24ms]
[2022-06-28T06:10:07.898Z] > git symbolic-ref --short HEAD [2ms]
[2022-06-28T06:10:07.926Z] > git for-each-ref --format=%(refname)%00%(upstream:short)%00%(objectname)%00%(upstream:track)%00%(upstream:remotename)%00%(upstream:remoteref) refs/heads/master refs/remotes/master [14ms]
[2022-06-28T06:10:07.968Z] > git remote --verbose [2ms]
[2022-06-28T06:10:07.969Z] > git for-each-ref --sort -committerdate --format %(refname) %(objectname) %(*objectname) [25ms]
[2022-06-28T06:10:09.615Z] > git config --get commit.template [6ms]
[2022-06-28T06:10:14.686Z] > git status -z -uall [38ms]
[2022-06-28T06:10:14.705Z] > git symbolic-ref --short HEAD [4ms]
[2022-06-28T06:10:14.722Z] > git for-each-ref --format=%(refname)%00%(upstream:short)%00%(objectname)%00%(upstream:track)%00%(upstream:remotename)%00%(upstream:remoteref) refs/heads/master refs/remotes/master [2ms]
[2022-06-28T06:10:14.773Z] > git remote --verbose [1ms]
[2022-06-28T06:10:14.774Z] > git for-each-ref --sort -committerdate --format %(refname) %(objectname) %(*objectname) [24ms]
[2022-06-28T06:10:14.841Z] > git config --get commit.template [3ms]
[2022-06-28T06:10:46.132Z] > git status -z -uall [32ms]
[2022-06-28T06:10:46.148Z] > git symbolic-ref --short HEAD [3ms]
[2022-06-28T06:10:46.165Z] > git for-each-ref --format=%(refname)%00%(upstream:short)%00%(objectname)%00%(upstream:track)%00%(upstream:remotename)%00%(upstream:remoteref) refs/heads/master refs/remotes/master [2ms]
[2022-06-28T06:10:46.190Z] > git for-each-ref --sort -committerdate --format %(refname) %(objectname) %(*objectname) [13ms]
[2022-06-28T06:10:46.190Z] > git remote --verbose [2ms]
[2022-06-28T06:10:46.271Z] > git config --get commit.template [22ms]
[2022-06-28T06:10:50.276Z] > git show --textconv :day1/provider.tf [16ms]
[2022-06-28T06:10:50.278Z] > git ls-files --stage -- /home/fred/day1/provider.tf [5ms]
[2022-06-28T06:10:51.315Z] > git status -z -uall [23ms]
[2022-06-28T06:10:51.331Z] > git symbolic-ref --short HEAD [1ms]
[2022-06-28T06:10:51.345Z] > git for-each-ref --format=%(refname)%00%(upstream:short)%00%(objectname)%00%(upstream:track)%00%(upstream:remotename)%00%(upstream:remoteref) refs/heads/master refs/remotes/master [2ms]
[2022-06-28T06:10:51.370Z] > git for-each-ref --sort -committerdate --format %(refname) %(objectname) %(*objectname) [12ms]
[2022-06-28T06:10:51.371Z] > git remote --verbose [3ms]
[2022-06-28T06:10:51.429Z] > git config --get commit.template [6ms]
[2022-06-28T06:12:32.302Z] > git status -z -uall [30ms]
[2022-06-28T06:12:32.322Z] > git symbolic-ref --short HEAD [2ms]
[2022-06-28T06:12:32.335Z] > git for-each-ref --format=%(refname)%00%(upstream:short)%00%(objectname)%00%(upstream:track)%00%(upstream:remotename)%00%(upstream:remoteref) refs/heads/master refs/remotes/master [2ms]
[2022-06-28T06:12:32.357Z] > git remote --verbose [1ms]
[2022-06-28T06:12:32.357Z] > git for-each-ref --sort -committerdate --format %(refname) %(objectname) %(*objectname) [12ms]
[2022-06-28T06:12:32.445Z] > git config --get commit.template [2ms]
[2022-06-28T06:12:37.491Z] > git status -z -uall [23ms]
[2022-06-28T06:12:37.509Z] > git symbolic-ref --short HEAD [1ms]
[2022-06-28T06:12:37.526Z] > git for-each-ref --format=%(refname)%00%(upstream:short)%00%(objectname)%00%(upstream:track)%00%(upstream:remotename)%00%(upstream:remoteref) refs/heads/master refs/remotes/master [5ms]
[2022-06-28T06:12:37.553Z] > git remote --verbose [3ms]
[2022-06-28T06:12:37.554Z] > git for-each-ref --sort -committerdate --format %(refname) %(objectname) %(*objectname) [15ms]
[2022-06-28T06:12:37.607Z] > git config --get commit.template [2ms]
[2022-06-28T06:12:40.698Z] > git show --textconv :workshop01/task2/provider.tf [20ms]
[2022-06-28T06:12:40.698Z] > git ls-files --stage -- /home/fred/workshop01/task2/provider.tf [2ms]
[2022-06-28T06:12:42.672Z] > git status -z -uall [49ms]
[2022-06-28T06:12:42.693Z] > git symbolic-ref --short HEAD [1ms]
[2022-06-28T06:12:42.715Z] > git for-each-ref --format=%(refname)%00%(upstream:short)%00%(objectname)%00%(upstream:track)%00%(upstream:remotename)%00%(upstream:remoteref) refs/heads/master refs/remotes/master [7ms]
[2022-06-28T06:12:42.746Z] > git for-each-ref --sort -committerdate --format %(refname) %(objectname) %(*objectname) [17ms]
[2022-06-28T06:12:42.748Z] > git remote --verbose [3ms]
[2022-06-28T06:12:42.841Z] > git config --get commit.template [9ms]
[2022-06-28T06:12:47.900Z] > git status -z -uall [45ms]
[2022-06-28T06:12:47.934Z] > git symbolic-ref --short HEAD [12ms]
[2022-06-28T06:12:47.951Z] > git for-each-ref --format=%(refname)%00%(upstream:short)%00%(objectname)%00%(upstream:track)%00%(upstream:remotename)%00%(upstream:remoteref) refs/heads/master refs/remotes/master [3ms]
[2022-06-28T06:12:47.991Z] > git for-each-ref --sort -committerdate --format %(refname) %(objectname) %(*objectname) [20ms]
[2022-06-28T06:12:47.994Z] > git remote --verbose [9ms]
[2022-06-28T06:12:49.880Z] > git config --get commit.template [9ms]
[2022-06-28T06:13:03.320Z] > git status -z -uall [49ms]
[2022-06-28T06:13:03.346Z] > git symbolic-ref --short HEAD [2ms]
[2022-06-28T06:13:03.361Z] > git for-each-ref --format=%(refname)%00%(upstream:short)%00%(objectname)%00%(upstream:track)%00%(upstream:remotename)%00%(upstream:remoteref) refs/heads/master refs/remotes/master [2ms]
[2022-06-28T06:13:03.388Z] > git for-each-ref --sort -committerdate --format %(refname) %(objectname) %(*objectname) [13ms]
[2022-06-28T06:13:03.389Z] > git remote --verbose [3ms]
[2022-06-28T06:13:03.457Z] > git config --get commit.template [14ms]
[2022-06-28T06:13:08.494Z] > git status -z -uall [23ms]
[2022-06-28T06:13:08.509Z] > git symbolic-ref --short HEAD [2ms]
[2022-06-28T06:13:08.527Z] > git for-each-ref --format=%(refname)%00%(upstream:short)%00%(objectname)%00%(upstream:track)%00%(upstream:remotename)%00%(upstream:remoteref) refs/heads/master refs/remotes/master [4ms]
[2022-06-28T06:13:08.553Z] > git for-each-ref --sort -committerdate --format %(refname) %(objectname) %(*objectname) [14ms]
[2022-06-28T06:13:08.554Z] > git remote --verbose [3ms]
[2022-06-28T06:13:08.658Z] > git config --get commit.template [8ms]
[2022-06-28T06:13:13.700Z] > git status -z -uall [21ms]
[2022-06-28T06:13:13.719Z] > git symbolic-ref --short HEAD [2ms]
[2022-06-28T06:13:13.733Z] > git for-each-ref --format=%(refname)%00%(upstream:short)%00%(objectname)%00%(upstream:track)%00%(upstream:remotename)%00%(upstream:remoteref) refs/heads/master refs/remotes/master [2ms]
[2022-06-28T06:13:13.771Z] > git for-each-ref --sort -committerdate --format %(refname) %(objectname) %(*objectname) [18ms]
[2022-06-28T06:13:13.776Z] > git remote --verbose [7ms]
[2022-06-28T06:13:13.865Z] > git config --get commit.template [4ms]
[2022-06-28T06:13:18.918Z] > git status -z -uall [39ms]
[2022-06-28T06:13:18.933Z] > git symbolic-ref --short HEAD [2ms]
[2022-06-28T06:13:18.947Z] > git for-each-ref --format=%(refname)%00%(upstream:short)%00%(objectname)%00%(upstream:track)%00%(upstream:remotename)%00%(upstream:remoteref) refs/heads/master refs/remotes/master [1ms]
[2022-06-28T06:13:18.976Z] > git remote --verbose [2ms]
[2022-06-28T06:13:18.976Z] > git for-each-ref --sort -committerdate --format %(refname) %(objectname) %(*objectname) [15ms]
[2022-06-28T06:13:19.048Z] > git config --get commit.template [1ms]
[2022-06-28T06:13:24.093Z] > git status -z -uall [31ms]
[2022-06-28T06:13:24.114Z] > git symbolic-ref --short HEAD [2ms]
[2022-06-28T06:13:24.149Z] > git for-each-ref --format=%(refname)%00%(upstream:short)%00%(objectname)%00%(upstream:track)%00%(upstream:remotename)%00%(upstream:remoteref) refs/heads/master refs/remotes/master [5ms]
[2022-06-28T06:13:24.183Z] > git for-each-ref --sort -committerdate --format %(refname) %(objectname) %(*objectname) [21ms]
[2022-06-28T06:13:24.185Z] > git remote --verbose [4ms]
[2022-06-28T06:13:24.243Z] > git config --get commit.template [2ms]
[2022-06-28T06:13:39.420Z] > git status -z -uall [26ms]
[2022-06-28T06:13:39.437Z] > git symbolic-ref --short HEAD [4ms]
[2022-06-28T06:13:39.454Z] > git for-each-ref --format=%(refname)%00%(upstream:short)%00%(objectname)%00%(upstream:track)%00%(upstream:remotename)%00%(upstream:remoteref) refs/heads/master refs/remotes/master [2ms]
[2022-06-28T06:13:39.491Z] > git remote --verbose [11ms]
[2022-06-28T06:13:39.492Z] > git for-each-ref --sort -committerdate --format %(refname) %(objectname) %(*objectname) [24ms]
[2022-06-28T06:13:39.571Z] > git config --get commit.template [2ms]
[2022-06-28T06:13:49.499Z] > git status -z -uall [27ms]
[2022-06-28T06:13:49.514Z] > git symbolic-ref --short HEAD [1ms]
[2022-06-28T06:13:49.536Z] > git for-each-ref --format=%(refname)%00%(upstream:short)%00%(objectname)%00%(upstream:track)%00%(upstream:remotename)%00%(upstream:remoteref) refs/heads/master refs/remotes/master [1ms]
[2022-06-28T06:13:49.572Z] > git remote --verbose [2ms]
[2022-06-28T06:13:49.572Z] > git for-each-ref --sort -committerdate --format %(refname) %(objectname) %(*objectname) [21ms]
[2022-06-28T06:13:49.671Z] > git config --get commit.template [2ms]
[2022-06-28T06:13:57.350Z] > git status -z -uall [25ms]
[2022-06-28T06:13:57.371Z] > git symbolic-ref --short HEAD [7ms]
[2022-06-28T06:13:57.391Z] > git for-each-ref --format=%(refname)%00%(upstream:short)%00%(objectname)%00%(upstream:track)%00%(upstream:remotename)%00%(upstream:remoteref) refs/heads/master refs/remotes/master [0ms]
[2022-06-28T06:13:57.421Z] > git for-each-ref --sort -committerdate --format %(refname) %(objectname) %(*objectname) [19ms]
[2022-06-28T06:13:57.421Z] > git remote --verbose [2ms]
[2022-06-28T06:13:57.508Z] > git config --get commit.template [5ms]
[2022-06-28T06:14:07.344Z] > git status -z -uall [25ms]
[2022-06-28T06:14:07.362Z] > git symbolic-ref --short HEAD [1ms]
[2022-06-28T06:14:07.390Z] > git for-each-ref --format=%(refname)%00%(upstream:short)%00%(objectname)%00%(upstream:track)%00%(upstream:remotename)%00%(upstream:remoteref) refs/heads/master refs/remotes/master [2ms]
[2022-06-28T06:14:07.419Z] > git for-each-ref --sort -committerdate --format %(refname) %(objectname) %(*objectname) [16ms]
[2022-06-28T06:14:07.427Z] > git remote --verbose [10ms]
[2022-06-28T06:14:07.500Z] > git config --get commit.template [12ms]
[2022-06-28T06:14:14.133Z] > git status -z -uall [30ms]
[2022-06-28T06:14:14.158Z] > git symbolic-ref --short HEAD [3ms]
[2022-06-28T06:14:14.173Z] > git for-each-ref --format=%(refname)%00%(upstream:short)%00%(objectname)%00%(upstream:track)%00%(upstream:remotename)%00%(upstream:remoteref) refs/heads/master refs/remotes/master [2ms]
[2022-06-28T06:14:14.204Z] > git for-each-ref --sort -committerdate --format %(refname) %(objectname) %(*objectname) [17ms]
[2022-06-28T06:14:14.205Z] > git remote --verbose [5ms]
[2022-06-28T06:14:14.284Z] > git config --get commit.template [15ms]
[2022-06-28T06:14:19.325Z] > git status -z -uall [25ms]
[2022-06-28T06:14:19.343Z] > git symbolic-ref --short HEAD [3ms]
[2022-06-28T06:14:19.359Z] > git for-each-ref --format=%(refname)%00%(upstream:short)%00%(objectname)%00%(upstream:track)%00%(upstream:remotename)%00%(upstream:remoteref) refs/heads/master refs/remotes/master [3ms]
[2022-06-28T06:14:19.392Z] > git for-each-ref --sort -committerdate --format %(refname) %(objectname) %(*objectname) [18ms]
[2022-06-28T06:14:19.395Z] > git remote --verbose [7ms]
[2022-06-28T06:14:21.185Z] > git config --get commit.template [13ms]
[2022-06-28T06:14:26.230Z] > git status -z -uall [25ms]
[2022-06-28T06:14:26.244Z] > git symbolic-ref --short HEAD [3ms]
[2022-06-28T06:14:26.268Z] > git for-each-ref --format=%(refname)%00%(upstream:short)%00%(objectname)%00%(upstream:track)%00%(upstream:remotename)%00%(upstream:remoteref) refs/heads/master refs/remotes/master [10ms]
[2022-06-28T06:14:26.295Z] > git for-each-ref --sort -committerdate --format %(refname) %(objectname) %(*objectname) [13ms]
[2022-06-28T06:14:26.295Z] > git remote --verbose [2ms]
[2022-06-28T06:14:26.362Z] > git config --get commit.template [14ms]
[2022-06-28T06:14:31.400Z] > git status -z -uall [24ms]
[2022-06-28T06:14:31.417Z] > git symbolic-ref --short HEAD [1ms]
[2022-06-28T06:14:31.437Z] > git for-each-ref --format=%(refname)%00%(upstream:short)%00%(objectname)%00%(upstream:track)%00%(upstream:remotename)%00%(upstream:remoteref) refs/heads/master refs/remotes/master [1ms]
[2022-06-28T06:14:31.467Z] > git for-each-ref --sort -committerdate --format %(refname) %(objectname) %(*objectname) [14ms]
[2022-06-28T06:14:31.467Z] > git remote --verbose [2ms]
[2022-06-28T06:14:31.525Z] > git config --get commit.template [2ms]
[2022-06-28T06:14:36.564Z] > git status -z -uall [21ms]
[2022-06-28T06:14:36.587Z] > git symbolic-ref --short HEAD [3ms]
[2022-06-28T06:14:36.602Z] > git for-each-ref --format=%(refname)%00%(upstream:short)%00%(objectname)%00%(upstream:track)%00%(upstream:remotename)%00%(upstream:remoteref) refs/heads/master refs/remotes/master [3ms]
[2022-06-28T06:14:36.629Z] > git remote --verbose [3ms]
[2022-06-28T06:14:36.629Z] > git for-each-ref --sort -committerdate --format %(refname) %(objectname) %(*objectname) [15ms]
[2022-06-28T06:14:36.683Z] > git config --get commit.template [2ms]
[2022-06-28T06:14:41.719Z] > git status -z -uall [21ms]
[2022-06-28T06:14:41.732Z] > git symbolic-ref --short HEAD [2ms]
[2022-06-28T06:14:41.745Z] > git for-each-ref --format=%(refname)%00%(upstream:short)%00%(objectname)%00%(upstream:track)%00%(upstream:remotename)%00%(upstream:remoteref) refs/heads/master refs/remotes/master [2ms]
[2022-06-28T06:14:41.767Z] > git for-each-ref --sort -committerdate --format %(refname) %(objectname) %(*objectname) [10ms]
[2022-06-28T06:14:41.768Z] > git remote --verbose [2ms]
[2022-06-28T06:14:41.810Z] > git config --get commit.template [2ms]
[2022-06-28T06:14:46.849Z] > git status -z -uall [27ms]
[2022-06-28T06:14:46.866Z] > git symbolic-ref --short HEAD [3ms]
[2022-06-28T06:14:46.880Z] > git for-each-ref --format=%(refname)%00%(upstream:short)%00%(objectname)%00%(upstream:track)%00%(upstream:remotename)%00%(upstream:remoteref) refs/heads/master refs/remotes/master [2ms]
[2022-06-28T06:14:46.919Z] > git remote --verbose [4ms]
[2022-06-28T06:14:46.919Z] > git for-each-ref --sort -committerdate --format %(refname) %(objectname) %(*objectname) [25ms]
[2022-06-28T06:14:47.036Z] > git config --get commit.template [3ms]
[2022-06-28T06:14:52.074Z] > git status -z -uall [23ms]
[2022-06-28T06:14:52.089Z] > git symbolic-ref --short HEAD [2ms]
[2022-06-28T06:14:52.103Z] > git for-each-ref --format=%(refname)%00%(upstream:short)%00%(objectname)%00%(upstream:track)%00%(upstream:remotename)%00%(upstream:remoteref) refs/heads/master refs/remotes/master [2ms]
[2022-06-28T06:14:52.128Z] > git for-each-ref --sort -committerdate --format %(refname) %(objectname) %(*objectname) [14ms]
[2022-06-28T06:14:52.131Z] > git remote --verbose [5ms]
[2022-06-28T06:14:52.199Z] > git config --get commit.template [2ms]
[2022-06-28T06:14:57.237Z] > git status -z -uall [22ms]
[2022-06-28T06:14:57.252Z] > git symbolic-ref --short HEAD [3ms]
[2022-06-28T06:14:57.266Z] > git for-each-ref --format=%(refname)%00%(upstream:short)%00%(objectname)%00%(upstream:track)%00%(upstream:remotename)%00%(upstream:remoteref) refs/heads/master refs/remotes/master [3ms]
[2022-06-28T06:14:57.292Z] > git remote --verbose [3ms]
[2022-06-28T06:14:57.292Z] > git for-each-ref --sort -committerdate --format %(refname) %(objectname) %(*objectname) [14ms]
[2022-06-28T06:14:57.395Z] > git config --get commit.template [4ms]
[2022-06-28T06:15:02.487Z] > git status -z -uall [63ms]
[2022-06-28T06:15:02.555Z] > git symbolic-ref --short HEAD [34ms]
[2022-06-28T06:15:02.570Z] > git for-each-ref --format=%(refname)%00%(upstream:short)%00%(objectname)%00%(upstream:track)%00%(upstream:remotename)%00%(upstream:remoteref) refs/heads/master refs/remotes/master [3ms]
[2022-06-28T06:15:02.615Z] > git remote --verbose [6ms]
[2022-06-28T06:15:02.616Z] > git for-each-ref --sort -committerdate --format %(refname) %(objectname) %(*objectname) [30ms]
[2022-06-28T06:15:04.541Z] > git config --get commit.template [1784ms]
[2022-06-28T06:15:09.577Z] > git status -z -uall [19ms]
[2022-06-28T06:15:09.593Z] > git symbolic-ref --short HEAD [2ms]
[2022-06-28T06:15:09.611Z] > git for-each-ref --format=%(refname)%00%(upstream:short)%00%(objectname)%00%(upstream:track)%00%(upstream:remotename)%00%(upstream:remoteref) refs/heads/master refs/remotes/master [7ms]
[2022-06-28T06:15:09.645Z] > git remote --verbose [1ms]
[2022-06-28T06:15:09.646Z] > git for-each-ref --sort -committerdate --format %(refname) %(objectname) %(*objectname) [18ms]
[2022-06-28T06:15:09.713Z] > git config --get commit.template [2ms]
[2022-06-28T06:15:14.790Z] > git status -z -uall [54ms]
[2022-06-28T06:15:14.823Z] > git symbolic-ref --short HEAD [13ms]
[2022-06-28T06:15:14.848Z] > git for-each-ref --format=%(refname)%00%(upstream:short)%00%(objectname)%00%(upstream:track)%00%(upstream:remotename)%00%(upstream:remoteref) refs/heads/master refs/remotes/master [5ms]
[2022-06-28T06:15:14.890Z] > git remote --verbose [3ms]
[2022-06-28T06:15:14.897Z] > git for-each-ref --sort -committerdate --format %(refname) %(objectname) %(*objectname) [25ms]
[2022-06-28T06:15:16.598Z] > git config --get commit.template [1567ms]
[2022-06-28T06:15:32.226Z] > git status -z -uall [50ms]
[2022-06-28T06:15:32.252Z] > git symbolic-ref --short HEAD [3ms]
[2022-06-28T06:15:32.269Z] > git for-each-ref --format=%(refname)%00%(upstream:short)%00%(objectname)%00%(upstream:track)%00%(upstream:remotename)%00%(upstream:remoteref) refs/heads/master refs/remotes/master [1ms]
[2022-06-28T06:15:32.299Z] > git for-each-ref --sort -committerdate --format %(refname) %(objectname) %(*objectname) [15ms]
[2022-06-28T06:15:32.299Z] > git remote --verbose [2ms]
[2022-06-28T06:15:32.374Z] > git config --get commit.template [2ms]
[2022-06-28T06:15:48.997Z] > git status -z -uall [33ms]
[2022-06-28T06:15:49.013Z] > git symbolic-ref --short HEAD [2ms]
[2022-06-28T06:15:49.033Z] > git for-each-ref --format=%(refname)%00%(upstream:short)%00%(objectname)%00%(upstream:track)%00%(upstream:remotename)%00%(upstream:remoteref) refs/heads/master refs/remotes/master [1ms]
[2022-06-28T06:15:49.076Z] > git remote --verbose [8ms]
[2022-06-28T06:15:49.076Z] > git for-each-ref --sort -committerdate --format %(refname) %(objectname) %(*objectname) [24ms]
[2022-06-28T06:15:49.156Z] > git config --get commit.template [4ms]
[2022-06-28T06:15:54.216Z] > git status -z -uall [31ms]
[2022-06-28T06:15:54.230Z] > git symbolic-ref --short HEAD [3ms]
[2022-06-28T06:15:54.246Z] > git for-each-ref --format=%(refname)%00%(upstream:short)%00%(objectname)%00%(upstream:track)%00%(upstream:remotename)%00%(upstream:remoteref) refs/heads/master refs/remotes/master [4ms]
[2022-06-28T06:15:54.275Z] > git remote --verbose [1ms]
[2022-06-28T06:15:54.275Z] > git for-each-ref --sort -committerdate --format %(refname) %(objectname) %(*objectname) [19ms]
[2022-06-28T06:15:54.338Z] > git config --get commit.template [8ms]
[2022-06-28T06:15:59.374Z] > git status -z -uall [20ms]
[2022-06-28T06:15:59.389Z] > git symbolic-ref --short HEAD [3ms]
[2022-06-28T06:15:59.406Z] > git for-each-ref --format=%(refname)%00%(upstream:short)%00%(objectname)%00%(upstream:track)%00%(upstream:remotename)%00%(upstream:remoteref) refs/heads/master refs/remotes/master [2ms]
[2022-06-28T06:15:59.440Z] > git for-each-ref --sort -committerdate --format %(refname) %(objectname) %(*objectname) [15ms]
[2022-06-28T06:15:59.444Z] > git remote --verbose [5ms]
[2022-06-28T06:15:59.530Z] > git config --get commit.template [2ms]
[2022-06-28T06:16:04.583Z] > git status -z -uall [25ms]
[2022-06-28T06:16:04.606Z] > git symbolic-ref --short HEAD [9ms]
[2022-06-28T06:16:04.630Z] > git for-each-ref --format=%(refname)%00%(upstream:short)%00%(objectname)%00%(upstream:track)%00%(upstream:remotename)%00%(upstream:remoteref) refs/heads/master refs/remotes/master [12ms]
[2022-06-28T06:16:04.663Z] > git for-each-ref --sort -committerdate --format %(refname) %(objectname) %(*objectname) [19ms]
[2022-06-28T06:16:04.672Z] > git remote --verbose [12ms]
[2022-06-28T06:16:06.439Z] > git config --get commit.template [1653ms]
[2022-06-28T06:16:11.503Z] > git status -z -uall [47ms]
[2022-06-28T06:16:11.519Z] > git symbolic-ref --short HEAD [4ms]
[2022-06-28T06:16:11.534Z] > git for-each-ref --format=%(refname)%00%(upstream:short)%00%(objectname)%00%(upstream:track)%00%(upstream:remotename)%00%(upstream:remoteref) refs/heads/master refs/remotes/master [4ms]
[2022-06-28T06:16:11.560Z] > git for-each-ref --sort -committerdate --format %(refname) %(objectname) %(*objectname) [15ms]
[2022-06-28T06:16:11.564Z] > git remote --verbose [6ms]
[2022-06-28T06:16:11.625Z] > git config --get commit.template [4ms]
[2022-06-28T06:16:16.663Z] > git status -z -uall [26ms]
[2022-06-28T06:16:16.700Z] > git symbolic-ref --short HEAD [26ms]
[2022-06-28T06:16:16.719Z] > git for-each-ref --format=%(refname)%00%(upstream:short)%00%(objectname)%00%(upstream:track)%00%(upstream:remotename)%00%(upstream:remoteref) refs/heads/master refs/remotes/master [9ms]
[2022-06-28T06:16:16.742Z] > git for-each-ref --sort -committerdate --format %(refname) %(objectname) %(*objectname) [13ms]
[2022-06-28T06:16:16.745Z] > git remote --verbose [4ms]
[2022-06-28T06:16:16.806Z] > git config --get commit.template [4ms]
[2022-06-28T06:16:21.844Z] > git status -z -uall [23ms]
[2022-06-28T06:16:21.861Z] > git symbolic-ref --short HEAD [3ms]
[2022-06-28T06:16:21.875Z] > git for-each-ref --format=%(refname)%00%(upstream:short)%00%(objectname)%00%(upstream:track)%00%(upstream:remotename)%00%(upstream:remoteref) refs/heads/master refs/remotes/master [3ms]
[2022-06-28T06:16:21.907Z] > git remote --verbose [4ms]
[2022-06-28T06:16:21.907Z] > git for-each-ref --sort -committerdate --format %(refname) %(objectname) %(*objectname) [18ms]
[2022-06-28T06:16:23.731Z] > git config --get commit.template [1696ms]
[2022-06-28T06:16:35.587Z] > git status -z -uall [22ms]
[2022-06-28T06:16:35.603Z] > git symbolic-ref --short HEAD [2ms]
[2022-06-28T06:16:35.618Z] > git for-each-ref --format=%(refname)%00%(upstream:short)%00%(objectname)%00%(upstream:track)%00%(upstream:remotename)%00%(upstream:remoteref) refs/heads/master refs/remotes/master [1ms]
[2022-06-28T06:16:35.653Z] > git remote --verbose [2ms]
[2022-06-28T06:16:35.653Z] > git for-each-ref --sort -committerdate --format %(refname) %(objectname) %(*objectname) [23ms]
[2022-06-28T06:16:35.737Z] > git config --get commit.template [1ms]
[2022-06-28T06:16:40.774Z] > git status -z -uall [15ms]
[2022-06-28T06:16:40.788Z] > git symbolic-ref --short HEAD [2ms]
[2022-06-28T06:16:40.802Z] > git for-each-ref --format=%(refname)%00%(upstream:short)%00%(objectname)%00%(upstream:track)%00%(upstream:remotename)%00%(upstream:remoteref) refs/heads/master refs/remotes/master [2ms]
[2022-06-28T06:16:40.830Z] > git for-each-ref --sort -committerdate --format %(refname) %(objectname) %(*objectname) [14ms]
[2022-06-28T06:16:40.831Z] > git remote --verbose [2ms]
[2022-06-28T06:16:40.901Z] > git config --get commit.template [2ms]
[2022-06-28T06:16:45.957Z] > git status -z -uall [33ms]
[2022-06-28T06:16:45.978Z] > git symbolic-ref --short HEAD [2ms]
[2022-06-28T06:16:45.993Z] > git for-each-ref --format=%(refname)%00%(upstream:short)%00%(objectname)%00%(upstream:track)%00%(upstream:remotename)%00%(upstream:remoteref) refs/heads/master refs/remotes/master [2ms]
[2022-06-28T06:16:46.034Z] > git remote --verbose [5ms]
[2022-06-28T06:16:46.035Z] > git for-each-ref --sort -committerdate --format %(refname) %(objectname) %(*objectname) [25ms]
[2022-06-28T06:16:46.140Z] > git config --get commit.template [12ms]
[2022-06-28T06:16:51.194Z] > git status -z -uall [38ms]
[2022-06-28T06:16:51.214Z] > git symbolic-ref --short HEAD [3ms]
[2022-06-28T06:16:51.230Z] > git for-each-ref --format=%(refname)%00%(upstream:short)%00%(objectname)%00%(upstream:track)%00%(upstream:remotename)%00%(upstream:remoteref) refs/heads/master refs/remotes/master [3ms]
[2022-06-28T06:16:51.279Z] > git for-each-ref --sort -committerdate --format %(refname) %(objectname) %(*objectname) [29ms]
[2022-06-28T06:16:51.307Z] > git remote --verbose [31ms]
[2022-06-28T06:16:51.381Z] > git config --get commit.template [5ms]
[2022-06-28T06:17:40.783Z] > git status -z -uall [32ms]
[2022-06-28T06:17:40.805Z] > git symbolic-ref --short HEAD [1ms]
[2022-06-28T06:17:40.822Z] > git for-each-ref --format=%(refname)%00%(upstream:short)%00%(objectname)%00%(upstream:track)%00%(upstream:remotename)%00%(upstream:remoteref) refs/heads/master refs/remotes/master [3ms]
[2022-06-28T06:17:40.877Z] > git remote --verbose [17ms]
[2022-06-28T06:17:40.877Z] > git for-each-ref --sort -committerdate --format %(refname) %(objectname) %(*objectname) [44ms]
[2022-06-28T06:17:40.993Z] > git config --get commit.template [3ms]
[2022-06-28T06:17:53.699Z] > git status -z -uall [23ms]
[2022-06-28T06:17:53.716Z] > git symbolic-ref --short HEAD [1ms]
[2022-06-28T06:17:53.733Z] > git for-each-ref --format=%(refname)%00%(upstream:short)%00%(objectname)%00%(upstream:track)%00%(upstream:remotename)%00%(upstream:remoteref) refs/heads/master refs/remotes/master [3ms]
[2022-06-28T06:17:53.764Z] > git for-each-ref --sort -committerdate --format %(refname) %(objectname) %(*objectname) [18ms]
[2022-06-28T06:17:53.765Z] > git remote --verbose [3ms]
[2022-06-28T06:17:53.846Z] > git config --get commit.template [4ms]
[2022-06-28T06:17:58.901Z] > git status -z -uall [39ms]
[2022-06-28T06:17:58.920Z] > git symbolic-ref --short HEAD [1ms]
[2022-06-28T06:17:58.935Z] > git for-each-ref --format=%(refname)%00%(upstream:short)%00%(objectname)%00%(upstream:track)%00%(upstream:remotename)%00%(upstream:remoteref) refs/heads/master refs/remotes/master [4ms]
[2022-06-28T06:17:58.975Z] > git remote --verbose [6ms]
[2022-06-28T06:17:58.975Z] > git for-each-ref --sort -committerdate --format %(refname) %(objectname) %(*objectname) [29ms]
[2022-06-28T06:17:59.049Z] > git config --get commit.template [6ms]
[2022-06-28T06:18:04.092Z] > git status -z -uall [28ms]
[2022-06-28T06:18:04.108Z] > git symbolic-ref --short HEAD [3ms]
[2022-06-28T06:18:04.129Z] > git for-each-ref --format=%(refname)%00%(upstream:short)%00%(objectname)%00%(upstream:track)%00%(upstream:remotename)%00%(upstream:remoteref) refs/heads/master refs/remotes/master [1ms]
[2022-06-28T06:18:04.165Z] > git for-each-ref --sort -committerdate --format %(refname) %(objectname) %(*objectname) [22ms]
[2022-06-28T06:18:04.166Z] > git remote --verbose [2ms]
[2022-06-28T06:18:04.266Z] > git config --get commit.template [6ms]
[2022-06-28T06:18:10.124Z] > git status -z -uall [34ms]
[2022-06-28T06:18:10.140Z] > git symbolic-ref --short HEAD [2ms]
[2022-06-28T06:18:10.157Z] > git for-each-ref --format=%(refname)%00%(upstream:short)%00%(objectname)%00%(upstream:track)%00%(upstream:remotename)%00%(upstream:remoteref) refs/heads/master refs/remotes/master [2ms]
[2022-06-28T06:18:10.192Z] > git for-each-ref --sort -committerdate --format %(refname) %(objectname) %(*objectname) [15ms]
[2022-06-28T06:18:10.193Z] > git remote --verbose [3ms]
[2022-06-28T06:18:10.269Z] > git config --get commit.template [2ms]
[2022-06-28T06:18:41.396Z] > git status -z -uall [31ms]
[2022-06-28T06:18:41.410Z] > git symbolic-ref --short HEAD [2ms]
[2022-06-28T06:18:41.430Z] > git for-each-ref --format=%(refname)%00%(upstream:short)%00%(objectname)%00%(upstream:track)%00%(upstream:remotename)%00%(upstream:remoteref) refs/heads/master refs/remotes/master [2ms]
[2022-06-28T06:18:41.469Z] > git for-each-ref --sort -committerdate --format %(refname) %(objectname) %(*objectname) [26ms]
[2022-06-28T06:18:41.469Z] > git remote --verbose [2ms]
[2022-06-28T06:18:41.539Z] > git config --get commit.template [2ms]
[2022-06-28T06:18:46.578Z] > git status -z -uall [25ms]
[2022-06-28T06:18:46.594Z] > git symbolic-ref --short HEAD [2ms]
[2022-06-28T06:18:46.608Z] > git for-each-ref --format=%(refname)%00%(upstream:short)%00%(objectname)%00%(upstream:track)%00%(upstream:remotename)%00%(upstream:remoteref) refs/heads/master refs/remotes/master [2ms]
[2022-06-28T06:18:46.637Z] > git remote --verbose [2ms]
[2022-06-28T06:18:46.638Z] > git for-each-ref --sort -committerdate --format %(refname) %(objectname) %(*objectname) [17ms]
[2022-06-28T06:18:46.708Z] > git config --get commit.template [7ms]
[2022-06-28T06:18:51.766Z] > git status -z -uall [44ms]
[2022-06-28T06:18:51.791Z] > git symbolic-ref --short HEAD [2ms]
[2022-06-28T06:18:51.820Z] > git for-each-ref --format=%(refname)%00%(upstream:short)%00%(objectname)%00%(upstream:track)%00%(upstream:remotename)%00%(upstream:remoteref) refs/heads/master refs/remotes/master [1ms]
[2022-06-28T06:18:51.854Z] > git remote --verbose [5ms]
[2022-06-28T06:18:51.857Z] > git for-each-ref --sort -committerdate --format %(refname) %(objectname) %(*objectname) [22ms]
[2022-06-28T06:18:51.939Z] > git config --get commit.template [4ms]
[2022-06-28T06:18:53.702Z] > git check-ignore -v -z --stdin [14ms]
[2022-06-28T06:18:55.243Z] > git show --textconv :workshop01/task2/variables.tf [35ms]
[2022-06-28T06:18:55.254Z] > git ls-files --stage -- /home/fred/workshop01/task2/variables.tf [27ms]
[2022-06-28T06:18:56.992Z] > git status -z -uall [39ms]
[2022-06-28T06:18:57.009Z] > git symbolic-ref --short HEAD [5ms]
[2022-06-28T06:18:57.025Z] > git for-each-ref --format=%(refname)%00%(upstream:short)%00%(objectname)%00%(upstream:track)%00%(upstream:remotename)%00%(upstream:remoteref) refs/heads/master refs/remotes/master [4ms]
[2022-06-28T06:18:57.058Z] > git remote --verbose [2ms]
[2022-06-28T06:18:57.059Z] > git for-each-ref --sort -committerdate --format %(refname) %(objectname) %(*objectname) [15ms]
[2022-06-28T06:18:57.158Z] > git config --get commit.template [3ms]
[2022-06-28T06:19:02.202Z] > git status -z -uall [18ms]
[2022-06-28T06:19:02.218Z] > git symbolic-ref --short HEAD [3ms]
[2022-06-28T06:19:02.241Z] > git for-each-ref --format=%(refname)%00%(upstream:short)%00%(objectname)%00%(upstream:track)%00%(upstream:remotename)%00%(upstream:remoteref) refs/heads/master refs/remotes/master [4ms]
[2022-06-28T06:19:02.290Z] > git remote --verbose [12ms]
[2022-06-28T06:19:02.291Z] > git for-each-ref --sort -committerdate --format %(refname) %(objectname) %(*objectname) [31ms]
[2022-06-28T06:19:02.397Z] > git config --get commit.template [13ms]
[2022-06-28T06:19:07.445Z] > git status -z -uall [17ms]
[2022-06-28T06:19:07.461Z] > git symbolic-ref --short HEAD [2ms]
[2022-06-28T06:19:07.476Z] > git for-each-ref --format=%(refname)%00%(upstream:short)%00%(objectname)%00%(upstream:track)%00%(upstream:remotename)%00%(upstream:remoteref) refs/heads/master refs/remotes/master [3ms]
[2022-06-28T06:19:07.516Z] > git remote --verbose [7ms]
[2022-06-28T06:19:07.516Z] > git for-each-ref --sort -committerdate --format %(refname) %(objectname) %(*objectname) [25ms]
[2022-06-28T06:19:07.595Z] > git config --get commit.template [11ms]
[2022-06-28T06:19:46.478Z] > git status -z -uall [35ms]
[2022-06-28T06:19:46.495Z] > git symbolic-ref --short HEAD [4ms]
[2022-06-28T06:19:46.513Z] > git for-each-ref --format=%(refname)%00%(upstream:short)%00%(objectname)%00%(upstream:track)%00%(upstream:remotename)%00%(upstream:remoteref) refs/heads/master refs/remotes/master [4ms]
[2022-06-28T06:19:46.545Z] > git for-each-ref --sort -committerdate --format %(refname) %(objectname) %(*objectname) [18ms]
[2022-06-28T06:19:46.548Z] > git remote --verbose [6ms]
[2022-06-28T06:19:46.695Z] > git config --get commit.template [5ms]
[2022-06-28T06:20:29.901Z] > git status -z -uall [29ms]
[2022-06-28T06:20:29.914Z] > git symbolic-ref --short HEAD [3ms]
[2022-06-28T06:20:29.925Z] > git for-each-ref --format=%(refname)%00%(upstream:short)%00%(objectname)%00%(upstream:track)%00%(upstream:remotename)%00%(upstream:remoteref) refs/heads/master refs/remotes/master [1ms]
[2022-06-28T06:20:29.944Z] > git for-each-ref --sort -committerdate --format %(refname) %(objectname) %(*objectname) [10ms]
[2022-06-28T06:20:29.945Z] > git remote --verbose [2ms]
[2022-06-28T06:20:30.013Z] > git config --get commit.template [1ms]
[2022-06-28T06:20:33.328Z] > git show --textconv :workshop01/task2/provider.tf [16ms]
[2022-06-28T06:20:33.333Z] > git ls-files --stage -- /home/fred/workshop01/task2/provider.tf [7ms]
[2022-06-28T06:20:35.078Z] > git status -z -uall [43ms]
[2022-06-28T06:20:35.098Z] > git symbolic-ref --short HEAD [4ms]
[2022-06-28T06:20:35.112Z] > git for-each-ref --format=%(refname)%00%(upstream:short)%00%(objectname)%00%(upstream:track)%00%(upstream:remotename)%00%(upstream:remoteref) refs/heads/master refs/remotes/master [3ms]
[2022-06-28T06:20:35.142Z] > git remote --verbose [2ms]
[2022-06-28T06:20:35.142Z] > git for-each-ref --sort -committerdate --format %(refname) %(objectname) %(*objectname) [14ms]
[2022-06-28T06:20:35.217Z] > git config --get commit.template [2ms]
[2022-06-28T06:20:37.976Z] > git show --textconv :workshop01/task2/variables.tf [39ms]
[2022-06-28T06:20:37.977Z] > git ls-files --stage -- /home/fred/workshop01/task2/variables.tf [20ms]
[2022-06-28T06:20:38.454Z] > git show --textconv :workshop01/task2/provider.tf [14ms]
[2022-06-28T06:20:38.457Z] > git ls-files --stage -- /home/fred/workshop01/task2/provider.tf [4ms]
[2022-06-28T06:20:40.269Z] > git status -z -uall [36ms]
[2022-06-28T06:20:40.289Z] > git symbolic-ref --short HEAD [4ms]
[2022-06-28T06:20:40.305Z] > git for-each-ref --format=%(refname)%00%(upstream:short)%00%(objectname)%00%(upstream:track)%00%(upstream:remotename)%00%(upstream:remoteref) refs/heads/master refs/remotes/master [4ms]
[2022-06-28T06:20:40.333Z] > git remote --verbose [3ms]
[2022-06-28T06:20:40.334Z] > git for-each-ref --sort -committerdate --format %(refname) %(objectname) %(*objectname) [18ms]
[2022-06-28T06:20:40.487Z] > git config --get commit.template [7ms]
[2022-06-28T06:20:45.533Z] > git status -z -uall [26ms]
[2022-06-28T06:20:45.550Z] > git symbolic-ref --short HEAD [1ms]
[2022-06-28T06:20:45.569Z] > git for-each-ref --format=%(refname)%00%(upstream:short)%00%(objectname)%00%(upstream:track)%00%(upstream:remotename)%00%(upstream:remoteref) refs/heads/master refs/remotes/master [4ms]
[2022-06-28T06:20:45.627Z] > git for-each-ref --sort -committerdate --format %(refname) %(objectname) %(*objectname) [15ms]
[2022-06-28T06:20:45.627Z] > git remote --verbose [2ms]
[2022-06-28T06:20:45.685Z] > git config --get commit.template [1ms]
[2022-06-28T06:21:22.889Z] > git status -z -uall [37ms]
[2022-06-28T06:21:22.904Z] > git symbolic-ref --short HEAD [3ms]
[2022-06-28T06:21:22.921Z] > git for-each-ref --format=%(refname)%00%(upstream:short)%00%(objectname)%00%(upstream:track)%00%(upstream:remotename)%00%(upstream:remoteref) refs/heads/master refs/remotes/master [3ms]
[2022-06-28T06:21:22.950Z] > git for-each-ref --sort -committerdate --format %(refname) %(objectname) %(*objectname) [15ms]
[2022-06-28T06:21:22.951Z] > git remote --verbose [4ms]
[2022-06-28T06:21:24.763Z] > git config --get commit.template [1663ms]
[2022-06-28T06:22:48.892Z] > git status -z -uall [31ms]
[2022-06-28T06:22:48.906Z] > git symbolic-ref --short HEAD [3ms]
[2022-06-28T06:22:48.936Z] > git for-each-ref --format=%(refname)%00%(upstream:short)%00%(objectname)%00%(upstream:track)%00%(upstream:remotename)%00%(upstream:remoteref) refs/heads/master refs/remotes/master [17ms]
[2022-06-28T06:22:48.977Z] > git for-each-ref --sort -committerdate --format %(refname) %(objectname) %(*objectname) [28ms]
[2022-06-28T06:22:48.978Z] > git remote --verbose [9ms]
[2022-06-28T06:22:50.774Z] > git config --get commit.template [1658ms]
[2022-06-28T06:24:16.110Z] > git status -z -uall [35ms]
[2022-06-28T06:24:16.135Z] > git symbolic-ref --short HEAD [3ms]
[2022-06-28T06:24:16.147Z] > git for-each-ref --format=%(refname)%00%(upstream:short)%00%(objectname)%00%(upstream:track)%00%(upstream:remotename)%00%(upstream:remoteref) refs/heads/master refs/remotes/master [2ms]
[2022-06-28T06:24:16.170Z] > git for-each-ref --sort -committerdate --format %(refname) %(objectname) %(*objectname) [12ms]
[2022-06-28T06:24:16.171Z] > git remote --verbose [3ms]
[2022-06-28T06:24:16.242Z] > git config --get commit.template [2ms]
[2022-06-28T06:24:21.300Z] > git status -z -uall [39ms]
[2022-06-28T06:24:21.314Z] > git symbolic-ref --short HEAD [4ms]
[2022-06-28T06:24:21.350Z] > git for-each-ref --format=%(refname)%00%(upstream:short)%00%(objectname)%00%(upstream:track)%00%(upstream:remotename)%00%(upstream:remoteref) refs/heads/master refs/remotes/master [1ms]
[2022-06-28T06:24:21.381Z] > git for-each-ref --sort -committerdate --format %(refname) %(objectname) %(*objectname) [18ms]
[2022-06-28T06:24:21.382Z] > git remote --verbose [3ms]
[2022-06-28T06:24:21.477Z] > git config --get commit.template [19ms]
[2022-06-28T06:24:26.516Z] > git status -z -uall [22ms]
[2022-06-28T06:24:26.530Z] > git symbolic-ref --short HEAD [1ms]
[2022-06-28T06:24:26.544Z] > git for-each-ref --format=%(refname)%00%(upstream:short)%00%(objectname)%00%(upstream:track)%00%(upstream:remotename)%00%(upstream:remoteref) refs/heads/master refs/remotes/master [2ms]
[2022-06-28T06:24:26.575Z] > git remote --verbose [4ms]
[2022-06-28T06:24:26.575Z] > git for-each-ref --sort -committerdate --format %(refname) %(objectname) %(*objectname) [16ms]
[2022-06-28T06:24:26.635Z] > git config --get commit.template [6ms]
[2022-06-28T06:24:31.677Z] > git status -z -uall [28ms]
[2022-06-28T06:24:31.693Z] > git symbolic-ref --short HEAD [3ms]
[2022-06-28T06:24:31.706Z] > git for-each-ref --format=%(refname)%00%(upstream:short)%00%(objectname)%00%(upstream:track)%00%(upstream:remotename)%00%(upstream:remoteref) refs/heads/master refs/remotes/master [2ms]
[2022-06-28T06:24:31.736Z] > git for-each-ref --sort -committerdate --format %(refname) %(objectname) %(*objectname) [15ms]
[2022-06-28T06:24:31.737Z] > git remote --verbose [3ms]
[2022-06-28T06:24:31.789Z] > git config --get commit.template [2ms]
[2022-06-28T06:24:35.787Z] > git check-ignore -v -z --stdin [4ms]
[2022-06-28T06:24:35.991Z] > git show --textconv :workshop01/task2/terraform.tfvars [15ms]
[2022-06-28T06:24:35.992Z] > git ls-files --stage -- /home/fred/workshop01/task2/terraform.tfvars [2ms]
[2022-06-28T06:24:36.829Z] > git status -z -uall [23ms]
[2022-06-28T06:24:36.853Z] > git symbolic-ref --short HEAD [1ms]
[2022-06-28T06:24:36.867Z] > git for-each-ref --format=%(refname)%00%(upstream:short)%00%(objectname)%00%(upstream:track)%00%(upstream:remotename)%00%(upstream:remoteref) refs/heads/master refs/remotes/master [2ms]
[2022-06-28T06:24:36.893Z] > git for-each-ref --sort -committerdate --format %(refname) %(objectname) %(*objectname) [14ms]
[2022-06-28T06:24:36.893Z] > git remote --verbose [2ms]
[2022-06-28T06:24:36.964Z] > git config --get commit.template [11ms]
[2022-06-28T06:24:42.044Z] > git status -z -uall [48ms]
[2022-06-28T06:24:42.068Z] > git symbolic-ref --short HEAD [2ms]
[2022-06-28T06:24:42.094Z] > git for-each-ref --format=%(refname)%00%(upstream:short)%00%(objectname)%00%(upstream:track)%00%(upstream:remotename)%00%(upstream:remoteref) refs/heads/master refs/remotes/master [1ms]
[2022-06-28T06:24:42.162Z] > git for-each-ref --sort -committerdate --format %(refname) %(objectname) %(*objectname) [30ms]
[2022-06-28T06:24:42.165Z] > git remote --verbose [5ms]
[2022-06-28T06:24:42.242Z] > git config --get commit.template [5ms]
[2022-06-28T06:24:47.823Z] > git status -z -uall [31ms]
[2022-06-28T06:24:47.855Z] > git symbolic-ref --short HEAD [5ms]
[2022-06-28T06:24:47.872Z] > git for-each-ref --format=%(refname)%00%(upstream:short)%00%(objectname)%00%(upstream:track)%00%(upstream:remotename)%00%(upstream:remoteref) refs/heads/master refs/remotes/master [4ms]
[2022-06-28T06:24:47.908Z] > git remote --verbose [8ms]
[2022-06-28T06:24:47.909Z] > git for-each-ref --sort -committerdate --format %(refname) %(objectname) %(*objectname) [22ms]
[2022-06-28T06:24:48.038Z] > git config --get commit.template [5ms]
[2022-06-28T06:24:51.308Z] > git show --textconv :workshop01/task2/provider.tf [13ms]
[2022-06-28T06:24:51.310Z] > git ls-files --stage -- /home/fred/workshop01/task2/provider.tf [3ms]
[2022-06-28T06:24:53.083Z] > git status -z -uall [32ms]
[2022-06-28T06:24:53.101Z] > git symbolic-ref --short HEAD [1ms]
[2022-06-28T06:24:53.137Z] > git for-each-ref --format=%(refname)%00%(upstream:short)%00%(objectname)%00%(upstream:track)%00%(upstream:remotename)%00%(upstream:remoteref) refs/heads/master refs/remotes/master [15ms]
[2022-06-28T06:24:53.178Z] > git for-each-ref --sort -committerdate --format %(refname) %(objectname) %(*objectname) [14ms]
[2022-06-28T06:24:53.180Z] > git remote --verbose [3ms]
[2022-06-28T06:24:53.275Z] > git config --get commit.template [4ms]
[2022-06-28T06:24:58.322Z] > git status -z -uall [32ms]
[2022-06-28T06:24:58.343Z] > git symbolic-ref --short HEAD [4ms]
[2022-06-28T06:24:58.358Z] > git for-each-ref --format=%(refname)%00%(upstream:short)%00%(objectname)%00%(upstream:track)%00%(upstream:remotename)%00%(upstream:remoteref) refs/heads/master refs/remotes/master [2ms]
[2022-06-28T06:24:58.386Z] > git for-each-ref --sort -committerdate --format %(refname) %(objectname) %(*objectname) [16ms]
[2022-06-28T06:24:58.387Z] > git remote --verbose [3ms]
[2022-06-28T06:24:58.492Z] > git config --get commit.template [5ms]
[2022-06-28T06:26:31.169Z] > git status -z -uall [27ms]
[2022-06-28T06:26:31.189Z] > git symbolic-ref --short HEAD [3ms]
[2022-06-28T06:26:31.202Z] > git for-each-ref --format=%(refname)%00%(upstream:short)%00%(objectname)%00%(upstream:track)%00%(upstream:remotename)%00%(upstream:remoteref) refs/heads/master refs/remotes/master [0ms]
[2022-06-28T06:26:31.232Z] > git for-each-ref --sort -committerdate --format %(refname) %(objectname) %(*objectname) [19ms]
[2022-06-28T06:26:31.235Z] > git remote --verbose [4ms]
[2022-06-28T06:26:31.337Z] > git config --get commit.template [3ms]
[2022-06-28T06:26:36.395Z] > git status -z -uall [34ms]
[2022-06-28T06:26:36.413Z] > git symbolic-ref --short HEAD [2ms]
[2022-06-28T06:26:36.429Z] > git for-each-ref --format=%(refname)%00%(upstream:short)%00%(objectname)%00%(upstream:track)%00%(upstream:remotename)%00%(upstream:remoteref) refs/heads/master refs/remotes/master [2ms]
[2022-06-28T06:26:36.463Z] > git for-each-ref --sort -committerdate --format %(refname) %(objectname) %(*objectname) [16ms]
[2022-06-28T06:26:36.467Z] > git remote --verbose [6ms]
[2022-06-28T06:26:36.565Z] > git config --get commit.template [10ms]
[2022-06-28T06:26:41.609Z] > git status -z -uall [24ms]
[2022-06-28T06:26:41.626Z] > git symbolic-ref --short HEAD [3ms]
[2022-06-28T06:26:41.642Z] > git for-each-ref --format=%(refname)%00%(upstream:short)%00%(objectname)%00%(upstream:track)%00%(upstream:remotename)%00%(upstream:remoteref) refs/heads/master refs/remotes/master [2ms]
[2022-06-28T06:26:41.670Z] > git for-each-ref --sort -committerdate --format %(refname) %(objectname) %(*objectname) [15ms]
[2022-06-28T06:26:41.670Z] > git remote --verbose [3ms]
[2022-06-28T06:26:41.723Z] > git config --get commit.template [1ms]
[2022-06-28T06:26:46.760Z] > git status -z -uall [22ms]
[2022-06-28T06:26:46.774Z] > git symbolic-ref --short HEAD [3ms]
[2022-06-28T06:26:46.793Z] > git for-each-ref --format=%(refname)%00%(upstream:short)%00%(objectname)%00%(upstream:track)%00%(upstream:remotename)%00%(upstream:remoteref) refs/heads/master refs/remotes/master [2ms]
[2022-06-28T06:26:46.820Z] > git for-each-ref --sort -committerdate --format %(refname) %(objectname) %(*objectname) [14ms]
[2022-06-28T06:26:46.821Z] > git remote --verbose [2ms]
[2022-06-28T06:26:46.879Z] > git config --get commit.template [2ms]
[2022-06-28T06:27:05.453Z] > git status -z -uall [33ms]
[2022-06-28T06:27:05.477Z] > git symbolic-ref --short HEAD [1ms]
[2022-06-28T06:27:05.493Z] > git for-each-ref --format=%(refname)%00%(upstream:short)%00%(objectname)%00%(upstream:track)%00%(upstream:remotename)%00%(upstream:remoteref) refs/heads/master refs/remotes/master [1ms]
[2022-06-28T06:27:05.524Z] > git for-each-ref --sort -committerdate --format %(refname) %(objectname) %(*objectname) [18ms]
[2022-06-28T06:27:05.525Z] > git remote --verbose [3ms]
[2022-06-28T06:27:07.469Z] > git config --get commit.template [13ms]
[2022-06-28T06:27:24.665Z] > git status -z -uall [38ms]
[2022-06-28T06:27:24.689Z] > git symbolic-ref --short HEAD [1ms]
[2022-06-28T06:27:24.711Z] > git for-each-ref --format=%(refname)%00%(upstream:short)%00%(objectname)%00%(upstream:track)%00%(upstream:remotename)%00%(upstream:remoteref) refs/heads/master refs/remotes/master [1ms]
[2022-06-28T06:27:24.754Z] > git for-each-ref --sort -committerdate --format %(refname) %(objectname) %(*objectname) [22ms]
[2022-06-28T06:27:24.754Z] > git remote --verbose [3ms]
[2022-06-28T06:27:27.362Z] > git config --get commit.template [2477ms]
[2022-06-28T06:28:12.627Z] > git status -z -uall [24ms]
[2022-06-28T06:28:12.647Z] > git symbolic-ref --short HEAD [2ms]
[2022-06-28T06:28:12.663Z] > git for-each-ref --format=%(refname)%00%(upstream:short)%00%(objectname)%00%(upstream:track)%00%(upstream:remotename)%00%(upstream:remoteref) refs/heads/master refs/remotes/master [1ms]
[2022-06-28T06:28:12.692Z] > git for-each-ref --sort -committerdate --format %(refname) %(objectname) %(*objectname) [18ms]
[2022-06-28T06:28:12.698Z] > git remote --verbose [7ms]
[2022-06-28T06:28:12.798Z] > git config --get commit.template [3ms]
[2022-06-28T06:28:17.835Z] > git status -z -uall [23ms]
[2022-06-28T06:28:17.848Z] > git symbolic-ref --short HEAD [2ms]
[2022-06-28T06:28:17.866Z] > git for-each-ref --format=%(refname)%00%(upstream:short)%00%(objectname)%00%(upstream:track)%00%(upstream:remotename)%00%(upstream:remoteref) refs/heads/master refs/remotes/master [1ms]
[2022-06-28T06:28:17.900Z] > git remote --verbose [2ms]
[2022-06-28T06:28:17.900Z] > git for-each-ref --sort -committerdate --format %(refname) %(objectname) %(*objectname) [20ms]
[2022-06-28T06:28:17.960Z] > git config --get commit.template [7ms]
[2022-06-28T06:28:27.945Z] > git status -z -uall [21ms]
[2022-06-28T06:28:27.958Z] > git symbolic-ref --short HEAD [2ms]
[2022-06-28T06:28:27.976Z] > git for-each-ref --format=%(refname)%00%(upstream:short)%00%(objectname)%00%(upstream:track)%00%(upstream:remotename)%00%(upstream:remoteref) refs/heads/master refs/remotes/master [7ms]
[2022-06-28T06:28:28.001Z] > git for-each-ref --sort -committerdate --format %(refname) %(objectname) %(*objectname) [13ms]
[2022-06-28T06:28:28.001Z] > git remote --verbose [2ms]
[2022-06-28T06:28:28.067Z] > git config --get commit.template [2ms]
[2022-06-28T06:28:33.111Z] > git status -z -uall [32ms]
[2022-06-28T06:28:33.133Z] > git symbolic-ref --short HEAD [10ms]
[2022-06-28T06:28:33.155Z] > git for-each-ref --format=%(refname)%00%(upstream:short)%00%(objectname)%00%(upstream:track)%00%(upstream:remotename)%00%(upstream:remoteref) refs/heads/master refs/remotes/master [9ms]
[2022-06-28T06:28:33.180Z] > git for-each-ref --sort -committerdate --format %(refname) %(objectname) %(*objectname) [13ms]
[2022-06-28T06:28:33.181Z] > git remote --verbose [3ms]
[2022-06-28T06:28:33.246Z] > git config --get commit.template [4ms]
[2022-06-28T06:28:38.285Z] > git status -z -uall [20ms]
[2022-06-28T06:28:38.306Z] > git symbolic-ref --short HEAD [8ms]
[2022-06-28T06:28:38.321Z] > git for-each-ref --format=%(refname)%00%(upstream:short)%00%(objectname)%00%(upstream:track)%00%(upstream:remotename)%00%(upstream:remoteref) refs/heads/master refs/remotes/master [2ms]
[2022-06-28T06:28:38.348Z] > git remote --verbose [2ms]
[2022-06-28T06:28:38.349Z] > git for-each-ref --sort -committerdate --format %(refname) %(objectname) %(*objectname) [14ms]
[2022-06-28T06:28:38.462Z] > git config --get commit.template [11ms]
[2022-06-28T06:28:43.519Z] > git status -z -uall [22ms]
[2022-06-28T06:28:43.539Z] > git symbolic-ref --short HEAD [3ms]
[2022-06-28T06:28:43.555Z] > git for-each-ref --format=%(refname)%00%(upstream:short)%00%(objectname)%00%(upstream:track)%00%(upstream:remotename)%00%(upstream:remoteref) refs/heads/master refs/remotes/master [2ms]
[2022-06-28T06:28:43.596Z] > git remote --verbose [2ms]
[2022-06-28T06:28:43.596Z] > git for-each-ref --sort -committerdate --format %(refname) %(objectname) %(*objectname) [24ms]
[2022-06-28T06:28:43.660Z] > git config --get commit.template [5ms]
[2022-06-28T06:28:48.709Z] > git status -z -uall [34ms]
[2022-06-28T06:28:48.725Z] > git symbolic-ref --short HEAD [3ms]
[2022-06-28T06:28:48.742Z] > git for-each-ref --format=%(refname)%00%(upstream:short)%00%(objectname)%00%(upstream:track)%00%(upstream:remotename)%00%(upstream:remoteref) refs/heads/master refs/remotes/master [4ms]
[2022-06-28T06:28:48.779Z] > git for-each-ref --sort -committerdate --format %(refname) %(objectname) %(*objectname) [16ms]
[2022-06-28T06:28:48.780Z] > git remote --verbose [3ms]
[2022-06-28T06:28:48.904Z] > git config --get commit.template [13ms]
[2022-06-28T06:32:31.121Z] > git status -z -uall [25ms]
[2022-06-28T06:32:31.133Z] > git symbolic-ref --short HEAD [2ms]
[2022-06-28T06:32:31.148Z] > git for-each-ref --format=%(refname)%00%(upstream:short)%00%(objectname)%00%(upstream:track)%00%(upstream:remotename)%00%(upstream:remoteref) refs/heads/master refs/remotes/master [4ms]
[2022-06-28T06:32:31.167Z] > git for-each-ref --sort -committerdate --format %(refname) %(objectname) %(*objectname) [9ms]
[2022-06-28T06:32:31.175Z] > git remote --verbose [9ms]
[2022-06-28T06:32:31.274Z] > git config --get commit.template [2ms]
[2022-06-28T06:32:36.310Z] > git status -z -uall [22ms]
[2022-06-28T06:32:36.332Z] > git symbolic-ref --short HEAD [2ms]
[2022-06-28T06:32:36.346Z] > git for-each-ref --format=%(refname)%00%(upstream:short)%00%(objectname)%00%(upstream:track)%00%(upstream:remotename)%00%(upstream:remoteref) refs/heads/master refs/remotes/master [2ms]
[2022-06-28T06:32:36.371Z] > git for-each-ref --sort -committerdate --format %(refname) %(objectname) %(*objectname) [12ms]
[2022-06-28T06:32:36.371Z] > git remote --verbose [2ms]
[2022-06-28T06:32:36.442Z] > git config --get commit.template [10ms]
[2022-06-28T06:32:45.387Z] > git status -z -uall [32ms]
[2022-06-28T06:32:45.402Z] > git symbolic-ref --short HEAD [2ms]
[2022-06-28T06:32:45.428Z] > git for-each-ref --format=%(refname)%00%(upstream:short)%00%(objectname)%00%(upstream:track)%00%(upstream:remotename)%00%(upstream:remoteref) refs/heads/master refs/remotes/master [8ms]
[2022-06-28T06:32:45.466Z] > git for-each-ref --sort -committerdate --format %(refname) %(objectname) %(*objectname) [23ms]
[2022-06-28T06:32:45.466Z] > git remote --verbose [2ms]
[2022-06-28T06:32:45.519Z] > git config --get commit.template [2ms]
[2022-06-28T06:33:30.326Z] > git status -z -uall [34ms]
[2022-06-28T06:33:30.343Z] > git symbolic-ref --short HEAD [2ms]
[2022-06-28T06:33:30.359Z] > git for-each-ref --format=%(refname)%00%(upstream:short)%00%(objectname)%00%(upstream:track)%00%(upstream:remotename)%00%(upstream:remoteref) refs/heads/master refs/remotes/master [2ms]
[2022-06-28T06:33:30.389Z] > git remote --verbose [2ms]
[2022-06-28T06:33:30.391Z] > git for-each-ref --sort -committerdate --format %(refname) %(objectname) %(*objectname) [20ms]
[2022-06-28T06:33:30.494Z] > git config --get commit.template [1ms]
