[2022-06-28T15:58:34.138Z] Log level: Info
[2022-06-28T15:58:34.143Z] [info] Validating found git in: git
[2022-06-28T15:58:34.236Z] [info] Using git 2.25.1 from git
[2022-06-28T15:58:34.316Z] > git rev-parse --show-toplevel [53ms]
[2022-06-28T15:58:34.389Z] > git rev-parse --git-dir --git-common-dir [56ms]
[2022-06-28T15:58:34.402Z] [info] Open repository: /home/fred
[2022-06-28T15:58:34.476Z] > git status -z -uall [42ms]
[2022-06-28T15:58:34.491Z] > git symbolic-ref --short HEAD [3ms]
[2022-06-28T15:58:34.505Z] > git for-each-ref --format=%(refname)%00%(upstream:short)%00%(objectname)%00%(upstream:track)%00%(upstream:remotename)%00%(upstream:remoteref) refs/heads/master refs/remotes/master [2ms]
[2022-06-28T15:58:34.529Z] > git remote --verbose [2ms]
[2022-06-28T15:58:34.529Z] > git for-each-ref --sort -committerdate --format %(refname) %(objectname) %(*objectname) [13ms]
[2022-06-28T15:58:35.999Z] > git config --get commit.template [12ms]
[2022-06-28T15:58:36.591Z] > git check-ignore -v -z --stdin [2ms]
[2022-06-28T15:58:38.810Z] > git show --textconv :workshop01/task2/resources.tf [12ms]
[2022-06-28T15:58:38.812Z] > git ls-files --stage -- /home/fred/workshop01/task2/resources.tf [4ms]
[2022-06-28T16:00:04.072Z] > git status -z -uall [38ms]
[2022-06-28T16:00:04.094Z] > git symbolic-ref --short HEAD [2ms]
[2022-06-28T16:00:04.106Z] > git for-each-ref --format=%(refname)%00%(upstream:short)%00%(objectname)%00%(upstream:track)%00%(upstream:remotename)%00%(upstream:remoteref) refs/heads/master refs/remotes/master [3ms]
[2022-06-28T16:00:04.144Z] > git remote --verbose [5ms]
[2022-06-28T16:00:04.145Z] > git for-each-ref --sort -committerdate --format %(refname) %(objectname) %(*objectname) [14ms]
[2022-06-28T16:00:04.268Z] > git config --get commit.template [17ms]
[2022-06-28T16:00:09.313Z] > git status -z -uall [29ms]
[2022-06-28T16:00:09.331Z] > git symbolic-ref --short HEAD [2ms]
[2022-06-28T16:00:09.344Z] > git for-each-ref --format=%(refname)%00%(upstream:short)%00%(objectname)%00%(upstream:track)%00%(upstream:remotename)%00%(upstream:remoteref) refs/heads/master refs/remotes/master [2ms]
[2022-06-28T16:00:09.379Z] > git remote --verbose [2ms]
[2022-06-28T16:00:09.379Z] > git for-each-ref --sort -committerdate --format %(refname) %(objectname) %(*objectname) [13ms]
[2022-06-28T16:00:09.444Z] > git config --get commit.template [2ms]
[2022-06-28T16:00:12.922Z] > git show --textconv :workshop01/task2/provider.tf [27ms]
[2022-06-28T16:00:12.932Z] > git ls-files --stage -- /home/fred/workshop01/task2/provider.tf [15ms]
[2022-06-28T16:42:51.453Z] > git status -z -uall [22ms]
[2022-06-28T16:42:51.464Z] > git symbolic-ref --short HEAD [2ms]
[2022-06-28T16:42:51.475Z] > git for-each-ref --format=%(refname)%00%(upstream:short)%00%(objectname)%00%(upstream:track)%00%(upstream:remotename)%00%(upstream:remoteref) refs/heads/master refs/remotes/master [2ms]
[2022-06-28T16:42:51.495Z] > git for-each-ref --sort -committerdate --format %(refname) %(objectname) %(*objectname) [10ms]
[2022-06-28T16:42:51.496Z] > git remote --verbose [3ms]
[2022-06-28T16:42:51.568Z] > git config --get commit.template [2ms]
[2022-06-28T16:42:56.604Z] > git status -z -uall [23ms]
[2022-06-28T16:42:56.622Z] > git symbolic-ref --short HEAD [7ms]
[2022-06-28T16:42:56.634Z] > git for-each-ref --format=%(refname)%00%(upstream:short)%00%(objectname)%00%(upstream:track)%00%(upstream:remotename)%00%(upstream:remoteref) refs/heads/master refs/remotes/master [1ms]
[2022-06-28T16:42:56.655Z] > git for-each-ref --sort -committerdate --format %(refname) %(objectname) %(*objectname) [12ms]
[2022-06-28T16:42:56.655Z] > git remote --verbose [2ms]
[2022-06-28T16:42:56.718Z] > git config --get commit.template [5ms]
[2022-06-28T16:43:01.794Z] > git status -z -uall [25ms]
[2022-06-28T16:43:01.818Z] > git symbolic-ref --short HEAD [4ms]
[2022-06-28T16:43:01.836Z] > git for-each-ref --format=%(refname)%00%(upstream:short)%00%(objectname)%00%(upstream:track)%00%(upstream:remotename)%00%(upstream:remoteref) refs/heads/master refs/remotes/master [4ms]
[2022-06-28T16:43:01.867Z] > git for-each-ref --sort -committerdate --format %(refname) %(objectname) %(*objectname) [14ms]
[2022-06-28T16:43:01.868Z] > git remote --verbose [3ms]
[2022-06-28T16:43:01.935Z] > git config --get commit.template [5ms]
[2022-06-28T16:43:15.537Z] > git status -z -uall [25ms]
[2022-06-28T16:43:15.551Z] > git symbolic-ref --short HEAD [2ms]
[2022-06-28T16:43:15.566Z] > git for-each-ref --format=%(refname)%00%(upstream:short)%00%(objectname)%00%(upstream:track)%00%(upstream:remotename)%00%(upstream:remoteref) refs/heads/master refs/remotes/master [2ms]
[2022-06-28T16:43:15.590Z] > git remote --verbose [1ms]
[2022-06-28T16:43:15.591Z] > git for-each-ref --sort -committerdate --format %(refname) %(objectname) %(*objectname) [13ms]
[2022-06-28T16:43:15.658Z] > git config --get commit.template [11ms]
[2022-06-28T16:43:21.997Z] > git show --textconv :workshop01/task2/resources.tf [32ms]
[2022-06-28T16:43:21.997Z] > git ls-files --stage -- /home/fred/workshop01/task2/resources.tf [2ms]
[2022-06-28T16:43:23.140Z] > git status -z -uall [23ms]
[2022-06-28T16:43:23.153Z] > git symbolic-ref --short HEAD [2ms]
[2022-06-28T16:43:23.165Z] > git for-each-ref --format=%(refname)%00%(upstream:short)%00%(objectname)%00%(upstream:track)%00%(upstream:remotename)%00%(upstream:remoteref) refs/heads/master refs/remotes/master [2ms]
[2022-06-28T16:43:23.185Z] > git for-each-ref --sort -committerdate --format %(refname) %(objectname) %(*objectname) [10ms]
[2022-06-28T16:43:23.186Z] > git remote --verbose [2ms]
[2022-06-28T16:43:23.253Z] > git config --get commit.template [8ms]
[2022-06-28T16:43:28.303Z] > git status -z -uall [19ms]
[2022-06-28T16:43:28.315Z] > git symbolic-ref --short HEAD [2ms]
[2022-06-28T16:43:28.329Z] > git for-each-ref --format=%(refname)%00%(upstream:short)%00%(objectname)%00%(upstream:track)%00%(upstream:remotename)%00%(upstream:remoteref) refs/heads/master refs/remotes/master [2ms]
[2022-06-28T16:43:28.355Z] > git for-each-ref --sort -committerdate --format %(refname) %(objectname) %(*objectname) [13ms]
[2022-06-28T16:43:28.355Z] > git remote --verbose [2ms]
[2022-06-28T16:43:28.439Z] > git config --get commit.template [2ms]
[2022-06-28T16:43:33.485Z] > git status -z -uall [31ms]
[2022-06-28T16:43:33.508Z] > git symbolic-ref --short HEAD [3ms]
[2022-06-28T16:43:33.520Z] > git for-each-ref --format=%(refname)%00%(upstream:short)%00%(objectname)%00%(upstream:track)%00%(upstream:remotename)%00%(upstream:remoteref) refs/heads/master refs/remotes/master [3ms]
[2022-06-28T16:43:33.546Z] > git for-each-ref --sort -committerdate --format %(refname) %(objectname) %(*objectname) [14ms]
[2022-06-28T16:43:33.548Z] > git remote --verbose [4ms]
[2022-06-28T16:43:33.635Z] > git config --get commit.template [4ms]
[2022-06-28T16:43:46.212Z] > git status -z -uall [23ms]
[2022-06-28T16:43:46.227Z] > git symbolic-ref --short HEAD [3ms]
[2022-06-28T16:43:46.244Z] > git for-each-ref --format=%(refname)%00%(upstream:short)%00%(objectname)%00%(upstream:track)%00%(upstream:remotename)%00%(upstream:remoteref) refs/heads/master refs/remotes/master [4ms]
[2022-06-28T16:43:46.271Z] > git for-each-ref --sort -committerdate --format %(refname) %(objectname) %(*objectname) [17ms]
[2022-06-28T16:43:46.274Z] > git remote --verbose [9ms]
[2022-06-28T16:43:46.391Z] > git config --get commit.template [7ms]
[2022-06-28T16:43:51.426Z] > git status -z -uall [22ms]
[2022-06-28T16:43:51.440Z] > git symbolic-ref --short HEAD [3ms]
[2022-06-28T16:43:51.451Z] > git for-each-ref --format=%(refname)%00%(upstream:short)%00%(objectname)%00%(upstream:track)%00%(upstream:remotename)%00%(upstream:remoteref) refs/heads/master refs/remotes/master [2ms]
[2022-06-28T16:43:51.473Z] > git for-each-ref --sort -committerdate --format %(refname) %(objectname) %(*objectname) [11ms]
[2022-06-28T16:43:51.474Z] > git remote --verbose [3ms]
[2022-06-28T16:43:51.529Z] > git config --get commit.template [9ms]
[2022-06-28T16:43:56.570Z] > git status -z -uall [26ms]
[2022-06-28T16:43:56.585Z] > git symbolic-ref --short HEAD [3ms]
[2022-06-28T16:43:56.600Z] > git for-each-ref --format=%(refname)%00%(upstream:short)%00%(objectname)%00%(upstream:track)%00%(upstream:remotename)%00%(upstream:remoteref) refs/heads/master refs/remotes/master [3ms]
[2022-06-28T16:43:56.632Z] > git for-each-ref --sort -committerdate --format %(refname) %(objectname) %(*objectname) [15ms]
[2022-06-28T16:43:56.634Z] > git remote --verbose [5ms]
[2022-06-28T16:43:56.755Z] > git config --get commit.template [3ms]
[2022-06-28T16:44:01.794Z] > git status -z -uall [21ms]
[2022-06-28T16:44:01.819Z] > git symbolic-ref --short HEAD [4ms]
[2022-06-28T16:44:01.835Z] > git for-each-ref --format=%(refname)%00%(upstream:short)%00%(objectname)%00%(upstream:track)%00%(upstream:remotename)%00%(upstream:remoteref) refs/heads/master refs/remotes/master [2ms]
[2022-06-28T16:44:01.860Z] > git for-each-ref --sort -committerdate --format %(refname) %(objectname) %(*objectname) [14ms]
[2022-06-28T16:44:01.860Z] > git remote --verbose [2ms]
[2022-06-28T16:44:01.956Z] > git config --get commit.template [7ms]
[2022-06-28T16:44:06.990Z] > git status -z -uall [21ms]
[2022-06-28T16:44:07.006Z] > git symbolic-ref --short HEAD [2ms]
[2022-06-28T16:44:07.019Z] > git for-each-ref --format=%(refname)%00%(upstream:short)%00%(objectname)%00%(upstream:track)%00%(upstream:remotename)%00%(upstream:remoteref) refs/heads/master refs/remotes/master [2ms]
[2022-06-28T16:44:07.044Z] > git for-each-ref --sort -committerdate --format %(refname) %(objectname) %(*objectname) [13ms]
[2022-06-28T16:44:07.045Z] > git remote --verbose [3ms]
[2022-06-28T16:44:07.091Z] > git config --get commit.template [2ms]
[2022-06-28T16:44:12.134Z] > git status -z -uall [25ms]
[2022-06-28T16:44:12.164Z] > git symbolic-ref --short HEAD [9ms]
[2022-06-28T16:44:12.183Z] > git for-each-ref --format=%(refname)%00%(upstream:short)%00%(objectname)%00%(upstream:track)%00%(upstream:remotename)%00%(upstream:remoteref) refs/heads/master refs/remotes/master [5ms]
[2022-06-28T16:44:12.224Z] > git remote --verbose [3ms]
[2022-06-28T16:44:12.225Z] > git for-each-ref --sort -committerdate --format %(refname) %(objectname) %(*objectname) [26ms]
[2022-06-28T16:44:12.324Z] > git config --get commit.template [4ms]
[2022-06-28T16:44:17.366Z] > git status -z -uall [29ms]
[2022-06-28T16:44:17.380Z] > git symbolic-ref --short HEAD [2ms]
[2022-06-28T16:44:17.403Z] > git for-each-ref --format=%(refname)%00%(upstream:short)%00%(objectname)%00%(upstream:track)%00%(upstream:remotename)%00%(upstream:remoteref) refs/heads/master refs/remotes/master [1ms]
[2022-06-28T16:44:17.429Z] > git for-each-ref --sort -committerdate --format %(refname) %(objectname) %(*objectname) [14ms]
[2022-06-28T16:44:17.430Z] > git remote --verbose [3ms]
[2022-06-28T16:44:17.482Z] > git config --get commit.template [2ms]
[2022-06-28T16:44:22.539Z] > git status -z -uall [32ms]
[2022-06-28T16:44:22.553Z] > git symbolic-ref --short HEAD [1ms]
[2022-06-28T16:44:22.566Z] > git for-each-ref --format=%(refname)%00%(upstream:short)%00%(objectname)%00%(upstream:track)%00%(upstream:remotename)%00%(upstream:remoteref) refs/heads/master refs/remotes/master [2ms]
[2022-06-28T16:44:22.591Z] > git for-each-ref --sort -committerdate --format %(refname) %(objectname) %(*objectname) [13ms]
[2022-06-28T16:44:22.592Z] > git remote --verbose [2ms]
[2022-06-28T16:44:22.640Z] > git config --get commit.template [2ms]
[2022-06-28T16:44:27.685Z] > git status -z -uall [29ms]
[2022-06-28T16:44:27.700Z] > git symbolic-ref --short HEAD [3ms]
[2022-06-28T16:44:27.717Z] > git for-each-ref --format=%(refname)%00%(upstream:short)%00%(objectname)%00%(upstream:track)%00%(upstream:remotename)%00%(upstream:remoteref) refs/heads/master refs/remotes/master [2ms]
[2022-06-28T16:44:27.740Z] > git for-each-ref --sort -committerdate --format %(refname) %(objectname) %(*objectname) [11ms]
[2022-06-28T16:44:27.741Z] > git remote --verbose [3ms]
[2022-06-28T16:44:27.794Z] > git config --get commit.template [2ms]
[2022-06-28T16:44:32.830Z] > git status -z -uall [23ms]
[2022-06-28T16:44:32.845Z] > git symbolic-ref --short HEAD [2ms]
[2022-06-28T16:44:32.860Z] > git for-each-ref --format=%(refname)%00%(upstream:short)%00%(objectname)%00%(upstream:track)%00%(upstream:remotename)%00%(upstream:remoteref) refs/heads/master refs/remotes/master [2ms]
[2022-06-28T16:44:32.894Z] > git for-each-ref --sort -committerdate --format %(refname) %(objectname) %(*objectname) [21ms]
[2022-06-28T16:44:32.895Z] > git remote --verbose [2ms]
[2022-06-28T16:44:32.953Z] > git config --get commit.template [1ms]
[2022-06-28T16:44:37.995Z] > git status -z -uall [27ms]
[2022-06-28T16:44:38.014Z] > git symbolic-ref --short HEAD [3ms]
[2022-06-28T16:44:38.032Z] > git for-each-ref --format=%(refname)%00%(upstream:short)%00%(objectname)%00%(upstream:track)%00%(upstream:remotename)%00%(upstream:remoteref) refs/heads/master refs/remotes/master [5ms]
[2022-06-28T16:44:38.060Z] > git for-each-ref --sort -committerdate --format %(refname) %(objectname) %(*objectname) [16ms]
[2022-06-28T16:44:38.062Z] > git remote --verbose [6ms]
[2022-06-28T16:44:38.153Z] > git config --get commit.template [4ms]
[2022-06-28T16:44:43.188Z] > git status -z -uall [22ms]
[2022-06-28T16:44:43.202Z] > git symbolic-ref --short HEAD [2ms]
[2022-06-28T16:44:43.229Z] > git for-each-ref --format=%(refname)%00%(upstream:short)%00%(objectname)%00%(upstream:track)%00%(upstream:remotename)%00%(upstream:remoteref) refs/heads/master refs/remotes/master [2ms]
[2022-06-28T16:44:43.253Z] > git for-each-ref --sort -committerdate --format %(refname) %(objectname) %(*objectname) [13ms]
[2022-06-28T16:44:43.254Z] > git remote --verbose [2ms]
[2022-06-28T16:44:43.300Z] > git config --get commit.template [2ms]
[2022-06-28T16:44:48.352Z] > git status -z -uall [38ms]
[2022-06-28T16:44:48.367Z] > git symbolic-ref --short HEAD [2ms]
[2022-06-28T16:44:48.381Z] > git for-each-ref --format=%(refname)%00%(upstream:short)%00%(objectname)%00%(upstream:track)%00%(upstream:remotename)%00%(upstream:remoteref) refs/heads/master refs/remotes/master [2ms]
[2022-06-28T16:44:48.406Z] > git for-each-ref --sort -committerdate --format %(refname) %(objectname) %(*objectname) [12ms]
[2022-06-28T16:44:48.407Z] > git remote --verbose [2ms]
[2022-06-28T16:44:48.460Z] > git config --get commit.template [2ms]
[2022-06-28T16:44:53.496Z] > git status -z -uall [23ms]
[2022-06-28T16:44:53.510Z] > git symbolic-ref --short HEAD [3ms]
[2022-06-28T16:44:53.524Z] > git for-each-ref --format=%(refname)%00%(upstream:short)%00%(objectname)%00%(upstream:track)%00%(upstream:remotename)%00%(upstream:remoteref) refs/heads/master refs/remotes/master [2ms]
[2022-06-28T16:44:53.569Z] > git remote --verbose [2ms]
[2022-06-28T16:44:53.570Z] > git for-each-ref --sort -committerdate --format %(refname) %(objectname) %(*objectname) [33ms]
[2022-06-28T16:44:53.626Z] > git config --get commit.template [11ms]
[2022-06-28T16:44:58.663Z] > git status -z -uall [24ms]
[2022-06-28T16:44:58.678Z] > git symbolic-ref --short HEAD [2ms]
[2022-06-28T16:44:58.695Z] > git for-each-ref --format=%(refname)%00%(upstream:short)%00%(objectname)%00%(upstream:track)%00%(upstream:remotename)%00%(upstream:remoteref) refs/heads/master refs/remotes/master [4ms]
[2022-06-28T16:44:58.721Z] > git remote --verbose [3ms]
[2022-06-28T16:44:58.722Z] > git for-each-ref --sort -committerdate --format %(refname) %(objectname) %(*objectname) [15ms]
[2022-06-28T16:44:58.828Z] > git config --get commit.template [5ms]
[2022-06-28T16:45:03.867Z] > git status -z -uall [26ms]
[2022-06-28T16:45:03.880Z] > git symbolic-ref --short HEAD [2ms]
[2022-06-28T16:45:03.894Z] > git for-each-ref --format=%(refname)%00%(upstream:short)%00%(objectname)%00%(upstream:track)%00%(upstream:remotename)%00%(upstream:remoteref) refs/heads/master refs/remotes/master [1ms]
[2022-06-28T16:45:03.924Z] > git for-each-ref --sort -committerdate --format %(refname) %(objectname) %(*objectname) [13ms]
[2022-06-28T16:45:03.924Z] > git remote --verbose [2ms]
[2022-06-28T16:45:03.989Z] > git config --get commit.template [4ms]
[2022-06-28T16:45:09.061Z] > git status -z -uall [58ms]
[2022-06-28T16:45:09.076Z] > git symbolic-ref --short HEAD [2ms]
[2022-06-28T16:45:09.089Z] > git for-each-ref --format=%(refname)%00%(upstream:short)%00%(objectname)%00%(upstream:track)%00%(upstream:remotename)%00%(upstream:remoteref) refs/heads/master refs/remotes/master [1ms]
[2022-06-28T16:45:09.115Z] > git for-each-ref --sort -committerdate --format %(refname) %(objectname) %(*objectname) [13ms]
[2022-06-28T16:45:09.115Z] > git remote --verbose [2ms]
[2022-06-28T16:45:09.170Z] > git config --get commit.template [2ms]
[2022-06-28T16:45:14.206Z] > git status -z -uall [21ms]
[2022-06-28T16:45:14.221Z] > git symbolic-ref --short HEAD [1ms]
[2022-06-28T16:45:14.246Z] > git for-each-ref --format=%(refname)%00%(upstream:short)%00%(objectname)%00%(upstream:track)%00%(upstream:remotename)%00%(upstream:remoteref) refs/heads/master refs/remotes/master [1ms]
[2022-06-28T16:45:14.274Z] > git remote --verbose [2ms]
[2022-06-28T16:45:14.275Z] > git for-each-ref --sort -committerdate --format %(refname) %(objectname) %(*objectname) [16ms]
[2022-06-28T16:45:14.331Z] > git config --get commit.template [1ms]
[2022-06-28T16:45:19.368Z] > git status -z -uall [21ms]
[2022-06-28T16:45:19.391Z] > git symbolic-ref --short HEAD [1ms]
[2022-06-28T16:45:19.404Z] > git for-each-ref --format=%(refname)%00%(upstream:short)%00%(objectname)%00%(upstream:track)%00%(upstream:remotename)%00%(upstream:remoteref) refs/heads/master refs/remotes/master [1ms]
[2022-06-28T16:45:19.440Z] > git for-each-ref --sort -committerdate --format %(refname) %(objectname) %(*objectname) [13ms]
[2022-06-28T16:45:19.441Z] > git remote --verbose [2ms]
[2022-06-28T16:45:19.498Z] > git config --get commit.template [2ms]
[2022-06-28T16:45:24.531Z] > git status -z -uall [21ms]
[2022-06-28T16:45:24.557Z] > git symbolic-ref --short HEAD [15ms]
[2022-06-28T16:45:24.571Z] > git for-each-ref --format=%(refname)%00%(upstream:short)%00%(objectname)%00%(upstream:track)%00%(upstream:remotename)%00%(upstream:remoteref) refs/heads/master refs/remotes/master [2ms]
[2022-06-28T16:45:24.604Z] > git remote --verbose [2ms]
[2022-06-28T16:45:24.604Z] > git for-each-ref --sort -committerdate --format %(refname) %(objectname) %(*objectname) [22ms]
[2022-06-28T16:45:24.660Z] > git config --get commit.template [1ms]
[2022-06-28T16:45:29.704Z] > git status -z -uall [21ms]
[2022-06-28T16:45:29.719Z] > git symbolic-ref --short HEAD [2ms]
[2022-06-28T16:45:29.733Z] > git for-each-ref --format=%(refname)%00%(upstream:short)%00%(objectname)%00%(upstream:track)%00%(upstream:remotename)%00%(upstream:remoteref) refs/heads/master refs/remotes/master [2ms]
[2022-06-28T16:45:29.768Z] > git for-each-ref --sort -committerdate --format %(refname) %(objectname) %(*objectname) [14ms]
[2022-06-28T16:45:29.769Z] > git remote --verbose [2ms]
[2022-06-28T16:45:29.824Z] > git config --get commit.template [2ms]
[2022-06-28T16:45:34.862Z] > git status -z -uall [23ms]
[2022-06-28T16:45:34.875Z] > git symbolic-ref --short HEAD [2ms]
[2022-06-28T16:45:34.892Z] > git for-each-ref --format=%(refname)%00%(upstream:short)%00%(objectname)%00%(upstream:track)%00%(upstream:remotename)%00%(upstream:remoteref) refs/heads/master refs/remotes/master [3ms]
[2022-06-28T16:45:34.919Z] > git for-each-ref --sort -committerdate --format %(refname) %(objectname) %(*objectname) [14ms]
[2022-06-28T16:45:34.920Z] > git remote --verbose [3ms]
[2022-06-28T16:45:34.983Z] > git config --get commit.template [2ms]
[2022-06-28T16:45:40.024Z] > git status -z -uall [27ms]
[2022-06-28T16:45:40.038Z] > git symbolic-ref --short HEAD [2ms]
[2022-06-28T16:45:40.052Z] > git for-each-ref --format=%(refname)%00%(upstream:short)%00%(objectname)%00%(upstream:track)%00%(upstream:remotename)%00%(upstream:remoteref) refs/heads/master refs/remotes/master [3ms]
[2022-06-28T16:45:40.076Z] > git for-each-ref --sort -committerdate --format %(refname) %(objectname) %(*objectname) [13ms]
[2022-06-28T16:45:40.077Z] > git remote --verbose [2ms]
[2022-06-28T16:45:40.127Z] > git config --get commit.template [2ms]
[2022-06-28T16:45:45.191Z] > git status -z -uall [48ms]
[2022-06-28T16:45:45.211Z] > git symbolic-ref --short HEAD [2ms]
[2022-06-28T16:45:45.229Z] > git for-each-ref --format=%(refname)%00%(upstream:short)%00%(objectname)%00%(upstream:track)%00%(upstream:remotename)%00%(upstream:remoteref) refs/heads/master refs/remotes/master [5ms]
[2022-06-28T16:45:45.263Z] > git remote --verbose [2ms]
[2022-06-28T16:45:45.264Z] > git for-each-ref --sort -committerdate --format %(refname) %(objectname) %(*objectname) [18ms]
[2022-06-28T16:45:45.332Z] > git config --get commit.template [4ms]
[2022-06-28T16:45:50.369Z] > git status -z -uall [24ms]
[2022-06-28T16:45:50.384Z] > git symbolic-ref --short HEAD [1ms]
[2022-06-28T16:45:50.398Z] > git for-each-ref --format=%(refname)%00%(upstream:short)%00%(objectname)%00%(upstream:track)%00%(upstream:remotename)%00%(upstream:remoteref) refs/heads/master refs/remotes/master [2ms]
[2022-06-28T16:45:50.424Z] > git for-each-ref --sort -committerdate --format %(refname) %(objectname) %(*objectname) [12ms]
[2022-06-28T16:45:50.424Z] > git remote --verbose [2ms]
[2022-06-28T16:45:50.471Z] > git config --get commit.template [4ms]
[2022-06-28T16:45:55.504Z] > git status -z -uall [20ms]
[2022-06-28T16:45:55.519Z] > git symbolic-ref --short HEAD [2ms]
[2022-06-28T16:45:55.533Z] > git for-each-ref --format=%(refname)%00%(upstream:short)%00%(objectname)%00%(upstream:track)%00%(upstream:remotename)%00%(upstream:remoteref) refs/heads/master refs/remotes/master [2ms]
[2022-06-28T16:45:55.558Z] > git for-each-ref --sort -committerdate --format %(refname) %(objectname) %(*objectname) [13ms]
[2022-06-28T16:45:55.559Z] > git remote --verbose [3ms]
[2022-06-28T16:45:55.611Z] > git config --get commit.template [2ms]
[2022-06-28T16:46:00.654Z] > git status -z -uall [25ms]
[2022-06-28T16:46:00.670Z] > git symbolic-ref --short HEAD [2ms]
[2022-06-28T16:46:00.686Z] > git for-each-ref --format=%(refname)%00%(upstream:short)%00%(objectname)%00%(upstream:track)%00%(upstream:remotename)%00%(upstream:remoteref) refs/heads/master refs/remotes/master [3ms]
[2022-06-28T16:46:00.717Z] > git for-each-ref --sort -committerdate --format %(refname) %(objectname) %(*objectname) [18ms]
[2022-06-28T16:46:00.719Z] > git remote --verbose [4ms]
[2022-06-28T16:46:00.807Z] > git config --get commit.template [3ms]
[2022-06-28T16:46:05.839Z] > git status -z -uall [19ms]
[2022-06-28T16:46:05.853Z] > git symbolic-ref --short HEAD [2ms]
[2022-06-28T16:46:05.867Z] > git for-each-ref --format=%(refname)%00%(upstream:short)%00%(objectname)%00%(upstream:track)%00%(upstream:remotename)%00%(upstream:remoteref) refs/heads/master refs/remotes/master [2ms]
[2022-06-28T16:46:05.891Z] > git for-each-ref --sort -committerdate --format %(refname) %(objectname) %(*objectname) [12ms]
[2022-06-28T16:46:05.892Z] > git remote --verbose [2ms]
[2022-06-28T16:46:05.936Z] > git config --get commit.template [1ms]
[2022-06-28T16:46:10.994Z] > git status -z -uall [29ms]
[2022-06-28T16:46:11.021Z] > git symbolic-ref --short HEAD [1ms]
[2022-06-28T16:46:11.036Z] > git for-each-ref --format=%(refname)%00%(upstream:short)%00%(objectname)%00%(upstream:track)%00%(upstream:remotename)%00%(upstream:remoteref) refs/heads/master refs/remotes/master [2ms]
[2022-06-28T16:46:11.068Z] > git remote --verbose [5ms]
[2022-06-28T16:46:11.068Z] > git for-each-ref --sort -committerdate --format %(refname) %(objectname) %(*objectname) [20ms]
[2022-06-28T16:46:11.124Z] > git config --get commit.template [2ms]
[2022-06-28T16:46:16.165Z] > git status -z -uall [27ms]
[2022-06-28T16:46:16.182Z] > git symbolic-ref --short HEAD [2ms]
[2022-06-28T16:46:16.202Z] > git for-each-ref --format=%(refname)%00%(upstream:short)%00%(objectname)%00%(upstream:track)%00%(upstream:remotename)%00%(upstream:remoteref) refs/heads/master refs/remotes/master [1ms]
[2022-06-28T16:46:16.236Z] > git for-each-ref --sort -committerdate --format %(refname) %(objectname) %(*objectname) [15ms]
[2022-06-28T16:46:16.237Z] > git remote --verbose [3ms]
[2022-06-28T16:46:16.293Z] > git config --get commit.template [2ms]
[2022-06-28T16:46:21.339Z] > git status -z -uall [24ms]
[2022-06-28T16:46:21.352Z] > git symbolic-ref --short HEAD [1ms]
[2022-06-28T16:46:21.364Z] > git for-each-ref --format=%(refname)%00%(upstream:short)%00%(objectname)%00%(upstream:track)%00%(upstream:remotename)%00%(upstream:remoteref) refs/heads/master refs/remotes/master [2ms]
[2022-06-28T16:46:21.406Z] > git for-each-ref --sort -committerdate --format %(refname) %(objectname) %(*objectname) [15ms]
[2022-06-28T16:46:21.407Z] > git remote --verbose [3ms]
[2022-06-28T16:46:21.462Z] > git config --get commit.template [2ms]
[2022-06-28T16:46:26.500Z] > git status -z -uall [25ms]
[2022-06-28T16:46:26.521Z] > git symbolic-ref --short HEAD [1ms]
[2022-06-28T16:46:26.539Z] > git for-each-ref --format=%(refname)%00%(upstream:short)%00%(objectname)%00%(upstream:track)%00%(upstream:remotename)%00%(upstream:remoteref) refs/heads/master refs/remotes/master [1ms]
[2022-06-28T16:46:26.568Z] > git for-each-ref --sort -committerdate --format %(refname) %(objectname) %(*objectname) [16ms]
[2022-06-28T16:46:26.569Z] > git remote --verbose [2ms]
[2022-06-28T16:46:26.617Z] > git config --get commit.template [1ms]
[2022-06-28T16:46:31.650Z] > git status -z -uall [20ms]
[2022-06-28T16:46:31.663Z] > git symbolic-ref --short HEAD [1ms]
[2022-06-28T16:46:31.682Z] > git for-each-ref --format=%(refname)%00%(upstream:short)%00%(objectname)%00%(upstream:track)%00%(upstream:remotename)%00%(upstream:remoteref) refs/heads/master refs/remotes/master [2ms]
[2022-06-28T16:46:31.711Z] > git for-each-ref --sort -committerdate --format %(refname) %(objectname) %(*objectname) [14ms]
[2022-06-28T16:46:31.712Z] > git remote --verbose [3ms]
[2022-06-28T16:46:31.806Z] > git config --get commit.template [1ms]
[2022-06-28T16:46:36.838Z] > git status -z -uall [20ms]
[2022-06-28T16:46:36.850Z] > git symbolic-ref --short HEAD [1ms]
[2022-06-28T16:46:36.863Z] > git for-each-ref --format=%(refname)%00%(upstream:short)%00%(objectname)%00%(upstream:track)%00%(upstream:remotename)%00%(upstream:remoteref) refs/heads/master refs/remotes/master [2ms]
[2022-06-28T16:46:36.888Z] > git for-each-ref --sort -committerdate --format %(refname) %(objectname) %(*objectname) [14ms]
[2022-06-28T16:46:36.889Z] > git remote --verbose [2ms]
[2022-06-28T16:46:36.936Z] > git config --get commit.template [1ms]
[2022-06-28T16:46:41.979Z] > git status -z -uall [29ms]
[2022-06-28T16:46:41.993Z] > git symbolic-ref --short HEAD [1ms]
[2022-06-28T16:46:42.017Z] > git for-each-ref --format=%(refname)%00%(upstream:short)%00%(objectname)%00%(upstream:track)%00%(upstream:remotename)%00%(upstream:remoteref) refs/heads/master refs/remotes/master [2ms]
[2022-06-28T16:46:42.041Z] > git for-each-ref --sort -committerdate --format %(refname) %(objectname) %(*objectname) [13ms]
[2022-06-28T16:46:42.042Z] > git remote --verbose [2ms]
[2022-06-28T16:46:42.100Z] > git config --get commit.template [1ms]
[2022-06-28T16:46:47.147Z] > git status -z -uall [33ms]
[2022-06-28T16:46:47.161Z] > git symbolic-ref --short HEAD [2ms]
[2022-06-28T16:46:47.175Z] > git for-each-ref --format=%(refname)%00%(upstream:short)%00%(objectname)%00%(upstream:track)%00%(upstream:remotename)%00%(upstream:remoteref) refs/heads/master refs/remotes/master [2ms]
[2022-06-28T16:46:47.204Z] > git for-each-ref --sort -committerdate --format %(refname) %(objectname) %(*objectname) [16ms]
[2022-06-28T16:46:47.206Z] > git remote --verbose [6ms]
[2022-06-28T16:46:47.284Z] > git config --get commit.template [5ms]
[2022-06-28T16:46:52.333Z] > git status -z -uall [24ms]
[2022-06-28T16:46:52.360Z] > git symbolic-ref --short HEAD [3ms]
[2022-06-28T16:46:52.376Z] > git for-each-ref --format=%(refname)%00%(upstream:short)%00%(objectname)%00%(upstream:track)%00%(upstream:remotename)%00%(upstream:remoteref) refs/heads/master refs/remotes/master [4ms]
[2022-06-28T16:46:52.403Z] > git remote --verbose [3ms]
[2022-06-28T16:46:52.403Z] > git for-each-ref --sort -committerdate --format %(refname) %(objectname) %(*objectname) [15ms]
[2022-06-28T16:46:52.507Z] > git config --get commit.template [2ms]
[2022-06-28T16:46:57.547Z] > git status -z -uall [25ms]
[2022-06-28T16:46:57.563Z] > git symbolic-ref --short HEAD [5ms]
[2022-06-28T16:46:57.576Z] > git for-each-ref --format=%(refname)%00%(upstream:short)%00%(objectname)%00%(upstream:track)%00%(upstream:remotename)%00%(upstream:remoteref) refs/heads/master refs/remotes/master [3ms]
[2022-06-28T16:46:57.604Z] > git for-each-ref --sort -committerdate --format %(refname) %(objectname) %(*objectname) [15ms]
[2022-06-28T16:46:57.606Z] > git remote --verbose [5ms]
[2022-06-28T16:46:57.676Z] > git config --get commit.template [3ms]
[2022-06-28T16:47:02.711Z] > git status -z -uall [9ms]
[2022-06-28T16:47:02.728Z] > git symbolic-ref --short HEAD [6ms]
[2022-06-28T16:47:02.742Z] > git for-each-ref --format=%(refname)%00%(upstream:short)%00%(objectname)%00%(upstream:track)%00%(upstream:remotename)%00%(upstream:remoteref) refs/heads/master refs/remotes/master [2ms]
[2022-06-28T16:47:02.771Z] > git remote --verbose [2ms]
[2022-06-28T16:47:02.771Z] > git for-each-ref --sort -committerdate --format %(refname) %(objectname) %(*objectname) [17ms]
[2022-06-28T16:47:02.815Z] > git config --get commit.template [1ms]
[2022-06-28T16:50:41.744Z] > git status -z -uall [39ms]
[2022-06-28T16:50:41.759Z] > git symbolic-ref --short HEAD [2ms]
[2022-06-28T16:50:41.770Z] > git for-each-ref --format=%(refname)%00%(upstream:short)%00%(objectname)%00%(upstream:track)%00%(upstream:remotename)%00%(upstream:remoteref) refs/heads/master refs/remotes/master [1ms]
[2022-06-28T16:50:41.791Z] > git remote --verbose [2ms]
[2022-06-28T16:50:41.791Z] > git for-each-ref --sort -committerdate --format %(refname) %(objectname) %(*objectname) [12ms]
[2022-06-28T16:50:41.898Z] > git config --get commit.template [1ms]
[2022-06-28T16:50:46.948Z] > git status -z -uall [27ms]
[2022-06-28T16:50:46.967Z] > git symbolic-ref --short HEAD [2ms]
[2022-06-28T16:50:46.981Z] > git for-each-ref --format=%(refname)%00%(upstream:short)%00%(objectname)%00%(upstream:track)%00%(upstream:remotename)%00%(upstream:remoteref) refs/heads/master refs/remotes/master [2ms]
[2022-06-28T16:50:47.026Z] > git remote --verbose [17ms]
[2022-06-28T16:50:47.026Z] > git for-each-ref --sort -committerdate --format %(refname) %(objectname) %(*objectname) [36ms]
[2022-06-28T16:50:47.123Z] > git config --get commit.template [2ms]
[2022-06-28T16:50:52.181Z] > git status -z -uall [24ms]
[2022-06-28T16:50:52.203Z] > git symbolic-ref --short HEAD [1ms]
[2022-06-28T16:50:52.225Z] > git for-each-ref --format=%(refname)%00%(upstream:short)%00%(objectname)%00%(upstream:track)%00%(upstream:remotename)%00%(upstream:remoteref) refs/heads/master refs/remotes/master [2ms]
[2022-06-28T16:50:52.255Z] > git remote --verbose [2ms]
[2022-06-28T16:50:52.255Z] > git for-each-ref --sort -committerdate --format %(refname) %(objectname) %(*objectname) [18ms]
[2022-06-28T16:50:52.329Z] > git config --get commit.template [2ms]
[2022-06-28T16:50:57.386Z] > git status -z -uall [13ms]
[2022-06-28T16:50:57.401Z] > git symbolic-ref --short HEAD [1ms]
[2022-06-28T16:50:57.423Z] > git for-each-ref --format=%(refname)%00%(upstream:short)%00%(objectname)%00%(upstream:track)%00%(upstream:remotename)%00%(upstream:remoteref) refs/heads/master refs/remotes/master [1ms]
[2022-06-28T16:50:57.461Z] > git for-each-ref --sort -committerdate --format %(refname) %(objectname) %(*objectname) [23ms]
[2022-06-28T16:50:57.461Z] > git remote --verbose [2ms]
[2022-06-28T16:50:57.534Z] > git config --get commit.template [1ms]
[2022-06-28T16:51:02.582Z] > git status -z -uall [27ms]
[2022-06-28T16:51:02.605Z] > git symbolic-ref --short HEAD [7ms]
[2022-06-28T16:51:02.629Z] > git for-each-ref --format=%(refname)%00%(upstream:short)%00%(objectname)%00%(upstream:track)%00%(upstream:remotename)%00%(upstream:remoteref) refs/heads/master refs/remotes/master [2ms]
[2022-06-28T16:51:02.660Z] > git remote --verbose [2ms]
[2022-06-28T16:51:02.661Z] > git for-each-ref --sort -committerdate --format %(refname) %(objectname) %(*objectname) [19ms]
[2022-06-28T16:51:02.716Z] > git config --get commit.template [2ms]
[2022-06-28T16:51:07.775Z] > git status -z -uall [39ms]
[2022-06-28T16:51:07.795Z] > git symbolic-ref --short HEAD [1ms]
[2022-06-28T16:51:07.821Z] > git for-each-ref --format=%(refname)%00%(upstream:short)%00%(objectname)%00%(upstream:track)%00%(upstream:remotename)%00%(upstream:remoteref) refs/heads/master refs/remotes/master [2ms]
[2022-06-28T16:51:07.850Z] > git for-each-ref --sort -committerdate --format %(refname) %(objectname) %(*objectname) [13ms]
[2022-06-28T16:51:07.851Z] > git remote --verbose [2ms]
[2022-06-28T16:51:07.912Z] > git config --get commit.template [2ms]
[2022-06-28T16:51:12.971Z] > git status -z -uall [38ms]
[2022-06-28T16:51:12.991Z] > git symbolic-ref --short HEAD [7ms]
[2022-06-28T16:51:13.016Z] > git for-each-ref --format=%(refname)%00%(upstream:short)%00%(objectname)%00%(upstream:track)%00%(upstream:remotename)%00%(upstream:remoteref) refs/heads/master refs/remotes/master [5ms]
[2022-06-28T16:51:13.042Z] > git for-each-ref --sort -committerdate --format %(refname) %(objectname) %(*objectname) [13ms]
[2022-06-28T16:51:13.043Z] > git remote --verbose [3ms]
[2022-06-28T16:51:13.119Z] > git config --get commit.template [2ms]
[2022-06-28T16:51:18.157Z] > git status -z -uall [25ms]
[2022-06-28T16:51:18.172Z] > git symbolic-ref --short HEAD [2ms]
[2022-06-28T16:51:18.205Z] > git for-each-ref --format=%(refname)%00%(upstream:short)%00%(objectname)%00%(upstream:track)%00%(upstream:remotename)%00%(upstream:remoteref) refs/heads/master refs/remotes/master [8ms]
[2022-06-28T16:51:18.248Z] > git remote --verbose [3ms]
[2022-06-28T16:51:18.248Z] > git for-each-ref --sort -committerdate --format %(refname) %(objectname) %(*objectname) [22ms]
[2022-06-28T16:51:18.344Z] > git config --get commit.template [6ms]
[2022-06-28T16:51:23.410Z] > git status -z -uall [51ms]
[2022-06-28T16:51:23.427Z] > git symbolic-ref --short HEAD [4ms]
[2022-06-28T16:51:23.442Z] > git for-each-ref --format=%(refname)%00%(upstream:short)%00%(objectname)%00%(upstream:track)%00%(upstream:remotename)%00%(upstream:remoteref) refs/heads/master refs/remotes/master [4ms]
[2022-06-28T16:51:23.474Z] > git for-each-ref --sort -committerdate --format %(refname) %(objectname) %(*objectname) [18ms]
[2022-06-28T16:51:23.476Z] > git remote --verbose [6ms]
[2022-06-28T16:51:23.584Z] > git config --get commit.template [6ms]
[2022-06-28T16:51:28.626Z] > git status -z -uall [27ms]
[2022-06-28T16:51:28.651Z] > git symbolic-ref --short HEAD [1ms]
[2022-06-28T16:51:28.665Z] > git for-each-ref --format=%(refname)%00%(upstream:short)%00%(objectname)%00%(upstream:track)%00%(upstream:remotename)%00%(upstream:remoteref) refs/heads/master refs/remotes/master [2ms]
[2022-06-28T16:51:28.696Z] > git remote --verbose [2ms]
[2022-06-28T16:51:28.696Z] > git for-each-ref --sort -committerdate --format %(refname) %(objectname) %(*objectname) [17ms]
[2022-06-28T16:51:28.761Z] > git config --get commit.template [2ms]
[2022-06-28T16:51:33.807Z] > git status -z -uall [22ms]
[2022-06-28T16:51:33.823Z] > git symbolic-ref --short HEAD [3ms]
[2022-06-28T16:51:33.842Z] > git for-each-ref --format=%(refname)%00%(upstream:short)%00%(objectname)%00%(upstream:track)%00%(upstream:remotename)%00%(upstream:remoteref) refs/heads/master refs/remotes/master [2ms]
[2022-06-28T16:51:33.876Z] > git for-each-ref --sort -committerdate --format %(refname) %(objectname) %(*objectname) [18ms]
[2022-06-28T16:51:33.883Z] > git remote --verbose [12ms]
[2022-06-28T16:51:35.656Z] > git config --get commit.template [1643ms]
[2022-06-28T16:51:37.419Z] > git show --textconv :workshop01/task2/variables.tf [13ms]
[2022-06-28T16:51:37.421Z] > git ls-files --stage -- /home/fred/workshop01/task2/variables.tf [3ms]
[2022-06-28T16:51:40.714Z] > git status -z -uall [42ms]
[2022-06-28T16:51:40.733Z] > git symbolic-ref --short HEAD [1ms]
[2022-06-28T16:51:40.753Z] > git for-each-ref --format=%(refname)%00%(upstream:short)%00%(objectname)%00%(upstream:track)%00%(upstream:remotename)%00%(upstream:remoteref) refs/heads/master refs/remotes/master [2ms]
[2022-06-28T16:51:40.779Z] > git for-each-ref --sort -committerdate --format %(refname) %(objectname) %(*objectname) [14ms]
[2022-06-28T16:51:40.780Z] > git remote --verbose [3ms]
[2022-06-28T16:51:40.840Z] > git config --get commit.template [2ms]
[2022-06-28T16:51:45.878Z] > git status -z -uall [21ms]
[2022-06-28T16:51:45.890Z] > git symbolic-ref --short HEAD [1ms]
[2022-06-28T16:51:45.902Z] > git for-each-ref --format=%(refname)%00%(upstream:short)%00%(objectname)%00%(upstream:track)%00%(upstream:remotename)%00%(upstream:remoteref) refs/heads/master refs/remotes/master [1ms]
[2022-06-28T16:51:45.930Z] > git for-each-ref --sort -committerdate --format %(refname) %(objectname) %(*objectname) [15ms]
[2022-06-28T16:51:45.930Z] > git remote --verbose [2ms]
[2022-06-28T16:51:45.987Z] > git config --get commit.template [4ms]
[2022-06-28T16:51:48.890Z] > git show --textconv :workshop01/task2/resources.tf [12ms]
[2022-06-28T16:51:48.892Z] > git ls-files --stage -- /home/fred/workshop01/task2/resources.tf [3ms]
[2022-06-28T16:51:51.040Z] > git status -z -uall [37ms]
[2022-06-28T16:51:51.061Z] > git symbolic-ref --short HEAD [2ms]
[2022-06-28T16:51:51.082Z] > git for-each-ref --format=%(refname)%00%(upstream:short)%00%(objectname)%00%(upstream:track)%00%(upstream:remotename)%00%(upstream:remoteref) refs/heads/master refs/remotes/master [4ms]
[2022-06-28T16:51:51.123Z] > git for-each-ref --sort -committerdate --format %(refname) %(objectname) %(*objectname) [23ms]
[2022-06-28T16:51:51.124Z] > git remote --verbose [2ms]
[2022-06-28T16:51:51.184Z] > git config --get commit.template [2ms]
[2022-06-28T16:51:56.226Z] > git status -z -uall [29ms]
[2022-06-28T16:51:56.246Z] > git symbolic-ref --short HEAD [2ms]
[2022-06-28T16:51:56.260Z] > git for-each-ref --format=%(refname)%00%(upstream:short)%00%(objectname)%00%(upstream:track)%00%(upstream:remotename)%00%(upstream:remoteref) refs/heads/master refs/remotes/master [2ms]
[2022-06-28T16:51:56.286Z] > git for-each-ref --sort -committerdate --format %(refname) %(objectname) %(*objectname) [12ms]
[2022-06-28T16:51:56.287Z] > git remote --verbose [3ms]
[2022-06-28T16:51:56.345Z] > git config --get commit.template [4ms]
[2022-06-28T16:52:01.393Z] > git status -z -uall [25ms]
[2022-06-28T16:52:01.414Z] > git symbolic-ref --short HEAD [2ms]
[2022-06-28T16:52:01.440Z] > git for-each-ref --format=%(refname)%00%(upstream:short)%00%(objectname)%00%(upstream:track)%00%(upstream:remotename)%00%(upstream:remoteref) refs/heads/master refs/remotes/master [1ms]
[2022-06-28T16:52:01.486Z] > git for-each-ref --sort -committerdate --format %(refname) %(objectname) %(*objectname) [21ms]
[2022-06-28T16:52:01.487Z] > git remote --verbose [10ms]
[2022-06-28T16:52:01.563Z] > git config --get commit.template [10ms]
[2022-06-28T16:52:06.612Z] > git status -z -uall [27ms]
[2022-06-28T16:52:06.626Z] > git symbolic-ref --short HEAD [1ms]
[2022-06-28T16:52:06.641Z] > git for-each-ref --format=%(refname)%00%(upstream:short)%00%(objectname)%00%(upstream:track)%00%(upstream:remotename)%00%(upstream:remoteref) refs/heads/master refs/remotes/master [3ms]
[2022-06-28T16:52:06.678Z] > git remote --verbose [2ms]
[2022-06-28T16:52:06.678Z] > git for-each-ref --sort -committerdate --format %(refname) %(objectname) %(*objectname) [17ms]
[2022-06-28T16:52:06.738Z] > git config --get commit.template [2ms]
[2022-06-28T16:52:11.785Z] > git status -z -uall [33ms]
[2022-06-28T16:52:11.821Z] > git symbolic-ref --short HEAD [2ms]
[2022-06-28T16:52:11.839Z] > git for-each-ref --format=%(refname)%00%(upstream:short)%00%(objectname)%00%(upstream:track)%00%(upstream:remotename)%00%(upstream:remoteref) refs/heads/master refs/remotes/master [1ms]
[2022-06-28T16:52:11.865Z] > git for-each-ref --sort -committerdate --format %(refname) %(objectname) %(*objectname) [14ms]
[2022-06-28T16:52:11.866Z] > git remote --verbose [2ms]
[2022-06-28T16:52:11.929Z] > git config --get commit.template [1ms]
[2022-06-28T16:52:16.988Z] > git status -z -uall [31ms]
[2022-06-28T16:52:17.001Z] > git symbolic-ref --short HEAD [1ms]
[2022-06-28T16:52:17.014Z] > git for-each-ref --format=%(refname)%00%(upstream:short)%00%(objectname)%00%(upstream:track)%00%(upstream:remotename)%00%(upstream:remoteref) refs/heads/master refs/remotes/master [2ms]
[2022-06-28T16:52:17.042Z] > git for-each-ref --sort -committerdate --format %(refname) %(objectname) %(*objectname) [15ms]
[2022-06-28T16:52:17.043Z] > git remote --verbose [3ms]
[2022-06-28T16:52:17.104Z] > git config --get commit.template [2ms]
[2022-06-28T16:52:22.147Z] > git status -z -uall [19ms]
[2022-06-28T16:52:22.162Z] > git symbolic-ref --short HEAD [2ms]
[2022-06-28T16:52:22.178Z] > git for-each-ref --format=%(refname)%00%(upstream:short)%00%(objectname)%00%(upstream:track)%00%(upstream:remotename)%00%(upstream:remoteref) refs/heads/master refs/remotes/master [4ms]
[2022-06-28T16:52:22.205Z] > git remote --verbose [2ms]
[2022-06-28T16:52:22.206Z] > git for-each-ref --sort -committerdate --format %(refname) %(objectname) %(*objectname) [17ms]
[2022-06-28T16:52:22.265Z] > git config --get commit.template [2ms]
[2022-06-28T16:52:27.313Z] > git status -z -uall [36ms]
[2022-06-28T16:52:27.329Z] > git symbolic-ref --short HEAD [2ms]
[2022-06-28T16:52:27.343Z] > git for-each-ref --format=%(refname)%00%(upstream:short)%00%(objectname)%00%(upstream:track)%00%(upstream:remotename)%00%(upstream:remoteref) refs/heads/master refs/remotes/master [2ms]
[2022-06-28T16:52:27.374Z] > git remote --verbose [1ms]
[2022-06-28T16:52:27.375Z] > git for-each-ref --sort -committerdate --format %(refname) %(objectname) %(*objectname) [21ms]
[2022-06-28T16:52:27.431Z] > git config --get commit.template [2ms]
[2022-06-28T16:52:29.106Z] > git show --textconv :workshop01/task2/variables.tf [13ms]
[2022-06-28T16:52:29.108Z] > git ls-files --stage -- /home/fred/workshop01/task2/variables.tf [3ms]
[2022-06-28T16:52:32.490Z] > git status -z -uall [32ms]
[2022-06-28T16:52:32.505Z] > git symbolic-ref --short HEAD [2ms]
[2022-06-28T16:52:32.525Z] > git for-each-ref --format=%(refname)%00%(upstream:short)%00%(objectname)%00%(upstream:track)%00%(upstream:remotename)%00%(upstream:remoteref) refs/heads/master refs/remotes/master [2ms]
[2022-06-28T16:52:32.562Z] > git remote --verbose [2ms]
[2022-06-28T16:52:32.562Z] > git for-each-ref --sort -committerdate --format %(refname) %(objectname) %(*objectname) [26ms]
[2022-06-28T16:52:32.619Z] > git config --get commit.template [2ms]
[2022-06-28T16:52:37.659Z] > git status -z -uall [26ms]
[2022-06-28T16:52:37.682Z] > git symbolic-ref --short HEAD [5ms]
[2022-06-28T16:52:37.704Z] > git for-each-ref --format=%(refname)%00%(upstream:short)%00%(objectname)%00%(upstream:track)%00%(upstream:remotename)%00%(upstream:remoteref) refs/heads/master refs/remotes/master [5ms]
[2022-06-28T16:52:37.734Z] > git for-each-ref --sort -committerdate --format %(refname) %(objectname) %(*objectname) [18ms]
[2022-06-28T16:52:37.735Z] > git remote --verbose [5ms]
[2022-06-28T16:52:37.838Z] > git config --get commit.template [5ms]
[2022-06-28T16:52:42.897Z] > git status -z -uall [39ms]
[2022-06-28T16:52:42.921Z] > git symbolic-ref --short HEAD [1ms]
[2022-06-28T16:52:42.934Z] > git for-each-ref --format=%(refname)%00%(upstream:short)%00%(objectname)%00%(upstream:track)%00%(upstream:remotename)%00%(upstream:remoteref) refs/heads/master refs/remotes/master [1ms]
[2022-06-28T16:52:42.963Z] > git for-each-ref --sort -committerdate --format %(refname) %(objectname) %(*objectname) [13ms]
[2022-06-28T16:52:42.964Z] > git remote --verbose [2ms]
[2022-06-28T16:52:43.023Z] > git config --get commit.template [7ms]
[2022-06-28T16:52:48.078Z] > git status -z -uall [41ms]
[2022-06-28T16:52:48.094Z] > git symbolic-ref --short HEAD [2ms]
[2022-06-28T16:52:48.113Z] > git for-each-ref --format=%(refname)%00%(upstream:short)%00%(objectname)%00%(upstream:track)%00%(upstream:remotename)%00%(upstream:remoteref) refs/heads/master refs/remotes/master [6ms]
[2022-06-28T16:52:48.153Z] > git for-each-ref --sort -committerdate --format %(refname) %(objectname) %(*objectname) [17ms]
[2022-06-28T16:52:48.153Z] > git remote --verbose [2ms]
[2022-06-28T16:52:48.221Z] > git config --get commit.template [1ms]
[2022-06-28T16:52:53.264Z] > git status -z -uall [11ms]
[2022-06-28T16:52:53.281Z] > git symbolic-ref --short HEAD [2ms]
[2022-06-28T16:52:53.302Z] > git for-each-ref --format=%(refname)%00%(upstream:short)%00%(objectname)%00%(upstream:track)%00%(upstream:remotename)%00%(upstream:remoteref) refs/heads/master refs/remotes/master [3ms]
[2022-06-28T16:52:53.342Z] > git remote --verbose [11ms]
[2022-06-28T16:52:53.347Z] > git for-each-ref --sort -committerdate --format %(refname) %(objectname) %(*objectname) [29ms]
[2022-06-28T16:52:53.441Z] > git config --get commit.template [3ms]
[2022-06-28T16:52:58.483Z] > git status -z -uall [26ms]
[2022-06-28T16:52:58.499Z] > git symbolic-ref --short HEAD [3ms]
[2022-06-28T16:52:58.515Z] > git for-each-ref --format=%(refname)%00%(upstream:short)%00%(objectname)%00%(upstream:track)%00%(upstream:remotename)%00%(upstream:remoteref) refs/heads/master refs/remotes/master [2ms]
[2022-06-28T16:52:58.551Z] > git for-each-ref --sort -committerdate --format %(refname) %(objectname) %(*objectname) [14ms]
[2022-06-28T16:52:58.552Z] > git remote --verbose [2ms]
[2022-06-28T16:52:58.625Z] > git config --get commit.template [1ms]
[2022-06-28T16:53:03.672Z] > git status -z -uall [34ms]
[2022-06-28T16:53:03.693Z] > git symbolic-ref --short HEAD [4ms]
[2022-06-28T16:53:03.712Z] > git for-each-ref --format=%(refname)%00%(upstream:short)%00%(objectname)%00%(upstream:track)%00%(upstream:remotename)%00%(upstream:remoteref) refs/heads/master refs/remotes/master [0ms]
[2022-06-28T16:53:03.756Z] > git remote --verbose [2ms]
[2022-06-28T16:53:03.757Z] > git for-each-ref --sort -committerdate --format %(refname) %(objectname) %(*objectname) [25ms]
[2022-06-28T16:53:03.813Z] > git config --get commit.template [5ms]
[2022-06-28T16:53:08.853Z] > git status -z -uall [22ms]
[2022-06-28T16:53:08.866Z] > git symbolic-ref --short HEAD [2ms]
[2022-06-28T16:53:08.885Z] > git for-each-ref --format=%(refname)%00%(upstream:short)%00%(objectname)%00%(upstream:track)%00%(upstream:remotename)%00%(upstream:remoteref) refs/heads/master refs/remotes/master [1ms]
[2022-06-28T16:53:08.920Z] > git remote --verbose [2ms]
[2022-06-28T16:53:08.920Z] > git for-each-ref --sort -committerdate --format %(refname) %(objectname) %(*objectname) [18ms]
[2022-06-28T16:53:08.975Z] > git config --get commit.template [1ms]
[2022-06-28T16:53:14.047Z] > git status -z -uall [39ms]
[2022-06-28T16:53:14.062Z] > git symbolic-ref --short HEAD [2ms]
[2022-06-28T16:53:14.086Z] > git for-each-ref --format=%(refname)%00%(upstream:short)%00%(objectname)%00%(upstream:track)%00%(upstream:remotename)%00%(upstream:remoteref) refs/heads/master refs/remotes/master [2ms]
[2022-06-28T16:53:14.130Z] > git remote --verbose [8ms]
[2022-06-28T16:53:14.130Z] > git for-each-ref --sort -committerdate --format %(refname) %(objectname) %(*objectname) [24ms]
[2022-06-28T16:53:14.225Z] > git config --get commit.template [3ms]
[2022-06-28T16:53:19.574Z] > git status -z -uall [36ms]
[2022-06-28T16:53:19.593Z] > git symbolic-ref --short HEAD [1ms]
[2022-06-28T16:53:19.615Z] > git for-each-ref --format=%(refname)%00%(upstream:short)%00%(objectname)%00%(upstream:track)%00%(upstream:remotename)%00%(upstream:remoteref) refs/heads/master refs/remotes/master [3ms]
[2022-06-28T16:53:19.641Z] > git remote --verbose [2ms]
[2022-06-28T16:53:19.641Z] > git for-each-ref --sort -committerdate --format %(refname) %(objectname) %(*objectname) [15ms]
[2022-06-28T16:53:19.751Z] > git config --get commit.template [25ms]
[2022-06-28T16:53:38.658Z] > git status -z -uall [29ms]
[2022-06-28T16:53:38.689Z] > git symbolic-ref --short HEAD [1ms]
[2022-06-28T16:53:38.708Z] > git for-each-ref --format=%(refname)%00%(upstream:short)%00%(objectname)%00%(upstream:track)%00%(upstream:remotename)%00%(upstream:remoteref) refs/heads/master refs/remotes/master [2ms]
[2022-06-28T16:53:38.739Z] > git for-each-ref --sort -committerdate --format %(refname) %(objectname) %(*objectname) [14ms]
[2022-06-28T16:53:38.740Z] > git remote --verbose [2ms]
[2022-06-28T16:53:38.807Z] > git config --get commit.template [2ms]
[2022-06-28T16:53:43.867Z] > git status -z -uall [31ms]
[2022-06-28T16:53:43.885Z] > git symbolic-ref --short HEAD [2ms]
[2022-06-28T16:53:43.900Z] > git for-each-ref --format=%(refname)%00%(upstream:short)%00%(objectname)%00%(upstream:track)%00%(upstream:remotename)%00%(upstream:remoteref) refs/heads/master refs/remotes/master [2ms]
[2022-06-28T16:53:43.936Z] > git for-each-ref --sort -committerdate --format %(refname) %(objectname) %(*objectname) [22ms]
[2022-06-28T16:53:43.936Z] > git remote --verbose [2ms]
[2022-06-28T16:53:44.007Z] > git config --get commit.template [1ms]
[2022-06-28T16:53:49.080Z] > git status -z -uall [38ms]
[2022-06-28T16:53:49.105Z] > git symbolic-ref --short HEAD [2ms]
[2022-06-28T16:53:49.119Z] > git for-each-ref --format=%(refname)%00%(upstream:short)%00%(objectname)%00%(upstream:track)%00%(upstream:remotename)%00%(upstream:remoteref) refs/heads/master refs/remotes/master [2ms]
[2022-06-28T16:53:49.147Z] > git remote --verbose [4ms]
[2022-06-28T16:53:49.147Z] > git for-each-ref --sort -committerdate --format %(refname) %(objectname) %(*objectname) [15ms]
[2022-06-28T16:53:49.220Z] > git config --get commit.template [4ms]
[2022-06-28T16:53:54.268Z] > git status -z -uall [26ms]
[2022-06-28T16:53:54.293Z] > git symbolic-ref --short HEAD [3ms]
[2022-06-28T16:53:54.310Z] > git for-each-ref --format=%(refname)%00%(upstream:short)%00%(objectname)%00%(upstream:track)%00%(upstream:remotename)%00%(upstream:remoteref) refs/heads/master refs/remotes/master [0ms]
[2022-06-28T16:53:54.341Z] > git remote --verbose [2ms]
[2022-06-28T16:53:54.341Z] > git for-each-ref --sort -committerdate --format %(refname) %(objectname) %(*objectname) [18ms]
[2022-06-28T16:53:54.396Z] > git config --get commit.template [2ms]
[2022-06-28T16:53:59.431Z] > git status -z -uall [21ms]
[2022-06-28T16:53:59.444Z] > git symbolic-ref --short HEAD [2ms]
[2022-06-28T16:53:59.457Z] > git for-each-ref --format=%(refname)%00%(upstream:short)%00%(objectname)%00%(upstream:track)%00%(upstream:remotename)%00%(upstream:remoteref) refs/heads/master refs/remotes/master [2ms]
[2022-06-28T16:53:59.481Z] > git for-each-ref --sort -committerdate --format %(refname) %(objectname) %(*objectname) [13ms]
[2022-06-28T16:53:59.482Z] > git remote --verbose [3ms]
[2022-06-28T16:53:59.537Z] > git config --get commit.template [3ms]
[2022-06-28T16:54:04.592Z] > git status -z -uall [39ms]
[2022-06-28T16:54:04.611Z] > git symbolic-ref --short HEAD [6ms]
[2022-06-28T16:54:04.625Z] > git for-each-ref --format=%(refname)%00%(upstream:short)%00%(objectname)%00%(upstream:track)%00%(upstream:remotename)%00%(upstream:remoteref) refs/heads/master refs/remotes/master [2ms]
[2022-06-28T16:54:04.652Z] > git for-each-ref --sort -committerdate --format %(refname) %(objectname) %(*objectname) [13ms]
[2022-06-28T16:54:04.652Z] > git remote --verbose [2ms]
[2022-06-28T16:54:04.704Z] > git config --get commit.template [2ms]
[2022-06-28T16:54:09.765Z] > git status -z -uall [45ms]
[2022-06-28T16:54:09.785Z] > git symbolic-ref --short HEAD [6ms]
[2022-06-28T16:54:09.803Z] > git for-each-ref --format=%(refname)%00%(upstream:short)%00%(objectname)%00%(upstream:track)%00%(upstream:remotename)%00%(upstream:remoteref) refs/heads/master refs/remotes/master [5ms]
[2022-06-28T16:54:09.836Z] > git for-each-ref --sort -committerdate --format %(refname) %(objectname) %(*objectname) [18ms]
[2022-06-28T16:54:09.839Z] > git remote --verbose [6ms]
[2022-06-28T16:54:09.927Z] > git config --get commit.template [4ms]
[2022-06-28T16:54:14.968Z] > git status -z -uall [26ms]
[2022-06-28T16:54:14.983Z] > git symbolic-ref --short HEAD [2ms]
[2022-06-28T16:54:15.012Z] > git for-each-ref --format=%(refname)%00%(upstream:short)%00%(objectname)%00%(upstream:track)%00%(upstream:remotename)%00%(upstream:remoteref) refs/heads/master refs/remotes/master [7ms]
[2022-06-28T16:54:15.047Z] > git for-each-ref --sort -committerdate --format %(refname) %(objectname) %(*objectname) [21ms]
[2022-06-28T16:54:15.048Z] > git remote --verbose [3ms]
[2022-06-28T16:54:15.113Z] > git config --get commit.template [3ms]
[2022-06-28T16:54:20.146Z] > git status -z -uall [21ms]
[2022-06-28T16:54:20.159Z] > git symbolic-ref --short HEAD [2ms]
[2022-06-28T16:54:20.172Z] > git for-each-ref --format=%(refname)%00%(upstream:short)%00%(objectname)%00%(upstream:track)%00%(upstream:remotename)%00%(upstream:remoteref) refs/heads/master refs/remotes/master [2ms]
[2022-06-28T16:54:20.196Z] > git for-each-ref --sort -committerdate --format %(refname) %(objectname) %(*objectname) [12ms]
[2022-06-28T16:54:20.197Z] > git remote --verbose [3ms]
[2022-06-28T16:54:20.288Z] > git config --get commit.template [5ms]
[2022-06-28T16:54:25.325Z] > git status -z -uall [23ms]
[2022-06-28T16:54:25.339Z] > git symbolic-ref --short HEAD [2ms]
[2022-06-28T16:54:25.352Z] > git for-each-ref --format=%(refname)%00%(upstream:short)%00%(objectname)%00%(upstream:track)%00%(upstream:remotename)%00%(upstream:remoteref) refs/heads/master refs/remotes/master [2ms]
[2022-06-28T16:54:25.375Z] > git for-each-ref --sort -committerdate --format %(refname) %(objectname) %(*objectname) [12ms]
[2022-06-28T16:54:25.376Z] > git remote --verbose [3ms]
[2022-06-28T16:54:25.422Z] > git config --get commit.template [1ms]
[2022-06-28T16:54:30.458Z] > git status -z -uall [22ms]
[2022-06-28T16:54:30.472Z] > git symbolic-ref --short HEAD [2ms]
[2022-06-28T16:54:30.489Z] > git for-each-ref --format=%(refname)%00%(upstream:short)%00%(objectname)%00%(upstream:track)%00%(upstream:remotename)%00%(upstream:remoteref) refs/heads/master refs/remotes/master [3ms]
[2022-06-28T16:54:30.520Z] > git for-each-ref --sort -committerdate --format %(refname) %(objectname) %(*objectname) [20ms]
[2022-06-28T16:54:30.522Z] > git remote --verbose [10ms]
[2022-06-28T16:54:30.612Z] > git config --get commit.template [5ms]
[2022-06-28T16:54:35.658Z] > git status -z -uall [32ms]
[2022-06-28T16:54:35.677Z] > git symbolic-ref --short HEAD [2ms]
[2022-06-28T16:54:35.693Z] > git for-each-ref --format=%(refname)%00%(upstream:short)%00%(objectname)%00%(upstream:track)%00%(upstream:remotename)%00%(upstream:remoteref) refs/heads/master refs/remotes/master [3ms]
[2022-06-28T16:54:35.722Z] > git remote --verbose [1ms]
[2022-06-28T16:54:35.722Z] > git for-each-ref --sort -committerdate --format %(refname) %(objectname) %(*objectname) [16ms]
[2022-06-28T16:54:35.775Z] > git config --get commit.template [3ms]
[2022-06-28T16:54:55.057Z] > git status -z -uall [30ms]
[2022-06-28T16:54:55.073Z] > git symbolic-ref --short HEAD [5ms]
[2022-06-28T16:54:55.087Z] > git for-each-ref --format=%(refname)%00%(upstream:short)%00%(objectname)%00%(upstream:track)%00%(upstream:remotename)%00%(upstream:remoteref) refs/heads/master refs/remotes/master [2ms]
[2022-06-28T16:54:55.110Z] > git for-each-ref --sort -committerdate --format %(refname) %(objectname) %(*objectname) [12ms]
[2022-06-28T16:54:55.110Z] > git remote --verbose [2ms]
[2022-06-28T16:54:55.201Z] > git config --get commit.template [15ms]
[2022-06-28T16:55:00.258Z] > git status -z -uall [26ms]
[2022-06-28T16:55:00.285Z] > git symbolic-ref --short HEAD [5ms]
[2022-06-28T16:55:00.308Z] > git for-each-ref --format=%(refname)%00%(upstream:short)%00%(objectname)%00%(upstream:track)%00%(upstream:remotename)%00%(upstream:remoteref) refs/heads/master refs/remotes/master [4ms]
[2022-06-28T16:55:00.342Z] > git for-each-ref --sort -committerdate --format %(refname) %(objectname) %(*objectname) [15ms]
[2022-06-28T16:55:00.345Z] > git remote --verbose [5ms]
[2022-06-28T16:55:00.455Z] > git config --get commit.template [6ms]
[2022-06-28T16:55:05.512Z] > git status -z -uall [43ms]
[2022-06-28T16:55:05.530Z] > git symbolic-ref --short HEAD [1ms]
[2022-06-28T16:55:05.548Z] > git for-each-ref --format=%(refname)%00%(upstream:short)%00%(objectname)%00%(upstream:track)%00%(upstream:remotename)%00%(upstream:remoteref) refs/heads/master refs/remotes/master [6ms]
[2022-06-28T16:55:05.580Z] > git for-each-ref --sort -committerdate --format %(refname) %(objectname) %(*objectname) [14ms]
[2022-06-28T16:55:05.581Z] > git remote --verbose [3ms]
[2022-06-28T16:55:05.690Z] > git config --get commit.template [7ms]
[2022-06-28T16:55:10.730Z] > git status -z -uall [25ms]
[2022-06-28T16:55:10.744Z] > git symbolic-ref --short HEAD [3ms]
[2022-06-28T16:55:10.778Z] > git for-each-ref --format=%(refname)%00%(upstream:short)%00%(objectname)%00%(upstream:track)%00%(upstream:remotename)%00%(upstream:remoteref) refs/heads/master refs/remotes/master [10ms]
[2022-06-28T16:55:10.819Z] > git remote --verbose [3ms]
[2022-06-28T16:55:10.819Z] > git for-each-ref --sort -committerdate --format %(refname) %(objectname) %(*objectname) [22ms]
[2022-06-28T16:55:10.911Z] > git config --get commit.template [4ms]
[2022-06-28T16:55:15.963Z] > git status -z -uall [26ms]
[2022-06-28T16:55:15.985Z] > git symbolic-ref --short HEAD [4ms]
[2022-06-28T16:55:16.015Z] > git for-each-ref --format=%(refname)%00%(upstream:short)%00%(objectname)%00%(upstream:track)%00%(upstream:remotename)%00%(upstream:remoteref) refs/heads/master refs/remotes/master [2ms]
[2022-06-28T16:55:16.042Z] > git remote --verbose [2ms]
[2022-06-28T16:55:16.043Z] > git for-each-ref --sort -committerdate --format %(refname) %(objectname) %(*objectname) [16ms]
[2022-06-28T16:55:16.111Z] > git config --get commit.template [5ms]
[2022-06-28T16:55:21.168Z] > git status -z -uall [42ms]
[2022-06-28T16:55:21.195Z] > git symbolic-ref --short HEAD [15ms]
[2022-06-28T16:55:21.217Z] > git for-each-ref --format=%(refname)%00%(upstream:short)%00%(objectname)%00%(upstream:track)%00%(upstream:remotename)%00%(upstream:remoteref) refs/heads/master refs/remotes/master [4ms]
[2022-06-28T16:55:21.267Z] > git remote --verbose [2ms]
[2022-06-28T16:55:21.268Z] > git for-each-ref --sort -committerdate --format %(refname) %(objectname) %(*objectname) [32ms]
[2022-06-28T16:55:21.336Z] > git config --get commit.template [3ms]
[2022-06-28T16:55:26.376Z] > git status -z -uall [27ms]
[2022-06-28T16:55:26.397Z] > git symbolic-ref --short HEAD [2ms]
[2022-06-28T16:55:26.412Z] > git for-each-ref --format=%(refname)%00%(upstream:short)%00%(objectname)%00%(upstream:track)%00%(upstream:remotename)%00%(upstream:remoteref) refs/heads/master refs/remotes/master [3ms]
[2022-06-28T16:55:26.442Z] > git for-each-ref --sort -committerdate --format %(refname) %(objectname) %(*objectname) [17ms]
[2022-06-28T16:55:26.450Z] > git remote --verbose [10ms]
[2022-06-28T16:55:26.528Z] > git config --get commit.template [3ms]
[2022-06-28T16:55:31.577Z] > git status -z -uall [32ms]
[2022-06-28T16:55:31.595Z] > git symbolic-ref --short HEAD [4ms]
[2022-06-28T16:55:31.633Z] > git for-each-ref --format=%(refname)%00%(upstream:short)%00%(objectname)%00%(upstream:track)%00%(upstream:remotename)%00%(upstream:remoteref) refs/heads/master refs/remotes/master [17ms]
[2022-06-28T16:55:31.676Z] > git remote --verbose [4ms]
[2022-06-28T16:55:31.679Z] > git for-each-ref --sort -committerdate --format %(refname) %(objectname) %(*objectname) [33ms]
[2022-06-28T16:55:31.776Z] > git config --get commit.template [4ms]
[2022-06-28T16:55:36.832Z] > git status -z -uall [39ms]
[2022-06-28T16:55:36.848Z] > git symbolic-ref --short HEAD [4ms]
[2022-06-28T16:55:36.865Z] > git for-each-ref --format=%(refname)%00%(upstream:short)%00%(objectname)%00%(upstream:track)%00%(upstream:remotename)%00%(upstream:remoteref) refs/heads/master refs/remotes/master [4ms]
[2022-06-28T16:55:36.897Z] > git for-each-ref --sort -committerdate --format %(refname) %(objectname) %(*objectname) [20ms]
[2022-06-28T16:55:36.899Z] > git remote --verbose [5ms]
[2022-06-28T16:55:37.016Z] > git config --get commit.template [20ms]
[2022-06-28T16:55:42.063Z] > git status -z -uall [33ms]
[2022-06-28T16:55:42.077Z] > git symbolic-ref --short HEAD [2ms]
[2022-06-28T16:55:42.096Z] > git for-each-ref --format=%(refname)%00%(upstream:short)%00%(objectname)%00%(upstream:track)%00%(upstream:remotename)%00%(upstream:remoteref) refs/heads/master refs/remotes/master [7ms]
[2022-06-28T16:55:42.121Z] > git remote --verbose [2ms]
[2022-06-28T16:55:42.121Z] > git for-each-ref --sort -committerdate --format %(refname) %(objectname) %(*objectname) [13ms]
[2022-06-28T16:55:42.181Z] > git config --get commit.template [2ms]
[2022-06-28T16:55:47.221Z] > git status -z -uall [26ms]
[2022-06-28T16:55:47.238Z] > git symbolic-ref --short HEAD [1ms]
[2022-06-28T16:55:47.259Z] > git for-each-ref --format=%(refname)%00%(upstream:short)%00%(objectname)%00%(upstream:track)%00%(upstream:remotename)%00%(upstream:remoteref) refs/heads/master refs/remotes/master [1ms]
[2022-06-28T16:55:47.285Z] > git for-each-ref --sort -committerdate --format %(refname) %(objectname) %(*objectname) [12ms]
[2022-06-28T16:55:47.286Z] > git remote --verbose [2ms]
[2022-06-28T16:55:47.375Z] > git config --get commit.template [1ms]
[2022-06-28T16:55:52.436Z] > git status -z -uall [29ms]
[2022-06-28T16:55:52.455Z] > git symbolic-ref --short HEAD [4ms]
[2022-06-28T16:55:52.475Z] > git for-each-ref --format=%(refname)%00%(upstream:short)%00%(objectname)%00%(upstream:track)%00%(upstream:remotename)%00%(upstream:remoteref) refs/heads/master refs/remotes/master [4ms]
[2022-06-28T16:55:52.521Z] > git remote --verbose [4ms]
[2022-06-28T16:55:52.521Z] > git for-each-ref --sort -committerdate --format %(refname) %(objectname) %(*objectname) [17ms]
[2022-06-28T16:55:54.278Z] > git config --get commit.template [1617ms]
[2022-06-28T16:56:09.457Z] > git status -z -uall [48ms]
[2022-06-28T16:56:09.474Z] > git symbolic-ref --short HEAD [1ms]
[2022-06-28T16:56:09.500Z] > git for-each-ref --format=%(refname)%00%(upstream:short)%00%(objectname)%00%(upstream:track)%00%(upstream:remotename)%00%(upstream:remoteref) refs/heads/master refs/remotes/master [4ms]
[2022-06-28T16:56:09.525Z] > git for-each-ref --sort -committerdate --format %(refname) %(objectname) %(*objectname) [13ms]
[2022-06-28T16:56:09.526Z] > git remote --verbose [2ms]
[2022-06-28T16:56:09.577Z] > git config --get commit.template [2ms]
[2022-06-28T16:56:22.900Z] > git status -z -uall [44ms]
[2022-06-28T16:56:22.915Z] > git symbolic-ref --short HEAD [1ms]
[2022-06-28T16:56:22.932Z] > git for-each-ref --format=%(refname)%00%(upstream:short)%00%(objectname)%00%(upstream:track)%00%(upstream:remotename)%00%(upstream:remoteref) refs/heads/master refs/remotes/master [1ms]
[2022-06-28T16:56:22.958Z] > git for-each-ref --sort -committerdate --format %(refname) %(objectname) %(*objectname) [15ms]
[2022-06-28T16:56:22.960Z] > git remote --verbose [3ms]
[2022-06-28T16:56:23.067Z] > git config --get commit.template [3ms]
[2022-06-28T16:56:28.126Z] > git status -z -uall [45ms]
[2022-06-28T16:56:28.145Z] > git symbolic-ref --short HEAD [2ms]
[2022-06-28T16:56:28.164Z] > git for-each-ref --format=%(refname)%00%(upstream:short)%00%(objectname)%00%(upstream:track)%00%(upstream:remotename)%00%(upstream:remoteref) refs/heads/master refs/remotes/master [3ms]
[2022-06-28T16:56:28.196Z] > git for-each-ref --sort -committerdate --format %(refname) %(objectname) %(*objectname) [16ms]
[2022-06-28T16:56:28.197Z] > git remote --verbose [2ms]
[2022-06-28T16:56:28.304Z] > git config --get commit.template [4ms]
[2022-06-28T16:56:33.346Z] > git status -z -uall [27ms]
[2022-06-28T16:56:33.362Z] > git symbolic-ref --short HEAD [1ms]
[2022-06-28T16:56:33.378Z] > git for-each-ref --format=%(refname)%00%(upstream:short)%00%(objectname)%00%(upstream:track)%00%(upstream:remotename)%00%(upstream:remoteref) refs/heads/master refs/remotes/master [4ms]
[2022-06-28T16:56:33.407Z] > git remote --verbose [1ms]
[2022-06-28T16:56:33.408Z] > git for-each-ref --sort -committerdate --format %(refname) %(objectname) %(*objectname) [16ms]
[2022-06-28T16:56:33.477Z] > git config --get commit.template [2ms]
[2022-06-28T16:56:35.155Z] > git show --textconv :workshop01/task2/resources.tf [1650ms]
[2022-06-28T16:56:35.156Z] > git ls-files --stage -- /home/fred/workshop01/task2/resources.tf [1638ms]
[2022-06-28T16:56:38.522Z] > git status -z -uall [27ms]
[2022-06-28T16:56:38.544Z] > git symbolic-ref --short HEAD [2ms]
[2022-06-28T16:56:38.567Z] > git for-each-ref --format=%(refname)%00%(upstream:short)%00%(objectname)%00%(upstream:track)%00%(upstream:remotename)%00%(upstream:remoteref) refs/heads/master refs/remotes/master [4ms]
[2022-06-28T16:56:38.604Z] > git for-each-ref --sort -committerdate --format %(refname) %(objectname) %(*objectname) [22ms]
[2022-06-28T16:56:38.605Z] > git remote --verbose [6ms]
[2022-06-28T16:56:38.667Z] > git config --get commit.template [10ms]
[2022-06-28T16:56:43.706Z] > git status -z -uall [22ms]
[2022-06-28T16:56:43.723Z] > git symbolic-ref --short HEAD [2ms]
[2022-06-28T16:56:43.748Z] > git for-each-ref --format=%(refname)%00%(upstream:short)%00%(objectname)%00%(upstream:track)%00%(upstream:remotename)%00%(upstream:remoteref) refs/heads/master refs/remotes/master [12ms]
[2022-06-28T16:56:43.785Z] > git for-each-ref --sort -committerdate --format %(refname) %(objectname) %(*objectname) [16ms]
[2022-06-28T16:56:43.786Z] > git remote --verbose [4ms]
[2022-06-28T16:56:43.862Z] > git config --get commit.template [4ms]
[2022-06-28T16:56:52.767Z] > git status -z -uall [34ms]
[2022-06-28T16:56:52.795Z] > git symbolic-ref --short HEAD [3ms]
[2022-06-28T16:56:52.810Z] > git for-each-ref --format=%(refname)%00%(upstream:short)%00%(objectname)%00%(upstream:track)%00%(upstream:remotename)%00%(upstream:remoteref) refs/heads/master refs/remotes/master [1ms]
[2022-06-28T16:56:52.838Z] > git for-each-ref --sort -committerdate --format %(refname) %(objectname) %(*objectname) [14ms]
[2022-06-28T16:56:52.838Z] > git remote --verbose [2ms]
[2022-06-28T16:56:52.893Z] > git config --get commit.template [1ms]
[2022-06-28T16:57:02.823Z] > git status -z -uall [22ms]
[2022-06-28T16:57:02.842Z] > git symbolic-ref --short HEAD [1ms]
[2022-06-28T16:57:02.856Z] > git for-each-ref --format=%(refname)%00%(upstream:short)%00%(objectname)%00%(upstream:track)%00%(upstream:remotename)%00%(upstream:remoteref) refs/heads/master refs/remotes/master [3ms]
[2022-06-28T16:57:02.888Z] > git for-each-ref --sort -committerdate --format %(refname) %(objectname) %(*objectname) [20ms]
[2022-06-28T16:57:02.890Z] > git remote --verbose [4ms]
[2022-06-28T16:57:02.958Z] > git config --get commit.template [4ms]
[2022-06-28T16:57:10.745Z] > git status -z -uall [10ms]
[2022-06-28T16:57:10.763Z] > git symbolic-ref --short HEAD [2ms]
[2022-06-28T16:57:10.789Z] > git for-each-ref --format=%(refname)%00%(upstream:short)%00%(objectname)%00%(upstream:track)%00%(upstream:remotename)%00%(upstream:remoteref) refs/heads/master refs/remotes/master [1ms]
[2022-06-28T16:57:10.814Z] > git for-each-ref --sort -committerdate --format %(refname) %(objectname) %(*objectname) [13ms]
[2022-06-28T16:57:10.814Z] > git remote --verbose [2ms]
[2022-06-28T16:57:10.890Z] > git config --get commit.template [9ms]
[2022-06-28T16:57:15.941Z] > git status -z -uall [30ms]
[2022-06-28T16:57:15.961Z] > git symbolic-ref --short HEAD [7ms]
[2022-06-28T16:57:15.980Z] > git for-each-ref --format=%(refname)%00%(upstream:short)%00%(objectname)%00%(upstream:track)%00%(upstream:remotename)%00%(upstream:remoteref) refs/heads/master refs/remotes/master [1ms]
[2022-06-28T16:57:16.029Z] > git remote --verbose [3ms]
[2022-06-28T16:57:16.029Z] > git for-each-ref --sort -committerdate --format %(refname) %(objectname) %(*objectname) [30ms]
[2022-06-28T16:57:16.153Z] > git config --get commit.template [16ms]
[2022-06-28T16:57:21.192Z] > git status -z -uall [24ms]
[2022-06-28T16:57:21.206Z] > git symbolic-ref --short HEAD [2ms]
[2022-06-28T16:57:21.220Z] > git for-each-ref --format=%(refname)%00%(upstream:short)%00%(objectname)%00%(upstream:track)%00%(upstream:remotename)%00%(upstream:remoteref) refs/heads/master refs/remotes/master [2ms]
[2022-06-28T16:57:21.256Z] > git for-each-ref --sort -committerdate --format %(refname) %(objectname) %(*objectname) [13ms]
[2022-06-28T16:57:21.257Z] > git remote --verbose [2ms]
[2022-06-28T16:57:21.320Z] > git config --get commit.template [11ms]
[2022-06-28T16:57:26.355Z] > git status -z -uall [22ms]
[2022-06-28T16:57:26.370Z] > git symbolic-ref --short HEAD [3ms]
[2022-06-28T16:57:26.383Z] > git for-each-ref --format=%(refname)%00%(upstream:short)%00%(objectname)%00%(upstream:track)%00%(upstream:remotename)%00%(upstream:remoteref) refs/heads/master refs/remotes/master [2ms]
[2022-06-28T16:57:26.406Z] > git for-each-ref --sort -committerdate --format %(refname) %(objectname) %(*objectname) [11ms]
[2022-06-28T16:57:26.407Z] > git remote --verbose [2ms]
[2022-06-28T16:57:26.467Z] > git config --get commit.template [5ms]
[2022-06-28T16:57:31.513Z] > git status -z -uall [31ms]
[2022-06-28T16:57:31.526Z] > git symbolic-ref --short HEAD [2ms]
[2022-06-28T16:57:31.540Z] > git for-each-ref --format=%(refname)%00%(upstream:short)%00%(objectname)%00%(upstream:track)%00%(upstream:remotename)%00%(upstream:remoteref) refs/heads/master refs/remotes/master [2ms]
[2022-06-28T16:57:31.576Z] > git for-each-ref --sort -committerdate --format %(refname) %(objectname) %(*objectname) [13ms]
[2022-06-28T16:57:31.577Z] > git remote --verbose [2ms]
[2022-06-28T16:57:31.626Z] > git config --get commit.template [3ms]
[2022-06-28T16:57:36.666Z] > git status -z -uall [20ms]
[2022-06-28T16:57:36.682Z] > git symbolic-ref --short HEAD [3ms]
[2022-06-28T16:57:36.695Z] > git for-each-ref --format=%(refname)%00%(upstream:short)%00%(objectname)%00%(upstream:track)%00%(upstream:remotename)%00%(upstream:remoteref) refs/heads/master refs/remotes/master [2ms]
[2022-06-28T16:57:36.726Z] > git for-each-ref --sort -committerdate --format %(refname) %(objectname) %(*objectname) [17ms]
[2022-06-28T16:57:36.729Z] > git remote --verbose [7ms]
[2022-06-28T16:57:36.843Z] > git config --get commit.template [4ms]
[2022-06-28T16:57:41.881Z] > git status -z -uall [25ms]
[2022-06-28T16:57:41.895Z] > git symbolic-ref --short HEAD [2ms]
[2022-06-28T16:57:41.911Z] > git for-each-ref --format=%(refname)%00%(upstream:short)%00%(objectname)%00%(upstream:track)%00%(upstream:remotename)%00%(upstream:remoteref) refs/heads/master refs/remotes/master [2ms]
[2022-06-28T16:57:41.938Z] > git for-each-ref --sort -committerdate --format %(refname) %(objectname) %(*objectname) [13ms]
[2022-06-28T16:57:41.939Z] > git remote --verbose [2ms]
[2022-06-28T16:57:41.998Z] > git config --get commit.template [5ms]
[2022-06-28T16:57:47.034Z] > git status -z -uall [21ms]
[2022-06-28T16:57:47.075Z] > git symbolic-ref --short HEAD [24ms]
[2022-06-28T16:57:47.089Z] > git for-each-ref --format=%(refname)%00%(upstream:short)%00%(objectname)%00%(upstream:track)%00%(upstream:remotename)%00%(upstream:remoteref) refs/heads/master refs/remotes/master [2ms]
[2022-06-28T16:57:47.118Z] > git remote --verbose [2ms]
[2022-06-28T16:57:47.121Z] > git for-each-ref --sort -committerdate --format %(refname) %(objectname) %(*objectname) [18ms]
[2022-06-28T16:57:47.177Z] > git config --get commit.template [2ms]
[2022-06-28T16:57:52.220Z] > git status -z -uall [29ms]
[2022-06-28T16:57:52.234Z] > git symbolic-ref --short HEAD [3ms]
[2022-06-28T16:57:52.247Z] > git for-each-ref --format=%(refname)%00%(upstream:short)%00%(objectname)%00%(upstream:track)%00%(upstream:remotename)%00%(upstream:remoteref) refs/heads/master refs/remotes/master [3ms]
[2022-06-28T16:57:52.276Z] > git for-each-ref --sort -committerdate --format %(refname) %(objectname) %(*objectname) [19ms]
[2022-06-28T16:57:52.279Z] > git remote --verbose [6ms]
[2022-06-28T16:57:52.351Z] > git config --get commit.template [4ms]
[2022-06-28T16:57:57.389Z] > git status -z -uall [24ms]
[2022-06-28T16:57:57.403Z] > git symbolic-ref --short HEAD [3ms]
[2022-06-28T16:57:57.417Z] > git for-each-ref --format=%(refname)%00%(upstream:short)%00%(objectname)%00%(upstream:track)%00%(upstream:remotename)%00%(upstream:remoteref) refs/heads/master refs/remotes/master [4ms]
[2022-06-28T16:57:57.443Z] > git for-each-ref --sort -committerdate --format %(refname) %(objectname) %(*objectname) [15ms]
[2022-06-28T16:57:57.445Z] > git remote --verbose [5ms]
[2022-06-28T16:57:57.531Z] > git config --get commit.template [3ms]
[2022-06-28T16:58:02.574Z] > git status -z -uall [26ms]
[2022-06-28T16:58:02.601Z] > git symbolic-ref --short HEAD [5ms]
[2022-06-28T16:58:02.631Z] > git for-each-ref --format=%(refname)%00%(upstream:short)%00%(objectname)%00%(upstream:track)%00%(upstream:remotename)%00%(upstream:remoteref) refs/heads/master refs/remotes/master [12ms]
[2022-06-28T16:58:02.672Z] > git for-each-ref --sort -committerdate --format %(refname) %(objectname) %(*objectname) [17ms]
[2022-06-28T16:58:02.675Z] > git remote --verbose [7ms]
[2022-06-28T16:58:02.800Z] > git config --get commit.template [5ms]
[2022-06-28T16:58:07.851Z] > git status -z -uall [27ms]
[2022-06-28T16:58:07.879Z] > git symbolic-ref --short HEAD [2ms]
[2022-06-28T16:58:07.900Z] > git for-each-ref --format=%(refname)%00%(upstream:short)%00%(objectname)%00%(upstream:track)%00%(upstream:remotename)%00%(upstream:remoteref) refs/heads/master refs/remotes/master [6ms]
[2022-06-28T16:58:07.933Z] > git remote --verbose [5ms]
[2022-06-28T16:58:07.934Z] > git for-each-ref --sort -committerdate --format %(refname) %(objectname) %(*objectname) [21ms]
[2022-06-28T16:58:08.009Z] > git config --get commit.template [8ms]
[2022-06-28T16:58:13.048Z] > git status -z -uall [24ms]
[2022-06-28T16:58:13.067Z] > git symbolic-ref --short HEAD [2ms]
[2022-06-28T16:58:13.083Z] > git for-each-ref --format=%(refname)%00%(upstream:short)%00%(objectname)%00%(upstream:track)%00%(upstream:remotename)%00%(upstream:remoteref) refs/heads/master refs/remotes/master [4ms]
[2022-06-28T16:58:13.107Z] > git for-each-ref --sort -committerdate --format %(refname) %(objectname) %(*objectname) [12ms]
[2022-06-28T16:58:13.108Z] > git remote --verbose [3ms]
[2022-06-28T16:58:13.192Z] > git config --get commit.template [1ms]
[2022-06-28T16:58:18.237Z] > git status -z -uall [31ms]
[2022-06-28T16:58:18.254Z] > git symbolic-ref --short HEAD [2ms]
[2022-06-28T16:58:18.269Z] > git for-each-ref --format=%(refname)%00%(upstream:short)%00%(objectname)%00%(upstream:track)%00%(upstream:remotename)%00%(upstream:remoteref) refs/heads/master refs/remotes/master [4ms]
[2022-06-28T16:58:18.300Z] > git for-each-ref --sort -committerdate --format %(refname) %(objectname) %(*objectname) [18ms]
[2022-06-28T16:58:18.302Z] > git remote --verbose [6ms]
[2022-06-28T16:58:18.404Z] > git config --get commit.template [6ms]
[2022-06-28T16:58:23.442Z] > git status -z -uall [24ms]
[2022-06-28T16:58:23.455Z] > git symbolic-ref --short HEAD [2ms]
[2022-06-28T16:58:23.469Z] > git for-each-ref --format=%(refname)%00%(upstream:short)%00%(objectname)%00%(upstream:track)%00%(upstream:remotename)%00%(upstream:remoteref) refs/heads/master refs/remotes/master [3ms]
[2022-06-28T16:58:23.501Z] > git remote --verbose [2ms]
[2022-06-28T16:58:23.502Z] > git for-each-ref --sort -committerdate --format %(refname) %(objectname) %(*objectname) [22ms]
[2022-06-28T16:58:23.576Z] > git config --get commit.template [3ms]
[2022-06-28T16:58:28.612Z] > git status -z -uall [24ms]
[2022-06-28T16:58:28.626Z] > git symbolic-ref --short HEAD [3ms]
[2022-06-28T16:58:28.640Z] > git for-each-ref --format=%(refname)%00%(upstream:short)%00%(objectname)%00%(upstream:track)%00%(upstream:remotename)%00%(upstream:remoteref) refs/heads/master refs/remotes/master [3ms]
[2022-06-28T16:58:28.668Z] > git for-each-ref --sort -committerdate --format %(refname) %(objectname) %(*objectname) [17ms]
[2022-06-28T16:58:28.670Z] > git remote --verbose [6ms]
[2022-06-28T16:58:28.738Z] > git config --get commit.template [4ms]
[2022-06-28T16:58:33.781Z] > git status -z -uall [24ms]
[2022-06-28T16:58:33.797Z] > git symbolic-ref --short HEAD [2ms]
[2022-06-28T16:58:33.814Z] > git for-each-ref --format=%(refname)%00%(upstream:short)%00%(objectname)%00%(upstream:track)%00%(upstream:remotename)%00%(upstream:remoteref) refs/heads/master refs/remotes/master [6ms]
[2022-06-28T16:58:33.843Z] > git for-each-ref --sort -committerdate --format %(refname) %(objectname) %(*objectname) [15ms]
[2022-06-28T16:58:33.845Z] > git remote --verbose [6ms]
[2022-06-28T16:58:33.980Z] > git config --get commit.template [3ms]
[2022-06-28T16:59:19.050Z] > git status -z -uall [43ms]
[2022-06-28T16:59:19.070Z] > git symbolic-ref --short HEAD [4ms]
[2022-06-28T16:59:19.092Z] > git for-each-ref --format=%(refname)%00%(upstream:short)%00%(objectname)%00%(upstream:track)%00%(upstream:remotename)%00%(upstream:remoteref) refs/heads/master refs/remotes/master [5ms]
[2022-06-28T16:59:19.149Z] > git remote --verbose [1ms]
[2022-06-28T16:59:19.150Z] > git for-each-ref --sort -committerdate --format %(refname) %(objectname) %(*objectname) [42ms]
[2022-06-28T16:59:19.234Z] > git config --get commit.template [15ms]
[2022-06-28T16:59:24.289Z] > git status -z -uall [36ms]
[2022-06-28T16:59:24.305Z] > git symbolic-ref --short HEAD [3ms]
[2022-06-28T16:59:24.329Z] > git for-each-ref --format=%(refname)%00%(upstream:short)%00%(objectname)%00%(upstream:track)%00%(upstream:remotename)%00%(upstream:remoteref) refs/heads/master refs/remotes/master [12ms]
[2022-06-28T16:59:24.368Z] > git for-each-ref --sort -committerdate --format %(refname) %(objectname) %(*objectname) [26ms]
[2022-06-28T16:59:24.370Z] > git remote --verbose [5ms]
[2022-06-28T16:59:24.480Z] > git config --get commit.template [11ms]
[2022-06-28T16:59:29.531Z] > git status -z -uall [37ms]
[2022-06-28T16:59:29.555Z] > git symbolic-ref --short HEAD [2ms]
[2022-06-28T16:59:29.577Z] > git for-each-ref --format=%(refname)%00%(upstream:short)%00%(objectname)%00%(upstream:track)%00%(upstream:remotename)%00%(upstream:remoteref) refs/heads/master refs/remotes/master [2ms]
[2022-06-28T16:59:29.604Z] > git for-each-ref --sort -committerdate --format %(refname) %(objectname) %(*objectname) [14ms]
[2022-06-28T16:59:29.605Z] > git remote --verbose [3ms]
[2022-06-28T16:59:29.667Z] > git config --get commit.template [2ms]
[2022-06-28T16:59:34.742Z] > git status -z -uall [52ms]
[2022-06-28T16:59:34.761Z] > git symbolic-ref --short HEAD [5ms]
[2022-06-28T16:59:34.787Z] > git for-each-ref --format=%(refname)%00%(upstream:short)%00%(objectname)%00%(upstream:track)%00%(upstream:remotename)%00%(upstream:remoteref) refs/heads/master refs/remotes/master [4ms]
[2022-06-28T16:59:34.815Z] > git remote --verbose [2ms]
[2022-06-28T16:59:34.816Z] > git for-each-ref --sort -committerdate --format %(refname) %(objectname) %(*objectname) [17ms]
[2022-06-28T16:59:34.923Z] > git config --get commit.template [4ms]
[2022-06-28T16:59:39.962Z] > git status -z -uall [24ms]
[2022-06-28T16:59:39.983Z] > git symbolic-ref --short HEAD [2ms]
[2022-06-28T16:59:40.001Z] > git for-each-ref --format=%(refname)%00%(upstream:short)%00%(objectname)%00%(upstream:track)%00%(upstream:remotename)%00%(upstream:remoteref) refs/heads/master refs/remotes/master [2ms]
[2022-06-28T16:59:40.028Z] > git for-each-ref --sort -committerdate --format %(refname) %(objectname) %(*objectname) [15ms]
[2022-06-28T16:59:40.028Z] > git remote --verbose [3ms]
[2022-06-28T16:59:40.094Z] > git config --get commit.template [2ms]
[2022-06-28T16:59:45.131Z] > git status -z -uall [23ms]
[2022-06-28T16:59:45.145Z] > git symbolic-ref --short HEAD [1ms]
[2022-06-28T16:59:45.161Z] > git for-each-ref --format=%(refname)%00%(upstream:short)%00%(objectname)%00%(upstream:track)%00%(upstream:remotename)%00%(upstream:remoteref) refs/heads/master refs/remotes/master [1ms]
[2022-06-28T16:59:45.186Z] > git for-each-ref --sort -committerdate --format %(refname) %(objectname) %(*objectname) [12ms]
[2022-06-28T16:59:45.189Z] > git remote --verbose [5ms]
[2022-06-28T16:59:45.262Z] > git config --get commit.template [3ms]
[2022-06-28T16:59:50.307Z] > git status -z -uall [30ms]
[2022-06-28T16:59:50.323Z] > git symbolic-ref --short HEAD [2ms]
[2022-06-28T16:59:50.337Z] > git for-each-ref --format=%(refname)%00%(upstream:short)%00%(objectname)%00%(upstream:track)%00%(upstream:remotename)%00%(upstream:remoteref) refs/heads/master refs/remotes/master [1ms]
[2022-06-28T16:59:50.364Z] > git remote --verbose [2ms]
[2022-06-28T16:59:50.364Z] > git for-each-ref --sort -committerdate --format %(refname) %(objectname) %(*objectname) [16ms]
[2022-06-28T16:59:50.417Z] > git config --get commit.template [4ms]
[2022-06-28T16:59:55.478Z] > git status -z -uall [35ms]
[2022-06-28T16:59:55.498Z] > git symbolic-ref --short HEAD [4ms]
[2022-06-28T16:59:55.513Z] > git for-each-ref --format=%(refname)%00%(upstream:short)%00%(objectname)%00%(upstream:track)%00%(upstream:remotename)%00%(upstream:remoteref) refs/heads/master refs/remotes/master [2ms]
[2022-06-28T16:59:55.541Z] > git for-each-ref --sort -committerdate --format %(refname) %(objectname) %(*objectname) [13ms]
[2022-06-28T16:59:55.542Z] > git remote --verbose [3ms]
[2022-06-28T16:59:55.595Z] > git config --get commit.template [2ms]
[2022-06-28T17:00:00.655Z] > git status -z -uall [36ms]
[2022-06-28T17:00:00.673Z] > git symbolic-ref --short HEAD [2ms]
[2022-06-28T17:00:00.717Z] > git for-each-ref --format=%(refname)%00%(upstream:short)%00%(objectname)%00%(upstream:track)%00%(upstream:remotename)%00%(upstream:remoteref) refs/heads/master refs/remotes/master [22ms]
[2022-06-28T17:00:00.744Z] > git for-each-ref --sort -committerdate --format %(refname) %(objectname) %(*objectname) [14ms]
[2022-06-28T17:00:00.745Z] > git remote --verbose [2ms]
[2022-06-28T17:00:00.822Z] > git config --get commit.template [1ms]
[2022-06-28T17:00:05.857Z] > git status -z -uall [22ms]
[2022-06-28T17:00:05.881Z] > git symbolic-ref --short HEAD [2ms]
[2022-06-28T17:00:05.897Z] > git for-each-ref --format=%(refname)%00%(upstream:short)%00%(objectname)%00%(upstream:track)%00%(upstream:remotename)%00%(upstream:remoteref) refs/heads/master refs/remotes/master [3ms]
[2022-06-28T17:00:05.932Z] > git remote --verbose [2ms]
[2022-06-28T17:00:05.932Z] > git for-each-ref --sort -committerdate --format %(refname) %(objectname) %(*objectname) [22ms]
[2022-06-28T17:00:06.005Z] > git config --get commit.template [2ms]
[2022-06-28T17:00:11.066Z] > git status -z -uall [35ms]
[2022-06-28T17:00:11.087Z] > git symbolic-ref --short HEAD [7ms]
[2022-06-28T17:00:11.121Z] > git for-each-ref --format=%(refname)%00%(upstream:short)%00%(objectname)%00%(upstream:track)%00%(upstream:remotename)%00%(upstream:remoteref) refs/heads/master refs/remotes/master [3ms]
[2022-06-28T17:00:11.159Z] > git remote --verbose [4ms]
[2022-06-28T17:00:11.162Z] > git for-each-ref --sort -committerdate --format %(refname) %(objectname) %(*objectname) [24ms]
[2022-06-28T17:00:11.268Z] > git config --get commit.template [9ms]
[2022-06-28T17:00:16.321Z] > git status -z -uall [36ms]
[2022-06-28T17:00:16.351Z] > git symbolic-ref --short HEAD [1ms]
[2022-06-28T17:00:16.367Z] > git for-each-ref --format=%(refname)%00%(upstream:short)%00%(objectname)%00%(upstream:track)%00%(upstream:remotename)%00%(upstream:remoteref) refs/heads/master refs/remotes/master [1ms]
[2022-06-28T17:00:16.395Z] > git for-each-ref --sort -committerdate --format %(refname) %(objectname) %(*objectname) [15ms]
[2022-06-28T17:00:16.396Z] > git remote --verbose [3ms]
[2022-06-28T17:00:16.449Z] > git config --get commit.template [2ms]
[2022-06-28T17:00:21.496Z] > git status -z -uall [33ms]
[2022-06-28T17:00:21.539Z] > git symbolic-ref --short HEAD [30ms]
[2022-06-28T17:00:21.554Z] > git for-each-ref --format=%(refname)%00%(upstream:short)%00%(objectname)%00%(upstream:track)%00%(upstream:remotename)%00%(upstream:remoteref) refs/heads/master refs/remotes/master [2ms]
[2022-06-28T17:00:21.589Z] > git for-each-ref --sort -committerdate --format %(refname) %(objectname) %(*objectname) [21ms]
[2022-06-28T17:00:21.591Z] > git remote --verbose [2ms]
[2022-06-28T17:00:21.666Z] > git config --get commit.template [18ms]
[2022-06-28T17:00:26.702Z] > git status -z -uall [23ms]
[2022-06-28T17:00:26.714Z] > git symbolic-ref --short HEAD [2ms]
[2022-06-28T17:00:26.728Z] > git for-each-ref --format=%(refname)%00%(upstream:short)%00%(objectname)%00%(upstream:track)%00%(upstream:remotename)%00%(upstream:remoteref) refs/heads/master refs/remotes/master [3ms]
[2022-06-28T17:00:26.755Z] > git for-each-ref --sort -committerdate --format %(refname) %(objectname) %(*objectname) [14ms]
[2022-06-28T17:00:26.756Z] > git remote --verbose [2ms]
[2022-06-28T17:00:26.808Z] > git config --get commit.template [4ms]
[2022-06-28T17:00:31.859Z] > git status -z -uall [34ms]
[2022-06-28T17:00:31.874Z] > git symbolic-ref --short HEAD [1ms]
[2022-06-28T17:00:31.888Z] > git for-each-ref --format=%(refname)%00%(upstream:short)%00%(objectname)%00%(upstream:track)%00%(upstream:remotename)%00%(upstream:remoteref) refs/heads/master refs/remotes/master [2ms]
[2022-06-28T17:00:31.913Z] > git for-each-ref --sort -committerdate --format %(refname) %(objectname) %(*objectname) [13ms]
[2022-06-28T17:00:31.913Z] > git remote --verbose [2ms]
[2022-06-28T17:00:31.970Z] > git config --get commit.template [1ms]
[2022-06-28T17:01:24.964Z] > git status -z -uall [23ms]
[2022-06-28T17:01:24.980Z] > git symbolic-ref --short HEAD [2ms]
[2022-06-28T17:01:24.997Z] > git for-each-ref --format=%(refname)%00%(upstream:short)%00%(objectname)%00%(upstream:track)%00%(upstream:remotename)%00%(upstream:remoteref) refs/heads/master refs/remotes/master [2ms]
[2022-06-28T17:01:25.036Z] > git remote --verbose [2ms]
[2022-06-28T17:01:25.036Z] > git for-each-ref --sort -committerdate --format %(refname) %(objectname) %(*objectname) [26ms]
[2022-06-28T17:01:25.100Z] > git config --get commit.template [0ms]
[2022-06-28T17:02:04.870Z] > git status -z -uall [27ms]
[2022-06-28T17:02:04.883Z] > git symbolic-ref --short HEAD [1ms]
[2022-06-28T17:02:04.896Z] > git for-each-ref --format=%(refname)%00%(upstream:short)%00%(objectname)%00%(upstream:track)%00%(upstream:remotename)%00%(upstream:remoteref) refs/heads/master refs/remotes/master [2ms]
[2022-06-28T17:02:04.920Z] > git for-each-ref --sort -committerdate --format %(refname) %(objectname) %(*objectname) [13ms]
[2022-06-28T17:02:04.921Z] > git remote --verbose [3ms]
[2022-06-28T17:02:05.007Z] > git config --get commit.template [2ms]
[2022-06-28T17:02:07.653Z] > git check-ignore -v -z --stdin [2ms]
[2022-06-28T17:02:10.053Z] > git status -z -uall [21ms]
[2022-06-28T17:02:10.068Z] > git symbolic-ref --short HEAD [2ms]
[2022-06-28T17:02:10.084Z] > git for-each-ref --format=%(refname)%00%(upstream:short)%00%(objectname)%00%(upstream:track)%00%(upstream:remotename)%00%(upstream:remoteref) refs/heads/master refs/remotes/master [6ms]
[2022-06-28T17:02:10.109Z] > git for-each-ref --sort -committerdate --format %(refname) %(objectname) %(*objectname) [13ms]
[2022-06-28T17:02:10.109Z] > git remote --verbose [2ms]
[2022-06-28T17:02:10.199Z] > git config --get commit.template [3ms]
[2022-06-28T17:02:15.244Z] > git status -z -uall [31ms]
[2022-06-28T17:02:15.265Z] > git symbolic-ref --short HEAD [3ms]
[2022-06-28T17:02:15.280Z] > git for-each-ref --format=%(refname)%00%(upstream:short)%00%(objectname)%00%(upstream:track)%00%(upstream:remotename)%00%(upstream:remoteref) refs/heads/master refs/remotes/master [2ms]
[2022-06-28T17:02:15.313Z] > git for-each-ref --sort -committerdate --format %(refname) %(objectname) %(*objectname) [13ms]
[2022-06-28T17:02:15.314Z] > git remote --verbose [2ms]
[2022-06-28T17:02:15.364Z] > git config --get commit.template [3ms]
[2022-06-28T17:02:20.412Z] > git status -z -uall [32ms]
[2022-06-28T17:02:20.464Z] > git symbolic-ref --short HEAD [3ms]
[2022-06-28T17:02:20.485Z] > git for-each-ref --format=%(refname)%00%(upstream:short)%00%(objectname)%00%(upstream:track)%00%(upstream:remotename)%00%(upstream:remoteref) refs/heads/master refs/remotes/master [5ms]
[2022-06-28T17:02:20.569Z] > git for-each-ref --sort -committerdate --format %(refname) %(objectname) %(*objectname) [55ms]
[2022-06-28T17:02:20.576Z] > git remote --verbose [9ms]
[2022-06-28T17:02:23.353Z] > git config --get commit.template [30ms]
[2022-06-28T17:02:23.915Z] > git check-ignore -v -z --stdin [11ms]
[2022-06-28T17:02:25.783Z] > git check-ignore -v -z --stdin [2ms]
[2022-06-28T17:02:43.949Z] > git status -z -uall [36ms]
[2022-06-28T17:02:43.965Z] > git symbolic-ref --short HEAD [3ms]
[2022-06-28T17:02:43.980Z] > git for-each-ref --format=%(refname)%00%(upstream:short)%00%(objectname)%00%(upstream:track)%00%(upstream:remotename)%00%(upstream:remoteref) refs/heads/master refs/remotes/master [2ms]
[2022-06-28T17:02:44.025Z] > git for-each-ref --sort -committerdate --format %(refname) %(objectname) %(*objectname) [19ms]
[2022-06-28T17:02:44.027Z] > git remote --verbose [4ms]
[2022-06-28T17:02:44.125Z] > git config --get commit.template [1ms]
[2022-06-28T17:03:29.210Z] > git show --textconv :workshop01/task2/provider.tf [12ms]
[2022-06-28T17:03:29.211Z] > git ls-files --stage -- /home/fred/workshop01/task2/provider.tf [3ms]
[2022-06-28T17:03:32.246Z] > git show --textconv :workshop01/task2/variables.tf [18ms]
[2022-06-28T17:03:32.247Z] > git ls-files --stage -- /home/fred/workshop01/task2/variables.tf [2ms]
[2022-06-28T17:03:41.288Z] > git show --textconv :workshop01/task2/resources.tf [11ms]
[2022-06-28T17:03:41.290Z] > git ls-files --stage -- /home/fred/workshop01/task2/resources.tf [3ms]
[2022-06-28T17:04:02.172Z] > git status -z -uall [33ms]
[2022-06-28T17:04:02.191Z] > git symbolic-ref --short HEAD [1ms]
[2022-06-28T17:04:02.205Z] > git for-each-ref --format=%(refname)%00%(upstream:short)%00%(objectname)%00%(upstream:track)%00%(upstream:remotename)%00%(upstream:remoteref) refs/heads/master refs/remotes/master [1ms]
[2022-06-28T17:04:02.238Z] > git for-each-ref --sort -committerdate --format %(refname) %(objectname) %(*objectname) [15ms]
[2022-06-28T17:04:02.238Z] > git remote --verbose [2ms]
[2022-06-28T17:04:02.337Z] > git config --get commit.template [2ms]
[2022-06-28T17:04:07.398Z] > git status -z -uall [29ms]
[2022-06-28T17:04:07.410Z] > git symbolic-ref --short HEAD [2ms]
[2022-06-28T17:04:07.427Z] > git for-each-ref --format=%(refname)%00%(upstream:short)%00%(objectname)%00%(upstream:track)%00%(upstream:remotename)%00%(upstream:remoteref) refs/heads/master refs/remotes/master [5ms]
[2022-06-28T17:04:07.456Z] > git for-each-ref --sort -committerdate --format %(refname) %(objectname) %(*objectname) [17ms]
[2022-06-28T17:04:07.457Z] > git remote --verbose [3ms]
[2022-06-28T17:04:07.526Z] > git config --get commit.template [3ms]
[2022-06-28T17:04:13.725Z] > git status -z -uall [66ms]
[2022-06-28T17:04:13.743Z] > git symbolic-ref --short HEAD [2ms]
[2022-06-28T17:04:13.759Z] > git for-each-ref --format=%(refname)%00%(upstream:short)%00%(objectname)%00%(upstream:track)%00%(upstream:remotename)%00%(upstream:remoteref) refs/heads/master refs/remotes/master [1ms]
[2022-06-28T17:04:13.804Z] > git for-each-ref --sort -committerdate --format %(refname) %(objectname) %(*objectname) [25ms]
[2022-06-28T17:04:13.805Z] > git remote --verbose [2ms]
[2022-06-28T17:04:13.863Z] > git config --get commit.template [2ms]
