[2022-06-28T01:59:53.914Z] Log level: Info
[2022-06-28T01:59:53.918Z] [info] Validating found git in: git
[2022-06-28T01:59:54.006Z] [info] Using git 2.25.1 from git
[2022-06-28T01:59:54.091Z] > git rev-parse --show-toplevel [54ms]
[2022-06-28T01:59:54.091Z] fatal: not a git repository (or any of the parent directories): .git
[2022-06-28T01:59:54.139Z] > git rev-parse --show-toplevel [34ms]
[2022-06-28T01:59:54.139Z] fatal: not a git repository (or any of the parent directories): .git
[2022-06-28T01:59:54.158Z] > git rev-parse --show-toplevel [9ms]
[2022-06-28T01:59:54.158Z] fatal: not a git repository (or any of the parent directories): .git
[2022-06-28T01:59:54.189Z] > git rev-parse --show-toplevel [19ms]
[2022-06-28T01:59:54.189Z] fatal: not a git repository (or any of the parent directories): .git
[2022-06-28T01:59:54.202Z] > git rev-parse --show-toplevel [2ms]
[2022-06-28T01:59:54.202Z] fatal: not a git repository (or any of the parent directories): .git
[2022-06-28T01:59:54.225Z] > git rev-parse --show-toplevel [2ms]
[2022-06-28T01:59:54.250Z] > git rev-parse --git-dir --git-common-dir [7ms]
[2022-06-28T01:59:54.278Z] [info] Open repository: /home/fred/aipc
[2022-06-28T01:59:54.311Z] > git status -z -uall [3ms]
[2022-06-28T01:59:54.373Z] > git symbolic-ref --short HEAD [26ms]
[2022-06-28T01:59:54.390Z] > git for-each-ref --format=%(refname)%00%(upstream:short)%00%(objectname)%00%(upstream:track)%00%(upstream:remotename)%00%(upstream:remoteref) refs/heads/main refs/remotes/main [8ms]
[2022-06-28T01:59:54.431Z] > git remote --verbose [4ms]
[2022-06-28T01:59:54.432Z] > git for-each-ref --sort -committerdate --format %(refname) %(objectname) %(*objectname) [30ms]
[2022-06-28T01:59:54.454Z] > git config --get commit.template [4ms]
[2022-06-28T01:59:55.068Z] > git rev-parse --show-toplevel [32ms]
[2022-06-28T01:59:55.068Z] fatal: not a git repository (or any of the parent directories): .git
[2022-06-28T01:59:55.075Z] > git check-ignore -v -z --stdin [11ms]
[2022-06-28T01:59:55.130Z] > git rev-parse --show-toplevel [6ms]
[2022-06-28T01:59:55.130Z] fatal: not a git repository (or any of the parent directories): .git
[2022-06-28T02:00:03.677Z] > git check-ignore -v -z --stdin [1ms]
[2022-06-28T02:47:37.353Z] > git rev-parse --show-toplevel [5ms]
[2022-06-28T02:47:37.353Z] fatal: not a git repository (or any of the parent directories): .git
