[2022-06-30T02:12:25.056Z] Log level: Info
[2022-06-30T02:12:25.060Z] [info] Validating found git in: git
[2022-06-30T02:12:25.119Z] [info] Using git 2.25.1 from git
[2022-06-30T02:12:25.207Z] > git rev-parse --show-toplevel [61ms]
[2022-06-30T02:12:25.258Z] > git rev-parse --git-dir --git-common-dir [35ms]
[2022-06-30T02:12:25.270Z] [info] Open repository: /home/fred
[2022-06-30T02:12:25.316Z] > git status -z -uall [32ms]
[2022-06-30T02:12:25.353Z] > git symbolic-ref --short HEAD [24ms]
[2022-06-30T02:12:25.373Z] > git for-each-ref --format=%(refname)%00%(upstream:short)%00%(objectname)%00%(upstream:track)%00%(upstream:remotename)%00%(upstream:remoteref) refs/heads/master refs/remotes/master [10ms]
[2022-06-30T02:12:25.406Z] > git remote --verbose [4ms]
[2022-06-30T02:12:25.407Z] > git for-each-ref --sort -committerdate --format %(refname) %(objectname) %(*objectname) [15ms]
[2022-06-30T02:12:26.892Z] > git config --get commit.template [19ms]
[2022-06-30T02:12:27.490Z] > git check-ignore -v -z --stdin [4ms]
[2022-06-30T02:12:28.040Z] > git status -z -uall [37ms]
[2022-06-30T02:12:28.058Z] > git symbolic-ref --short HEAD [4ms]
[2022-06-30T02:12:28.071Z] > git for-each-ref --format=%(refname)%00%(upstream:short)%00%(objectname)%00%(upstream:track)%00%(upstream:remotename)%00%(upstream:remoteref) refs/heads/master refs/remotes/master [2ms]
[2022-06-30T02:12:28.095Z] > git for-each-ref --sort -committerdate --format %(refname) %(objectname) %(*objectname) [12ms]
[2022-06-30T02:12:28.096Z] > git remote --verbose [3ms]
[2022-06-30T02:12:28.182Z] > git config --get commit.template [1ms]
[2022-06-30T02:12:30.150Z] > git show --textconv :workshop01/task1/resources.tf [18ms]
[2022-06-30T02:12:30.152Z] > git ls-files --stage -- /home/fred/workshop01/task1/resources.tf [4ms]
[2022-06-30T02:12:32.347Z] > git check-ignore -v -z --stdin [2ms]
[2022-06-30T02:12:33.228Z] > git status -z -uall [32ms]
[2022-06-30T02:12:33.243Z] > git symbolic-ref --short HEAD [3ms]
[2022-06-30T02:12:33.259Z] > git for-each-ref --format=%(refname)%00%(upstream:short)%00%(objectname)%00%(upstream:track)%00%(upstream:remotename)%00%(upstream:remoteref) refs/heads/master refs/remotes/master [2ms]
[2022-06-30T02:12:33.290Z] > git for-each-ref --sort -committerdate --format %(refname) %(objectname) %(*objectname) [16ms]
[2022-06-30T02:12:33.292Z] > git remote --verbose [5ms]
[2022-06-30T02:12:33.399Z] > git config --get commit.template [4ms]
[2022-06-30T02:12:38.438Z] > git status -z -uall [26ms]
[2022-06-30T02:12:38.457Z] > git symbolic-ref --short HEAD [3ms]
[2022-06-30T02:12:38.474Z] > git for-each-ref --format=%(refname)%00%(upstream:short)%00%(objectname)%00%(upstream:track)%00%(upstream:remotename)%00%(upstream:remoteref) refs/heads/master refs/remotes/master [2ms]
[2022-06-30T02:12:38.500Z] > git remote --verbose [2ms]
[2022-06-30T02:12:38.501Z] > git for-each-ref --sort -committerdate --format %(refname) %(objectname) %(*objectname) [16ms]
[2022-06-30T02:12:38.569Z] > git config --get commit.template [10ms]
[2022-06-30T02:12:43.603Z] > git status -z -uall [21ms]
[2022-06-30T02:12:43.617Z] > git symbolic-ref --short HEAD [2ms]
[2022-06-30T02:12:43.638Z] > git for-each-ref --format=%(refname)%00%(upstream:short)%00%(objectname)%00%(upstream:track)%00%(upstream:remotename)%00%(upstream:remoteref) refs/heads/master refs/remotes/master [2ms]
[2022-06-30T02:12:43.663Z] > git for-each-ref --sort -committerdate --format %(refname) %(objectname) %(*objectname) [13ms]
[2022-06-30T02:12:43.665Z] > git remote --verbose [3ms]
[2022-06-30T02:12:43.736Z] > git config --get commit.template [8ms]
[2022-06-30T02:12:47.584Z] > git check-ignore -v -z --stdin [2ms]
[2022-06-30T02:12:48.785Z] > git status -z -uall [32ms]
[2022-06-30T02:12:48.813Z] > git symbolic-ref --short HEAD [1ms]
[2022-06-30T02:12:48.827Z] > git for-each-ref --format=%(refname)%00%(upstream:short)%00%(objectname)%00%(upstream:track)%00%(upstream:remotename)%00%(upstream:remoteref) refs/heads/master refs/remotes/master [2ms]
[2022-06-30T02:12:48.861Z] > git for-each-ref --sort -committerdate --format %(refname) %(objectname) %(*objectname) [23ms]
[2022-06-30T02:12:48.862Z] > git remote --verbose [3ms]
[2022-06-30T02:12:48.933Z] > git config --get commit.template [11ms]
[2022-06-30T02:12:53.973Z] > git status -z -uall [25ms]
[2022-06-30T02:12:53.987Z] > git symbolic-ref --short HEAD [2ms]
[2022-06-30T02:12:54.001Z] > git for-each-ref --format=%(refname)%00%(upstream:short)%00%(objectname)%00%(upstream:track)%00%(upstream:remotename)%00%(upstream:remoteref) refs/heads/master refs/remotes/master [3ms]
[2022-06-30T02:12:54.026Z] > git for-each-ref --sort -committerdate --format %(refname) %(objectname) %(*objectname) [14ms]
[2022-06-30T02:12:54.027Z] > git remote --verbose [3ms]
[2022-06-30T02:12:54.087Z] > git config --get commit.template [5ms]
[2022-06-30T02:12:59.145Z] > git status -z -uall [37ms]
[2022-06-30T02:12:59.167Z] > git symbolic-ref --short HEAD [8ms]
[2022-06-30T02:12:59.181Z] > git for-each-ref --format=%(refname)%00%(upstream:short)%00%(objectname)%00%(upstream:track)%00%(upstream:remotename)%00%(upstream:remoteref) refs/heads/master refs/remotes/master [2ms]
[2022-06-30T02:12:59.212Z] > git for-each-ref --sort -committerdate --format %(refname) %(objectname) %(*objectname) [19ms]
[2022-06-30T02:12:59.213Z] > git remote --verbose [3ms]
[2022-06-30T02:12:59.283Z] > git config --get commit.template [3ms]
[2022-06-30T02:13:04.322Z] > git status -z -uall [24ms]
[2022-06-30T02:13:04.343Z] > git symbolic-ref --short HEAD [2ms]
[2022-06-30T02:13:04.367Z] > git for-each-ref --format=%(refname)%00%(upstream:short)%00%(objectname)%00%(upstream:track)%00%(upstream:remotename)%00%(upstream:remoteref) refs/heads/master refs/remotes/master [1ms]
[2022-06-30T02:13:04.395Z] > git for-each-ref --sort -committerdate --format %(refname) %(objectname) %(*objectname) [15ms]
[2022-06-30T02:13:04.396Z] > git remote --verbose [4ms]
[2022-06-30T02:13:04.475Z] > git config --get commit.template [2ms]
[2022-06-30T02:13:09.767Z] > git status -z -uall [32ms]
[2022-06-30T02:13:09.783Z] > git symbolic-ref --short HEAD [5ms]
[2022-06-30T02:13:09.804Z] > git for-each-ref --format=%(refname)%00%(upstream:short)%00%(objectname)%00%(upstream:track)%00%(upstream:remotename)%00%(upstream:remoteref) refs/heads/master refs/remotes/master [6ms]
[2022-06-30T02:13:09.826Z] > git remote --verbose [2ms]
[2022-06-30T02:13:09.826Z] > git for-each-ref --sort -committerdate --format %(refname) %(objectname) %(*objectname) [11ms]
[2022-06-30T02:13:09.874Z] > git config --get commit.template [2ms]
[2022-06-30T02:13:14.979Z] > git status -z -uall [87ms]
[2022-06-30T02:13:15.008Z] > git symbolic-ref --short HEAD [3ms]
[2022-06-30T02:13:15.025Z] > git for-each-ref --format=%(refname)%00%(upstream:short)%00%(objectname)%00%(upstream:track)%00%(upstream:remotename)%00%(upstream:remoteref) refs/heads/master refs/remotes/master [4ms]
[2022-06-30T02:13:15.060Z] > git for-each-ref --sort -committerdate --format %(refname) %(objectname) %(*objectname) [19ms]
[2022-06-30T02:13:15.061Z] > git remote --verbose [4ms]
[2022-06-30T02:13:15.160Z] > git config --get commit.template [5ms]
[2022-06-30T02:13:20.209Z] > git status -z -uall [31ms]
[2022-06-30T02:13:20.225Z] > git symbolic-ref --short HEAD [2ms]
[2022-06-30T02:13:20.238Z] > git for-each-ref --format=%(refname)%00%(upstream:short)%00%(objectname)%00%(upstream:track)%00%(upstream:remotename)%00%(upstream:remoteref) refs/heads/master refs/remotes/master [2ms]
[2022-06-30T02:13:20.264Z] > git for-each-ref --sort -committerdate --format %(refname) %(objectname) %(*objectname) [14ms]
[2022-06-30T02:13:20.266Z] > git remote --verbose [4ms]
[2022-06-30T02:13:20.316Z] > git config --get commit.template [1ms]
[2022-06-30T02:13:25.355Z] > git status -z -uall [25ms]
[2022-06-30T02:13:25.371Z] > git symbolic-ref --short HEAD [2ms]
[2022-06-30T02:13:25.399Z] > git for-each-ref --format=%(refname)%00%(upstream:short)%00%(objectname)%00%(upstream:track)%00%(upstream:remotename)%00%(upstream:remoteref) refs/heads/master refs/remotes/master [1ms]
[2022-06-30T02:13:25.435Z] > git remote --verbose [2ms]
[2022-06-30T02:13:25.436Z] > git for-each-ref --sort -committerdate --format %(refname) %(objectname) %(*objectname) [25ms]
[2022-06-30T02:13:25.495Z] > git config --get commit.template [2ms]
[2022-06-30T02:13:30.537Z] > git status -z -uall [25ms]
[2022-06-30T02:13:30.552Z] > git symbolic-ref --short HEAD [2ms]
[2022-06-30T02:13:30.592Z] > git for-each-ref --format=%(refname)%00%(upstream:short)%00%(objectname)%00%(upstream:track)%00%(upstream:remotename)%00%(upstream:remoteref) refs/heads/master refs/remotes/master [14ms]
[2022-06-30T02:13:30.616Z] > git for-each-ref --sort -committerdate --format %(refname) %(objectname) %(*objectname) [12ms]
[2022-06-30T02:13:30.617Z] > git remote --verbose [3ms]
[2022-06-30T02:13:30.680Z] > git config --get commit.template [8ms]
[2022-06-30T02:13:35.730Z] > git status -z -uall [28ms]
[2022-06-30T02:13:35.744Z] > git symbolic-ref --short HEAD [2ms]
[2022-06-30T02:13:35.766Z] > git for-each-ref --format=%(refname)%00%(upstream:short)%00%(objectname)%00%(upstream:track)%00%(upstream:remotename)%00%(upstream:remoteref) refs/heads/master refs/remotes/master [3ms]
[2022-06-30T02:13:35.809Z] > git for-each-ref --sort -committerdate --format %(refname) %(objectname) %(*objectname) [25ms]
[2022-06-30T02:13:35.809Z] > git remote --verbose [6ms]
[2022-06-30T02:13:35.871Z] > git config --get commit.template [3ms]
[2022-06-30T02:13:38.661Z] > git check-ignore -v -z --stdin [1ms]
[2022-06-30T02:13:40.924Z] > git status -z -uall [30ms]
[2022-06-30T02:13:40.938Z] > git symbolic-ref --short HEAD [1ms]
[2022-06-30T02:13:40.952Z] > git for-each-ref --format=%(refname)%00%(upstream:short)%00%(objectname)%00%(upstream:track)%00%(upstream:remotename)%00%(upstream:remoteref) refs/heads/master refs/remotes/master [2ms]
[2022-06-30T02:13:40.975Z] > git for-each-ref --sort -committerdate --format %(refname) %(objectname) %(*objectname) [12ms]
[2022-06-30T02:13:40.976Z] > git remote --verbose [2ms]
[2022-06-30T02:13:41.030Z] > git config --get commit.template [10ms]
[2022-06-30T02:13:59.051Z] > git status -z -uall [24ms]
[2022-06-30T02:13:59.066Z] > git symbolic-ref --short HEAD [3ms]
[2022-06-30T02:13:59.082Z] > git for-each-ref --format=%(refname)%00%(upstream:short)%00%(objectname)%00%(upstream:track)%00%(upstream:remotename)%00%(upstream:remoteref) refs/heads/master refs/remotes/master [2ms]
[2022-06-30T02:13:59.115Z] > git remote --verbose [4ms]
[2022-06-30T02:13:59.115Z] > git for-each-ref --sort -committerdate --format %(refname) %(objectname) %(*objectname) [17ms]
[2022-06-30T02:13:59.205Z] > git config --get commit.template [13ms]
[2022-06-30T02:14:04.251Z] > git status -z -uall [32ms]
[2022-06-30T02:14:04.264Z] > git symbolic-ref --short HEAD [2ms]
[2022-06-30T02:14:04.280Z] > git for-each-ref --format=%(refname)%00%(upstream:short)%00%(objectname)%00%(upstream:track)%00%(upstream:remotename)%00%(upstream:remoteref) refs/heads/master refs/remotes/master [3ms]
[2022-06-30T02:14:04.305Z] > git for-each-ref --sort -committerdate --format %(refname) %(objectname) %(*objectname) [15ms]
[2022-06-30T02:14:04.307Z] > git remote --verbose [6ms]
[2022-06-30T02:14:04.408Z] > git config --get commit.template [11ms]
[2022-06-30T02:14:09.446Z] > git status -z -uall [25ms]
[2022-06-30T02:14:09.458Z] > git symbolic-ref --short HEAD [2ms]
[2022-06-30T02:14:09.472Z] > git for-each-ref --format=%(refname)%00%(upstream:short)%00%(objectname)%00%(upstream:track)%00%(upstream:remotename)%00%(upstream:remoteref) refs/heads/master refs/remotes/master [2ms]
[2022-06-30T02:14:09.496Z] > git for-each-ref --sort -committerdate --format %(refname) %(objectname) %(*objectname) [12ms]
[2022-06-30T02:14:09.497Z] > git remote --verbose [3ms]
[2022-06-30T02:14:09.554Z] > git config --get commit.template [3ms]
[2022-06-30T02:14:14.589Z] > git status -z -uall [23ms]
[2022-06-30T02:14:14.615Z] > git symbolic-ref --short HEAD [2ms]
[2022-06-30T02:14:14.634Z] > git for-each-ref --format=%(refname)%00%(upstream:short)%00%(objectname)%00%(upstream:track)%00%(upstream:remotename)%00%(upstream:remoteref) refs/heads/master refs/remotes/master [1ms]
[2022-06-30T02:14:14.663Z] > git for-each-ref --sort -committerdate --format %(refname) %(objectname) %(*objectname) [15ms]
[2022-06-30T02:14:14.664Z] > git remote --verbose [4ms]
[2022-06-30T02:14:14.735Z] > git config --get commit.template [6ms]
[2022-06-30T02:14:19.777Z] > git status -z -uall [30ms]
[2022-06-30T02:14:19.790Z] > git symbolic-ref --short HEAD [2ms]
[2022-06-30T02:14:19.803Z] > git for-each-ref --format=%(refname)%00%(upstream:short)%00%(objectname)%00%(upstream:track)%00%(upstream:remotename)%00%(upstream:remoteref) refs/heads/master refs/remotes/master [2ms]
[2022-06-30T02:14:19.830Z] > git remote --verbose [2ms]
[2022-06-30T02:14:19.831Z] > git for-each-ref --sort -committerdate --format %(refname) %(objectname) %(*objectname) [17ms]
[2022-06-30T02:14:19.878Z] > git config --get commit.template [2ms]
[2022-06-30T02:14:24.933Z] > git status -z -uall [38ms]
[2022-06-30T02:14:24.950Z] > git symbolic-ref --short HEAD [5ms]
[2022-06-30T02:14:24.973Z] > git for-each-ref --format=%(refname)%00%(upstream:short)%00%(objectname)%00%(upstream:track)%00%(upstream:remotename)%00%(upstream:remoteref) refs/heads/master refs/remotes/master [2ms]
[2022-06-30T02:14:25.011Z] > git for-each-ref --sort -committerdate --format %(refname) %(objectname) %(*objectname) [26ms]
[2022-06-30T02:14:25.011Z] > git remote --verbose [3ms]
[2022-06-30T02:14:25.085Z] > git config --get commit.template [1ms]
[2022-06-30T02:14:30.126Z] > git status -z -uall [25ms]
[2022-06-30T02:14:30.140Z] > git symbolic-ref --short HEAD [2ms]
[2022-06-30T02:14:30.154Z] > git for-each-ref --format=%(refname)%00%(upstream:short)%00%(objectname)%00%(upstream:track)%00%(upstream:remotename)%00%(upstream:remoteref) refs/heads/master refs/remotes/master [2ms]
[2022-06-30T02:14:30.182Z] > git remote --verbose [4ms]
[2022-06-30T02:14:30.182Z] > git for-each-ref --sort -committerdate --format %(refname) %(objectname) %(*objectname) [16ms]
[2022-06-30T02:14:30.241Z] > git config --get commit.template [2ms]
[2022-06-30T02:14:35.282Z] > git status -z -uall [26ms]
[2022-06-30T02:14:35.300Z] > git symbolic-ref --short HEAD [4ms]
[2022-06-30T02:14:35.321Z] > git for-each-ref --format=%(refname)%00%(upstream:short)%00%(objectname)%00%(upstream:track)%00%(upstream:remotename)%00%(upstream:remoteref) refs/heads/master refs/remotes/master [5ms]
[2022-06-30T02:14:35.351Z] > git for-each-ref --sort -committerdate --format %(refname) %(objectname) %(*objectname) [16ms]
[2022-06-30T02:14:35.353Z] > git remote --verbose [5ms]
[2022-06-30T02:14:35.464Z] > git config --get commit.template [3ms]
[2022-06-30T02:14:40.500Z] > git status -z -uall [22ms]
[2022-06-30T02:14:40.525Z] > git symbolic-ref --short HEAD [12ms]
[2022-06-30T02:14:40.546Z] > git for-each-ref --format=%(refname)%00%(upstream:short)%00%(objectname)%00%(upstream:track)%00%(upstream:remotename)%00%(upstream:remoteref) refs/heads/master refs/remotes/master [2ms]
[2022-06-30T02:14:40.572Z] > git remote --verbose [2ms]
[2022-06-30T02:14:40.573Z] > git for-each-ref --sort -committerdate --format %(refname) %(objectname) %(*objectname) [15ms]
[2022-06-30T02:14:40.629Z] > git config --get commit.template [2ms]
[2022-06-30T02:14:45.664Z] > git status -z -uall [22ms]
[2022-06-30T02:14:45.677Z] > git symbolic-ref --short HEAD [2ms]
[2022-06-30T02:14:45.690Z] > git for-each-ref --format=%(refname)%00%(upstream:short)%00%(objectname)%00%(upstream:track)%00%(upstream:remotename)%00%(upstream:remoteref) refs/heads/master refs/remotes/master [2ms]
[2022-06-30T02:14:45.715Z] > git for-each-ref --sort -committerdate --format %(refname) %(objectname) %(*objectname) [13ms]
[2022-06-30T02:14:45.716Z] > git remote --verbose [2ms]
[2022-06-30T02:14:45.778Z] > git config --get commit.template [2ms]
[2022-06-30T02:14:50.814Z] > git status -z -uall [24ms]
[2022-06-30T02:14:50.826Z] > git symbolic-ref --short HEAD [1ms]
[2022-06-30T02:14:50.840Z] > git for-each-ref --format=%(refname)%00%(upstream:short)%00%(objectname)%00%(upstream:track)%00%(upstream:remotename)%00%(upstream:remoteref) refs/heads/master refs/remotes/master [3ms]
[2022-06-30T02:14:50.865Z] > git remote --verbose [2ms]
[2022-06-30T02:14:50.866Z] > git for-each-ref --sort -committerdate --format %(refname) %(objectname) %(*objectname) [14ms]
[2022-06-30T02:14:50.914Z] > git config --get commit.template [2ms]
[2022-06-30T02:14:55.947Z] > git status -z -uall [19ms]
[2022-06-30T02:14:55.961Z] > git symbolic-ref --short HEAD [2ms]
[2022-06-30T02:14:55.973Z] > git for-each-ref --format=%(refname)%00%(upstream:short)%00%(objectname)%00%(upstream:track)%00%(upstream:remotename)%00%(upstream:remoteref) refs/heads/master refs/remotes/master [2ms]
[2022-06-30T02:14:55.992Z] > git for-each-ref --sort -committerdate --format %(refname) %(objectname) %(*objectname) [10ms]
[2022-06-30T02:14:55.993Z] > git remote --verbose [2ms]
[2022-06-30T02:14:56.039Z] > git config --get commit.template [1ms]
[2022-06-30T02:15:01.087Z] > git status -z -uall [24ms]
[2022-06-30T02:15:01.102Z] > git symbolic-ref --short HEAD [3ms]
[2022-06-30T02:15:01.115Z] > git for-each-ref --format=%(refname)%00%(upstream:short)%00%(objectname)%00%(upstream:track)%00%(upstream:remotename)%00%(upstream:remoteref) refs/heads/master refs/remotes/master [2ms]
[2022-06-30T02:15:01.141Z] > git for-each-ref --sort -committerdate --format %(refname) %(objectname) %(*objectname) [15ms]
[2022-06-30T02:15:01.143Z] > git remote --verbose [6ms]
[2022-06-30T02:15:01.233Z] > git config --get commit.template [12ms]
[2022-06-30T02:15:06.268Z] > git status -z -uall [23ms]
[2022-06-30T02:15:06.280Z] > git symbolic-ref --short HEAD [2ms]
[2022-06-30T02:15:06.293Z] > git for-each-ref --format=%(refname)%00%(upstream:short)%00%(objectname)%00%(upstream:track)%00%(upstream:remotename)%00%(upstream:remoteref) refs/heads/master refs/remotes/master [2ms]
[2022-06-30T02:15:06.316Z] > git for-each-ref --sort -committerdate --format %(refname) %(objectname) %(*objectname) [12ms]
[2022-06-30T02:15:06.317Z] > git remote --verbose [2ms]
[2022-06-30T02:15:06.367Z] > git config --get commit.template [2ms]
[2022-06-30T02:15:11.410Z] > git status -z -uall [28ms]
[2022-06-30T02:15:11.427Z] > git symbolic-ref --short HEAD [3ms]
[2022-06-30T02:15:11.444Z] > git for-each-ref --format=%(refname)%00%(upstream:short)%00%(objectname)%00%(upstream:track)%00%(upstream:remotename)%00%(upstream:remoteref) refs/heads/master refs/remotes/master [5ms]
[2022-06-30T02:15:11.473Z] > git remote --verbose [4ms]
[2022-06-30T02:15:11.473Z] > git for-each-ref --sort -committerdate --format %(refname) %(objectname) %(*objectname) [17ms]
[2022-06-30T02:15:11.580Z] > git config --get commit.template [3ms]
[2022-06-30T02:15:16.632Z] > git status -z -uall [37ms]
[2022-06-30T02:15:16.651Z] > git symbolic-ref --short HEAD [2ms]
[2022-06-30T02:15:16.666Z] > git for-each-ref --format=%(refname)%00%(upstream:short)%00%(objectname)%00%(upstream:track)%00%(upstream:remotename)%00%(upstream:remoteref) refs/heads/master refs/remotes/master [1ms]
[2022-06-30T02:15:16.691Z] > git for-each-ref --sort -committerdate --format %(refname) %(objectname) %(*objectname) [11ms]
[2022-06-30T02:15:16.692Z] > git remote --verbose [2ms]
[2022-06-30T02:15:16.742Z] > git config --get commit.template [2ms]
[2022-06-30T02:15:21.789Z] > git status -z -uall [34ms]
[2022-06-30T02:15:21.808Z] > git symbolic-ref --short HEAD [6ms]
[2022-06-30T02:15:21.824Z] > git for-each-ref --format=%(refname)%00%(upstream:short)%00%(objectname)%00%(upstream:track)%00%(upstream:remotename)%00%(upstream:remoteref) refs/heads/master refs/remotes/master [3ms]
[2022-06-30T02:15:21.860Z] > git remote --verbose [13ms]
[2022-06-30T02:15:21.860Z] > git for-each-ref --sort -committerdate --format %(refname) %(objectname) %(*objectname) [25ms]
[2022-06-30T02:15:21.941Z] > git config --get commit.template [4ms]
[2022-06-30T02:15:26.976Z] > git status -z -uall [22ms]
[2022-06-30T02:15:26.988Z] > git symbolic-ref --short HEAD [2ms]
[2022-06-30T02:15:27.000Z] > git for-each-ref --format=%(refname)%00%(upstream:short)%00%(objectname)%00%(upstream:track)%00%(upstream:remotename)%00%(upstream:remoteref) refs/heads/master refs/remotes/master [2ms]
[2022-06-30T02:15:27.031Z] > git for-each-ref --sort -committerdate --format %(refname) %(objectname) %(*objectname) [12ms]
[2022-06-30T02:15:27.032Z] > git remote --verbose [2ms]
[2022-06-30T02:15:27.085Z] > git config --get commit.template [1ms]
[2022-06-30T02:15:32.124Z] > git status -z -uall [24ms]
[2022-06-30T02:15:32.140Z] > git symbolic-ref --short HEAD [3ms]
[2022-06-30T02:15:32.156Z] > git for-each-ref --format=%(refname)%00%(upstream:short)%00%(objectname)%00%(upstream:track)%00%(upstream:remotename)%00%(upstream:remoteref) refs/heads/master refs/remotes/master [4ms]
[2022-06-30T02:15:32.184Z] > git for-each-ref --sort -committerdate --format %(refname) %(objectname) %(*objectname) [16ms]
[2022-06-30T02:15:32.187Z] > git remote --verbose [6ms]
[2022-06-30T02:15:32.289Z] > git config --get commit.template [6ms]
[2022-06-30T02:15:37.328Z] > git status -z -uall [23ms]
[2022-06-30T02:15:37.342Z] > git symbolic-ref --short HEAD [2ms]
[2022-06-30T02:15:37.356Z] > git for-each-ref --format=%(refname)%00%(upstream:short)%00%(objectname)%00%(upstream:track)%00%(upstream:remotename)%00%(upstream:remoteref) refs/heads/master refs/remotes/master [2ms]
[2022-06-30T02:15:37.380Z] > git remote --verbose [2ms]
[2022-06-30T02:15:37.380Z] > git for-each-ref --sort -committerdate --format %(refname) %(objectname) %(*objectname) [12ms]
[2022-06-30T02:15:37.433Z] > git config --get commit.template [3ms]
[2022-06-30T02:15:42.473Z] > git status -z -uall [23ms]
[2022-06-30T02:15:42.489Z] > git symbolic-ref --short HEAD [3ms]
[2022-06-30T02:15:42.503Z] > git for-each-ref --format=%(refname)%00%(upstream:short)%00%(objectname)%00%(upstream:track)%00%(upstream:remotename)%00%(upstream:remoteref) refs/heads/master refs/remotes/master [2ms]
[2022-06-30T02:15:42.528Z] > git for-each-ref --sort -committerdate --format %(refname) %(objectname) %(*objectname) [12ms]
[2022-06-30T02:15:42.529Z] > git remote --verbose [2ms]
[2022-06-30T02:15:42.602Z] > git config --get commit.template [22ms]
[2022-06-30T02:15:47.642Z] > git status -z -uall [27ms]
[2022-06-30T02:15:47.655Z] > git symbolic-ref --short HEAD [3ms]
[2022-06-30T02:15:47.670Z] > git for-each-ref --format=%(refname)%00%(upstream:short)%00%(objectname)%00%(upstream:track)%00%(upstream:remotename)%00%(upstream:remoteref) refs/heads/master refs/remotes/master [1ms]
[2022-06-30T02:15:47.695Z] > git for-each-ref --sort -committerdate --format %(refname) %(objectname) %(*objectname) [13ms]
[2022-06-30T02:15:47.697Z] > git remote --verbose [4ms]
[2022-06-30T02:15:47.768Z] > git config --get commit.template [2ms]
[2022-06-30T02:15:52.808Z] > git status -z -uall [27ms]
[2022-06-30T02:15:52.826Z] > git symbolic-ref --short HEAD [4ms]
[2022-06-30T02:15:52.845Z] > git for-each-ref --format=%(refname)%00%(upstream:short)%00%(objectname)%00%(upstream:track)%00%(upstream:remotename)%00%(upstream:remoteref) refs/heads/master refs/remotes/master [2ms]
[2022-06-30T02:15:52.881Z] > git for-each-ref --sort -committerdate --format %(refname) %(objectname) %(*objectname) [13ms]
[2022-06-30T02:15:52.882Z] > git remote --verbose [3ms]
[2022-06-30T02:15:52.951Z] > git config --get commit.template [2ms]
[2022-06-30T02:16:25.983Z] > git status -z -uall [44ms]
[2022-06-30T02:16:26.011Z] > git symbolic-ref --short HEAD [5ms]
[2022-06-30T02:16:26.028Z] > git for-each-ref --format=%(refname)%00%(upstream:short)%00%(objectname)%00%(upstream:track)%00%(upstream:remotename)%00%(upstream:remoteref) refs/heads/master refs/remotes/master [1ms]
[2022-06-30T02:16:26.058Z] > git for-each-ref --sort -committerdate --format %(refname) %(objectname) %(*objectname) [17ms]
[2022-06-30T02:16:26.060Z] > git remote --verbose [3ms]
[2022-06-30T02:16:26.120Z] > git config --get commit.template [8ms]
[2022-06-30T02:16:31.155Z] > git status -z -uall [22ms]
[2022-06-30T02:16:31.170Z] > git symbolic-ref --short HEAD [1ms]
[2022-06-30T02:16:31.184Z] > git for-each-ref --format=%(refname)%00%(upstream:short)%00%(objectname)%00%(upstream:track)%00%(upstream:remotename)%00%(upstream:remoteref) refs/heads/master refs/remotes/master [2ms]
[2022-06-30T02:16:31.210Z] > git remote --verbose [1ms]
[2022-06-30T02:16:31.211Z] > git for-each-ref --sort -committerdate --format %(refname) %(objectname) %(*objectname) [16ms]
[2022-06-30T02:16:31.276Z] > git config --get commit.template [7ms]
[2022-06-30T02:16:36.317Z] > git status -z -uall [25ms]
[2022-06-30T02:16:36.330Z] > git symbolic-ref --short HEAD [2ms]
[2022-06-30T02:16:36.344Z] > git for-each-ref --format=%(refname)%00%(upstream:short)%00%(objectname)%00%(upstream:track)%00%(upstream:remotename)%00%(upstream:remoteref) refs/heads/master refs/remotes/master [2ms]
[2022-06-30T02:16:36.367Z] > git for-each-ref --sort -committerdate --format %(refname) %(objectname) %(*objectname) [13ms]
[2022-06-30T02:16:36.368Z] > git remote --verbose [3ms]
[2022-06-30T02:16:36.424Z] > git config --get commit.template [2ms]
[2022-06-30T02:16:41.466Z] > git status -z -uall [29ms]
[2022-06-30T02:16:41.484Z] > git symbolic-ref --short HEAD [3ms]
[2022-06-30T02:16:41.505Z] > git for-each-ref --format=%(refname)%00%(upstream:short)%00%(objectname)%00%(upstream:track)%00%(upstream:remotename)%00%(upstream:remoteref) refs/heads/master refs/remotes/master [4ms]
[2022-06-30T02:16:41.533Z] > git for-each-ref --sort -committerdate --format %(refname) %(objectname) %(*objectname) [15ms]
[2022-06-30T02:16:41.535Z] > git remote --verbose [5ms]
[2022-06-30T02:16:41.627Z] > git config --get commit.template [5ms]
