[2022-06-27T17:14:46.960Z] Log level: Info
[2022-06-27T17:14:46.964Z] [info] Validating found git in: git
[2022-06-27T17:14:47.033Z] [info] Using git 2.25.1 from git
[2022-06-27T17:14:47.148Z] > git rev-parse --show-toplevel [81ms]
[2022-06-27T17:14:47.148Z] fatal: not a git repository (or any of the parent directories): .git
[2022-06-27T17:14:47.173Z] > git rev-parse --show-toplevel [2ms]
[2022-06-27T17:14:47.173Z] fatal: not a git repository (or any of the parent directories): .git
[2022-06-27T17:14:47.189Z] > git rev-parse --show-toplevel [2ms]
[2022-06-27T17:14:47.189Z] fatal: not a git repository (or any of the parent directories): .git
[2022-06-27T17:14:47.202Z] > git rev-parse --show-toplevel [3ms]
[2022-06-27T17:14:47.202Z] fatal: not a git repository (or any of the parent directories): .git
[2022-06-27T17:14:47.222Z] > git rev-parse --show-toplevel [2ms]
[2022-06-27T17:14:47.222Z] fatal: not a git repository (or any of the parent directories): .git
[2022-06-27T17:14:47.255Z] > git rev-parse --show-toplevel [18ms]
[2022-06-27T17:14:47.273Z] > git rev-parse --git-dir --git-common-dir [2ms]
[2022-06-27T17:14:47.293Z] [info] Open repository: /home/fred/aipc
[2022-06-27T17:14:47.348Z] > git status -z -uall [31ms]
[2022-06-27T17:14:47.360Z] > git symbolic-ref --short HEAD [2ms]
[2022-06-27T17:14:47.400Z] > git for-each-ref --format=%(refname)%00%(upstream:short)%00%(objectname)%00%(upstream:track)%00%(upstream:remotename)%00%(upstream:remoteref) refs/heads/main refs/remotes/main [24ms]
[2022-06-27T17:14:47.421Z] > git for-each-ref --sort -committerdate --format %(refname) %(objectname) %(*objectname) [11ms]
[2022-06-27T17:14:47.423Z] > git remote --verbose [5ms]
[2022-06-27T17:14:47.452Z] > git config --get commit.template [16ms]
[2022-06-27T17:14:47.844Z] > git check-ignore -v -z --stdin [2ms]
