[2022-06-28T17:07:28.101Z] Log level: Info
[2022-06-28T17:07:28.104Z] [info] Validating found git in: git
[2022-06-28T17:07:28.161Z] [info] Using git 2.25.1 from git
[2022-06-28T17:07:28.237Z] > git rev-parse --show-toplevel [49ms]
[2022-06-28T17:07:28.286Z] > git rev-parse --git-dir --git-common-dir [35ms]
[2022-06-28T17:07:28.298Z] [info] Open repository: /home/fred
[2022-06-28T17:07:28.352Z] > git status -z -uall [40ms]
[2022-06-28T17:07:28.365Z] > git symbolic-ref --short HEAD [3ms]
[2022-06-28T17:07:28.377Z] > git for-each-ref --format=%(refname)%00%(upstream:short)%00%(objectname)%00%(upstream:track)%00%(upstream:remotename)%00%(upstream:remoteref) refs/heads/master refs/remotes/master [2ms]
[2022-06-28T17:07:28.406Z] > git remote --verbose [6ms]
[2022-06-28T17:07:28.406Z] > git for-each-ref --sort -committerdate --format %(refname) %(objectname) %(*objectname) [20ms]
[2022-06-28T17:07:28.516Z] > git config --get commit.template [2ms]
[2022-06-28T17:07:30.363Z] > git check-ignore -v -z --stdin [2ms]
[2022-06-28T17:07:31.041Z] > git show --textconv :workshop01/task2/variables.tf [36ms]
[2022-06-28T17:07:31.046Z] > git ls-files --stage -- /home/fred/workshop01/task2/variables.tf [7ms]
[2022-06-28T17:07:31.972Z] > git status -z -uall [18ms]
[2022-06-28T17:07:31.985Z] > git symbolic-ref --short HEAD [2ms]
[2022-06-28T17:07:32.004Z] > git for-each-ref --format=%(refname)%00%(upstream:short)%00%(objectname)%00%(upstream:track)%00%(upstream:remotename)%00%(upstream:remoteref) refs/heads/master refs/remotes/master [1ms]
[2022-06-28T17:07:32.036Z] > git remote --verbose [3ms]
[2022-06-28T17:07:32.036Z] > git for-each-ref --sort -committerdate --format %(refname) %(objectname) %(*objectname) [22ms]
[2022-06-28T17:07:32.142Z] > git config --get commit.template [3ms]
[2022-06-28T17:07:37.183Z] > git status -z -uall [25ms]
[2022-06-28T17:07:37.198Z] > git symbolic-ref --short HEAD [2ms]
[2022-06-28T17:07:37.211Z] > git for-each-ref --format=%(refname)%00%(upstream:short)%00%(objectname)%00%(upstream:track)%00%(upstream:remotename)%00%(upstream:remoteref) refs/heads/master refs/remotes/master [2ms]
[2022-06-28T17:07:37.236Z] > git remote --verbose [3ms]
[2022-06-28T17:07:37.237Z] > git for-each-ref --sort -committerdate --format %(refname) %(objectname) %(*objectname) [14ms]
[2022-06-28T17:07:37.305Z] > git config --get commit.template [2ms]
[2022-06-28T17:07:39.281Z] > git show --textconv :workshop01/task2/container-names.txt [12ms]
[2022-06-28T17:07:39.283Z] > git ls-files --stage -- /home/fred/workshop01/task2/container-names.txt [3ms]
[2022-06-28T17:07:42.337Z] > git status -z -uall [19ms]
[2022-06-28T17:07:42.350Z] > git symbolic-ref --short HEAD [2ms]
[2022-06-28T17:07:42.375Z] > git for-each-ref --format=%(refname)%00%(upstream:short)%00%(objectname)%00%(upstream:track)%00%(upstream:remotename)%00%(upstream:remoteref) refs/heads/master refs/remotes/master [2ms]
[2022-06-28T17:07:42.404Z] > git for-each-ref --sort -committerdate --format %(refname) %(objectname) %(*objectname) [12ms]
[2022-06-28T17:07:42.406Z] > git remote --verbose [3ms]
[2022-06-28T17:07:42.472Z] > git config --get commit.template [2ms]
[2022-06-28T17:07:44.443Z] > git show --textconv :workshop01/task2/digitalocean-ts.pub [13ms]
[2022-06-28T17:07:44.444Z] > git ls-files --stage -- /home/fred/workshop01/task2/digitalocean-ts.pub [2ms]
[2022-06-28T17:07:47.508Z] > git status -z -uall [22ms]
[2022-06-28T17:07:47.522Z] > git symbolic-ref --short HEAD [2ms]
[2022-06-28T17:07:47.542Z] > git for-each-ref --format=%(refname)%00%(upstream:short)%00%(objectname)%00%(upstream:track)%00%(upstream:remotename)%00%(upstream:remoteref) refs/heads/master refs/remotes/master [3ms]
[2022-06-28T17:07:47.570Z] > git for-each-ref --sort -committerdate --format %(refname) %(objectname) %(*objectname) [15ms]
[2022-06-28T17:07:47.571Z] > git remote --verbose [3ms]
[2022-06-28T17:07:47.633Z] > git config --get commit.template [9ms]
[2022-06-28T17:07:49.690Z] > git show --textconv :workshop01/task2/provider.tf [14ms]
[2022-06-28T17:07:49.692Z] > git ls-files --stage -- /home/fred/workshop01/task2/provider.tf [4ms]
[2022-06-28T17:07:50.130Z] > git show --textconv :workshop01/task2/resources.tf [12ms]
[2022-06-28T17:07:50.148Z] > git ls-files --stage -- /home/fred/workshop01/task2/resources.tf [20ms]
[2022-06-28T17:07:52.666Z] > git status -z -uall [19ms]
[2022-06-28T17:07:52.683Z] > git symbolic-ref --short HEAD [1ms]
[2022-06-28T17:07:52.698Z] > git for-each-ref --format=%(refname)%00%(upstream:short)%00%(objectname)%00%(upstream:track)%00%(upstream:remotename)%00%(upstream:remoteref) refs/heads/master refs/remotes/master [2ms]
[2022-06-28T17:07:52.724Z] > git for-each-ref --sort -committerdate --format %(refname) %(objectname) %(*objectname) [13ms]
[2022-06-28T17:07:52.725Z] > git remote --verbose [3ms]
[2022-06-28T17:07:52.787Z] > git config --get commit.template [2ms]
[2022-06-28T17:07:57.843Z] > git status -z -uall [21ms]
[2022-06-28T17:07:57.862Z] > git symbolic-ref --short HEAD [2ms]
[2022-06-28T17:07:57.875Z] > git for-each-ref --format=%(refname)%00%(upstream:short)%00%(objectname)%00%(upstream:track)%00%(upstream:remotename)%00%(upstream:remoteref) refs/heads/master refs/remotes/master [4ms]
[2022-06-28T17:07:57.898Z] > git remote --verbose [2ms]
[2022-06-28T17:07:57.898Z] > git for-each-ref --sort -committerdate --format %(refname) %(objectname) %(*objectname) [12ms]
[2022-06-28T17:07:57.944Z] > git config --get commit.template [1ms]
[2022-06-28T17:08:03.010Z] > git status -z -uall [48ms]
[2022-06-28T17:08:03.025Z] > git symbolic-ref --short HEAD [2ms]
[2022-06-28T17:08:03.040Z] > git for-each-ref --format=%(refname)%00%(upstream:short)%00%(objectname)%00%(upstream:track)%00%(upstream:remotename)%00%(upstream:remoteref) refs/heads/master refs/remotes/master [2ms]
[2022-06-28T17:08:03.064Z] > git for-each-ref --sort -committerdate --format %(refname) %(objectname) %(*objectname) [13ms]
[2022-06-28T17:08:03.065Z] > git remote --verbose [3ms]
[2022-06-28T17:08:03.154Z] > git config --get commit.template [3ms]
[2022-06-28T17:08:08.198Z] > git status -z -uall [30ms]
[2022-06-28T17:08:08.217Z] > git symbolic-ref --short HEAD [5ms]
[2022-06-28T17:08:08.232Z] > git for-each-ref --format=%(refname)%00%(upstream:short)%00%(objectname)%00%(upstream:track)%00%(upstream:remotename)%00%(upstream:remoteref) refs/heads/master refs/remotes/master [4ms]
[2022-06-28T17:08:08.264Z] > git remote --verbose [5ms]
[2022-06-28T17:08:08.265Z] > git for-each-ref --sort -committerdate --format %(refname) %(objectname) %(*objectname) [18ms]
[2022-06-28T17:08:08.372Z] > git config --get commit.template [12ms]
[2022-06-28T17:08:12.812Z] > git show --textconv :workshop01/task2/variables.tf [28ms]
[2022-06-28T17:08:12.815Z] > git ls-files --stage -- /home/fred/workshop01/task2/variables.tf [5ms]
[2022-06-28T17:08:13.414Z] > git status -z -uall [24ms]
[2022-06-28T17:08:13.432Z] > git symbolic-ref --short HEAD [3ms]
[2022-06-28T17:08:13.445Z] > git for-each-ref --format=%(refname)%00%(upstream:short)%00%(objectname)%00%(upstream:track)%00%(upstream:remotename)%00%(upstream:remoteref) refs/heads/master refs/remotes/master [2ms]
[2022-06-28T17:08:13.487Z] > git for-each-ref --sort -committerdate --format %(refname) %(objectname) %(*objectname) [20ms]
[2022-06-28T17:08:13.488Z] > git remote --verbose [11ms]
[2022-06-28T17:08:13.550Z] > git config --get commit.template [10ms]
[2022-06-28T17:08:18.602Z] > git status -z -uall [36ms]
[2022-06-28T17:08:18.620Z] > git symbolic-ref --short HEAD [2ms]
[2022-06-28T17:08:18.636Z] > git for-each-ref --format=%(refname)%00%(upstream:short)%00%(objectname)%00%(upstream:track)%00%(upstream:remotename)%00%(upstream:remoteref) refs/heads/master refs/remotes/master [4ms]
[2022-06-28T17:08:18.666Z] > git remote --verbose [2ms]
[2022-06-28T17:08:18.667Z] > git for-each-ref --sort -committerdate --format %(refname) %(objectname) %(*objectname) [20ms]
[2022-06-28T17:08:18.743Z] > git config --get commit.template [1ms]
[2022-06-28T17:08:20.710Z] > git show --textconv :workshop01/task2/provider.tf [16ms]
[2022-06-28T17:08:20.712Z] > git ls-files --stage -- /home/fred/workshop01/task2/provider.tf [4ms]
[2022-06-28T17:08:23.782Z] > git status -z -uall [26ms]
[2022-06-28T17:08:23.798Z] > git symbolic-ref --short HEAD [3ms]
[2022-06-28T17:08:23.819Z] > git for-each-ref --format=%(refname)%00%(upstream:short)%00%(objectname)%00%(upstream:track)%00%(upstream:remotename)%00%(upstream:remoteref) refs/heads/master refs/remotes/master [2ms]
[2022-06-28T17:08:23.843Z] > git remote --verbose [2ms]
[2022-06-28T17:08:23.844Z] > git for-each-ref --sort -committerdate --format %(refname) %(objectname) %(*objectname) [14ms]
[2022-06-28T17:08:23.899Z] > git config --get commit.template [2ms]
[2022-06-28T17:08:28.939Z] > git status -z -uall [23ms]
[2022-06-28T17:08:28.960Z] > git symbolic-ref --short HEAD [2ms]
[2022-06-28T17:08:28.974Z] > git for-each-ref --format=%(refname)%00%(upstream:short)%00%(objectname)%00%(upstream:track)%00%(upstream:remotename)%00%(upstream:remoteref) refs/heads/master refs/remotes/master [2ms]
[2022-06-28T17:08:28.997Z] > git for-each-ref --sort -committerdate --format %(refname) %(objectname) %(*objectname) [12ms]
[2022-06-28T17:08:28.998Z] > git remote --verbose [3ms]
[2022-06-28T17:08:29.065Z] > git config --get commit.template [3ms]
[2022-06-28T17:08:34.108Z] > git status -z -uall [29ms]
[2022-06-28T17:08:34.122Z] > git symbolic-ref --short HEAD [2ms]
[2022-06-28T17:08:34.135Z] > git for-each-ref --format=%(refname)%00%(upstream:short)%00%(objectname)%00%(upstream:track)%00%(upstream:remotename)%00%(upstream:remoteref) refs/heads/master refs/remotes/master [2ms]
[2022-06-28T17:08:34.156Z] > git for-each-ref --sort -committerdate --format %(refname) %(objectname) %(*objectname) [11ms]
[2022-06-28T17:08:34.158Z] > git remote --verbose [4ms]
[2022-06-28T17:08:34.222Z] > git config --get commit.template [14ms]
[2022-06-28T17:08:37.926Z] > git show --textconv :workshop01/task2/digitalocean-ts.pub [12ms]
[2022-06-28T17:08:37.928Z] > git ls-files --stage -- /home/fred/workshop01/task2/digitalocean-ts.pub [3ms]
[2022-06-28T17:08:39.263Z] > git show --textconv :workshop01/task2/container-names.txt [26ms]
[2022-06-28T17:08:39.264Z] > git ls-files --stage -- /home/fred/workshop01/task2/container-names.txt [15ms]
[2022-06-28T17:08:39.284Z] > git status -z -uall [22ms]
[2022-06-28T17:08:39.300Z] > git symbolic-ref --short HEAD [2ms]
[2022-06-28T17:08:39.312Z] > git for-each-ref --format=%(refname)%00%(upstream:short)%00%(objectname)%00%(upstream:track)%00%(upstream:remotename)%00%(upstream:remoteref) refs/heads/master refs/remotes/master [2ms]
[2022-06-28T17:08:39.337Z] > git remote --verbose [2ms]
[2022-06-28T17:08:39.338Z] > git for-each-ref --sort -committerdate --format %(refname) %(objectname) %(*objectname) [15ms]
[2022-06-28T17:08:39.442Z] > git config --get commit.template [5ms]
[2022-06-28T17:08:44.490Z] > git status -z -uall [24ms]
[2022-06-28T17:08:44.504Z] > git symbolic-ref --short HEAD [2ms]
[2022-06-28T17:08:44.518Z] > git for-each-ref --format=%(refname)%00%(upstream:short)%00%(objectname)%00%(upstream:track)%00%(upstream:remotename)%00%(upstream:remoteref) refs/heads/master refs/remotes/master [0ms]
[2022-06-28T17:08:44.548Z] > git for-each-ref --sort -committerdate --format %(refname) %(objectname) %(*objectname) [17ms]
[2022-06-28T17:08:44.549Z] > git remote --verbose [2ms]
[2022-06-28T17:08:44.612Z] > git config --get commit.template [3ms]
[2022-06-28T17:08:46.404Z] > git show --textconv :workshop01/task2/resources.tf [14ms]
[2022-06-28T17:08:46.407Z] > git ls-files --stage -- /home/fred/workshop01/task2/resources.tf [4ms]
[2022-06-28T17:08:49.658Z] > git status -z -uall [26ms]
[2022-06-28T17:08:49.671Z] > git symbolic-ref --short HEAD [2ms]
[2022-06-28T17:08:49.687Z] > git for-each-ref --format=%(refname)%00%(upstream:short)%00%(objectname)%00%(upstream:track)%00%(upstream:remotename)%00%(upstream:remoteref) refs/heads/master refs/remotes/master [4ms]
[2022-06-28T17:08:49.723Z] > git remote --verbose [3ms]
[2022-06-28T17:08:49.723Z] > git for-each-ref --sort -committerdate --format %(refname) %(objectname) %(*objectname) [15ms]
[2022-06-28T17:08:49.777Z] > git config --get commit.template [7ms]
[2022-06-28T17:08:54.815Z] > git status -z -uall [17ms]
[2022-06-28T17:08:54.834Z] > git symbolic-ref --short HEAD [3ms]
[2022-06-28T17:08:54.849Z] > git for-each-ref --format=%(refname)%00%(upstream:short)%00%(objectname)%00%(upstream:track)%00%(upstream:remotename)%00%(upstream:remoteref) refs/heads/master refs/remotes/master [2ms]
[2022-06-28T17:08:54.876Z] > git for-each-ref --sort -committerdate --format %(refname) %(objectname) %(*objectname) [12ms]
[2022-06-28T17:08:54.876Z] > git remote --verbose [2ms]
[2022-06-28T17:08:54.931Z] > git config --get commit.template [2ms]
[2022-06-28T17:08:59.970Z] > git status -z -uall [27ms]
[2022-06-28T17:08:59.985Z] > git symbolic-ref --short HEAD [2ms]
[2022-06-28T17:09:00.027Z] > git for-each-ref --format=%(refname)%00%(upstream:short)%00%(objectname)%00%(upstream:track)%00%(upstream:remotename)%00%(upstream:remoteref) refs/heads/master refs/remotes/master [1ms]
[2022-06-28T17:09:00.058Z] > git for-each-ref --sort -committerdate --format %(refname) %(objectname) %(*objectname) [19ms]
[2022-06-28T17:09:00.059Z] > git remote --verbose [5ms]
[2022-06-28T17:09:00.141Z] > git config --get commit.template [5ms]
[2022-06-28T17:10:30.481Z] > git status -z -uall [29ms]
[2022-06-28T17:10:30.499Z] > git symbolic-ref --short HEAD [2ms]
[2022-06-28T17:10:30.513Z] > git for-each-ref --format=%(refname)%00%(upstream:short)%00%(objectname)%00%(upstream:track)%00%(upstream:remotename)%00%(upstream:remoteref) refs/heads/master refs/remotes/master [0ms]
[2022-06-28T17:10:30.538Z] > git remote --verbose [3ms]
[2022-06-28T17:10:30.539Z] > git for-each-ref --sort -committerdate --format %(refname) %(objectname) %(*objectname) [16ms]
[2022-06-28T17:10:30.609Z] > git config --get commit.template [5ms]
[2022-06-28T17:10:35.651Z] > git status -z -uall [29ms]
[2022-06-28T17:10:35.664Z] > git symbolic-ref --short HEAD [2ms]
[2022-06-28T17:10:35.687Z] > git for-each-ref --format=%(refname)%00%(upstream:short)%00%(objectname)%00%(upstream:track)%00%(upstream:remotename)%00%(upstream:remoteref) refs/heads/master refs/remotes/master [3ms]
[2022-06-28T17:10:35.717Z] > git remote --verbose [2ms]
[2022-06-28T17:10:35.718Z] > git for-each-ref --sort -committerdate --format %(refname) %(objectname) %(*objectname) [15ms]
[2022-06-28T17:10:35.802Z] > git config --get commit.template [9ms]
[2022-06-28T17:10:37.602Z] > git show --textconv :workshop01/task2/variables.tf [15ms]
[2022-06-28T17:10:37.604Z] > git ls-files --stage -- /home/fred/workshop01/task2/variables.tf [4ms]
[2022-06-28T17:10:40.004Z] > git show --textconv :workshop01/task2/resources.tf [15ms]
[2022-06-28T17:10:40.005Z] > git ls-files --stage -- /home/fred/workshop01/task2/resources.tf [3ms]
[2022-06-28T17:10:40.886Z] > git status -z -uall [45ms]
[2022-06-28T17:10:40.915Z] > git symbolic-ref --short HEAD [1ms]
[2022-06-28T17:10:40.933Z] > git for-each-ref --format=%(refname)%00%(upstream:short)%00%(objectname)%00%(upstream:track)%00%(upstream:remotename)%00%(upstream:remoteref) refs/heads/master refs/remotes/master [2ms]
[2022-06-28T17:10:40.960Z] > git for-each-ref --sort -committerdate --format %(refname) %(objectname) %(*objectname) [14ms]
[2022-06-28T17:10:40.963Z] > git remote --verbose [4ms]
[2022-06-28T17:10:41.027Z] > git config --get commit.template [9ms]
[2022-06-28T17:10:46.091Z] > git status -z -uall [51ms]
[2022-06-28T17:10:46.106Z] > git symbolic-ref --short HEAD [3ms]
[2022-06-28T17:10:46.123Z] > git for-each-ref --format=%(refname)%00%(upstream:short)%00%(objectname)%00%(upstream:track)%00%(upstream:remotename)%00%(upstream:remoteref) refs/heads/master refs/remotes/master [3ms]
[2022-06-28T17:10:46.154Z] > git for-each-ref --sort -committerdate --format %(refname) %(objectname) %(*objectname) [16ms]
[2022-06-28T17:10:46.156Z] > git remote --verbose [4ms]
[2022-06-28T17:10:46.218Z] > git config --get commit.template [3ms]
[2022-06-28T17:10:51.270Z] > git status -z -uall [37ms]
[2022-06-28T17:10:51.284Z] > git symbolic-ref --short HEAD [2ms]
[2022-06-28T17:10:51.299Z] > git for-each-ref --format=%(refname)%00%(upstream:short)%00%(objectname)%00%(upstream:track)%00%(upstream:remotename)%00%(upstream:remoteref) refs/heads/master refs/remotes/master [3ms]
[2022-06-28T17:10:51.326Z] > git for-each-ref --sort -committerdate --format %(refname) %(objectname) %(*objectname) [14ms]
[2022-06-28T17:10:51.326Z] > git remote --verbose [2ms]
[2022-06-28T17:10:51.394Z] > git config --get commit.template [1ms]
[2022-06-28T17:10:56.430Z] > git status -z -uall [24ms]
[2022-06-28T17:10:56.452Z] > git symbolic-ref --short HEAD [2ms]
[2022-06-28T17:10:56.465Z] > git for-each-ref --format=%(refname)%00%(upstream:short)%00%(objectname)%00%(upstream:track)%00%(upstream:remotename)%00%(upstream:remoteref) refs/heads/master refs/remotes/master [1ms]
[2022-06-28T17:10:56.492Z] > git for-each-ref --sort -committerdate --format %(refname) %(objectname) %(*objectname) [11ms]
[2022-06-28T17:10:56.493Z] > git remote --verbose [3ms]
[2022-06-28T17:10:56.544Z] > git config --get commit.template [2ms]
[2022-06-28T17:11:01.586Z] > git status -z -uall [26ms]
[2022-06-28T17:11:01.603Z] > git symbolic-ref --short HEAD [3ms]
[2022-06-28T17:11:01.620Z] > git for-each-ref --format=%(refname)%00%(upstream:short)%00%(objectname)%00%(upstream:track)%00%(upstream:remotename)%00%(upstream:remoteref) refs/heads/master refs/remotes/master [4ms]
[2022-06-28T17:11:01.656Z] > git for-each-ref --sort -committerdate --format %(refname) %(objectname) %(*objectname) [22ms]
[2022-06-28T17:11:01.658Z] > git remote --verbose [5ms]
[2022-06-28T17:11:01.767Z] > git config --get commit.template [7ms]
[2022-06-28T17:11:06.806Z] > git status -z -uall [25ms]
[2022-06-28T17:11:06.822Z] > git symbolic-ref --short HEAD [1ms]
[2022-06-28T17:11:06.834Z] > git for-each-ref --format=%(refname)%00%(upstream:short)%00%(objectname)%00%(upstream:track)%00%(upstream:remotename)%00%(upstream:remoteref) refs/heads/master refs/remotes/master [1ms]
[2022-06-28T17:11:06.858Z] > git for-each-ref --sort -committerdate --format %(refname) %(objectname) %(*objectname) [12ms]
[2022-06-28T17:11:06.861Z] > git remote --verbose [4ms]
[2022-06-28T17:11:06.919Z] > git config --get commit.template [2ms]
[2022-06-28T17:11:10.661Z] > git check-ignore -v -z --stdin [11ms]
[2022-06-28T17:11:11.963Z] > git status -z -uall [30ms]
[2022-06-28T17:11:11.977Z] > git symbolic-ref --short HEAD [1ms]
[2022-06-28T17:11:11.994Z] > git for-each-ref --format=%(refname)%00%(upstream:short)%00%(objectname)%00%(upstream:track)%00%(upstream:remotename)%00%(upstream:remoteref) refs/heads/master refs/remotes/master [3ms]
[2022-06-28T17:11:12.041Z] > git remote --verbose [5ms]
[2022-06-28T17:11:12.043Z] > git for-each-ref --sort -committerdate --format %(refname) %(objectname) %(*objectname) [25ms]
[2022-06-28T17:11:12.109Z] > git config --get commit.template [5ms]
[2022-06-28T17:11:17.158Z] > git status -z -uall [28ms]
[2022-06-28T17:11:17.178Z] > git symbolic-ref --short HEAD [3ms]
[2022-06-28T17:11:17.192Z] > git for-each-ref --format=%(refname)%00%(upstream:short)%00%(objectname)%00%(upstream:track)%00%(upstream:remotename)%00%(upstream:remoteref) refs/heads/master refs/remotes/master [2ms]
[2022-06-28T17:11:17.222Z] > git remote --verbose [3ms]
[2022-06-28T17:11:17.222Z] > git for-each-ref --sort -committerdate --format %(refname) %(objectname) %(*objectname) [17ms]
[2022-06-28T17:11:20.219Z] > git config --get commit.template [2879ms]
[2022-06-28T17:11:20.793Z] > git check-ignore -v -z --stdin [2ms]
[2022-06-28T17:11:25.274Z] > git status -z -uall [26ms]
[2022-06-28T17:11:25.293Z] > git symbolic-ref --short HEAD [2ms]
[2022-06-28T17:11:25.307Z] > git for-each-ref --format=%(refname)%00%(upstream:short)%00%(objectname)%00%(upstream:track)%00%(upstream:remotename)%00%(upstream:remoteref) refs/heads/master refs/remotes/master [2ms]
[2022-06-28T17:11:25.333Z] > git for-each-ref --sort -committerdate --format %(refname) %(objectname) %(*objectname) [15ms]
[2022-06-28T17:11:25.334Z] > git remote --verbose [3ms]
[2022-06-28T17:11:25.401Z] > git config --get commit.template [8ms]
[2022-06-28T17:11:30.442Z] > git status -z -uall [24ms]
[2022-06-28T17:11:30.464Z] > git symbolic-ref --short HEAD [4ms]
[2022-06-28T17:11:30.481Z] > git for-each-ref --format=%(refname)%00%(upstream:short)%00%(objectname)%00%(upstream:track)%00%(upstream:remotename)%00%(upstream:remoteref) refs/heads/master refs/remotes/master [4ms]
[2022-06-28T17:11:30.520Z] > git remote --verbose [4ms]
[2022-06-28T17:11:30.520Z] > git for-each-ref --sort -committerdate --format %(refname) %(objectname) %(*objectname) [25ms]
[2022-06-28T17:11:32.335Z] > git config --get commit.template [1677ms]
[2022-06-28T17:11:37.368Z] > git status -z -uall [21ms]
[2022-06-28T17:11:37.382Z] > git symbolic-ref --short HEAD [2ms]
[2022-06-28T17:11:37.396Z] > git for-each-ref --format=%(refname)%00%(upstream:short)%00%(objectname)%00%(upstream:track)%00%(upstream:remotename)%00%(upstream:remoteref) refs/heads/master refs/remotes/master [2ms]
[2022-06-28T17:11:37.421Z] > git for-each-ref --sort -committerdate --format %(refname) %(objectname) %(*objectname) [13ms]
[2022-06-28T17:11:37.421Z] > git remote --verbose [2ms]
[2022-06-28T17:11:37.476Z] > git config --get commit.template [1ms]
[2022-06-28T17:11:42.560Z] > git status -z -uall [62ms]
[2022-06-28T17:11:42.581Z] > git symbolic-ref --short HEAD [3ms]
[2022-06-28T17:11:42.596Z] > git for-each-ref --format=%(refname)%00%(upstream:short)%00%(objectname)%00%(upstream:track)%00%(upstream:remotename)%00%(upstream:remoteref) refs/heads/master refs/remotes/master [3ms]
[2022-06-28T17:11:42.644Z] > git remote --verbose [4ms]
[2022-06-28T17:11:42.645Z] > git for-each-ref --sort -committerdate --format %(refname) %(objectname) %(*objectname) [27ms]
[2022-06-28T17:11:42.759Z] > git config --get commit.template [10ms]
[2022-06-28T17:11:47.806Z] > git status -z -uall [29ms]
[2022-06-28T17:11:47.822Z] > git symbolic-ref --short HEAD [5ms]
[2022-06-28T17:11:47.838Z] > git for-each-ref --format=%(refname)%00%(upstream:short)%00%(objectname)%00%(upstream:track)%00%(upstream:remotename)%00%(upstream:remoteref) refs/heads/master refs/remotes/master [4ms]
[2022-06-28T17:11:47.864Z] > git for-each-ref --sort -committerdate --format %(refname) %(objectname) %(*objectname) [15ms]
[2022-06-28T17:11:47.868Z] > git remote --verbose [5ms]
[2022-06-28T17:11:47.932Z] > git config --get commit.template [4ms]
[2022-06-28T17:11:52.989Z] > git status -z -uall [40ms]
[2022-06-28T17:11:53.016Z] > git symbolic-ref --short HEAD [4ms]
[2022-06-28T17:11:53.038Z] > git for-each-ref --format=%(refname)%00%(upstream:short)%00%(objectname)%00%(upstream:track)%00%(upstream:remotename)%00%(upstream:remoteref) refs/heads/master refs/remotes/master [4ms]
[2022-06-28T17:11:53.071Z] > git remote --verbose [8ms]
[2022-06-28T17:11:53.071Z] > git for-each-ref --sort -committerdate --format %(refname) %(objectname) %(*objectname) [20ms]
[2022-06-28T17:11:54.767Z] > git config --get commit.template [1557ms]
[2022-06-28T17:11:59.813Z] > git status -z -uall [33ms]
[2022-06-28T17:11:59.826Z] > git symbolic-ref --short HEAD [1ms]
[2022-06-28T17:11:59.840Z] > git for-each-ref --format=%(refname)%00%(upstream:short)%00%(objectname)%00%(upstream:track)%00%(upstream:remotename)%00%(upstream:remoteref) refs/heads/master refs/remotes/master [1ms]
[2022-06-28T17:11:59.863Z] > git for-each-ref --sort -committerdate --format %(refname) %(objectname) %(*objectname) [12ms]
[2022-06-28T17:11:59.864Z] > git remote --verbose [3ms]
[2022-06-28T17:11:59.924Z] > git config --get commit.template [10ms]
[2022-06-28T17:12:12.993Z] > git show --textconv :workshop01/task2/variables.tf [25ms]
[2022-06-28T17:12:12.994Z] > git ls-files --stage -- /home/fred/workshop01/task2/variables.tf [2ms]
[2022-06-28T17:12:19.878Z] > git show --textconv :workshop01/task2/provider.tf [16ms]
[2022-06-28T17:12:19.878Z] > git ls-files --stage -- /home/fred/workshop01/task2/provider.tf [1ms]
[2022-06-28T17:12:26.764Z] > git status -z -uall [34ms]
[2022-06-28T17:12:26.780Z] > git symbolic-ref --short HEAD [3ms]
[2022-06-28T17:12:26.809Z] > git for-each-ref --format=%(refname)%00%(upstream:short)%00%(objectname)%00%(upstream:track)%00%(upstream:remotename)%00%(upstream:remoteref) refs/heads/master refs/remotes/master [2ms]
[2022-06-28T17:12:26.837Z] > git remote --verbose [5ms]
[2022-06-28T17:12:26.838Z] > git for-each-ref --sort -committerdate --format %(refname) %(objectname) %(*objectname) [18ms]
[2022-06-28T17:12:28.615Z] > git config --get commit.template [1614ms]
[2022-06-28T17:12:28.908Z] > git show --textconv :workshop01/task2/resources.tf [26ms]
[2022-06-28T17:12:28.910Z] > git ls-files --stage -- /home/fred/workshop01/task2/resources.tf [4ms]
[2022-06-28T17:12:31.742Z] > git check-ignore -v -z --stdin [3ms]
[2022-06-28T17:12:33.657Z] > git status -z -uall [25ms]
[2022-06-28T17:12:33.677Z] > git symbolic-ref --short HEAD [5ms]
[2022-06-28T17:12:33.706Z] > git for-each-ref --format=%(refname)%00%(upstream:short)%00%(objectname)%00%(upstream:track)%00%(upstream:remotename)%00%(upstream:remoteref) refs/heads/master refs/remotes/master [7ms]
[2022-06-28T17:12:33.735Z] > git for-each-ref --sort -committerdate --format %(refname) %(objectname) %(*objectname) [14ms]
[2022-06-28T17:12:33.738Z] > git remote --verbose [4ms]
[2022-06-28T17:12:33.797Z] > git config --get commit.template [2ms]
[2022-06-28T17:12:38.853Z] > git status -z -uall [32ms]
[2022-06-28T17:12:38.867Z] > git symbolic-ref --short HEAD [2ms]
[2022-06-28T17:12:38.889Z] > git for-each-ref --format=%(refname)%00%(upstream:short)%00%(objectname)%00%(upstream:track)%00%(upstream:remotename)%00%(upstream:remoteref) refs/heads/master refs/remotes/master [2ms]
[2022-06-28T17:12:38.922Z] > git for-each-ref --sort -committerdate --format %(refname) %(objectname) %(*objectname) [13ms]
[2022-06-28T17:12:38.922Z] > git remote --verbose [2ms]
[2022-06-28T17:12:38.976Z] > git config --get commit.template [2ms]
[2022-06-28T17:12:44.021Z] > git status -z -uall [31ms]
[2022-06-28T17:12:44.040Z] > git symbolic-ref --short HEAD [6ms]
[2022-06-28T17:12:44.069Z] > git for-each-ref --format=%(refname)%00%(upstream:short)%00%(objectname)%00%(upstream:track)%00%(upstream:remotename)%00%(upstream:remoteref) refs/heads/master refs/remotes/master [2ms]
[2022-06-28T17:12:44.102Z] > git for-each-ref --sort -committerdate --format %(refname) %(objectname) %(*objectname) [21ms]
[2022-06-28T17:12:44.104Z] > git remote --verbose [5ms]
[2022-06-28T17:12:44.179Z] > git config --get commit.template [5ms]
[2022-06-28T17:12:49.234Z] > git status -z -uall [35ms]
[2022-06-28T17:12:49.251Z] > git symbolic-ref --short HEAD [2ms]
[2022-06-28T17:12:49.272Z] > git for-each-ref --format=%(refname)%00%(upstream:short)%00%(objectname)%00%(upstream:track)%00%(upstream:remotename)%00%(upstream:remoteref) refs/heads/master refs/remotes/master [2ms]
[2022-06-28T17:12:49.299Z] > git for-each-ref --sort -committerdate --format %(refname) %(objectname) %(*objectname) [15ms]
[2022-06-28T17:12:49.300Z] > git remote --verbose [2ms]
[2022-06-28T17:12:49.362Z] > git config --get commit.template [1ms]
[2022-06-28T17:12:54.401Z] > git status -z -uall [25ms]
[2022-06-28T17:12:54.420Z] > git symbolic-ref --short HEAD [7ms]
[2022-06-28T17:12:54.436Z] > git for-each-ref --format=%(refname)%00%(upstream:short)%00%(objectname)%00%(upstream:track)%00%(upstream:remotename)%00%(upstream:remoteref) refs/heads/master refs/remotes/master [2ms]
[2022-06-28T17:12:54.462Z] > git for-each-ref --sort -committerdate --format %(refname) %(objectname) %(*objectname) [13ms]
[2022-06-28T17:12:54.463Z] > git remote --verbose [2ms]
[2022-06-28T17:12:54.524Z] > git config --get commit.template [2ms]
[2022-06-28T17:12:59.562Z] > git status -z -uall [24ms]
[2022-06-28T17:12:59.577Z] > git symbolic-ref --short HEAD [3ms]
[2022-06-28T17:12:59.596Z] > git for-each-ref --format=%(refname)%00%(upstream:short)%00%(objectname)%00%(upstream:track)%00%(upstream:remotename)%00%(upstream:remoteref) refs/heads/master refs/remotes/master [5ms]
[2022-06-28T17:12:59.644Z] > git remote --verbose [3ms]
[2022-06-28T17:12:59.645Z] > git for-each-ref --sort -committerdate --format %(refname) %(objectname) %(*objectname) [39ms]
[2022-06-28T17:12:59.734Z] > git config --get commit.template [4ms]
[2022-06-28T17:13:04.771Z] > git status -z -uall [24ms]
[2022-06-28T17:13:04.789Z] > git symbolic-ref --short HEAD [2ms]
[2022-06-28T17:13:04.813Z] > git for-each-ref --format=%(refname)%00%(upstream:short)%00%(objectname)%00%(upstream:track)%00%(upstream:remotename)%00%(upstream:remoteref) refs/heads/master refs/remotes/master [10ms]
[2022-06-28T17:13:04.839Z] > git for-each-ref --sort -committerdate --format %(refname) %(objectname) %(*objectname) [13ms]
[2022-06-28T17:13:04.840Z] > git remote --verbose [3ms]
[2022-06-28T17:13:04.893Z] > git config --get commit.template [4ms]
[2022-06-28T17:13:09.944Z] > git status -z -uall [28ms]
[2022-06-28T17:13:09.963Z] > git symbolic-ref --short HEAD [2ms]
[2022-06-28T17:13:09.976Z] > git for-each-ref --format=%(refname)%00%(upstream:short)%00%(objectname)%00%(upstream:track)%00%(upstream:remotename)%00%(upstream:remoteref) refs/heads/master refs/remotes/master [3ms]
[2022-06-28T17:13:10.007Z] > git for-each-ref --sort -committerdate --format %(refname) %(objectname) %(*objectname) [19ms]
[2022-06-28T17:13:10.010Z] > git remote --verbose [7ms]
[2022-06-28T17:13:10.108Z] > git config --get commit.template [8ms]
[2022-06-28T17:13:15.151Z] > git status -z -uall [29ms]
[2022-06-28T17:13:15.175Z] > git symbolic-ref --short HEAD [2ms]
[2022-06-28T17:13:15.194Z] > git for-each-ref --format=%(refname)%00%(upstream:short)%00%(objectname)%00%(upstream:track)%00%(upstream:remotename)%00%(upstream:remoteref) refs/heads/master refs/remotes/master [6ms]
[2022-06-28T17:13:15.233Z] > git for-each-ref --sort -committerdate --format %(refname) %(objectname) %(*objectname) [16ms]
[2022-06-28T17:13:15.235Z] > git remote --verbose [2ms]
[2022-06-28T17:13:15.299Z] > git config --get commit.template [1ms]
[2022-06-28T17:13:20.335Z] > git status -z -uall [22ms]
[2022-06-28T17:13:20.351Z] > git symbolic-ref --short HEAD [2ms]
[2022-06-28T17:13:20.365Z] > git for-each-ref --format=%(refname)%00%(upstream:short)%00%(objectname)%00%(upstream:track)%00%(upstream:remotename)%00%(upstream:remoteref) refs/heads/master refs/remotes/master [1ms]
[2022-06-28T17:13:20.393Z] > git for-each-ref --sort -committerdate --format %(refname) %(objectname) %(*objectname) [14ms]
[2022-06-28T17:13:20.393Z] > git remote --verbose [2ms]
[2022-06-28T17:13:20.458Z] > git config --get commit.template [2ms]
[2022-06-28T17:13:25.498Z] > git status -z -uall [26ms]
[2022-06-28T17:13:25.513Z] > git symbolic-ref --short HEAD [2ms]
[2022-06-28T17:13:25.538Z] > git for-each-ref --format=%(refname)%00%(upstream:short)%00%(objectname)%00%(upstream:track)%00%(upstream:remotename)%00%(upstream:remoteref) refs/heads/master refs/remotes/master [2ms]
[2022-06-28T17:13:25.571Z] > git for-each-ref --sort -committerdate --format %(refname) %(objectname) %(*objectname) [19ms]
[2022-06-28T17:13:25.571Z] > git remote --verbose [8ms]
[2022-06-28T17:13:25.635Z] > git config --get commit.template [1ms]
[2022-06-28T17:13:30.691Z] > git status -z -uall [22ms]
[2022-06-28T17:13:30.708Z] > git symbolic-ref --short HEAD [3ms]
[2022-06-28T17:13:30.724Z] > git for-each-ref --format=%(refname)%00%(upstream:short)%00%(objectname)%00%(upstream:track)%00%(upstream:remotename)%00%(upstream:remoteref) refs/heads/master refs/remotes/master [3ms]
[2022-06-28T17:13:30.761Z] > git remote --verbose [4ms]
[2022-06-28T17:13:30.761Z] > git for-each-ref --sort -committerdate --format %(refname) %(objectname) %(*objectname) [18ms]
[2022-06-28T17:13:30.839Z] > git config --get commit.template [5ms]
[2022-06-28T17:13:35.873Z] > git status -z -uall [21ms]
[2022-06-28T17:13:35.886Z] > git symbolic-ref --short HEAD [2ms]
[2022-06-28T17:13:35.900Z] > git for-each-ref --format=%(refname)%00%(upstream:short)%00%(objectname)%00%(upstream:track)%00%(upstream:remotename)%00%(upstream:remoteref) refs/heads/master refs/remotes/master [3ms]
[2022-06-28T17:13:35.926Z] > git for-each-ref --sort -committerdate --format %(refname) %(objectname) %(*objectname) [12ms]
[2022-06-28T17:13:35.926Z] > git remote --verbose [2ms]
[2022-06-28T17:13:35.974Z] > git config --get commit.template [2ms]
[2022-06-28T17:13:41.011Z] > git status -z -uall [21ms]
[2022-06-28T17:13:41.025Z] > git symbolic-ref --short HEAD [2ms]
[2022-06-28T17:13:41.038Z] > git for-each-ref --format=%(refname)%00%(upstream:short)%00%(objectname)%00%(upstream:track)%00%(upstream:remotename)%00%(upstream:remoteref) refs/heads/master refs/remotes/master [2ms]
[2022-06-28T17:13:41.063Z] > git remote --verbose [2ms]
[2022-06-28T17:13:41.064Z] > git for-each-ref --sort -committerdate --format %(refname) %(objectname) %(*objectname) [14ms]
[2022-06-28T17:13:41.115Z] > git config --get commit.template [2ms]
[2022-06-28T17:13:46.156Z] > git status -z -uall [26ms]
[2022-06-28T17:13:46.176Z] > git symbolic-ref --short HEAD [3ms]
[2022-06-28T17:13:46.196Z] > git for-each-ref --format=%(refname)%00%(upstream:short)%00%(objectname)%00%(upstream:track)%00%(upstream:remotename)%00%(upstream:remoteref) refs/heads/master refs/remotes/master [9ms]
[2022-06-28T17:13:46.249Z] > git remote --verbose [4ms]
[2022-06-28T17:13:46.250Z] > git for-each-ref --sort -committerdate --format %(refname) %(objectname) %(*objectname) [38ms]
[2022-06-28T17:13:46.338Z] > git config --get commit.template [4ms]
[2022-06-28T17:13:51.377Z] > git status -z -uall [26ms]
[2022-06-28T17:13:51.396Z] > git symbolic-ref --short HEAD [2ms]
[2022-06-28T17:13:51.411Z] > git for-each-ref --format=%(refname)%00%(upstream:short)%00%(objectname)%00%(upstream:track)%00%(upstream:remotename)%00%(upstream:remoteref) refs/heads/master refs/remotes/master [2ms]
[2022-06-28T17:13:51.447Z] > git remote --verbose [2ms]
[2022-06-28T17:13:51.447Z] > git for-each-ref --sort -committerdate --format %(refname) %(objectname) %(*objectname) [19ms]
[2022-06-28T17:13:51.503Z] > git config --get commit.template [3ms]
[2022-06-28T17:13:56.540Z] > git status -z -uall [23ms]
[2022-06-28T17:13:56.562Z] > git symbolic-ref --short HEAD [1ms]
[2022-06-28T17:13:56.582Z] > git for-each-ref --format=%(refname)%00%(upstream:short)%00%(objectname)%00%(upstream:track)%00%(upstream:remotename)%00%(upstream:remoteref) refs/heads/master refs/remotes/master [1ms]
[2022-06-28T17:13:56.609Z] > git for-each-ref --sort -committerdate --format %(refname) %(objectname) %(*objectname) [13ms]
[2022-06-28T17:13:56.609Z] > git remote --verbose [2ms]
[2022-06-28T17:13:56.675Z] > git config --get commit.template [2ms]
[2022-06-28T17:14:01.716Z] > git status -z -uall [26ms]
[2022-06-28T17:14:01.732Z] > git symbolic-ref --short HEAD [2ms]
[2022-06-28T17:14:01.750Z] > git for-each-ref --format=%(refname)%00%(upstream:short)%00%(objectname)%00%(upstream:track)%00%(upstream:remotename)%00%(upstream:remoteref) refs/heads/master refs/remotes/master [5ms]
[2022-06-28T17:14:01.785Z] > git remote --verbose [1ms]
[2022-06-28T17:14:01.786Z] > git for-each-ref --sort -committerdate --format %(refname) %(objectname) %(*objectname) [19ms]
[2022-06-28T17:14:01.857Z] > git config --get commit.template [2ms]
[2022-06-28T17:14:06.896Z] > git status -z -uall [26ms]
[2022-06-28T17:14:06.914Z] > git symbolic-ref --short HEAD [2ms]
[2022-06-28T17:14:06.930Z] > git for-each-ref --format=%(refname)%00%(upstream:short)%00%(objectname)%00%(upstream:track)%00%(upstream:remotename)%00%(upstream:remoteref) refs/heads/master refs/remotes/master [3ms]
[2022-06-28T17:14:06.957Z] > git for-each-ref --sort -committerdate --format %(refname) %(objectname) %(*objectname) [14ms]
[2022-06-28T17:14:06.957Z] > git remote --verbose [2ms]
[2022-06-28T17:14:07.012Z] > git config --get commit.template [2ms]
[2022-06-28T17:14:12.064Z] > git status -z -uall [31ms]
[2022-06-28T17:14:12.077Z] > git symbolic-ref --short HEAD [2ms]
[2022-06-28T17:14:12.091Z] > git for-each-ref --format=%(refname)%00%(upstream:short)%00%(objectname)%00%(upstream:track)%00%(upstream:remotename)%00%(upstream:remoteref) refs/heads/master refs/remotes/master [2ms]
[2022-06-28T17:14:12.117Z] > git for-each-ref --sort -committerdate --format %(refname) %(objectname) %(*objectname) [13ms]
[2022-06-28T17:14:12.118Z] > git remote --verbose [3ms]
[2022-06-28T17:14:12.180Z] > git config --get commit.template [2ms]
[2022-06-28T17:14:17.219Z] > git status -z -uall [24ms]
[2022-06-28T17:14:17.235Z] > git symbolic-ref --short HEAD [2ms]
[2022-06-28T17:14:17.254Z] > git for-each-ref --format=%(refname)%00%(upstream:short)%00%(objectname)%00%(upstream:track)%00%(upstream:remotename)%00%(upstream:remoteref) refs/heads/master refs/remotes/master [5ms]
[2022-06-28T17:14:17.293Z] > git for-each-ref --sort -committerdate --format %(refname) %(objectname) %(*objectname) [20ms]
[2022-06-28T17:14:17.293Z] > git remote --verbose [2ms]
[2022-06-28T17:14:17.358Z] > git config --get commit.template [2ms]
[2022-06-28T17:14:22.394Z] > git status -z -uall [22ms]
[2022-06-28T17:14:22.409Z] > git symbolic-ref --short HEAD [2ms]
[2022-06-28T17:14:22.423Z] > git for-each-ref --format=%(refname)%00%(upstream:short)%00%(objectname)%00%(upstream:track)%00%(upstream:remotename)%00%(upstream:remoteref) refs/heads/master refs/remotes/master [2ms]
[2022-06-28T17:14:22.453Z] > git for-each-ref --sort -committerdate --format %(refname) %(objectname) %(*objectname) [14ms]
[2022-06-28T17:14:22.454Z] > git remote --verbose [2ms]
[2022-06-28T17:14:22.510Z] > git config --get commit.template [2ms]
[2022-06-28T17:14:27.562Z] > git status -z -uall [37ms]
[2022-06-28T17:14:27.596Z] > git symbolic-ref --short HEAD [22ms]
[2022-06-28T17:14:27.611Z] > git for-each-ref --format=%(refname)%00%(upstream:short)%00%(objectname)%00%(upstream:track)%00%(upstream:remotename)%00%(upstream:remoteref) refs/heads/master refs/remotes/master [2ms]
[2022-06-28T17:14:27.645Z] > git for-each-ref --sort -committerdate --format %(refname) %(objectname) %(*objectname) [14ms]
[2022-06-28T17:14:27.646Z] > git remote --verbose [2ms]
[2022-06-28T17:14:27.706Z] > git config --get commit.template [1ms]
[2022-06-28T17:14:32.766Z] > git status -z -uall [42ms]
[2022-06-28T17:14:32.779Z] > git symbolic-ref --short HEAD [1ms]
[2022-06-28T17:14:32.801Z] > git for-each-ref --format=%(refname)%00%(upstream:short)%00%(objectname)%00%(upstream:track)%00%(upstream:remotename)%00%(upstream:remoteref) refs/heads/master refs/remotes/master [3ms]
[2022-06-28T17:14:32.837Z] > git for-each-ref --sort -committerdate --format %(refname) %(objectname) %(*objectname) [14ms]
[2022-06-28T17:14:32.838Z] > git remote --verbose [3ms]
[2022-06-28T17:14:32.886Z] > git config --get commit.template [1ms]
[2022-06-28T17:14:37.926Z] > git status -z -uall [25ms]
[2022-06-28T17:14:37.940Z] > git symbolic-ref --short HEAD [2ms]
[2022-06-28T17:14:37.954Z] > git for-each-ref --format=%(refname)%00%(upstream:short)%00%(objectname)%00%(upstream:track)%00%(upstream:remotename)%00%(upstream:remoteref) refs/heads/master refs/remotes/master [1ms]
[2022-06-28T17:14:37.979Z] > git for-each-ref --sort -committerdate --format %(refname) %(objectname) %(*objectname) [13ms]
[2022-06-28T17:14:37.980Z] > git remote --verbose [2ms]
[2022-06-28T17:14:38.036Z] > git config --get commit.template [2ms]
[2022-06-28T17:14:43.077Z] > git status -z -uall [26ms]
[2022-06-28T17:14:43.098Z] > git symbolic-ref --short HEAD [3ms]
[2022-06-28T17:14:43.121Z] > git for-each-ref --format=%(refname)%00%(upstream:short)%00%(objectname)%00%(upstream:track)%00%(upstream:remotename)%00%(upstream:remoteref) refs/heads/master refs/remotes/master [2ms]
[2022-06-28T17:14:43.158Z] > git remote --verbose [3ms]
[2022-06-28T17:14:43.159Z] > git for-each-ref --sort -committerdate --format %(refname) %(objectname) %(*objectname) [25ms]
[2022-06-28T17:14:43.259Z] > git config --get commit.template [11ms]
[2022-06-28T17:14:48.298Z] > git status -z -uall [24ms]
[2022-06-28T17:14:48.313Z] > git symbolic-ref --short HEAD [2ms]
[2022-06-28T17:14:48.335Z] > git for-each-ref --format=%(refname)%00%(upstream:short)%00%(objectname)%00%(upstream:track)%00%(upstream:remotename)%00%(upstream:remoteref) refs/heads/master refs/remotes/master [1ms]
[2022-06-28T17:14:48.377Z] > git remote --verbose [1ms]
[2022-06-28T17:14:48.378Z] > git for-each-ref --sort -committerdate --format %(refname) %(objectname) %(*objectname) [18ms]
[2022-06-28T17:14:48.446Z] > git config --get commit.template [1ms]
[2022-06-28T17:14:53.488Z] > git status -z -uall [27ms]
[2022-06-28T17:14:53.520Z] > git symbolic-ref --short HEAD [5ms]
[2022-06-28T17:14:53.544Z] > git for-each-ref --format=%(refname)%00%(upstream:short)%00%(objectname)%00%(upstream:track)%00%(upstream:remotename)%00%(upstream:remoteref) refs/heads/master refs/remotes/master [7ms]
[2022-06-28T17:14:53.589Z] > git remote --verbose [5ms]
[2022-06-28T17:14:53.589Z] > git for-each-ref --sort -committerdate --format %(refname) %(objectname) %(*objectname) [24ms]
[2022-06-28T17:14:53.721Z] > git config --get commit.template [34ms]
[2022-06-28T17:14:58.756Z] > git status -z -uall [23ms]
[2022-06-28T17:14:58.777Z] > git symbolic-ref --short HEAD [2ms]
[2022-06-28T17:14:58.790Z] > git for-each-ref --format=%(refname)%00%(upstream:short)%00%(objectname)%00%(upstream:track)%00%(upstream:remotename)%00%(upstream:remoteref) refs/heads/master refs/remotes/master [2ms]
[2022-06-28T17:14:58.822Z] > git remote --verbose [1ms]
[2022-06-28T17:14:58.823Z] > git for-each-ref --sort -committerdate --format %(refname) %(objectname) %(*objectname) [14ms]
[2022-06-28T17:14:58.870Z] > git config --get commit.template [2ms]
[2022-06-28T17:15:03.919Z] > git status -z -uall [28ms]
[2022-06-28T17:15:03.932Z] > git symbolic-ref --short HEAD [2ms]
[2022-06-28T17:15:03.956Z] > git for-each-ref --format=%(refname)%00%(upstream:short)%00%(objectname)%00%(upstream:track)%00%(upstream:remotename)%00%(upstream:remoteref) refs/heads/master refs/remotes/master [2ms]
[2022-06-28T17:15:03.986Z] > git remote --verbose [6ms]
[2022-06-28T17:15:03.986Z] > git for-each-ref --sort -committerdate --format %(refname) %(objectname) %(*objectname) [18ms]
[2022-06-28T17:15:04.051Z] > git config --get commit.template [3ms]
[2022-06-28T17:15:09.092Z] > git status -z -uall [26ms]
[2022-06-28T17:15:09.108Z] > git symbolic-ref --short HEAD [2ms]
[2022-06-28T17:15:09.125Z] > git for-each-ref --format=%(refname)%00%(upstream:short)%00%(objectname)%00%(upstream:track)%00%(upstream:remotename)%00%(upstream:remoteref) refs/heads/master refs/remotes/master [1ms]
[2022-06-28T17:15:09.148Z] > git for-each-ref --sort -committerdate --format %(refname) %(objectname) %(*objectname) [11ms]
[2022-06-28T17:15:09.154Z] > git remote --verbose [7ms]
[2022-06-28T17:15:09.210Z] > git config --get commit.template [5ms]
[2022-06-28T17:15:14.247Z] > git status -z -uall [24ms]
[2022-06-28T17:15:14.263Z] > git symbolic-ref --short HEAD [2ms]
[2022-06-28T17:15:14.278Z] > git for-each-ref --format=%(refname)%00%(upstream:short)%00%(objectname)%00%(upstream:track)%00%(upstream:remotename)%00%(upstream:remoteref) refs/heads/master refs/remotes/master [3ms]
[2022-06-28T17:15:14.309Z] > git remote --verbose [3ms]
[2022-06-28T17:15:14.309Z] > git for-each-ref --sort -committerdate --format %(refname) %(objectname) %(*objectname) [18ms]
[2022-06-28T17:15:14.426Z] > git config --get commit.template [3ms]
[2022-06-28T17:15:19.469Z] > git status -z -uall [16ms]
[2022-06-28T17:15:19.483Z] > git symbolic-ref --short HEAD [1ms]
[2022-06-28T17:15:19.500Z] > git for-each-ref --format=%(refname)%00%(upstream:short)%00%(objectname)%00%(upstream:track)%00%(upstream:remotename)%00%(upstream:remoteref) refs/heads/master refs/remotes/master [3ms]
[2022-06-28T17:15:19.526Z] > git for-each-ref --sort -committerdate --format %(refname) %(objectname) %(*objectname) [13ms]
[2022-06-28T17:15:19.527Z] > git remote --verbose [2ms]
[2022-06-28T17:15:19.587Z] > git config --get commit.template [2ms]
[2022-06-28T17:15:24.634Z] > git status -z -uall [35ms]
[2022-06-28T17:15:24.650Z] > git symbolic-ref --short HEAD [2ms]
[2022-06-28T17:15:24.665Z] > git for-each-ref --format=%(refname)%00%(upstream:short)%00%(objectname)%00%(upstream:track)%00%(upstream:remotename)%00%(upstream:remoteref) refs/heads/master refs/remotes/master [2ms]
[2022-06-28T17:15:24.692Z] > git for-each-ref --sort -committerdate --format %(refname) %(objectname) %(*objectname) [14ms]
[2022-06-28T17:15:24.693Z] > git remote --verbose [3ms]
[2022-06-28T17:15:24.758Z] > git config --get commit.template [8ms]
[2022-06-28T17:15:29.811Z] > git status -z -uall [17ms]
[2022-06-28T17:15:29.827Z] > git symbolic-ref --short HEAD [2ms]
[2022-06-28T17:15:29.845Z] > git for-each-ref --format=%(refname)%00%(upstream:short)%00%(objectname)%00%(upstream:track)%00%(upstream:remotename)%00%(upstream:remoteref) refs/heads/master refs/remotes/master [6ms]
[2022-06-28T17:15:29.873Z] > git for-each-ref --sort -committerdate --format %(refname) %(objectname) %(*objectname) [14ms]
[2022-06-28T17:15:29.873Z] > git remote --verbose [2ms]
[2022-06-28T17:15:29.933Z] > git config --get commit.template [3ms]
[2022-06-28T17:15:34.982Z] > git status -z -uall [31ms]
[2022-06-28T17:15:34.999Z] > git symbolic-ref --short HEAD [5ms]
[2022-06-28T17:15:35.014Z] > git for-each-ref --format=%(refname)%00%(upstream:short)%00%(objectname)%00%(upstream:track)%00%(upstream:remotename)%00%(upstream:remoteref) refs/heads/master refs/remotes/master [3ms]
[2022-06-28T17:15:35.040Z] > git for-each-ref --sort -committerdate --format %(refname) %(objectname) %(*objectname) [14ms]
[2022-06-28T17:15:35.041Z] > git remote --verbose [3ms]
[2022-06-28T17:15:35.124Z] > git config --get commit.template [1ms]
[2022-06-28T17:15:40.174Z] > git status -z -uall [33ms]
[2022-06-28T17:15:40.195Z] > git symbolic-ref --short HEAD [1ms]
[2022-06-28T17:15:40.217Z] > git for-each-ref --format=%(refname)%00%(upstream:short)%00%(objectname)%00%(upstream:track)%00%(upstream:remotename)%00%(upstream:remoteref) refs/heads/master refs/remotes/master [3ms]
[2022-06-28T17:15:40.245Z] > git for-each-ref --sort -committerdate --format %(refname) %(objectname) %(*objectname) [15ms]
[2022-06-28T17:15:40.246Z] > git remote --verbose [3ms]
[2022-06-28T17:15:40.313Z] > git config --get commit.template [1ms]
[2022-06-28T17:15:45.376Z] > git status -z -uall [49ms]
[2022-06-28T17:15:45.396Z] > git symbolic-ref --short HEAD [3ms]
[2022-06-28T17:15:45.412Z] > git for-each-ref --format=%(refname)%00%(upstream:short)%00%(objectname)%00%(upstream:track)%00%(upstream:remotename)%00%(upstream:remoteref) refs/heads/master refs/remotes/master [1ms]
[2022-06-28T17:15:45.446Z] > git for-each-ref --sort -committerdate --format %(refname) %(objectname) %(*objectname) [15ms]
[2022-06-28T17:15:45.446Z] > git remote --verbose [2ms]
[2022-06-28T17:15:45.507Z] > git config --get commit.template [2ms]
[2022-06-28T17:15:50.583Z] > git status -z -uall [45ms]
[2022-06-28T17:15:50.604Z] > git symbolic-ref --short HEAD [5ms]
[2022-06-28T17:15:50.626Z] > git for-each-ref --format=%(refname)%00%(upstream:short)%00%(objectname)%00%(upstream:track)%00%(upstream:remotename)%00%(upstream:remoteref) refs/heads/master refs/remotes/master [3ms]
[2022-06-28T17:15:50.669Z] > git for-each-ref --sort -committerdate --format %(refname) %(objectname) %(*objectname) [25ms]
[2022-06-28T17:15:50.676Z] > git remote --verbose [10ms]
[2022-06-28T17:15:53.449Z] > git config --get commit.template [2669ms]
[2022-06-28T17:15:53.998Z] > git check-ignore -v -z --stdin [9ms]
[2022-06-28T17:15:58.497Z] > git status -z -uall [36ms]
[2022-06-28T17:15:58.514Z] > git symbolic-ref --short HEAD [2ms]
[2022-06-28T17:15:58.528Z] > git for-each-ref --format=%(refname)%00%(upstream:short)%00%(objectname)%00%(upstream:track)%00%(upstream:remotename)%00%(upstream:remoteref) refs/heads/master refs/remotes/master [2ms]
[2022-06-28T17:15:58.552Z] > git for-each-ref --sort -committerdate --format %(refname) %(objectname) %(*objectname) [13ms]
[2022-06-28T17:15:58.553Z] > git remote --verbose [3ms]
[2022-06-28T17:15:58.619Z] > git config --get commit.template [1ms]
[2022-06-28T17:16:03.658Z] > git status -z -uall [24ms]
[2022-06-28T17:16:03.673Z] > git symbolic-ref --short HEAD [2ms]
[2022-06-28T17:16:03.687Z] > git for-each-ref --format=%(refname)%00%(upstream:short)%00%(objectname)%00%(upstream:track)%00%(upstream:remotename)%00%(upstream:remoteref) refs/heads/master refs/remotes/master [3ms]
[2022-06-28T17:16:03.712Z] > git for-each-ref --sort -committerdate --format %(refname) %(objectname) %(*objectname) [13ms]
[2022-06-28T17:16:03.713Z] > git remote --verbose [2ms]
[2022-06-28T17:16:03.766Z] > git config --get commit.template [1ms]
[2022-06-28T17:16:08.814Z] > git status -z -uall [26ms]
[2022-06-28T17:16:08.831Z] > git symbolic-ref --short HEAD [2ms]
[2022-06-28T17:16:08.850Z] > git for-each-ref --format=%(refname)%00%(upstream:short)%00%(objectname)%00%(upstream:track)%00%(upstream:remotename)%00%(upstream:remoteref) refs/heads/master refs/remotes/master [4ms]
[2022-06-28T17:16:08.882Z] > git remote --verbose [4ms]
[2022-06-28T17:16:08.882Z] > git for-each-ref --sort -committerdate --format %(refname) %(objectname) %(*objectname) [15ms]
[2022-06-28T17:16:08.942Z] > git config --get commit.template [5ms]
[2022-06-28T17:16:23.524Z] > git status -z -uall [44ms]
[2022-06-28T17:16:23.580Z] > git symbolic-ref --short HEAD [13ms]
[2022-06-28T17:16:23.600Z] > git for-each-ref --format=%(refname)%00%(upstream:short)%00%(objectname)%00%(upstream:track)%00%(upstream:remotename)%00%(upstream:remoteref) refs/heads/master refs/remotes/master [4ms]
[2022-06-28T17:16:23.661Z] > git remote --verbose [4ms]
[2022-06-28T17:16:23.661Z] > git for-each-ref --sort -committerdate --format %(refname) %(objectname) %(*objectname) [41ms]
[2022-06-28T17:16:23.719Z] > git config --get commit.template [2ms]
[2022-06-28T17:16:28.775Z] > git status -z -uall [26ms]
[2022-06-28T17:16:28.792Z] > git symbolic-ref --short HEAD [3ms]
[2022-06-28T17:16:28.817Z] > git for-each-ref --format=%(refname)%00%(upstream:short)%00%(objectname)%00%(upstream:track)%00%(upstream:remotename)%00%(upstream:remoteref) refs/heads/master refs/remotes/master [2ms]
[2022-06-28T17:16:28.842Z] > git remote --verbose [2ms]
[2022-06-28T17:16:28.843Z] > git for-each-ref --sort -committerdate --format %(refname) %(objectname) %(*objectname) [14ms]
[2022-06-28T17:16:28.908Z] > git config --get commit.template [2ms]
[2022-06-28T17:16:33.958Z] > git status -z -uall [36ms]
[2022-06-28T17:16:33.971Z] > git symbolic-ref --short HEAD [2ms]
[2022-06-28T17:16:33.986Z] > git for-each-ref --format=%(refname)%00%(upstream:short)%00%(objectname)%00%(upstream:track)%00%(upstream:remotename)%00%(upstream:remoteref) refs/heads/master refs/remotes/master [3ms]
[2022-06-28T17:16:34.022Z] > git for-each-ref --sort -committerdate --format %(refname) %(objectname) %(*objectname) [22ms]
[2022-06-28T17:16:34.023Z] > git remote --verbose [4ms]
[2022-06-28T17:16:34.084Z] > git config --get commit.template [4ms]
[2022-06-28T17:16:35.712Z] > git check-ignore -v -z --stdin [15ms]
[2022-06-28T17:16:39.118Z] > git status -z -uall [22ms]
[2022-06-28T17:16:39.131Z] > git symbolic-ref --short HEAD [1ms]
[2022-06-28T17:16:39.145Z] > git for-each-ref --format=%(refname)%00%(upstream:short)%00%(objectname)%00%(upstream:track)%00%(upstream:remotename)%00%(upstream:remoteref) refs/heads/master refs/remotes/master [2ms]
[2022-06-28T17:16:39.171Z] > git for-each-ref --sort -committerdate --format %(refname) %(objectname) %(*objectname) [12ms]
[2022-06-28T17:16:39.171Z] > git remote --verbose [2ms]
[2022-06-28T17:16:39.226Z] > git config --get commit.template [1ms]
[2022-06-28T17:16:44.263Z] > git status -z -uall [22ms]
[2022-06-28T17:16:44.283Z] > git symbolic-ref --short HEAD [1ms]
[2022-06-28T17:16:44.308Z] > git for-each-ref --format=%(refname)%00%(upstream:short)%00%(objectname)%00%(upstream:track)%00%(upstream:remotename)%00%(upstream:remoteref) refs/heads/master refs/remotes/master [2ms]
[2022-06-28T17:16:44.335Z] > git for-each-ref --sort -committerdate --format %(refname) %(objectname) %(*objectname) [14ms]
[2022-06-28T17:16:44.335Z] > git remote --verbose [2ms]
[2022-06-28T17:16:44.395Z] > git config --get commit.template [1ms]
[2022-06-28T17:16:49.450Z] > git status -z -uall [35ms]
[2022-06-28T17:16:49.475Z] > git symbolic-ref --short HEAD [4ms]
[2022-06-28T17:16:49.490Z] > git for-each-ref --format=%(refname)%00%(upstream:short)%00%(objectname)%00%(upstream:track)%00%(upstream:remotename)%00%(upstream:remoteref) refs/heads/master refs/remotes/master [3ms]
[2022-06-28T17:16:49.526Z] > git for-each-ref --sort -committerdate --format %(refname) %(objectname) %(*objectname) [23ms]
[2022-06-28T17:16:49.529Z] > git remote --verbose [6ms]
[2022-06-28T17:16:51.231Z] > git config --get commit.template [1572ms]
[2022-06-28T17:16:51.789Z] > git check-ignore -v -z --stdin [1ms]
[2022-06-28T17:16:55.627Z] > git check-ignore -v -z --stdin [2ms]
[2022-06-28T17:16:56.291Z] > git status -z -uall [25ms]
[2022-06-28T17:16:56.309Z] > git symbolic-ref --short HEAD [1ms]
[2022-06-28T17:16:56.321Z] > git for-each-ref --format=%(refname)%00%(upstream:short)%00%(objectname)%00%(upstream:track)%00%(upstream:remotename)%00%(upstream:remoteref) refs/heads/master refs/remotes/master [1ms]
[2022-06-28T17:16:56.348Z] > git for-each-ref --sort -committerdate --format %(refname) %(objectname) %(*objectname) [14ms]
[2022-06-28T17:16:56.351Z] > git remote --verbose [4ms]
[2022-06-28T17:16:56.415Z] > git config --get commit.template [12ms]
[2022-06-28T17:17:01.456Z] > git status -z -uall [25ms]
[2022-06-28T17:17:01.478Z] > git symbolic-ref --short HEAD [6ms]
[2022-06-28T17:17:01.502Z] > git for-each-ref --format=%(refname)%00%(upstream:short)%00%(objectname)%00%(upstream:track)%00%(upstream:remotename)%00%(upstream:remoteref) refs/heads/master refs/remotes/master [3ms]
[2022-06-28T17:17:01.543Z] > git remote --verbose [2ms]
[2022-06-28T17:17:01.544Z] > git for-each-ref --sort -committerdate --format %(refname) %(objectname) %(*objectname) [26ms]
[2022-06-28T17:17:01.632Z] > git config --get commit.template [1ms]
[2022-06-28T17:17:05.676Z] > git check-ignore -v -z --stdin [1ms]
[2022-06-28T17:17:06.683Z] > git status -z -uall [37ms]
[2022-06-28T17:17:06.701Z] > git symbolic-ref --short HEAD [3ms]
[2022-06-28T17:17:06.719Z] > git for-each-ref --format=%(refname)%00%(upstream:short)%00%(objectname)%00%(upstream:track)%00%(upstream:remotename)%00%(upstream:remoteref) refs/heads/master refs/remotes/master [4ms]
[2022-06-28T17:17:06.750Z] > git remote --verbose [3ms]
[2022-06-28T17:17:06.753Z] > git for-each-ref --sort -committerdate --format %(refname) %(objectname) %(*objectname) [22ms]
[2022-06-28T17:17:08.419Z] > git config --get commit.template [1517ms]
[2022-06-28T17:17:13.466Z] > git status -z -uall [19ms]
[2022-06-28T17:17:13.484Z] > git symbolic-ref --short HEAD [2ms]
[2022-06-28T17:17:13.498Z] > git for-each-ref --format=%(refname)%00%(upstream:short)%00%(objectname)%00%(upstream:track)%00%(upstream:remotename)%00%(upstream:remoteref) refs/heads/master refs/remotes/master [2ms]
[2022-06-28T17:17:13.526Z] > git remote --verbose [2ms]
[2022-06-28T17:17:13.527Z] > git for-each-ref --sort -committerdate --format %(refname) %(objectname) %(*objectname) [16ms]
[2022-06-28T17:17:13.604Z] > git config --get commit.template [2ms]
[2022-06-28T17:17:18.508Z] > git check-ignore -v -z --stdin [2ms]
[2022-06-28T17:17:18.660Z] > git status -z -uall [44ms]
[2022-06-28T17:17:18.676Z] > git symbolic-ref --short HEAD [2ms]
[2022-06-28T17:17:18.690Z] > git for-each-ref --format=%(refname)%00%(upstream:short)%00%(objectname)%00%(upstream:track)%00%(upstream:remotename)%00%(upstream:remoteref) refs/heads/master refs/remotes/master [3ms]
[2022-06-28T17:17:18.714Z] > git for-each-ref --sort -committerdate --format %(refname) %(objectname) %(*objectname) [13ms]
[2022-06-28T17:17:18.715Z] > git remote --verbose [2ms]
[2022-06-28T17:17:18.777Z] > git config --get commit.template [2ms]
[2022-06-28T17:17:23.818Z] > git status -z -uall [25ms]
[2022-06-28T17:17:23.832Z] > git symbolic-ref --short HEAD [2ms]
[2022-06-28T17:17:23.848Z] > git for-each-ref --format=%(refname)%00%(upstream:short)%00%(objectname)%00%(upstream:track)%00%(upstream:remotename)%00%(upstream:remoteref) refs/heads/master refs/remotes/master [2ms]
[2022-06-28T17:17:23.879Z] > git for-each-ref --sort -committerdate --format %(refname) %(objectname) %(*objectname) [16ms]
[2022-06-28T17:17:23.879Z] > git remote --verbose [2ms]
[2022-06-28T17:17:23.968Z] > git config --get commit.template [3ms]
[2022-06-28T17:17:29.005Z] > git status -z -uall [23ms]
[2022-06-28T17:17:29.026Z] > git symbolic-ref --short HEAD [1ms]
[2022-06-28T17:17:29.042Z] > git for-each-ref --format=%(refname)%00%(upstream:short)%00%(objectname)%00%(upstream:track)%00%(upstream:remotename)%00%(upstream:remoteref) refs/heads/master refs/remotes/master [6ms]
[2022-06-28T17:17:29.077Z] > git remote --verbose [2ms]
[2022-06-28T17:17:29.077Z] > git for-each-ref --sort -committerdate --format %(refname) %(objectname) %(*objectname) [24ms]
[2022-06-28T17:17:29.135Z] > git config --get commit.template [1ms]
[2022-06-28T17:17:34.196Z] > git status -z -uall [48ms]
[2022-06-28T17:17:34.215Z] > git symbolic-ref --short HEAD [2ms]
[2022-06-28T17:17:34.241Z] > git for-each-ref --format=%(refname)%00%(upstream:short)%00%(objectname)%00%(upstream:track)%00%(upstream:remotename)%00%(upstream:remoteref) refs/heads/master refs/remotes/master [7ms]
[2022-06-28T17:17:34.268Z] > git for-each-ref --sort -committerdate --format %(refname) %(objectname) %(*objectname) [13ms]
[2022-06-28T17:17:34.269Z] > git remote --verbose [2ms]
[2022-06-28T17:17:34.326Z] > git config --get commit.template [2ms]
[2022-06-28T17:17:39.373Z] > git status -z -uall [18ms]
[2022-06-28T17:17:39.393Z] > git symbolic-ref --short HEAD [3ms]
[2022-06-28T17:17:39.411Z] > git for-each-ref --format=%(refname)%00%(upstream:short)%00%(objectname)%00%(upstream:track)%00%(upstream:remotename)%00%(upstream:remoteref) refs/heads/master refs/remotes/master [4ms]
[2022-06-28T17:17:39.440Z] > git for-each-ref --sort -committerdate --format %(refname) %(objectname) %(*objectname) [16ms]
[2022-06-28T17:17:39.442Z] > git remote --verbose [5ms]
[2022-06-28T17:17:39.556Z] > git config --get commit.template [5ms]
[2022-06-28T17:17:44.608Z] > git status -z -uall [26ms]
[2022-06-28T17:17:44.635Z] > git symbolic-ref --short HEAD [3ms]
[2022-06-28T17:17:44.649Z] > git for-each-ref --format=%(refname)%00%(upstream:short)%00%(objectname)%00%(upstream:track)%00%(upstream:remotename)%00%(upstream:remoteref) refs/heads/master refs/remotes/master [1ms]
[2022-06-28T17:17:44.676Z] > git for-each-ref --sort -committerdate --format %(refname) %(objectname) %(*objectname) [13ms]
[2022-06-28T17:17:44.677Z] > git remote --verbose [3ms]
[2022-06-28T17:17:44.741Z] > git config --get commit.template [2ms]
[2022-06-28T17:17:49.780Z] > git status -z -uall [25ms]
[2022-06-28T17:17:49.796Z] > git symbolic-ref --short HEAD [3ms]
[2022-06-28T17:17:49.814Z] > git for-each-ref --format=%(refname)%00%(upstream:short)%00%(objectname)%00%(upstream:track)%00%(upstream:remotename)%00%(upstream:remoteref) refs/heads/master refs/remotes/master [5ms]
[2022-06-28T17:17:49.860Z] > git remote --verbose [5ms]
[2022-06-28T17:17:49.860Z] > git for-each-ref --sort -committerdate --format %(refname) %(objectname) %(*objectname) [25ms]
[2022-06-28T17:17:49.984Z] > git config --get commit.template [7ms]
[2022-06-28T17:17:55.023Z] > git status -z -uall [24ms]
[2022-06-28T17:17:55.036Z] > git symbolic-ref --short HEAD [2ms]
[2022-06-28T17:17:55.049Z] > git for-each-ref --format=%(refname)%00%(upstream:short)%00%(objectname)%00%(upstream:track)%00%(upstream:remotename)%00%(upstream:remoteref) refs/heads/master refs/remotes/master [1ms]
[2022-06-28T17:17:55.081Z] > git for-each-ref --sort -committerdate --format %(refname) %(objectname) %(*objectname) [14ms]
[2022-06-28T17:17:55.082Z] > git remote --verbose [2ms]
[2022-06-28T17:17:55.147Z] > git config --get commit.template [2ms]
[2022-06-28T17:18:00.256Z] > git status -z -uall [81ms]
[2022-06-28T17:18:00.283Z] > git symbolic-ref --short HEAD [1ms]
[2022-06-28T17:18:00.300Z] > git for-each-ref --format=%(refname)%00%(upstream:short)%00%(objectname)%00%(upstream:track)%00%(upstream:remotename)%00%(upstream:remoteref) refs/heads/master refs/remotes/master [2ms]
[2022-06-28T17:18:00.338Z] > git remote --verbose [2ms]
[2022-06-28T17:18:00.339Z] > git for-each-ref --sort -committerdate --format %(refname) %(objectname) %(*objectname) [21ms]
[2022-06-28T17:18:02.092Z] > git config --get commit.template [1646ms]
[2022-06-28T17:18:07.128Z] > git status -z -uall [24ms]
[2022-06-28T17:18:07.139Z] > git symbolic-ref --short HEAD [1ms]
[2022-06-28T17:18:07.152Z] > git for-each-ref --format=%(refname)%00%(upstream:short)%00%(objectname)%00%(upstream:track)%00%(upstream:remotename)%00%(upstream:remoteref) refs/heads/master refs/remotes/master [2ms]
[2022-06-28T17:18:07.177Z] > git for-each-ref --sort -committerdate --format %(refname) %(objectname) %(*objectname) [14ms]
[2022-06-28T17:18:07.178Z] > git remote --verbose [3ms]
[2022-06-28T17:18:07.227Z] > git config --get commit.template [4ms]
[2022-06-28T17:18:12.265Z] > git status -z -uall [23ms]
[2022-06-28T17:18:12.281Z] > git symbolic-ref --short HEAD [3ms]
[2022-06-28T17:18:12.301Z] > git for-each-ref --format=%(refname)%00%(upstream:short)%00%(objectname)%00%(upstream:track)%00%(upstream:remotename)%00%(upstream:remoteref) refs/heads/master refs/remotes/master [7ms]
[2022-06-28T17:18:12.329Z] > git for-each-ref --sort -committerdate --format %(refname) %(objectname) %(*objectname) [13ms]
[2022-06-28T17:18:12.330Z] > git remote --verbose [3ms]
[2022-06-28T17:18:12.383Z] > git config --get commit.template [2ms]
[2022-06-28T17:18:17.422Z] > git status -z -uall [23ms]
[2022-06-28T17:18:17.439Z] > git symbolic-ref --short HEAD [4ms]
[2022-06-28T17:18:17.454Z] > git for-each-ref --format=%(refname)%00%(upstream:short)%00%(objectname)%00%(upstream:track)%00%(upstream:remotename)%00%(upstream:remoteref) refs/heads/master refs/remotes/master [1ms]
[2022-06-28T17:18:17.493Z] > git for-each-ref --sort -committerdate --format %(refname) %(objectname) %(*objectname) [27ms]
[2022-06-28T17:18:17.494Z] > git remote --verbose [13ms]
[2022-06-28T17:18:17.554Z] > git config --get commit.template [2ms]
[2022-06-28T17:18:22.593Z] > git status -z -uall [25ms]
[2022-06-28T17:18:22.609Z] > git symbolic-ref --short HEAD [2ms]
[2022-06-28T17:18:22.624Z] > git for-each-ref --format=%(refname)%00%(upstream:short)%00%(objectname)%00%(upstream:track)%00%(upstream:remotename)%00%(upstream:remoteref) refs/heads/master refs/remotes/master [2ms]
[2022-06-28T17:18:22.649Z] > git for-each-ref --sort -committerdate --format %(refname) %(objectname) %(*objectname) [15ms]
[2022-06-28T17:18:22.649Z] > git remote --verbose [2ms]
[2022-06-28T17:18:22.714Z] > git config --get commit.template [2ms]
[2022-06-28T17:18:27.761Z] > git status -z -uall [24ms]
[2022-06-28T17:18:27.778Z] > git symbolic-ref --short HEAD [3ms]
[2022-06-28T17:18:27.795Z] > git for-each-ref --format=%(refname)%00%(upstream:short)%00%(objectname)%00%(upstream:track)%00%(upstream:remotename)%00%(upstream:remoteref) refs/heads/master refs/remotes/master [1ms]
[2022-06-28T17:18:27.823Z] > git remote --verbose [5ms]
[2022-06-28T17:18:27.824Z] > git for-each-ref --sort -committerdate --format %(refname) %(objectname) %(*objectname) [17ms]
[2022-06-28T17:18:27.880Z] > git config --get commit.template [3ms]
[2022-06-28T17:18:32.915Z] > git status -z -uall [22ms]
[2022-06-28T17:18:32.929Z] > git symbolic-ref --short HEAD [2ms]
[2022-06-28T17:18:32.943Z] > git for-each-ref --format=%(refname)%00%(upstream:short)%00%(objectname)%00%(upstream:track)%00%(upstream:remotename)%00%(upstream:remoteref) refs/heads/master refs/remotes/master [3ms]
[2022-06-28T17:18:32.966Z] > git for-each-ref --sort -committerdate --format %(refname) %(objectname) %(*objectname) [12ms]
[2022-06-28T17:18:32.967Z] > git remote --verbose [3ms]
[2022-06-28T17:18:33.026Z] > git config --get commit.template [9ms]
[2022-06-28T17:18:38.063Z] > git status -z -uall [23ms]
[2022-06-28T17:18:38.077Z] > git symbolic-ref --short HEAD [2ms]
[2022-06-28T17:18:38.094Z] > git for-each-ref --format=%(refname)%00%(upstream:short)%00%(objectname)%00%(upstream:track)%00%(upstream:remotename)%00%(upstream:remoteref) refs/heads/master refs/remotes/master [3ms]
[2022-06-28T17:18:38.132Z] > git remote --verbose [3ms]
[2022-06-28T17:18:38.133Z] > git for-each-ref --sort -committerdate --format %(refname) %(objectname) %(*objectname) [26ms]
[2022-06-28T17:18:38.260Z] > git config --get commit.template [4ms]
